[60.059s] Invoking command in '/home/jetson/dobot-magician/src/magician_ros2/dobot_state_updater': AMENT_PREFIX_PATH=/home/jetson/dobot-magician/install/dobot_msgs:${AMENT_PREFIX_PATH} CMAKE_PREFIX_PATH=/home/jetson/dobot-magician/install/dobot_msgs:${CMAKE_PREFIX_PATH} LD_LIBRARY_PATH=/home/jetson/dobot-magician/install/dobot_msgs/lib:${LD_LIBRARY_PATH} PYTHONPATH=/home/jetson/dobot-magician/build/dobot_state_updater/prefix_override:/usr/lib/python3/dist-packages/colcon_core/task/python/colcon_distutils_commands:/home/jetson/dobot-magician/install/dobot_state_updater/lib/python3.10/site-packages:/home/jetson/dobot-magician/install/dobot_msgs/local/lib/python3.10/dist-packages:${PYTHONPATH} /usr/bin/python3 -W ignore:setup.py install is deprecated -W ignore:easy_install command is deprecated setup.py egg_info --egg-base ../../../build/dobot_state_updater build --build-base /home/jetson/dobot-magician/build/dobot_state_updater/build install --record /home/jetson/dobot-magician/build/dobot_state_updater/install.log --single-version-externally-managed install_data
[60.878s] running egg_info
[60.881s] writing ../../../build/dobot_state_updater/dobot_state_updater.egg-info/PKG-INFO
[60.886s] writing dependency_links to ../../../build/dobot_state_updater/dobot_state_updater.egg-info/dependency_links.txt
[60.887s] writing entry points to ../../../build/dobot_state_updater/dobot_state_updater.egg-info/entry_points.txt
[60.888s] writing requirements to ../../../build/dobot_state_updater/dobot_state_updater.egg-info/requires.txt
[60.894s] writing top-level names to ../../../build/dobot_state_updater/dobot_state_updater.egg-info/top_level.txt
[60.900s] reading manifest file '../../../build/dobot_state_updater/dobot_state_updater.egg-info/SOURCES.txt'
[60.902s] writing manifest file '../../../build/dobot_state_updater/dobot_state_updater.egg-info/SOURCES.txt'
[60.902s] running build
[60.903s] running build_py
[60.903s] copying dobot_state_updater/dobot_state_publ.py -> /home/jetson/dobot-magician/build/dobot_state_updater/build/lib/dobot_state_updater
[60.905s] running install
[60.906s] running install_lib
[60.908s] copying /home/jetson/dobot-magician/build/dobot_state_updater/build/lib/dobot_state_updater/dobot_state_publ.py -> /home/jetson/dobot-magician/install/dobot_state_updater/lib/python3.10/site-packages/dobot_state_updater
[60.909s] byte-compiling /home/jetson/dobot-magician/install/dobot_state_updater/lib/python3.10/site-packages/dobot_state_updater/dobot_state_publ.py to dobot_state_publ.cpython-310.pyc
[60.913s] running install_data
[60.914s] running install_egg_info
[60.919s] removing '/home/jetson/dobot-magician/install/dobot_state_updater/lib/python3.10/site-packages/dobot_state_updater-1.0.0-py3.10.egg-info' (and everything under it)
[60.919s] Copying ../../../build/dobot_state_updater/dobot_state_updater.egg-info to /home/jetson/dobot-magician/install/dobot_state_updater/lib/python3.10/site-packages/dobot_state_updater-1.0.0-py3.10.egg-info
[60.921s] running install_scripts
[60.975s] Installing state_publisher script to /home/jetson/dobot-magician/install/dobot_state_updater/lib/dobot_state_updater
[60.976s] writing list of installed files to '/home/jetson/dobot-magician/build/dobot_state_updater/install.log'
[90.098s] Invoked command in '/home/jetson/dobot-magician/src/magician_ros2/dobot_state_updater' returned '0': AMENT_PREFIX_PATH=/home/jetson/dobot-magician/install/dobot_msgs:${AMENT_PREFIX_PATH} CMAKE_PREFIX_PATH=/home/jetson/dobot-magician/install/dobot_msgs:${CMAKE_PREFIX_PATH} LD_LIBRARY_PATH=/home/jetson/dobot-magician/install/dobot_msgs/lib:${LD_LIBRARY_PATH} PYTHONPATH=/home/jetson/dobot-magician/build/dobot_state_updater/prefix_override:/usr/lib/python3/dist-packages/colcon_core/task/python/colcon_distutils_commands:/home/jetson/dobot-magician/install/dobot_state_updater/lib/python3.10/site-packages:/home/jetson/dobot-magician/install/dobot_msgs/local/lib/python3.10/dist-packages:${PYTHONPATH} /usr/bin/python3 -W ignore:setup.py install is deprecated -W ignore:easy_install command is deprecated setup.py egg_info --egg-base ../../../build/dobot_state_updater build --build-base /home/jetson/dobot-magician/build/dobot_state_updater/build install --record /home/jetson/dobot-magician/build/dobot_state_updater/install.log --single-version-externally-managed install_data
