[6.567s] Invoking command in '/home/jetson/dobot-magician/src/magician_ros2/dobot_control_panel': PYTHONPATH=/home/jetson/dobot-magician/build/dobot_control_panel/prefix_override:/usr/lib/python3/dist-packages/colcon_core/task/python/colcon_distutils_commands:/home/jetson/dobot-magician/install/dobot_control_panel/lib/python3.10/site-packages:${PYTHONPATH} /usr/bin/python3 -W ignore:setup.py install is deprecated -W ignore:easy_install command is deprecated setup.py egg_info --egg-base ../../../build/dobot_control_panel build --build-base /home/jetson/dobot-magician/build/dobot_control_panel/build install --record /home/jetson/dobot-magician/build/dobot_control_panel/install.log --single-version-externally-managed install_data
[7.871s] running egg_info
[7.873s] writing ../../../build/dobot_control_panel/dobot_control_panel.egg-info/PKG-INFO
[7.874s] writing dependency_links to ../../../build/dobot_control_panel/dobot_control_panel.egg-info/dependency_links.txt
[7.874s] writing entry points to ../../../build/dobot_control_panel/dobot_control_panel.egg-info/entry_points.txt
[7.875s] writing requirements to ../../../build/dobot_control_panel/dobot_control_panel.egg-info/requires.txt
[7.878s] writing top-level names to ../../../build/dobot_control_panel/dobot_control_panel.egg-info/top_level.txt
[7.890s] reading manifest file '../../../build/dobot_control_panel/dobot_control_panel.egg-info/SOURCES.txt'
[7.915s] writing manifest file '../../../build/dobot_control_panel/dobot_control_panel.egg-info/SOURCES.txt'
[7.916s] running build
[7.916s] running build_py
[7.918s] running install
[7.920s] running install_lib
[7.924s] running install_data
[7.943s] running install_egg_info
[7.949s] removing '/home/jetson/dobot-magician/install/dobot_control_panel/lib/python3.10/site-packages/dobot_control_panel-1.0.0-py3.10.egg-info' (and everything under it)
[7.955s] Copying ../../../build/dobot_control_panel/dobot_control_panel.egg-info to /home/jetson/dobot-magician/install/dobot_control_panel/lib/python3.10/site-packages/dobot_control_panel-1.0.0-py3.10.egg-info
[7.963s] running install_scripts
[8.097s] Installing dobot_control_panel script to /home/jetson/dobot-magician/install/dobot_control_panel/lib/dobot_control_panel
[8.100s] writing list of installed files to '/home/jetson/dobot-magician/build/dobot_control_panel/install.log'
[9.382s] Invoked command in '/home/jetson/dobot-magician/src/magician_ros2/dobot_control_panel' returned '0': PYTHONPATH=/home/jetson/dobot-magician/build/dobot_control_panel/prefix_override:/usr/lib/python3/dist-packages/colcon_core/task/python/colcon_distutils_commands:/home/jetson/dobot-magician/install/dobot_control_panel/lib/python3.10/site-packages:${PYTHONPATH} /usr/bin/python3 -W ignore:setup.py install is deprecated -W ignore:easy_install command is deprecated setup.py egg_info --egg-base ../../../build/dobot_control_panel build --build-base /home/jetson/dobot-magician/build/dobot_control_panel/build install --record /home/jetson/dobot-magician/build/dobot_control_panel/install.log --single-version-externally-managed install_data
