[6.609s] Invoking command in '/home/jetson/dobot-magician/src/magician_ros2/dobot_bringup': PYTHONPATH=/home/jetson/dobot-magician/build/dobot_bringup/prefix_override:/usr/lib/python3/dist-packages/colcon_core/task/python/colcon_distutils_commands:/home/jetson/dobot-magician/install/dobot_bringup/lib/python3.10/site-packages:${PYTHONPATH} /usr/bin/python3 -W ignore:setup.py install is deprecated -W ignore:easy_install command is deprecated setup.py egg_info --egg-base ../../../build/dobot_bringup build --build-base /home/jetson/dobot-magician/build/dobot_bringup/build install --record /home/jetson/dobot-magician/build/dobot_bringup/install.log --single-version-externally-managed install_data
[8.015s] running egg_info
[8.018s] writing ../../../build/dobot_bringup/dobot_bringup.egg-info/PKG-INFO
[8.023s] writing dependency_links to ../../../build/dobot_bringup/dobot_bringup.egg-info/dependency_links.txt
[8.024s] writing entry points to ../../../build/dobot_bringup/dobot_bringup.egg-info/entry_points.txt
[8.025s] writing requirements to ../../../build/dobot_bringup/dobot_bringup.egg-info/requires.txt
[8.026s] writing top-level names to ../../../build/dobot_bringup/dobot_bringup.egg-info/top_level.txt
[8.032s] reading manifest file '../../../build/dobot_bringup/dobot_bringup.egg-info/SOURCES.txt'
[8.052s] writing manifest file '../../../build/dobot_bringup/dobot_bringup.egg-info/SOURCES.txt'
[8.053s] running build
[8.053s] running build_py
[8.054s] running install
[8.056s] running install_lib
[8.068s] running install_data
[8.069s] running install_egg_info
[8.083s] removing '/home/jetson/dobot-magician/install/dobot_bringup/lib/python3.10/site-packages/dobot_bringup-1.0.0-py3.10.egg-info' (and everything under it)
[8.083s] Copying ../../../build/dobot_bringup/dobot_bringup.egg-info to /home/jetson/dobot-magician/install/dobot_bringup/lib/python3.10/site-packages/dobot_bringup-1.0.0-py3.10.egg-info
[8.093s] running install_scripts
[8.319s] Installing set_tool_null script to /home/jetson/dobot-magician/install/dobot_bringup/lib/dobot_bringup
[8.319s] writing list of installed files to '/home/jetson/dobot-magician/build/dobot_bringup/install.log'
[8.319s] Invoked command in '/home/jetson/dobot-magician/src/magician_ros2/dobot_bringup' returned '0': PYTHONPATH=/home/jetson/dobot-magician/build/dobot_bringup/prefix_override:/usr/lib/python3/dist-packages/colcon_core/task/python/colcon_distutils_commands:/home/jetson/dobot-magician/install/dobot_bringup/lib/python3.10/site-packages:${PYTHONPATH} /usr/bin/python3 -W ignore:setup.py install is deprecated -W ignore:easy_install command is deprecated setup.py egg_info --egg-base ../../../build/dobot_bringup build --build-base /home/jetson/dobot-magician/build/dobot_bringup/build install --record /home/jetson/dobot-magician/build/dobot_bringup/install.log --single-version-externally-managed install_data
