[0.278s] colcon DEBUG Command line arguments: ['/usr/bin/colcon', 'build']
[0.278s] colcon DEBUG Parsed command line arguments: Namespace(log_base=None, log_level=None, verb_name='build', build_base='build', install_base='install', merge_install=False, symlink_install=False, test_result_base=None, continue_on_error=False, executor='parallel', parallel_workers=6, event_handlers=None, ignore_user_meta=False, metas=['./colcon.meta'], base_paths=['.'], packages_ignore=None, packages_ignore_regex=None, paths=None, packages_up_to=None, packages_up_to_regex=None, packages_above=None, packages_above_and_dependencies=None, packages_above_depth=None, packages_select_by_dep=None, packages_skip_by_dep=None, packages_skip_up_to=None, packages_select_build_failed=False, packages_skip_build_finished=False, packages_select_test_failures=False, packages_skip_test_passed=False, packages_select=None, packages_skip=None, packages_select_regex=None, packages_skip_regex=None, packages_start=None, packages_end=None, allow_overriding=[], cmake_args=None, cmake_target=None, cmake_target_skip_unavailable=False, cmake_clean_cache=False, cmake_clean_first=False, cmake_force_configure=False, ament_cmake_args=None, catkin_cmake_args=None, catkin_skip_building_tests=False, mixin_files=None, mixin=None, verb_parser=<colcon_mixin.mixin.mixin_argument.MixinArgumentDecorator object at 0xffffa101b970>, verb_extension=<colcon_core.verb.build.BuildVerb object at 0xffffa101b550>, main=<bound method BuildVerb.main of <colcon_core.verb.build.BuildVerb object at 0xffffa101b550>>, mixin_verb=('build',))
[0.785s] colcon.colcon_core.package_discovery Level 1 discover_packages(colcon_meta) check parameters
[0.786s] colcon.colcon_core.package_discovery Level 1 discover_packages(recursive) check parameters
[0.786s] colcon.colcon_core.package_discovery Level 1 discover_packages(ignore) check parameters
[0.786s] colcon.colcon_core.package_discovery Level 1 discover_packages(path) check parameters
[0.786s] colcon.colcon_core.package_discovery Level 1 discover_packages(colcon_meta) discover
[0.786s] colcon.colcon_core.package_discovery Level 1 discover_packages(recursive) discover
[0.786s] colcon.colcon_core.package_discovery INFO Crawling recursively for packages in '/home/jetson/dobot-magician'
[0.787s] colcon.colcon_core.package_identification Level 1 _identify(.) by extensions ['ignore', 'ignore_ament_install']
[0.787s] colcon.colcon_core.package_identification Level 1 _identify(.) by extension 'ignore'
[0.787s] colcon.colcon_core.package_identification Level 1 _identify(.) by extension 'ignore_ament_install'
[0.787s] colcon.colcon_core.package_identification Level 1 _identify(.) by extensions ['colcon_pkg']
[0.787s] colcon.colcon_core.package_identification Level 1 _identify(.) by extension 'colcon_pkg'
[0.787s] colcon.colcon_core.package_identification Level 1 _identify(.) by extensions ['colcon_meta']
[0.787s] colcon.colcon_core.package_identification Level 1 _identify(.) by extension 'colcon_meta'
[0.787s] colcon.colcon_core.package_identification Level 1 _identify(.) by extensions ['ros']
[0.787s] colcon.colcon_core.package_identification Level 1 _identify(.) by extension 'ros'
[0.811s] colcon.colcon_core.package_identification Level 1 _identify(.) by extensions ['cmake', 'python']
[0.812s] colcon.colcon_core.package_identification Level 1 _identify(.) by extension 'cmake'
[0.812s] colcon.colcon_core.package_identification Level 1 _identify(.) by extension 'python'
[0.812s] colcon.colcon_core.package_identification Level 1 _identify(.) by extensions ['python_setup_py']
[0.812s] colcon.colcon_core.package_identification Level 1 _identify(.) by extension 'python_setup_py'
[0.812s] colcon.colcon_core.package_identification Level 1 _identify(build) by extensions ['ignore', 'ignore_ament_install']
[0.813s] colcon.colcon_core.package_identification Level 1 _identify(build) by extension 'ignore'
[0.813s] colcon.colcon_core.package_identification Level 1 _identify(build) ignored
[0.813s] colcon.colcon_core.package_identification Level 1 _identify(install) by extensions ['ignore', 'ignore_ament_install']
[0.813s] colcon.colcon_core.package_identification Level 1 _identify(install) by extension 'ignore'
[0.813s] colcon.colcon_core.package_identification Level 1 _identify(install) ignored
[0.814s] colcon.colcon_core.package_identification Level 1 _identify(log) by extensions ['ignore', 'ignore_ament_install']
[0.814s] colcon.colcon_core.package_identification Level 1 _identify(log) by extension 'ignore'
[0.814s] colcon.colcon_core.package_identification Level 1 _identify(log) ignored
[0.814s] colcon.colcon_core.package_identification Level 1 _identify(src) by extensions ['ignore', 'ignore_ament_install']
[0.814s] colcon.colcon_core.package_identification Level 1 _identify(src) by extension 'ignore'
[0.814s] colcon.colcon_core.package_identification Level 1 _identify(src) by extension 'ignore_ament_install'
[0.815s] colcon.colcon_core.package_identification Level 1 _identify(src) by extensions ['colcon_pkg']
[0.815s] colcon.colcon_core.package_identification Level 1 _identify(src) by extension 'colcon_pkg'
[0.815s] colcon.colcon_core.package_identification Level 1 _identify(src) by extensions ['colcon_meta']
[0.815s] colcon.colcon_core.package_identification Level 1 _identify(src) by extension 'colcon_meta'
[0.815s] colcon.colcon_core.package_identification Level 1 _identify(src) by extensions ['ros']
[0.815s] colcon.colcon_core.package_identification Level 1 _identify(src) by extension 'ros'
[0.815s] colcon.colcon_core.package_identification Level 1 _identify(src) by extensions ['cmake', 'python']
[0.815s] colcon.colcon_core.package_identification Level 1 _identify(src) by extension 'cmake'
[0.815s] colcon.colcon_core.package_identification Level 1 _identify(src) by extension 'python'
[0.815s] colcon.colcon_core.package_identification Level 1 _identify(src) by extensions ['python_setup_py']
[0.815s] colcon.colcon_core.package_identification Level 1 _identify(src) by extension 'python_setup_py'
[0.816s] colcon.colcon_core.package_identification Level 1 _identify(src/magician_ros2) by extensions ['ignore', 'ignore_ament_install']
[0.816s] colcon.colcon_core.package_identification Level 1 _identify(src/magician_ros2) by extension 'ignore'
[0.816s] colcon.colcon_core.package_identification Level 1 _identify(src/magician_ros2) by extension 'ignore_ament_install'
[0.816s] colcon.colcon_core.package_identification Level 1 _identify(src/magician_ros2) by extensions ['colcon_pkg']
[0.816s] colcon.colcon_core.package_identification Level 1 _identify(src/magician_ros2) by extension 'colcon_pkg'
[0.816s] colcon.colcon_core.package_identification Level 1 _identify(src/magician_ros2) by extensions ['colcon_meta']
[0.816s] colcon.colcon_core.package_identification Level 1 _identify(src/magician_ros2) by extension 'colcon_meta'
[0.816s] colcon.colcon_core.package_identification Level 1 _identify(src/magician_ros2) by extensions ['ros']
[0.817s] colcon.colcon_core.package_identification Level 1 _identify(src/magician_ros2) by extension 'ros'
[0.817s] colcon.colcon_core.package_identification Level 1 _identify(src/magician_ros2) by extensions ['cmake', 'python']
[0.817s] colcon.colcon_core.package_identification Level 1 _identify(src/magician_ros2) by extension 'cmake'
[0.817s] colcon.colcon_core.package_identification Level 1 _identify(src/magician_ros2) by extension 'python'
[0.817s] colcon.colcon_core.package_identification Level 1 _identify(src/magician_ros2) by extensions ['python_setup_py']
[0.817s] colcon.colcon_core.package_identification Level 1 _identify(src/magician_ros2) by extension 'python_setup_py'
[0.817s] colcon.colcon_core.package_identification Level 1 _identify(src/magician_ros2/dobot_bringup) by extensions ['ignore', 'ignore_ament_install']
[0.817s] colcon.colcon_core.package_identification Level 1 _identify(src/magician_ros2/dobot_bringup) by extension 'ignore'
[0.818s] colcon.colcon_core.package_identification Level 1 _identify(src/magician_ros2/dobot_bringup) by extension 'ignore_ament_install'
[0.818s] colcon.colcon_core.package_identification Level 1 _identify(src/magician_ros2/dobot_bringup) by extensions ['colcon_pkg']
[0.818s] colcon.colcon_core.package_identification Level 1 _identify(src/magician_ros2/dobot_bringup) by extension 'colcon_pkg'
[0.818s] colcon.colcon_core.package_identification Level 1 _identify(src/magician_ros2/dobot_bringup) by extensions ['colcon_meta']
[0.818s] colcon.colcon_core.package_identification Level 1 _identify(src/magician_ros2/dobot_bringup) by extension 'colcon_meta'
[0.818s] colcon.colcon_core.package_identification Level 1 _identify(src/magician_ros2/dobot_bringup) by extensions ['ros']
[0.818s] colcon.colcon_core.package_identification Level 1 _identify(src/magician_ros2/dobot_bringup) by extension 'ros'
[0.824s] colcon.colcon_core.package_identification DEBUG Package 'src/magician_ros2/dobot_bringup' with type 'ros.ament_python' and name 'dobot_bringup'
[0.824s] colcon.colcon_core.package_identification Level 1 _identify(src/magician_ros2/dobot_control_panel) by extensions ['ignore', 'ignore_ament_install']
[0.824s] colcon.colcon_core.package_identification Level 1 _identify(src/magician_ros2/dobot_control_panel) by extension 'ignore'
[0.824s] colcon.colcon_core.package_identification Level 1 _identify(src/magician_ros2/dobot_control_panel) by extension 'ignore_ament_install'
[0.824s] colcon.colcon_core.package_identification Level 1 _identify(src/magician_ros2/dobot_control_panel) by extensions ['colcon_pkg']
[0.825s] colcon.colcon_core.package_identification Level 1 _identify(src/magician_ros2/dobot_control_panel) by extension 'colcon_pkg'
[0.825s] colcon.colcon_core.package_identification Level 1 _identify(src/magician_ros2/dobot_control_panel) by extensions ['colcon_meta']
[0.825s] colcon.colcon_core.package_identification Level 1 _identify(src/magician_ros2/dobot_control_panel) by extension 'colcon_meta'
[0.825s] colcon.colcon_core.package_identification Level 1 _identify(src/magician_ros2/dobot_control_panel) by extensions ['ros']
[0.825s] colcon.colcon_core.package_identification Level 1 _identify(src/magician_ros2/dobot_control_panel) by extension 'ros'
[0.826s] colcon.colcon_core.package_identification DEBUG Package 'src/magician_ros2/dobot_control_panel' with type 'ros.ament_python' and name 'dobot_control_panel'
[0.826s] colcon.colcon_core.package_identification Level 1 _identify(src/magician_ros2/dobot_demos) by extensions ['ignore', 'ignore_ament_install']
[0.827s] colcon.colcon_core.package_identification Level 1 _identify(src/magician_ros2/dobot_demos) by extension 'ignore'
[0.827s] colcon.colcon_core.package_identification Level 1 _identify(src/magician_ros2/dobot_demos) by extension 'ignore_ament_install'
[0.827s] colcon.colcon_core.package_identification Level 1 _identify(src/magician_ros2/dobot_demos) by extensions ['colcon_pkg']
[0.827s] colcon.colcon_core.package_identification Level 1 _identify(src/magician_ros2/dobot_demos) by extension 'colcon_pkg'
[0.827s] colcon.colcon_core.package_identification Level 1 _identify(src/magician_ros2/dobot_demos) by extensions ['colcon_meta']
[0.827s] colcon.colcon_core.package_identification Level 1 _identify(src/magician_ros2/dobot_demos) by extension 'colcon_meta'
[0.827s] colcon.colcon_core.package_identification Level 1 _identify(src/magician_ros2/dobot_demos) by extensions ['ros']
[0.827s] colcon.colcon_core.package_identification Level 1 _identify(src/magician_ros2/dobot_demos) by extension 'ros'
[0.829s] colcon.colcon_core.package_identification DEBUG Package 'src/magician_ros2/dobot_demos' with type 'ros.ament_python' and name 'dobot_demos'
[0.829s] colcon.colcon_core.package_identification Level 1 _identify(src/magician_ros2/dobot_description) by extensions ['ignore', 'ignore_ament_install']
[0.829s] colcon.colcon_core.package_identification Level 1 _identify(src/magician_ros2/dobot_description) by extension 'ignore'
[0.829s] colcon.colcon_core.package_identification Level 1 _identify(src/magician_ros2/dobot_description) by extension 'ignore_ament_install'
[0.830s] colcon.colcon_core.package_identification Level 1 _identify(src/magician_ros2/dobot_description) by extensions ['colcon_pkg']
[0.830s] colcon.colcon_core.package_identification Level 1 _identify(src/magician_ros2/dobot_description) by extension 'colcon_pkg'
[0.830s] colcon.colcon_core.package_identification Level 1 _identify(src/magician_ros2/dobot_description) by extensions ['colcon_meta']
[0.830s] colcon.colcon_core.package_identification Level 1 _identify(src/magician_ros2/dobot_description) by extension 'colcon_meta'
[0.830s] colcon.colcon_core.package_identification Level 1 _identify(src/magician_ros2/dobot_description) by extensions ['ros']
[0.830s] colcon.colcon_core.package_identification Level 1 _identify(src/magician_ros2/dobot_description) by extension 'ros'
[0.831s] colcon.colcon_core.package_identification DEBUG Package 'src/magician_ros2/dobot_description' with type 'ros.ament_cmake' and name 'dobot_description'
[0.831s] colcon.colcon_core.package_identification Level 1 _identify(src/magician_ros2/dobot_diagnostics) by extensions ['ignore', 'ignore_ament_install']
[0.831s] colcon.colcon_core.package_identification Level 1 _identify(src/magician_ros2/dobot_diagnostics) by extension 'ignore'
[0.832s] colcon.colcon_core.package_identification Level 1 _identify(src/magician_ros2/dobot_diagnostics) by extension 'ignore_ament_install'
[0.832s] colcon.colcon_core.package_identification Level 1 _identify(src/magician_ros2/dobot_diagnostics) by extensions ['colcon_pkg']
[0.832s] colcon.colcon_core.package_identification Level 1 _identify(src/magician_ros2/dobot_diagnostics) by extension 'colcon_pkg'
[0.832s] colcon.colcon_core.package_identification Level 1 _identify(src/magician_ros2/dobot_diagnostics) by extensions ['colcon_meta']
[0.832s] colcon.colcon_core.package_identification Level 1 _identify(src/magician_ros2/dobot_diagnostics) by extension 'colcon_meta'
[0.832s] colcon.colcon_core.package_identification Level 1 _identify(src/magician_ros2/dobot_diagnostics) by extensions ['ros']
[0.832s] colcon.colcon_core.package_identification Level 1 _identify(src/magician_ros2/dobot_diagnostics) by extension 'ros'
[0.834s] colcon.colcon_core.package_identification DEBUG Package 'src/magician_ros2/dobot_diagnostics' with type 'ros.ament_python' and name 'dobot_diagnostics'
[0.834s] colcon.colcon_core.package_identification Level 1 _identify(src/magician_ros2/dobot_driver) by extensions ['ignore', 'ignore_ament_install']
[0.834s] colcon.colcon_core.package_identification Level 1 _identify(src/magician_ros2/dobot_driver) by extension 'ignore'
[0.834s] colcon.colcon_core.package_identification Level 1 _identify(src/magician_ros2/dobot_driver) by extension 'ignore_ament_install'
[0.834s] colcon.colcon_core.package_identification Level 1 _identify(src/magician_ros2/dobot_driver) by extensions ['colcon_pkg']
[0.834s] colcon.colcon_core.package_identification Level 1 _identify(src/magician_ros2/dobot_driver) by extension 'colcon_pkg'
[0.834s] colcon.colcon_core.package_identification Level 1 _identify(src/magician_ros2/dobot_driver) by extensions ['colcon_meta']
[0.835s] colcon.colcon_core.package_identification Level 1 _identify(src/magician_ros2/dobot_driver) by extension 'colcon_meta'
[0.835s] colcon.colcon_core.package_identification Level 1 _identify(src/magician_ros2/dobot_driver) by extensions ['ros']
[0.835s] colcon.colcon_core.package_identification Level 1 _identify(src/magician_ros2/dobot_driver) by extension 'ros'
[0.836s] colcon.colcon_core.package_identification DEBUG Package 'src/magician_ros2/dobot_driver' with type 'ros.ament_cmake' and name 'dobot_driver'
[0.836s] colcon.colcon_core.package_identification Level 1 _identify(src/magician_ros2/dobot_end_effector) by extensions ['ignore', 'ignore_ament_install']
[0.836s] colcon.colcon_core.package_identification Level 1 _identify(src/magician_ros2/dobot_end_effector) by extension 'ignore'
[0.836s] colcon.colcon_core.package_identification Level 1 _identify(src/magician_ros2/dobot_end_effector) by extension 'ignore_ament_install'
[0.837s] colcon.colcon_core.package_identification Level 1 _identify(src/magician_ros2/dobot_end_effector) by extensions ['colcon_pkg']
[0.837s] colcon.colcon_core.package_identification Level 1 _identify(src/magician_ros2/dobot_end_effector) by extension 'colcon_pkg'
[0.837s] colcon.colcon_core.package_identification Level 1 _identify(src/magician_ros2/dobot_end_effector) by extensions ['colcon_meta']
[0.837s] colcon.colcon_core.package_identification Level 1 _identify(src/magician_ros2/dobot_end_effector) by extension 'colcon_meta'
[0.837s] colcon.colcon_core.package_identification Level 1 _identify(src/magician_ros2/dobot_end_effector) by extensions ['ros']
[0.837s] colcon.colcon_core.package_identification Level 1 _identify(src/magician_ros2/dobot_end_effector) by extension 'ros'
[0.838s] colcon.colcon_core.package_identification DEBUG Package 'src/magician_ros2/dobot_end_effector' with type 'ros.ament_python' and name 'dobot_end_effector'
[0.839s] colcon.colcon_core.package_identification Level 1 _identify(src/magician_ros2/dobot_homing) by extensions ['ignore', 'ignore_ament_install']
[0.839s] colcon.colcon_core.package_identification Level 1 _identify(src/magician_ros2/dobot_homing) by extension 'ignore'
[0.839s] colcon.colcon_core.package_identification Level 1 _identify(src/magician_ros2/dobot_homing) by extension 'ignore_ament_install'
[0.839s] colcon.colcon_core.package_identification Level 1 _identify(src/magician_ros2/dobot_homing) by extensions ['colcon_pkg']
[0.839s] colcon.colcon_core.package_identification Level 1 _identify(src/magician_ros2/dobot_homing) by extension 'colcon_pkg'
[0.839s] colcon.colcon_core.package_identification Level 1 _identify(src/magician_ros2/dobot_homing) by extensions ['colcon_meta']
[0.839s] colcon.colcon_core.package_identification Level 1 _identify(src/magician_ros2/dobot_homing) by extension 'colcon_meta'
[0.839s] colcon.colcon_core.package_identification Level 1 _identify(src/magician_ros2/dobot_homing) by extensions ['ros']
[0.839s] colcon.colcon_core.package_identification Level 1 _identify(src/magician_ros2/dobot_homing) by extension 'ros'
[0.841s] colcon.colcon_core.package_identification DEBUG Package 'src/magician_ros2/dobot_homing' with type 'ros.ament_python' and name 'dobot_homing'
[0.841s] colcon.colcon_core.package_identification Level 1 _identify(src/magician_ros2/dobot_kinematics) by extensions ['ignore', 'ignore_ament_install']
[0.841s] colcon.colcon_core.package_identification Level 1 _identify(src/magician_ros2/dobot_kinematics) by extension 'ignore'
[0.842s] colcon.colcon_core.package_identification Level 1 _identify(src/magician_ros2/dobot_kinematics) by extension 'ignore_ament_install'
[0.842s] colcon.colcon_core.package_identification Level 1 _identify(src/magician_ros2/dobot_kinematics) by extensions ['colcon_pkg']
[0.842s] colcon.colcon_core.package_identification Level 1 _identify(src/magician_ros2/dobot_kinematics) by extension 'colcon_pkg'
[0.842s] colcon.colcon_core.package_identification Level 1 _identify(src/magician_ros2/dobot_kinematics) by extensions ['colcon_meta']
[0.842s] colcon.colcon_core.package_identification Level 1 _identify(src/magician_ros2/dobot_kinematics) by extension 'colcon_meta'
[0.842s] colcon.colcon_core.package_identification Level 1 _identify(src/magician_ros2/dobot_kinematics) by extensions ['ros']
[0.842s] colcon.colcon_core.package_identification Level 1 _identify(src/magician_ros2/dobot_kinematics) by extension 'ros'
[0.846s] colcon.colcon_core.package_identification DEBUG Package 'src/magician_ros2/dobot_kinematics' with type 'ros.ament_python' and name 'dobot_kinematics'
[0.846s] colcon.colcon_core.package_identification Level 1 _identify(src/magician_ros2/dobot_motion) by extensions ['ignore', 'ignore_ament_install']
[0.846s] colcon.colcon_core.package_identification Level 1 _identify(src/magician_ros2/dobot_motion) by extension 'ignore'
[0.846s] colcon.colcon_core.package_identification Level 1 _identify(src/magician_ros2/dobot_motion) by extension 'ignore_ament_install'
[0.847s] colcon.colcon_core.package_identification Level 1 _identify(src/magician_ros2/dobot_motion) by extensions ['colcon_pkg']
[0.847s] colcon.colcon_core.package_identification Level 1 _identify(src/magician_ros2/dobot_motion) by extension 'colcon_pkg'
[0.847s] colcon.colcon_core.package_identification Level 1 _identify(src/magician_ros2/dobot_motion) by extensions ['colcon_meta']
[0.847s] colcon.colcon_core.package_identification Level 1 _identify(src/magician_ros2/dobot_motion) by extension 'colcon_meta'
[0.847s] colcon.colcon_core.package_identification Level 1 _identify(src/magician_ros2/dobot_motion) by extensions ['ros']
[0.847s] colcon.colcon_core.package_identification Level 1 _identify(src/magician_ros2/dobot_motion) by extension 'ros'
[0.849s] colcon.colcon_core.package_identification DEBUG Package 'src/magician_ros2/dobot_motion' with type 'ros.ament_python' and name 'dobot_motion'
[0.849s] colcon.colcon_core.package_identification Level 1 _identify(src/magician_ros2/dobot_msgs) by extensions ['ignore', 'ignore_ament_install']
[0.849s] colcon.colcon_core.package_identification Level 1 _identify(src/magician_ros2/dobot_msgs) by extension 'ignore'
[0.849s] colcon.colcon_core.package_identification Level 1 _identify(src/magician_ros2/dobot_msgs) by extension 'ignore_ament_install'
[0.849s] colcon.colcon_core.package_identification Level 1 _identify(src/magician_ros2/dobot_msgs) by extensions ['colcon_pkg']
[0.849s] colcon.colcon_core.package_identification Level 1 _identify(src/magician_ros2/dobot_msgs) by extension 'colcon_pkg'
[0.849s] colcon.colcon_core.package_identification Level 1 _identify(src/magician_ros2/dobot_msgs) by extensions ['colcon_meta']
[0.849s] colcon.colcon_core.package_identification Level 1 _identify(src/magician_ros2/dobot_msgs) by extension 'colcon_meta'
[0.850s] colcon.colcon_core.package_identification Level 1 _identify(src/magician_ros2/dobot_msgs) by extensions ['ros']
[0.850s] colcon.colcon_core.package_identification Level 1 _identify(src/magician_ros2/dobot_msgs) by extension 'ros'
[0.851s] colcon.colcon_core.package_identification DEBUG Package 'src/magician_ros2/dobot_msgs' with type 'ros.ament_cmake' and name 'dobot_msgs'
[0.851s] colcon.colcon_core.package_identification Level 1 _identify(src/magician_ros2/dobot_state_updater) by extensions ['ignore', 'ignore_ament_install']
[0.852s] colcon.colcon_core.package_identification Level 1 _identify(src/magician_ros2/dobot_state_updater) by extension 'ignore'
[0.852s] colcon.colcon_core.package_identification Level 1 _identify(src/magician_ros2/dobot_state_updater) by extension 'ignore_ament_install'
[0.852s] colcon.colcon_core.package_identification Level 1 _identify(src/magician_ros2/dobot_state_updater) by extensions ['colcon_pkg']
[0.852s] colcon.colcon_core.package_identification Level 1 _identify(src/magician_ros2/dobot_state_updater) by extension 'colcon_pkg'
[0.852s] colcon.colcon_core.package_identification Level 1 _identify(src/magician_ros2/dobot_state_updater) by extensions ['colcon_meta']
[0.852s] colcon.colcon_core.package_identification Level 1 _identify(src/magician_ros2/dobot_state_updater) by extension 'colcon_meta'
[0.852s] colcon.colcon_core.package_identification Level 1 _identify(src/magician_ros2/dobot_state_updater) by extensions ['ros']
[0.852s] colcon.colcon_core.package_identification Level 1 _identify(src/magician_ros2/dobot_state_updater) by extension 'ros'
[0.854s] colcon.colcon_core.package_identification DEBUG Package 'src/magician_ros2/dobot_state_updater' with type 'ros.ament_python' and name 'dobot_state_updater'
[0.854s] colcon.colcon_core.package_identification Level 1 _identify(src/magician_ros2/dobot_visualization_tools) by extensions ['ignore', 'ignore_ament_install']
[0.854s] colcon.colcon_core.package_identification Level 1 _identify(src/magician_ros2/dobot_visualization_tools) by extension 'ignore'
[0.854s] colcon.colcon_core.package_identification Level 1 _identify(src/magician_ros2/dobot_visualization_tools) by extension 'ignore_ament_install'
[0.854s] colcon.colcon_core.package_identification Level 1 _identify(src/magician_ros2/dobot_visualization_tools) by extensions ['colcon_pkg']
[0.854s] colcon.colcon_core.package_identification Level 1 _identify(src/magician_ros2/dobot_visualization_tools) by extension 'colcon_pkg'
[0.854s] colcon.colcon_core.package_identification Level 1 _identify(src/magician_ros2/dobot_visualization_tools) by extensions ['colcon_meta']
[0.855s] colcon.colcon_core.package_identification Level 1 _identify(src/magician_ros2/dobot_visualization_tools) by extension 'colcon_meta'
[0.855s] colcon.colcon_core.package_identification Level 1 _identify(src/magician_ros2/dobot_visualization_tools) by extensions ['ros']
[0.855s] colcon.colcon_core.package_identification Level 1 _identify(src/magician_ros2/dobot_visualization_tools) by extension 'ros'
[0.856s] colcon.colcon_core.package_identification DEBUG Package 'src/magician_ros2/dobot_visualization_tools' with type 'ros.ament_python' and name 'dobot_visualization_tools'
[0.856s] colcon.colcon_core.package_discovery Level 1 discover_packages(recursive) using defaults
[0.856s] colcon.colcon_core.package_discovery Level 1 discover_packages(ignore) discover
[0.856s] colcon.colcon_core.package_discovery Level 1 discover_packages(ignore) using defaults
[0.856s] colcon.colcon_core.package_discovery Level 1 discover_packages(path) discover
[0.856s] colcon.colcon_core.package_discovery Level 1 discover_packages(path) using defaults
[0.896s] colcon.colcon_core.package_discovery Level 1 discover_packages(prefix_path) check parameters
[0.896s] colcon.colcon_core.package_discovery Level 1 discover_packages(prefix_path) discover
[0.901s] colcon.colcon_installed_package_information.package_discovery DEBUG Found 3 installed packages in /home/jetson/micro_ros_ws/install
[0.902s] colcon.colcon_installed_package_information.package_discovery DEBUG Found 7 installed packages in /home/jetson/AGV-2026/install
[0.904s] colcon.colcon_installed_package_information.package_discovery DEBUG Found 282 installed packages in /opt/ros/humble
[0.907s] colcon.colcon_core.package_discovery Level 1 discover_packages(prefix_path) using defaults
[0.990s] colcon.colcon_core.verb Level 5 set package 'dobot_bringup' build argument 'cmake_args' from command line to 'None'
[0.990s] colcon.colcon_core.verb Level 5 set package 'dobot_bringup' build argument 'cmake_target' from command line to 'None'
[0.990s] colcon.colcon_core.verb Level 5 set package 'dobot_bringup' build argument 'cmake_target_skip_unavailable' from command line to 'False'
[0.990s] colcon.colcon_core.verb Level 5 set package 'dobot_bringup' build argument 'cmake_clean_cache' from command line to 'False'
[0.990s] colcon.colcon_core.verb Level 5 set package 'dobot_bringup' build argument 'cmake_clean_first' from command line to 'False'
[0.990s] colcon.colcon_core.verb Level 5 set package 'dobot_bringup' build argument 'cmake_force_configure' from command line to 'False'
[0.990s] colcon.colcon_core.verb Level 5 set package 'dobot_bringup' build argument 'ament_cmake_args' from command line to 'None'
[0.991s] colcon.colcon_core.verb Level 5 set package 'dobot_bringup' build argument 'catkin_cmake_args' from command line to 'None'
[0.991s] colcon.colcon_core.verb Level 5 set package 'dobot_bringup' build argument 'catkin_skip_building_tests' from command line to 'False'
[0.991s] colcon.colcon_core.verb DEBUG Building package 'dobot_bringup' with the following arguments: {'ament_cmake_args': None, 'build_base': '/home/jetson/dobot-magician/build/dobot_bringup', 'catkin_cmake_args': None, 'catkin_skip_building_tests': False, 'cmake_args': None, 'cmake_clean_cache': False, 'cmake_clean_first': False, 'cmake_force_configure': False, 'cmake_target': None, 'cmake_target_skip_unavailable': False, 'install_base': '/home/jetson/dobot-magician/install/dobot_bringup', 'merge_install': False, 'path': '/home/jetson/dobot-magician/src/magician_ros2/dobot_bringup', 'symlink_install': False, 'test_result_base': None}
[0.991s] colcon.colcon_core.verb Level 5 set package 'dobot_control_panel' build argument 'cmake_args' from command line to 'None'
[0.992s] colcon.colcon_core.verb Level 5 set package 'dobot_control_panel' build argument 'cmake_target' from command line to 'None'
[0.992s] colcon.colcon_core.verb Level 5 set package 'dobot_control_panel' build argument 'cmake_target_skip_unavailable' from command line to 'False'
[0.992s] colcon.colcon_core.verb Level 5 set package 'dobot_control_panel' build argument 'cmake_clean_cache' from command line to 'False'
[0.992s] colcon.colcon_core.verb Level 5 set package 'dobot_control_panel' build argument 'cmake_clean_first' from command line to 'False'
[0.992s] colcon.colcon_core.verb Level 5 set package 'dobot_control_panel' build argument 'cmake_force_configure' from command line to 'False'
[0.992s] colcon.colcon_core.verb Level 5 set package 'dobot_control_panel' build argument 'ament_cmake_args' from command line to 'None'
[0.992s] colcon.colcon_core.verb Level 5 set package 'dobot_control_panel' build argument 'catkin_cmake_args' from command line to 'None'
[0.992s] colcon.colcon_core.verb Level 5 set package 'dobot_control_panel' build argument 'catkin_skip_building_tests' from command line to 'False'
[0.992s] colcon.colcon_core.verb DEBUG Building package 'dobot_control_panel' with the following arguments: {'ament_cmake_args': None, 'build_base': '/home/jetson/dobot-magician/build/dobot_control_panel', 'catkin_cmake_args': None, 'catkin_skip_building_tests': False, 'cmake_args': None, 'cmake_clean_cache': False, 'cmake_clean_first': False, 'cmake_force_configure': False, 'cmake_target': None, 'cmake_target_skip_unavailable': False, 'install_base': '/home/jetson/dobot-magician/install/dobot_control_panel', 'merge_install': False, 'path': '/home/jetson/dobot-magician/src/magician_ros2/dobot_control_panel', 'symlink_install': False, 'test_result_base': None}
[0.993s] colcon.colcon_core.verb Level 5 set package 'dobot_description' build argument 'cmake_args' from command line to 'None'
[0.993s] colcon.colcon_core.verb Level 5 set package 'dobot_description' build argument 'cmake_target' from command line to 'None'
[0.993s] colcon.colcon_core.verb Level 5 set package 'dobot_description' build argument 'cmake_target_skip_unavailable' from command line to 'False'
[0.993s] colcon.colcon_core.verb Level 5 set package 'dobot_description' build argument 'cmake_clean_cache' from command line to 'False'
[0.993s] colcon.colcon_core.verb Level 5 set package 'dobot_description' build argument 'cmake_clean_first' from command line to 'False'
[0.993s] colcon.colcon_core.verb Level 5 set package 'dobot_description' build argument 'cmake_force_configure' from command line to 'False'
[0.993s] colcon.colcon_core.verb Level 5 set package 'dobot_description' build argument 'ament_cmake_args' from command line to 'None'
[0.993s] colcon.colcon_core.verb Level 5 set package 'dobot_description' build argument 'catkin_cmake_args' from command line to 'None'
[0.993s] colcon.colcon_core.verb Level 5 set package 'dobot_description' build argument 'catkin_skip_building_tests' from command line to 'False'
[0.993s] colcon.colcon_core.verb DEBUG Building package 'dobot_description' with the following arguments: {'ament_cmake_args': None, 'build_base': '/home/jetson/dobot-magician/build/dobot_description', 'catkin_cmake_args': None, 'catkin_skip_building_tests': False, 'cmake_args': None, 'cmake_clean_cache': False, 'cmake_clean_first': False, 'cmake_force_configure': False, 'cmake_target': None, 'cmake_target_skip_unavailable': False, 'install_base': '/home/jetson/dobot-magician/install/dobot_description', 'merge_install': False, 'path': '/home/jetson/dobot-magician/src/magician_ros2/dobot_description', 'symlink_install': False, 'test_result_base': None}
[0.994s] colcon.colcon_core.verb Level 5 set package 'dobot_driver' build argument 'cmake_args' from command line to 'None'
[0.994s] colcon.colcon_core.verb Level 5 set package 'dobot_driver' build argument 'cmake_target' from command line to 'None'
[0.994s] colcon.colcon_core.verb Level 5 set package 'dobot_driver' build argument 'cmake_target_skip_unavailable' from command line to 'False'
[0.994s] colcon.colcon_core.verb Level 5 set package 'dobot_driver' build argument 'cmake_clean_cache' from command line to 'False'
[0.994s] colcon.colcon_core.verb Level 5 set package 'dobot_driver' build argument 'cmake_clean_first' from command line to 'False'
[0.994s] colcon.colcon_core.verb Level 5 set package 'dobot_driver' build argument 'cmake_force_configure' from command line to 'False'
[0.994s] colcon.colcon_core.verb Level 5 set package 'dobot_driver' build argument 'ament_cmake_args' from command line to 'None'
[0.994s] colcon.colcon_core.verb Level 5 set package 'dobot_driver' build argument 'catkin_cmake_args' from command line to 'None'
[0.994s] colcon.colcon_core.verb Level 5 set package 'dobot_driver' build argument 'catkin_skip_building_tests' from command line to 'False'
[0.994s] colcon.colcon_core.verb DEBUG Building package 'dobot_driver' with the following arguments: {'ament_cmake_args': None, 'build_base': '/home/jetson/dobot-magician/build/dobot_driver', 'catkin_cmake_args': None, 'catkin_skip_building_tests': False, 'cmake_args': None, 'cmake_clean_cache': False, 'cmake_clean_first': False, 'cmake_force_configure': False, 'cmake_target': None, 'cmake_target_skip_unavailable': False, 'install_base': '/home/jetson/dobot-magician/install/dobot_driver', 'merge_install': False, 'path': '/home/jetson/dobot-magician/src/magician_ros2/dobot_driver', 'symlink_install': False, 'test_result_base': None}
[0.995s] colcon.colcon_core.verb Level 5 set package 'dobot_msgs' build argument 'cmake_args' from command line to 'None'
[0.995s] colcon.colcon_core.verb Level 5 set package 'dobot_msgs' build argument 'cmake_target' from command line to 'None'
[0.995s] colcon.colcon_core.verb Level 5 set package 'dobot_msgs' build argument 'cmake_target_skip_unavailable' from command line to 'False'
[0.995s] colcon.colcon_core.verb Level 5 set package 'dobot_msgs' build argument 'cmake_clean_cache' from command line to 'False'
[0.995s] colcon.colcon_core.verb Level 5 set package 'dobot_msgs' build argument 'cmake_clean_first' from command line to 'False'
[0.995s] colcon.colcon_core.verb Level 5 set package 'dobot_msgs' build argument 'cmake_force_configure' from command line to 'False'
[0.995s] colcon.colcon_core.verb Level 5 set package 'dobot_msgs' build argument 'ament_cmake_args' from command line to 'None'
[0.995s] colcon.colcon_core.verb Level 5 set package 'dobot_msgs' build argument 'catkin_cmake_args' from command line to 'None'
[0.995s] colcon.colcon_core.verb Level 5 set package 'dobot_msgs' build argument 'catkin_skip_building_tests' from command line to 'False'
[0.995s] colcon.colcon_core.verb DEBUG Building package 'dobot_msgs' with the following arguments: {'ament_cmake_args': None, 'build_base': '/home/jetson/dobot-magician/build/dobot_msgs', 'catkin_cmake_args': None, 'catkin_skip_building_tests': False, 'cmake_args': None, 'cmake_clean_cache': False, 'cmake_clean_first': False, 'cmake_force_configure': False, 'cmake_target': None, 'cmake_target_skip_unavailable': False, 'install_base': '/home/jetson/dobot-magician/install/dobot_msgs', 'merge_install': False, 'path': '/home/jetson/dobot-magician/src/magician_ros2/dobot_msgs', 'symlink_install': False, 'test_result_base': None}
[0.996s] colcon.colcon_core.verb Level 5 set package 'dobot_visualization_tools' build argument 'cmake_args' from command line to 'None'
[0.996s] colcon.colcon_core.verb Level 5 set package 'dobot_visualization_tools' build argument 'cmake_target' from command line to 'None'
[0.996s] colcon.colcon_core.verb Level 5 set package 'dobot_visualization_tools' build argument 'cmake_target_skip_unavailable' from command line to 'False'
[0.996s] colcon.colcon_core.verb Level 5 set package 'dobot_visualization_tools' build argument 'cmake_clean_cache' from command line to 'False'
[0.996s] colcon.colcon_core.verb Level 5 set package 'dobot_visualization_tools' build argument 'cmake_clean_first' from command line to 'False'
[0.996s] colcon.colcon_core.verb Level 5 set package 'dobot_visualization_tools' build argument 'cmake_force_configure' from command line to 'False'
[0.996s] colcon.colcon_core.verb Level 5 set package 'dobot_visualization_tools' build argument 'ament_cmake_args' from command line to 'None'
[0.996s] colcon.colcon_core.verb Level 5 set package 'dobot_visualization_tools' build argument 'catkin_cmake_args' from command line to 'None'
[0.996s] colcon.colcon_core.verb Level 5 set package 'dobot_visualization_tools' build argument 'catkin_skip_building_tests' from command line to 'False'
[0.997s] colcon.colcon_core.verb DEBUG Building package 'dobot_visualization_tools' with the following arguments: {'ament_cmake_args': None, 'build_base': '/home/jetson/dobot-magician/build/dobot_visualization_tools', 'catkin_cmake_args': None, 'catkin_skip_building_tests': False, 'cmake_args': None, 'cmake_clean_cache': False, 'cmake_clean_first': False, 'cmake_force_configure': False, 'cmake_target': None, 'cmake_target_skip_unavailable': False, 'install_base': '/home/jetson/dobot-magician/install/dobot_visualization_tools', 'merge_install': False, 'path': '/home/jetson/dobot-magician/src/magician_ros2/dobot_visualization_tools', 'symlink_install': False, 'test_result_base': None}
[0.997s] colcon.colcon_core.verb Level 5 set package 'dobot_demos' build argument 'cmake_args' from command line to 'None'
[0.997s] colcon.colcon_core.verb Level 5 set package 'dobot_demos' build argument 'cmake_target' from command line to 'None'
[0.997s] colcon.colcon_core.verb Level 5 set package 'dobot_demos' build argument 'cmake_target_skip_unavailable' from command line to 'False'
[0.997s] colcon.colcon_core.verb Level 5 set package 'dobot_demos' build argument 'cmake_clean_cache' from command line to 'False'
[0.997s] colcon.colcon_core.verb Level 5 set package 'dobot_demos' build argument 'cmake_clean_first' from command line to 'False'
[0.997s] colcon.colcon_core.verb Level 5 set package 'dobot_demos' build argument 'cmake_force_configure' from command line to 'False'
[0.997s] colcon.colcon_core.verb Level 5 set package 'dobot_demos' build argument 'ament_cmake_args' from command line to 'None'
[0.997s] colcon.colcon_core.verb Level 5 set package 'dobot_demos' build argument 'catkin_cmake_args' from command line to 'None'
[0.998s] colcon.colcon_core.verb Level 5 set package 'dobot_demos' build argument 'catkin_skip_building_tests' from command line to 'False'
[0.998s] colcon.colcon_core.verb DEBUG Building package 'dobot_demos' with the following arguments: {'ament_cmake_args': None, 'build_base': '/home/jetson/dobot-magician/build/dobot_demos', 'catkin_cmake_args': None, 'catkin_skip_building_tests': False, 'cmake_args': None, 'cmake_clean_cache': False, 'cmake_clean_first': False, 'cmake_force_configure': False, 'cmake_target': None, 'cmake_target_skip_unavailable': False, 'install_base': '/home/jetson/dobot-magician/install/dobot_demos', 'merge_install': False, 'path': '/home/jetson/dobot-magician/src/magician_ros2/dobot_demos', 'symlink_install': False, 'test_result_base': None}
[0.998s] colcon.colcon_core.verb Level 5 set package 'dobot_diagnostics' build argument 'cmake_args' from command line to 'None'
[0.998s] colcon.colcon_core.verb Level 5 set package 'dobot_diagnostics' build argument 'cmake_target' from command line to 'None'
[0.998s] colcon.colcon_core.verb Level 5 set package 'dobot_diagnostics' build argument 'cmake_target_skip_unavailable' from command line to 'False'
[0.998s] colcon.colcon_core.verb Level 5 set package 'dobot_diagnostics' build argument 'cmake_clean_cache' from command line to 'False'
[0.998s] colcon.colcon_core.verb Level 5 set package 'dobot_diagnostics' build argument 'cmake_clean_first' from command line to 'False'
[0.998s] colcon.colcon_core.verb Level 5 set package 'dobot_diagnostics' build argument 'cmake_force_configure' from command line to 'False'
[0.999s] colcon.colcon_core.verb Level 5 set package 'dobot_diagnostics' build argument 'ament_cmake_args' from command line to 'None'
[0.999s] colcon.colcon_core.verb Level 5 set package 'dobot_diagnostics' build argument 'catkin_cmake_args' from command line to 'None'
[0.999s] colcon.colcon_core.verb Level 5 set package 'dobot_diagnostics' build argument 'catkin_skip_building_tests' from command line to 'False'
[0.999s] colcon.colcon_core.verb DEBUG Building package 'dobot_diagnostics' with the following arguments: {'ament_cmake_args': None, 'build_base': '/home/jetson/dobot-magician/build/dobot_diagnostics', 'catkin_cmake_args': None, 'catkin_skip_building_tests': False, 'cmake_args': None, 'cmake_clean_cache': False, 'cmake_clean_first': False, 'cmake_force_configure': False, 'cmake_target': None, 'cmake_target_skip_unavailable': False, 'install_base': '/home/jetson/dobot-magician/install/dobot_diagnostics', 'merge_install': False, 'path': '/home/jetson/dobot-magician/src/magician_ros2/dobot_diagnostics', 'symlink_install': False, 'test_result_base': None}
[0.999s] colcon.colcon_core.verb Level 5 set package 'dobot_end_effector' build argument 'cmake_args' from command line to 'None'
[0.999s] colcon.colcon_core.verb Level 5 set package 'dobot_end_effector' build argument 'cmake_target' from command line to 'None'
[0.999s] colcon.colcon_core.verb Level 5 set package 'dobot_end_effector' build argument 'cmake_target_skip_unavailable' from command line to 'False'
[0.999s] colcon.colcon_core.verb Level 5 set package 'dobot_end_effector' build argument 'cmake_clean_cache' from command line to 'False'
[0.999s] colcon.colcon_core.verb Level 5 set package 'dobot_end_effector' build argument 'cmake_clean_first' from command line to 'False'
[1.000s] colcon.colcon_core.verb Level 5 set package 'dobot_end_effector' build argument 'cmake_force_configure' from command line to 'False'
[1.000s] colcon.colcon_core.verb Level 5 set package 'dobot_end_effector' build argument 'ament_cmake_args' from command line to 'None'
[1.000s] colcon.colcon_core.verb Level 5 set package 'dobot_end_effector' build argument 'catkin_cmake_args' from command line to 'None'
[1.000s] colcon.colcon_core.verb Level 5 set package 'dobot_end_effector' build argument 'catkin_skip_building_tests' from command line to 'False'
[1.000s] colcon.colcon_core.verb DEBUG Building package 'dobot_end_effector' with the following arguments: {'ament_cmake_args': None, 'build_base': '/home/jetson/dobot-magician/build/dobot_end_effector', 'catkin_cmake_args': None, 'catkin_skip_building_tests': False, 'cmake_args': None, 'cmake_clean_cache': False, 'cmake_clean_first': False, 'cmake_force_configure': False, 'cmake_target': None, 'cmake_target_skip_unavailable': False, 'install_base': '/home/jetson/dobot-magician/install/dobot_end_effector', 'merge_install': False, 'path': '/home/jetson/dobot-magician/src/magician_ros2/dobot_end_effector', 'symlink_install': False, 'test_result_base': None}
[1.000s] colcon.colcon_core.verb Level 5 set package 'dobot_homing' build argument 'cmake_args' from command line to 'None'
[1.000s] colcon.colcon_core.verb Level 5 set package 'dobot_homing' build argument 'cmake_target' from command line to 'None'
[1.001s] colcon.colcon_core.verb Level 5 set package 'dobot_homing' build argument 'cmake_target_skip_unavailable' from command line to 'False'
[1.001s] colcon.colcon_core.verb Level 5 set package 'dobot_homing' build argument 'cmake_clean_cache' from command line to 'False'
[1.001s] colcon.colcon_core.verb Level 5 set package 'dobot_homing' build argument 'cmake_clean_first' from command line to 'False'
[1.001s] colcon.colcon_core.verb Level 5 set package 'dobot_homing' build argument 'cmake_force_configure' from command line to 'False'
[1.001s] colcon.colcon_core.verb Level 5 set package 'dobot_homing' build argument 'ament_cmake_args' from command line to 'None'
[1.001s] colcon.colcon_core.verb Level 5 set package 'dobot_homing' build argument 'catkin_cmake_args' from command line to 'None'
[1.001s] colcon.colcon_core.verb Level 5 set package 'dobot_homing' build argument 'catkin_skip_building_tests' from command line to 'False'
[1.001s] colcon.colcon_core.verb DEBUG Building package 'dobot_homing' with the following arguments: {'ament_cmake_args': None, 'build_base': '/home/jetson/dobot-magician/build/dobot_homing', 'catkin_cmake_args': None, 'catkin_skip_building_tests': False, 'cmake_args': None, 'cmake_clean_cache': False, 'cmake_clean_first': False, 'cmake_force_configure': False, 'cmake_target': None, 'cmake_target_skip_unavailable': False, 'install_base': '/home/jetson/dobot-magician/install/dobot_homing', 'merge_install': False, 'path': '/home/jetson/dobot-magician/src/magician_ros2/dobot_homing', 'symlink_install': False, 'test_result_base': None}
[1.001s] colcon.colcon_core.verb Level 5 set package 'dobot_kinematics' build argument 'cmake_args' from command line to 'None'
[1.002s] colcon.colcon_core.verb Level 5 set package 'dobot_kinematics' build argument 'cmake_target' from command line to 'None'
[1.002s] colcon.colcon_core.verb Level 5 set package 'dobot_kinematics' build argument 'cmake_target_skip_unavailable' from command line to 'False'
[1.002s] colcon.colcon_core.verb Level 5 set package 'dobot_kinematics' build argument 'cmake_clean_cache' from command line to 'False'
[1.002s] colcon.colcon_core.verb Level 5 set package 'dobot_kinematics' build argument 'cmake_clean_first' from command line to 'False'
[1.002s] colcon.colcon_core.verb Level 5 set package 'dobot_kinematics' build argument 'cmake_force_configure' from command line to 'False'
[1.002s] colcon.colcon_core.verb Level 5 set package 'dobot_kinematics' build argument 'ament_cmake_args' from command line to 'None'
[1.002s] colcon.colcon_core.verb Level 5 set package 'dobot_kinematics' build argument 'catkin_cmake_args' from command line to 'None'
[1.002s] colcon.colcon_core.verb Level 5 set package 'dobot_kinematics' build argument 'catkin_skip_building_tests' from command line to 'False'
[1.002s] colcon.colcon_core.verb DEBUG Building package 'dobot_kinematics' with the following arguments: {'ament_cmake_args': None, 'build_base': '/home/jetson/dobot-magician/build/dobot_kinematics', 'catkin_cmake_args': None, 'catkin_skip_building_tests': False, 'cmake_args': None, 'cmake_clean_cache': False, 'cmake_clean_first': False, 'cmake_force_configure': False, 'cmake_target': None, 'cmake_target_skip_unavailable': False, 'install_base': '/home/jetson/dobot-magician/install/dobot_kinematics', 'merge_install': False, 'path': '/home/jetson/dobot-magician/src/magician_ros2/dobot_kinematics', 'symlink_install': False, 'test_result_base': None}
[1.003s] colcon.colcon_core.verb Level 5 set package 'dobot_motion' build argument 'cmake_args' from command line to 'None'
[1.003s] colcon.colcon_core.verb Level 5 set package 'dobot_motion' build argument 'cmake_target' from command line to 'None'
[1.003s] colcon.colcon_core.verb Level 5 set package 'dobot_motion' build argument 'cmake_target_skip_unavailable' from command line to 'False'
[1.003s] colcon.colcon_core.verb Level 5 set package 'dobot_motion' build argument 'cmake_clean_cache' from command line to 'False'
[1.003s] colcon.colcon_core.verb Level 5 set package 'dobot_motion' build argument 'cmake_clean_first' from command line to 'False'
[1.003s] colcon.colcon_core.verb Level 5 set package 'dobot_motion' build argument 'cmake_force_configure' from command line to 'False'
[1.003s] colcon.colcon_core.verb Level 5 set package 'dobot_motion' build argument 'ament_cmake_args' from command line to 'None'
[1.003s] colcon.colcon_core.verb Level 5 set package 'dobot_motion' build argument 'catkin_cmake_args' from command line to 'None'
[1.003s] colcon.colcon_core.verb Level 5 set package 'dobot_motion' build argument 'catkin_skip_building_tests' from command line to 'False'
[1.003s] colcon.colcon_core.verb DEBUG Building package 'dobot_motion' with the following arguments: {'ament_cmake_args': None, 'build_base': '/home/jetson/dobot-magician/build/dobot_motion', 'catkin_cmake_args': None, 'catkin_skip_building_tests': False, 'cmake_args': None, 'cmake_clean_cache': False, 'cmake_clean_first': False, 'cmake_force_configure': False, 'cmake_target': None, 'cmake_target_skip_unavailable': False, 'install_base': '/home/jetson/dobot-magician/install/dobot_motion', 'merge_install': False, 'path': '/home/jetson/dobot-magician/src/magician_ros2/dobot_motion', 'symlink_install': False, 'test_result_base': None}
[1.004s] colcon.colcon_core.verb Level 5 set package 'dobot_state_updater' build argument 'cmake_args' from command line to 'None'
[1.004s] colcon.colcon_core.verb Level 5 set package 'dobot_state_updater' build argument 'cmake_target' from command line to 'None'
[1.004s] colcon.colcon_core.verb Level 5 set package 'dobot_state_updater' build argument 'cmake_target_skip_unavailable' from command line to 'False'
[1.004s] colcon.colcon_core.verb Level 5 set package 'dobot_state_updater' build argument 'cmake_clean_cache' from command line to 'False'
[1.004s] colcon.colcon_core.verb Level 5 set package 'dobot_state_updater' build argument 'cmake_clean_first' from command line to 'False'
[1.004s] colcon.colcon_core.verb Level 5 set package 'dobot_state_updater' build argument 'cmake_force_configure' from command line to 'False'
[1.004s] colcon.colcon_core.verb Level 5 set package 'dobot_state_updater' build argument 'ament_cmake_args' from command line to 'None'
[1.004s] colcon.colcon_core.verb Level 5 set package 'dobot_state_updater' build argument 'catkin_cmake_args' from command line to 'None'
[1.004s] colcon.colcon_core.verb Level 5 set package 'dobot_state_updater' build argument 'catkin_skip_building_tests' from command line to 'False'
[1.004s] colcon.colcon_core.verb DEBUG Building package 'dobot_state_updater' with the following arguments: {'ament_cmake_args': None, 'build_base': '/home/jetson/dobot-magician/build/dobot_state_updater', 'catkin_cmake_args': None, 'catkin_skip_building_tests': False, 'cmake_args': None, 'cmake_clean_cache': False, 'cmake_clean_first': False, 'cmake_force_configure': False, 'cmake_target': None, 'cmake_target_skip_unavailable': False, 'install_base': '/home/jetson/dobot-magician/install/dobot_state_updater', 'merge_install': False, 'path': '/home/jetson/dobot-magician/src/magician_ros2/dobot_state_updater', 'symlink_install': False, 'test_result_base': None}
[1.005s] colcon.colcon_core.executor INFO Executing jobs using 'parallel' executor
[1.007s] colcon.colcon_parallel_executor.executor.parallel DEBUG run_until_complete
[1.008s] colcon.colcon_ros.task.ament_cmake.build INFO Building ROS package in '/home/jetson/dobot-magician/src/magician_ros2/dobot_msgs' with build type 'ament_cmake'
[1.008s] colcon.colcon_cmake.task.cmake.build INFO Building CMake package in '/home/jetson/dobot-magician/src/magician_ros2/dobot_msgs'
[1.014s] colcon.colcon_core.plugin_system INFO Skipping extension 'colcon_core.shell.bat': Not used on non-Windows systems
[1.014s] colcon.colcon_core.shell INFO Skip shell extension 'powershell' for command environment: Not usable outside of PowerShell
[1.015s] colcon.colcon_core.shell DEBUG Skip shell extension 'dsv' for command environment
[1.028s] colcon.colcon_ros.task.ament_python.build INFO Building ROS package in '/home/jetson/dobot-magician/src/magician_ros2/dobot_bringup' with build type 'ament_python'
[1.029s] colcon.colcon_core.shell Level 1 create_environment_hook('dobot_bringup', 'ament_prefix_path')
[1.029s] colcon.colcon_core.shell INFO Creating environment hook '/home/jetson/dobot-magician/install/dobot_bringup/share/dobot_bringup/hook/ament_prefix_path.ps1'
[1.031s] colcon.colcon_core.shell INFO Creating environment descriptor '/home/jetson/dobot-magician/install/dobot_bringup/share/dobot_bringup/hook/ament_prefix_path.dsv'
[1.032s] colcon.colcon_core.shell INFO Creating environment hook '/home/jetson/dobot-magician/install/dobot_bringup/share/dobot_bringup/hook/ament_prefix_path.sh'
[1.033s] colcon.colcon_core.shell INFO Skip shell extension 'powershell' for command environment: Not usable outside of PowerShell
[1.033s] colcon.colcon_core.shell DEBUG Skip shell extension 'dsv' for command environment
[1.041s] colcon.colcon_ros.task.ament_python.build INFO Building ROS package in '/home/jetson/dobot-magician/src/magician_ros2/dobot_control_panel' with build type 'ament_python'
[1.041s] colcon.colcon_core.shell Level 1 create_environment_hook('dobot_control_panel', 'ament_prefix_path')
[1.042s] colcon.colcon_core.shell INFO Creating environment hook '/home/jetson/dobot-magician/install/dobot_control_panel/share/dobot_control_panel/hook/ament_prefix_path.ps1'
[1.043s] colcon.colcon_core.shell INFO Creating environment descriptor '/home/jetson/dobot-magician/install/dobot_control_panel/share/dobot_control_panel/hook/ament_prefix_path.dsv'
[1.044s] colcon.colcon_core.shell INFO Creating environment hook '/home/jetson/dobot-magician/install/dobot_control_panel/share/dobot_control_panel/hook/ament_prefix_path.sh'
[1.045s] colcon.colcon_core.shell INFO Skip shell extension 'powershell' for command environment: Not usable outside of PowerShell
[1.045s] colcon.colcon_core.shell DEBUG Skip shell extension 'dsv' for command environment
[1.064s] colcon.colcon_ros.task.ament_cmake.build INFO Building ROS package in '/home/jetson/dobot-magician/src/magician_ros2/dobot_description' with build type 'ament_cmake'
[1.064s] colcon.colcon_cmake.task.cmake.build INFO Building CMake package in '/home/jetson/dobot-magician/src/magician_ros2/dobot_description'
[1.065s] colcon.colcon_core.shell INFO Skip shell extension 'powershell' for command environment: Not usable outside of PowerShell
[1.065s] colcon.colcon_core.shell DEBUG Skip shell extension 'dsv' for command environment
[1.088s] colcon.colcon_ros.task.ament_cmake.build INFO Building ROS package in '/home/jetson/dobot-magician/src/magician_ros2/dobot_driver' with build type 'ament_cmake'
[1.089s] colcon.colcon_cmake.task.cmake.build INFO Building CMake package in '/home/jetson/dobot-magician/src/magician_ros2/dobot_driver'
[1.089s] colcon.colcon_core.shell INFO Skip shell extension 'powershell' for command environment: Not usable outside of PowerShell
[1.089s] colcon.colcon_core.shell DEBUG Skip shell extension 'dsv' for command environment
[1.116s] colcon.colcon_ros.task.ament_python.build INFO Building ROS package in '/home/jetson/dobot-magician/src/magician_ros2/dobot_visualization_tools' with build type 'ament_python'
[1.117s] colcon.colcon_core.shell Level 1 create_environment_hook('dobot_visualization_tools', 'ament_prefix_path')
[1.117s] colcon.colcon_core.shell INFO Creating environment hook '/home/jetson/dobot-magician/install/dobot_visualization_tools/share/dobot_visualization_tools/hook/ament_prefix_path.ps1'
[1.119s] colcon.colcon_core.shell INFO Creating environment descriptor '/home/jetson/dobot-magician/install/dobot_visualization_tools/share/dobot_visualization_tools/hook/ament_prefix_path.dsv'
[1.120s] colcon.colcon_core.shell INFO Creating environment hook '/home/jetson/dobot-magician/install/dobot_visualization_tools/share/dobot_visualization_tools/hook/ament_prefix_path.sh'
[1.127s] colcon.colcon_core.shell INFO Skip shell extension 'powershell' for command environment: Not usable outside of PowerShell
[1.127s] colcon.colcon_core.shell DEBUG Skip shell extension 'dsv' for command environment
[1.164s] colcon.colcon_core.event_handler.log_command DEBUG Invoking command in '/home/jetson/dobot-magician/build/dobot_msgs': CMAKE_PREFIX_PATH=${CMAKE_PREFIX_PATH}:/home/jetson/AGV-2026/install/yolo_object_detect:/home/jetson/AGV-2026/install/ddsm115_controller:/home/jetson/AGV-2026/install/wit_ros2_imu:/home/jetson/AGV-2026/install/motor_control_tools:/opt/ros/humble /usr/bin/cmake /home/jetson/dobot-magician/src/magician_ros2/dobot_msgs -DCMAKE_INSTALL_PREFIX=/home/jetson/dobot-magician/install/dobot_msgs
[1.999s] colcon.colcon_core.task.python.build INFO Building Python package in '/home/jetson/dobot-magician/src/magician_ros2/dobot_bringup'
[1.999s] colcon.colcon_core.shell INFO Skip shell extension 'powershell' for command environment: Not usable outside of PowerShell
[2.000s] colcon.colcon_core.shell DEBUG Skip shell extension 'dsv' for command environment
[2.814s] colcon.colcon_core.task.python.build INFO Building Python package in '/home/jetson/dobot-magician/src/magician_ros2/dobot_control_panel'
[2.815s] colcon.colcon_core.shell INFO Skip shell extension 'powershell' for command environment: Not usable outside of PowerShell
[2.815s] colcon.colcon_core.shell DEBUG Skip shell extension 'dsv' for command environment
[2.833s] colcon.colcon_core.event_handler.log_command DEBUG Invoking command in '/home/jetson/dobot-magician/build/dobot_description': CMAKE_PREFIX_PATH=${CMAKE_PREFIX_PATH}:/home/jetson/AGV-2026/install/yolo_object_detect:/home/jetson/AGV-2026/install/ddsm115_controller:/home/jetson/AGV-2026/install/wit_ros2_imu:/home/jetson/AGV-2026/install/motor_control_tools:/opt/ros/humble /usr/bin/cmake /home/jetson/dobot-magician/src/magician_ros2/dobot_description -DCMAKE_INSTALL_PREFIX=/home/jetson/dobot-magician/install/dobot_description
[2.839s] colcon.colcon_core.event_handler.log_command DEBUG Invoking command in '/home/jetson/dobot-magician/build/dobot_driver': CMAKE_PREFIX_PATH=${CMAKE_PREFIX_PATH}:/home/jetson/AGV-2026/install/yolo_object_detect:/home/jetson/AGV-2026/install/ddsm115_controller:/home/jetson/AGV-2026/install/wit_ros2_imu:/home/jetson/AGV-2026/install/motor_control_tools:/opt/ros/humble /usr/bin/cmake /home/jetson/dobot-magician/src/magician_ros2/dobot_driver -DCMAKE_INSTALL_PREFIX=/home/jetson/dobot-magician/install/dobot_driver
[4.026s] colcon.colcon_core.task.python.build INFO Building Python package in '/home/jetson/dobot-magician/src/magician_ros2/dobot_visualization_tools'
[4.027s] colcon.colcon_core.shell INFO Skip shell extension 'powershell' for command environment: Not usable outside of PowerShell
[4.027s] colcon.colcon_core.shell DEBUG Skip shell extension 'dsv' for command environment
[4.081s] colcon.colcon_core.event_handler.log_command DEBUG Invoked command in '/home/jetson/dobot-magician/build/dobot_driver' returned '0': CMAKE_PREFIX_PATH=${CMAKE_PREFIX_PATH}:/home/jetson/AGV-2026/install/yolo_object_detect:/home/jetson/AGV-2026/install/ddsm115_controller:/home/jetson/AGV-2026/install/wit_ros2_imu:/home/jetson/AGV-2026/install/motor_control_tools:/opt/ros/humble /usr/bin/cmake /home/jetson/dobot-magician/src/magician_ros2/dobot_driver -DCMAKE_INSTALL_PREFIX=/home/jetson/dobot-magician/install/dobot_driver
[4.084s] colcon.colcon_core.event_handler.log_command DEBUG Invoking command in '/home/jetson/dobot-magician/build/dobot_driver': CMAKE_PREFIX_PATH=${CMAKE_PREFIX_PATH}:/home/jetson/AGV-2026/install/yolo_object_detect:/home/jetson/AGV-2026/install/ddsm115_controller:/home/jetson/AGV-2026/install/wit_ros2_imu:/home/jetson/AGV-2026/install/motor_control_tools:/opt/ros/humble /usr/bin/cmake --build /home/jetson/dobot-magician/build/dobot_driver -- -j6 -l6
[4.101s] colcon.colcon_core.event_handler.log_command DEBUG Invoked command in '/home/jetson/dobot-magician/build/dobot_description' returned '0': CMAKE_PREFIX_PATH=${CMAKE_PREFIX_PATH}:/home/jetson/AGV-2026/install/yolo_object_detect:/home/jetson/AGV-2026/install/ddsm115_controller:/home/jetson/AGV-2026/install/wit_ros2_imu:/home/jetson/AGV-2026/install/motor_control_tools:/opt/ros/humble /usr/bin/cmake /home/jetson/dobot-magician/src/magician_ros2/dobot_description -DCMAKE_INSTALL_PREFIX=/home/jetson/dobot-magician/install/dobot_description
[4.103s] colcon.colcon_core.event_handler.log_command DEBUG Invoking command in '/home/jetson/dobot-magician/build/dobot_description': CMAKE_PREFIX_PATH=${CMAKE_PREFIX_PATH}:/home/jetson/AGV-2026/install/yolo_object_detect:/home/jetson/AGV-2026/install/ddsm115_controller:/home/jetson/AGV-2026/install/wit_ros2_imu:/home/jetson/AGV-2026/install/motor_control_tools:/opt/ros/humble /usr/bin/cmake --build /home/jetson/dobot-magician/build/dobot_description -- -j6 -l6
[4.266s] colcon.colcon_core.event_handler.log_command DEBUG Invoked command in '/home/jetson/dobot-magician/build/dobot_description' returned '0': CMAKE_PREFIX_PATH=${CMAKE_PREFIX_PATH}:/home/jetson/AGV-2026/install/yolo_object_detect:/home/jetson/AGV-2026/install/ddsm115_controller:/home/jetson/AGV-2026/install/wit_ros2_imu:/home/jetson/AGV-2026/install/motor_control_tools:/opt/ros/humble /usr/bin/cmake --build /home/jetson/dobot-magician/build/dobot_description -- -j6 -l6
[4.342s] colcon.colcon_core.event_handler.log_command DEBUG Invoking command in '/home/jetson/dobot-magician/build/dobot_description': CMAKE_PREFIX_PATH=${CMAKE_PREFIX_PATH}:/home/jetson/AGV-2026/install/yolo_object_detect:/home/jetson/AGV-2026/install/ddsm115_controller:/home/jetson/AGV-2026/install/wit_ros2_imu:/home/jetson/AGV-2026/install/motor_control_tools:/opt/ros/humble /usr/bin/cmake --install /home/jetson/dobot-magician/build/dobot_description
[4.353s] colcon.colcon_core.environment Level 1 create_environment_scripts_only(dobot_driver)
[4.365s] colcon.colcon_core.event_handler.log_command DEBUG Invoked command in '/home/jetson/dobot-magician/build/dobot_driver' returned '2': CMAKE_PREFIX_PATH=${CMAKE_PREFIX_PATH}:/home/jetson/AGV-2026/install/yolo_object_detect:/home/jetson/AGV-2026/install/ddsm115_controller:/home/jetson/AGV-2026/install/wit_ros2_imu:/home/jetson/AGV-2026/install/motor_control_tools:/opt/ros/humble /usr/bin/cmake --build /home/jetson/dobot-magician/build/dobot_driver -- -j6 -l6
[4.369s] colcon.colcon_core.environment Level 1 checking '/home/jetson/dobot-magician/install/dobot_driver' for CMake module files
[4.370s] colcon.colcon_core.environment Level 1 checking '/home/jetson/dobot-magician/install/dobot_driver' for CMake config files
[4.371s] colcon.colcon_core.shell Level 1 create_environment_hook('dobot_driver', 'cmake_prefix_path')
[4.371s] colcon.colcon_core.shell INFO Creating environment hook '/home/jetson/dobot-magician/install/dobot_driver/share/dobot_driver/hook/cmake_prefix_path.ps1'
[4.405s] colcon.colcon_core.shell INFO Creating environment descriptor '/home/jetson/dobot-magician/install/dobot_driver/share/dobot_driver/hook/cmake_prefix_path.dsv'
[4.424s] colcon.colcon_core.shell INFO Creating environment hook '/home/jetson/dobot-magician/install/dobot_driver/share/dobot_driver/hook/cmake_prefix_path.sh'
[4.426s] colcon.colcon_core.environment Level 1 checking '/home/jetson/dobot-magician/install/dobot_driver/bin'
[4.427s] colcon.colcon_core.environment Level 1 checking '/home/jetson/dobot-magician/install/dobot_driver/lib/pkgconfig/dobot_driver.pc'
[4.427s] colcon.colcon_core.environment Level 1 checking '/home/jetson/dobot-magician/install/dobot_driver/lib/python3.10/site-packages'
[4.429s] colcon.colcon_core.environment Level 1 checking '/home/jetson/dobot-magician/install/dobot_driver/bin'
[4.430s] colcon.colcon_core.shell INFO Creating package script '/home/jetson/dobot-magician/install/dobot_driver/share/dobot_driver/package.ps1'
[4.433s] colcon.colcon_core.shell INFO Creating package descriptor '/home/jetson/dobot-magician/install/dobot_driver/share/dobot_driver/package.dsv'
[4.444s] colcon.colcon_core.shell INFO Creating package script '/home/jetson/dobot-magician/install/dobot_driver/share/dobot_driver/package.sh'
[4.446s] colcon.colcon_core.shell INFO Creating package script '/home/jetson/dobot-magician/install/dobot_driver/share/dobot_driver/package.bash'
[4.468s] colcon.colcon_core.shell INFO Creating package script '/home/jetson/dobot-magician/install/dobot_driver/share/dobot_driver/package.zsh'
[4.471s] colcon.colcon_core.environment Level 1 create_file_with_runtime_dependencies(/home/jetson/dobot-magician/install/dobot_driver/share/colcon-core/packages/dobot_driver)
[5.830s] colcon.colcon_parallel_executor.executor.parallel DEBUG closing loop
[5.831s] colcon.colcon_parallel_executor.executor.parallel DEBUG loop closed
[5.831s] colcon.colcon_parallel_executor.executor.parallel DEBUG run_until_complete finished with '2'
[5.831s] colcon.colcon_core.event_reactor DEBUG joining thread
[5.832s] colcon.colcon_core.event_reactor DEBUG joined thread
[5.833s] colcon.colcon_core.shell INFO Creating prefix script '/home/jetson/dobot-magician/install/local_setup.ps1'
[5.838s] colcon.colcon_core.shell INFO Creating prefix util module '/home/jetson/dobot-magician/install/_local_setup_util_ps1.py'
[5.846s] colcon.colcon_core.shell INFO Creating prefix chain script '/home/jetson/dobot-magician/install/setup.ps1'
[5.856s] colcon.colcon_core.shell INFO Creating prefix script '/home/jetson/dobot-magician/install/local_setup.sh'
[5.878s] colcon.colcon_core.shell INFO Creating prefix util module '/home/jetson/dobot-magician/install/_local_setup_util_sh.py'
[5.879s] colcon.colcon_core.shell INFO Creating prefix chain script '/home/jetson/dobot-magician/install/setup.sh'
[5.885s] colcon.colcon_core.shell INFO Creating prefix script '/home/jetson/dobot-magician/install/local_setup.bash'
[5.886s] colcon.colcon_core.shell INFO Creating prefix chain script '/home/jetson/dobot-magician/install/setup.bash'
[5.890s] colcon.colcon_core.shell INFO Creating prefix script '/home/jetson/dobot-magician/install/local_setup.zsh'
[5.903s] colcon.colcon_core.shell INFO Creating prefix chain script '/home/jetson/dobot-magician/install/setup.zsh'
