[4.935s] Invoking command in '/home/jetson/dobot-magician/src/magician_ros2/dobot_kinematics': AMENT_PREFIX_PATH=/home/jetson/dobot-magician/install/dobot_msgs:${AMENT_PREFIX_PATH} CMAKE_PREFIX_PATH=/home/jetson/dobot-magician/install/dobot_msgs:${CMAKE_PREFIX_PATH} LD_LIBRARY_PATH=/home/jetson/dobot-magician/install/dobot_msgs/lib:${LD_LIBRARY_PATH} PYTHONPATH=/home/jetson/dobot-magician/build/dobot_kinematics/prefix_override:/usr/lib/python3/dist-packages/colcon_core/task/python/colcon_distutils_commands:/home/jetson/dobot-magician/install/dobot_kinematics/lib/python3.10/site-packages:/home/jetson/dobot-magician/install/dobot_msgs/local/lib/python3.10/dist-packages:${PYTHONPATH} /usr/bin/python3 -W ignore:setup.py install is deprecated -W ignore:easy_install command is deprecated setup.py egg_info --egg-base ../../../build/dobot_kinematics build --build-base /home/jetson/dobot-magician/build/dobot_kinematics/build install --record /home/jetson/dobot-magician/build/dobot_kinematics/install.log --single-version-externally-managed install_data
[5.882s] running egg_info
[5.893s] writing ../../../build/dobot_kinematics/dobot_kinematics.egg-info/PKG-INFO
[5.893s] writing dependency_links to ../../../build/dobot_kinematics/dobot_kinematics.egg-info/dependency_links.txt
[5.893s] writing entry points to ../../../build/dobot_kinematics/dobot_kinematics.egg-info/entry_points.txt
[5.893s] writing requirements to ../../../build/dobot_kinematics/dobot_kinematics.egg-info/requires.txt
[5.893s] writing top-level names to ../../../build/dobot_kinematics/dobot_kinematics.egg-info/top_level.txt
[5.893s] reading manifest file '../../../build/dobot_kinematics/dobot_kinematics.egg-info/SOURCES.txt'
[5.894s] writing manifest file '../../../build/dobot_kinematics/dobot_kinematics.egg-info/SOURCES.txt'
[5.894s] running build
[5.894s] running build_py
[5.896s] running install
[5.897s] running install_lib
[5.909s] running install_data
[5.910s] running install_egg_info
[5.920s] removing '/home/jetson/dobot-magician/install/dobot_kinematics/lib/python3.10/site-packages/dobot_kinematics-1.0.0-py3.10.egg-info' (and everything under it)
[5.920s] Copying ../../../build/dobot_kinematics/dobot_kinematics.egg-info to /home/jetson/dobot-magician/install/dobot_kinematics/lib/python3.10/site-packages/dobot_kinematics-1.0.0-py3.10.egg-info
[5.920s] running install_scripts
[5.976s] Installing trajectory_validator_client script to /home/jetson/dobot-magician/install/dobot_kinematics/lib/dobot_kinematics
[5.976s] Installing trajectory_validator_server script to /home/jetson/dobot-magician/install/dobot_kinematics/lib/dobot_kinematics
[5.981s] writing list of installed files to '/home/jetson/dobot-magician/build/dobot_kinematics/install.log'
[6.166s] Invoked command in '/home/jetson/dobot-magician/src/magician_ros2/dobot_kinematics' returned '0': AMENT_PREFIX_PATH=/home/jetson/dobot-magician/install/dobot_msgs:${AMENT_PREFIX_PATH} CMAKE_PREFIX_PATH=/home/jetson/dobot-magician/install/dobot_msgs:${CMAKE_PREFIX_PATH} LD_LIBRARY_PATH=/home/jetson/dobot-magician/install/dobot_msgs/lib:${LD_LIBRARY_PATH} PYTHONPATH=/home/jetson/dobot-magician/build/dobot_kinematics/prefix_override:/usr/lib/python3/dist-packages/colcon_core/task/python/colcon_distutils_commands:/home/jetson/dobot-magician/install/dobot_kinematics/lib/python3.10/site-packages:/home/jetson/dobot-magician/install/dobot_msgs/local/lib/python3.10/dist-packages:${PYTHONPATH} /usr/bin/python3 -W ignore:setup.py install is deprecated -W ignore:easy_install command is deprecated setup.py egg_info --egg-base ../../../build/dobot_kinematics build --build-base /home/jetson/dobot-magician/build/dobot_kinematics/build install --record /home/jetson/dobot-magician/build/dobot_kinematics/install.log --single-version-externally-managed install_data
