[2.062s] Invoking command in '/home/jetson/dobot-magician/build/dobot_driver': CMAKE_PREFIX_PATH=${CMAKE_PREFIX_PATH}:/home/jetson/AGV-2026/install/yolo_object_detect:/home/jetson/AGV-2026/install/ddsm115_controller:/home/jetson/AGV-2026/install/wit_ros2_imu:/home/jetson/AGV-2026/install/motor_control_tools:/opt/ros/humble /usr/bin/cmake --build /home/jetson/dobot-magician/build/dobot_driver -- -j6 -l6
[3.321s] Built target ament_cmake_python_copy_dobot_driver
[3.321s] running egg_info
[3.321s] writing dobot_driver.egg-info/PKG-INFO
[3.321s] writing dependency_links to dobot_driver.egg-info/dependency_links.txt
[3.321s] writing top-level names to dobot_driver.egg-info/top_level.txt
[3.322s] reading manifest file 'dobot_driver.egg-info/SOURCES.txt'
[3.322s] writing manifest file 'dobot_driver.egg-info/SOURCES.txt'
[3.322s] Built target ament_cmake_python_build_dobot_driver_egg
[3.401s] Invoked command in '/home/jetson/dobot-magician/build/dobot_driver' returned '0': CMAKE_PREFIX_PATH=${CMAKE_PREFIX_PATH}:/home/jetson/AGV-2026/install/yolo_object_detect:/home/jetson/AGV-2026/install/ddsm115_controller:/home/jetson/AGV-2026/install/wit_ros2_imu:/home/jetson/AGV-2026/install/motor_control_tools:/opt/ros/humble /usr/bin/cmake --build /home/jetson/dobot-magician/build/dobot_driver -- -j6 -l6
[3.402s] Invoking command in '/home/jetson/dobot-magician/build/dobot_driver': CMAKE_PREFIX_PATH=${CMAKE_PREFIX_PATH}:/home/jetson/AGV-2026/install/yolo_object_detect:/home/jetson/AGV-2026/install/ddsm115_controller:/home/jetson/AGV-2026/install/wit_ros2_imu:/home/jetson/AGV-2026/install/motor_control_tools:/opt/ros/humble /usr/bin/cmake --install /home/jetson/dobot-magician/build/dobot_driver
[3.569s] -- Install configuration: ""
[3.569s] -- Up-to-date: /home/jetson/dobot-magician/install/dobot_driver/share/dobot_driver/environment/pythonpath.sh
[3.569s] -- Up-to-date: /home/jetson/dobot-magician/install/dobot_driver/share/dobot_driver/environment/pythonpath.dsv
[3.569s] -- Up-to-date: /home/jetson/dobot-magician/install/dobot_driver/local/lib/python3.10/dist-packages/dobot_driver-1.0.0-py3.10.egg-info
[3.569s] -- Installing: /home/jetson/dobot-magician/install/dobot_driver/local/lib/python3.10/dist-packages/dobot_driver-1.0.0-py3.10.egg-info/SOURCES.txt
[3.570s] -- Installing: /home/jetson/dobot-magician/install/dobot_driver/local/lib/python3.10/dist-packages/dobot_driver-1.0.0-py3.10.egg-info/PKG-INFO
[3.570s] -- Installing: /home/jetson/dobot-magician/install/dobot_driver/local/lib/python3.10/dist-packages/dobot_driver-1.0.0-py3.10.egg-info/dependency_links.txt
[3.570s] -- Installing: /home/jetson/dobot-magician/install/dobot_driver/local/lib/python3.10/dist-packages/dobot_driver-1.0.0-py3.10.egg-info/top_level.txt
[3.570s] -- Up-to-date: /home/jetson/dobot-magician/install/dobot_driver/local/lib/python3.10/dist-packages/dobot_driver
[3.570s] -- Up-to-date: /home/jetson/dobot-magician/install/dobot_driver/local/lib/python3.10/dist-packages/dobot_driver/interface.py
[3.570s] -- Up-to-date: /home/jetson/dobot-magician/install/dobot_driver/local/lib/python3.10/dist-packages/dobot_driver/dobot_handle.py
[3.570s] -- Up-to-date: /home/jetson/dobot-magician/install/dobot_driver/local/lib/python3.10/dist-packages/dobot_driver/parsers.py
[3.570s] -- Up-to-date: /home/jetson/dobot-magician/install/dobot_driver/local/lib/python3.10/dist-packages/dobot_driver/message.py
[3.571s] -- Up-to-date: /home/jetson/dobot-magician/install/dobot_driver/local/lib/python3.10/dist-packages/dobot_driver/__init__.py
[3.606s] Listing '/home/jetson/dobot-magician/install/dobot_driver/local/lib/python3.10/dist-packages/dobot_driver'...
[3.606s] -- Up-to-date: /home/jetson/dobot-magician/install/dobot_driver/share/ament_index/resource_index/package_run_dependencies/dobot_driver
[3.606s] -- Up-to-date: /home/jetson/dobot-magician/install/dobot_driver/share/ament_index/resource_index/parent_prefix_path/dobot_driver
[3.606s] -- Up-to-date: /home/jetson/dobot-magician/install/dobot_driver/share/dobot_driver/environment/ament_prefix_path.sh
[3.606s] -- Up-to-date: /home/jetson/dobot-magician/install/dobot_driver/share/dobot_driver/environment/ament_prefix_path.dsv
[3.606s] -- Up-to-date: /home/jetson/dobot-magician/install/dobot_driver/share/dobot_driver/environment/path.sh
[3.607s] -- Up-to-date: /home/jetson/dobot-magician/install/dobot_driver/share/dobot_driver/environment/path.dsv
[3.607s] -- Up-to-date: /home/jetson/dobot-magician/install/dobot_driver/share/dobot_driver/local_setup.bash
[3.607s] -- Up-to-date: /home/jetson/dobot-magician/install/dobot_driver/share/dobot_driver/local_setup.sh
[3.607s] -- Up-to-date: /home/jetson/dobot-magician/install/dobot_driver/share/dobot_driver/local_setup.zsh
[3.607s] -- Up-to-date: /home/jetson/dobot-magician/install/dobot_driver/share/dobot_driver/local_setup.dsv
[3.607s] -- Installing: /home/jetson/dobot-magician/install/dobot_driver/share/dobot_driver/package.dsv
[3.607s] -- Up-to-date: /home/jetson/dobot-magician/install/dobot_driver/share/ament_index/resource_index/packages/dobot_driver
[3.607s] -- Up-to-date: /home/jetson/dobot-magician/install/dobot_driver/share/dobot_driver/cmake/dobot_driverConfig.cmake
[3.607s] -- Up-to-date: /home/jetson/dobot-magician/install/dobot_driver/share/dobot_driver/cmake/dobot_driverConfig-version.cmake
[3.608s] -- Up-to-date: /home/jetson/dobot-magician/install/dobot_driver/share/dobot_driver/package.xml
[3.621s] Invoked command in '/home/jetson/dobot-magician/build/dobot_driver' returned '0': CMAKE_PREFIX_PATH=${CMAKE_PREFIX_PATH}:/home/jetson/AGV-2026/install/yolo_object_detect:/home/jetson/AGV-2026/install/ddsm115_controller:/home/jetson/AGV-2026/install/wit_ros2_imu:/home/jetson/AGV-2026/install/motor_control_tools:/opt/ros/humble /usr/bin/cmake --install /home/jetson/dobot-magician/build/dobot_driver
