[4.182s] Invoking command in '/home/jetson/dobot-magician/src/magician_ros2/dobot_web_interface': AMENT_PREFIX_PATH=/home/jetson/dobot-magician/install/dobot_msgs:${AMENT_PREFIX_PATH} CMAKE_PREFIX_PATH=/home/jetson/dobot-magician/install/dobot_msgs:${CMAKE_PREFIX_PATH} LD_LIBRARY_PATH=/home/jetson/dobot-magician/install/dobot_msgs/lib:${LD_LIBRARY_PATH} PYTHONPATH=/home/jetson/dobot-magician/build/dobot_web_interface/prefix_override:/usr/lib/python3/dist-packages/colcon_core/task/python/colcon_distutils_commands:/home/jetson/dobot-magician/install/dobot_web_interface/lib/python3.10/site-packages:/home/jetson/dobot-magician/install/dobot_msgs/local/lib/python3.10/dist-packages:${PYTHONPATH} /usr/bin/python3 -W ignore:setup.py install is deprecated -W ignore:easy_install command is deprecated setup.py egg_info --egg-base ../../../build/dobot_web_interface build --build-base /home/jetson/dobot-magician/build/dobot_web_interface/build install --record /home/jetson/dobot-magician/build/dobot_web_interface/install.log --single-version-externally-managed install_data
[5.069s] running egg_info
[5.071s] writing ../../../build/dobot_web_interface/dobot_web_interface.egg-info/PKG-INFO
[5.072s] writing dependency_links to ../../../build/dobot_web_interface/dobot_web_interface.egg-info/dependency_links.txt
[5.072s] writing entry points to ../../../build/dobot_web_interface/dobot_web_interface.egg-info/entry_points.txt
[5.072s] writing requirements to ../../../build/dobot_web_interface/dobot_web_interface.egg-info/requires.txt
[5.072s] writing top-level names to ../../../build/dobot_web_interface/dobot_web_interface.egg-info/top_level.txt
[5.080s] reading manifest file '../../../build/dobot_web_interface/dobot_web_interface.egg-info/SOURCES.txt'
[5.080s] writing manifest file '../../../build/dobot_web_interface/dobot_web_interface.egg-info/SOURCES.txt'
[5.080s] running build
[5.080s] running build_py
[5.081s] running install
[5.081s] running install_lib
[5.085s] running install_data
[5.085s] running install_egg_info
[5.097s] removing '/home/jetson/dobot-magician/install/dobot_web_interface/lib/python3.10/site-packages/dobot_web_interface-1.0.0-py3.10.egg-info' (and everything under it)
[5.097s] Copying ../../../build/dobot_web_interface/dobot_web_interface.egg-info to /home/jetson/dobot-magician/install/dobot_web_interface/lib/python3.10/site-packages/dobot_web_interface-1.0.0-py3.10.egg-info
[5.097s] running install_scripts
[5.153s] Installing web_interface script to /home/jetson/dobot-magician/install/dobot_web_interface/lib/dobot_web_interface
[5.169s] writing list of installed files to '/home/jetson/dobot-magician/build/dobot_web_interface/install.log'
[5.306s] Invoked command in '/home/jetson/dobot-magician/src/magician_ros2/dobot_web_interface' returned '0': AMENT_PREFIX_PATH=/home/jetson/dobot-magician/install/dobot_msgs:${AMENT_PREFIX_PATH} CMAKE_PREFIX_PATH=/home/jetson/dobot-magician/install/dobot_msgs:${CMAKE_PREFIX_PATH} LD_LIBRARY_PATH=/home/jetson/dobot-magician/install/dobot_msgs/lib:${LD_LIBRARY_PATH} PYTHONPATH=/home/jetson/dobot-magician/build/dobot_web_interface/prefix_override:/usr/lib/python3/dist-packages/colcon_core/task/python/colcon_distutils_commands:/home/jetson/dobot-magician/install/dobot_web_interface/lib/python3.10/site-packages:/home/jetson/dobot-magician/install/dobot_msgs/local/lib/python3.10/dist-packages:${PYTHONPATH} /usr/bin/python3 -W ignore:setup.py install is deprecated -W ignore:easy_install command is deprecated setup.py egg_info --egg-base ../../../build/dobot_web_interface build --build-base /home/jetson/dobot-magician/build/dobot_web_interface/build install --record /home/jetson/dobot-magician/build/dobot_web_interface/install.log --single-version-externally-managed install_data
