[7.250s] Invoking command in '/home/jetson/dobot-magician/src/magician_ros2/dobot_end_effector': AMENT_PREFIX_PATH=/home/jetson/dobot-magician/install/dobot_msgs:${AMENT_PREFIX_PATH} CMAKE_PREFIX_PATH=/home/jetson/dobot-magician/install/dobot_msgs:${CMAKE_PREFIX_PATH} LD_LIBRARY_PATH=/home/jetson/dobot-magician/install/dobot_msgs/lib:${LD_LIBRARY_PATH} PYTHONPATH=/home/jetson/dobot-magician/build/dobot_end_effector/prefix_override:/usr/lib/python3/dist-packages/colcon_core/task/python/colcon_distutils_commands:/home/jetson/dobot-magician/install/dobot_end_effector/lib/python3.10/site-packages:/home/jetson/dobot-magician/install/dobot_msgs/local/lib/python3.10/dist-packages:${PYTHONPATH} /usr/bin/python3 -W ignore:setup.py install is deprecated -W ignore:easy_install command is deprecated setup.py egg_info --egg-base ../../../build/dobot_end_effector build --build-base /home/jetson/dobot-magician/build/dobot_end_effector/build install --record /home/jetson/dobot-magician/build/dobot_end_effector/install.log --single-version-externally-managed install_data
[8.574s] running egg_info
[8.591s] creating ../../../build/dobot_end_effector/dobot_end_effector.egg-info
[8.592s] writing ../../../build/dobot_end_effector/dobot_end_effector.egg-info/PKG-INFO
[8.592s] writing dependency_links to ../../../build/dobot_end_effector/dobot_end_effector.egg-info/dependency_links.txt
[8.593s] writing entry points to ../../../build/dobot_end_effector/dobot_end_effector.egg-info/entry_points.txt
[8.593s] writing requirements to ../../../build/dobot_end_effector/dobot_end_effector.egg-info/requires.txt
[8.607s] writing top-level names to ../../../build/dobot_end_effector/dobot_end_effector.egg-info/top_level.txt
[8.608s] writing manifest file '../../../build/dobot_end_effector/dobot_end_effector.egg-info/SOURCES.txt'
[8.614s] reading manifest file '../../../build/dobot_end_effector/dobot_end_effector.egg-info/SOURCES.txt'
[8.618s] writing manifest file '../../../build/dobot_end_effector/dobot_end_effector.egg-info/SOURCES.txt'
[8.619s] running build
[8.620s] running build_py
[8.621s] creating /home/jetson/dobot-magician/build/dobot_end_effector/build
[8.621s] creating /home/jetson/dobot-magician/build/dobot_end_effector/build/lib
[8.622s] creating /home/jetson/dobot-magician/build/dobot_end_effector/build/lib/dobot_end_effector
[8.622s] copying dobot_end_effector/suction_cup_server.py -> /home/jetson/dobot-magician/build/dobot_end_effector/build/lib/dobot_end_effector
[8.624s] copying dobot_end_effector/gripper_server.py -> /home/jetson/dobot-magician/build/dobot_end_effector/build/lib/dobot_end_effector
[8.629s] copying dobot_end_effector/__init__.py -> /home/jetson/dobot-magician/build/dobot_end_effector/build/lib/dobot_end_effector
[8.630s] running install
[8.631s] running install_lib
[8.634s] creating /home/jetson/dobot-magician/install/dobot_end_effector/lib/python3.10/site-packages/dobot_end_effector
[8.637s] copying /home/jetson/dobot-magician/build/dobot_end_effector/build/lib/dobot_end_effector/suction_cup_server.py -> /home/jetson/dobot-magician/install/dobot_end_effector/lib/python3.10/site-packages/dobot_end_effector
[8.638s] copying /home/jetson/dobot-magician/build/dobot_end_effector/build/lib/dobot_end_effector/gripper_server.py -> /home/jetson/dobot-magician/install/dobot_end_effector/lib/python3.10/site-packages/dobot_end_effector
[8.638s] copying /home/jetson/dobot-magician/build/dobot_end_effector/build/lib/dobot_end_effector/__init__.py -> /home/jetson/dobot-magician/install/dobot_end_effector/lib/python3.10/site-packages/dobot_end_effector
[8.643s] byte-compiling /home/jetson/dobot-magician/install/dobot_end_effector/lib/python3.10/site-packages/dobot_end_effector/suction_cup_server.py to suction_cup_server.cpython-310.pyc
[8.650s] byte-compiling /home/jetson/dobot-magician/install/dobot_end_effector/lib/python3.10/site-packages/dobot_end_effector/gripper_server.py to gripper_server.cpython-310.pyc
[8.652s] byte-compiling /home/jetson/dobot-magician/install/dobot_end_effector/lib/python3.10/site-packages/dobot_end_effector/__init__.py to __init__.cpython-310.pyc
[8.653s] running install_data
[8.654s] creating /home/jetson/dobot-magician/install/dobot_end_effector/share/ament_index
[8.656s] creating /home/jetson/dobot-magician/install/dobot_end_effector/share/ament_index/resource_index
[8.659s] creating /home/jetson/dobot-magician/install/dobot_end_effector/share/ament_index/resource_index/packages
[8.659s] copying resource/dobot_end_effector -> /home/jetson/dobot-magician/install/dobot_end_effector/share/ament_index/resource_index/packages
[8.660s] copying package.xml -> /home/jetson/dobot-magician/install/dobot_end_effector/share/dobot_end_effector
[8.661s] running install_egg_info
[8.683s] Copying ../../../build/dobot_end_effector/dobot_end_effector.egg-info to /home/jetson/dobot-magician/install/dobot_end_effector/lib/python3.10/site-packages/dobot_end_effector-1.0.0-py3.10.egg-info
[8.686s] running install_scripts
[8.783s] Installing gripper_server script to /home/jetson/dobot-magician/install/dobot_end_effector/lib/dobot_end_effector
[8.797s] Installing suction_cup_server script to /home/jetson/dobot-magician/install/dobot_end_effector/lib/dobot_end_effector
[8.801s] writing list of installed files to '/home/jetson/dobot-magician/build/dobot_end_effector/install.log'
[9.057s] Invoked command in '/home/jetson/dobot-magician/src/magician_ros2/dobot_end_effector' returned '0': AMENT_PREFIX_PATH=/home/jetson/dobot-magician/install/dobot_msgs:${AMENT_PREFIX_PATH} CMAKE_PREFIX_PATH=/home/jetson/dobot-magician/install/dobot_msgs:${CMAKE_PREFIX_PATH} LD_LIBRARY_PATH=/home/jetson/dobot-magician/install/dobot_msgs/lib:${LD_LIBRARY_PATH} PYTHONPATH=/home/jetson/dobot-magician/build/dobot_end_effector/prefix_override:/usr/lib/python3/dist-packages/colcon_core/task/python/colcon_distutils_commands:/home/jetson/dobot-magician/install/dobot_end_effector/lib/python3.10/site-packages:/home/jetson/dobot-magician/install/dobot_msgs/local/lib/python3.10/dist-packages:${PYTHONPATH} /usr/bin/python3 -W ignore:setup.py install is deprecated -W ignore:easy_install command is deprecated setup.py egg_info --egg-base ../../../build/dobot_end_effector build --build-base /home/jetson/dobot-magician/build/dobot_end_effector/build install --record /home/jetson/dobot-magician/build/dobot_end_effector/install.log --single-version-externally-managed install_data
