[3.676s] Invoking command in '/home/jetson/dobot-magician/src/magician_ros2/dobot_homing': AMENT_PREFIX_PATH=/home/jetson/dobot-magician/install/dobot_msgs:${AMENT_PREFIX_PATH} CMAKE_PREFIX_PATH=/home/jetson/dobot-magician/install/dobot_msgs:${CMAKE_PREFIX_PATH} LD_LIBRARY_PATH=/home/jetson/dobot-magician/install/dobot_msgs/lib:${LD_LIBRARY_PATH} PYTHONPATH=/home/jetson/dobot-magician/build/dobot_homing/prefix_override:/usr/lib/python3/dist-packages/colcon_core/task/python/colcon_distutils_commands:/home/jetson/dobot-magician/install/dobot_homing/lib/python3.10/site-packages:/home/jetson/dobot-magician/install/dobot_msgs/local/lib/python3.10/dist-packages:${PYTHONPATH} /usr/bin/python3 -W ignore:setup.py install is deprecated -W ignore:easy_install command is deprecated setup.py egg_info --egg-base ../../../build/dobot_homing build --build-base /home/jetson/dobot-magician/build/dobot_homing/build install --record /home/jetson/dobot-magician/build/dobot_homing/install.log --single-version-externally-managed install_data
[5.007s] running egg_info
[5.008s] writing ../../../build/dobot_homing/dobot_homing.egg-info/PKG-INFO
[5.008s] writing dependency_links to ../../../build/dobot_homing/dobot_homing.egg-info/dependency_links.txt
[5.008s] writing entry points to ../../../build/dobot_homing/dobot_homing.egg-info/entry_points.txt
[5.008s] writing requirements to ../../../build/dobot_homing/dobot_homing.egg-info/requires.txt
[5.008s] writing top-level names to ../../../build/dobot_homing/dobot_homing.egg-info/top_level.txt
[5.008s] reading manifest file '../../../build/dobot_homing/dobot_homing.egg-info/SOURCES.txt'
[5.008s] writing manifest file '../../../build/dobot_homing/dobot_homing.egg-info/SOURCES.txt'
[5.008s] running build
[5.008s] running build_py
[5.009s] running install
[5.009s] running install_lib
[5.009s] running install_data
[5.009s] running install_egg_info
[5.009s] removing '/home/jetson/dobot-magician/install/dobot_homing/lib/python3.10/site-packages/dobot_homing-1.0.0-py3.10.egg-info' (and everything under it)
[5.009s] Copying ../../../build/dobot_homing/dobot_homing.egg-info to /home/jetson/dobot-magician/install/dobot_homing/lib/python3.10/site-packages/dobot_homing-1.0.0-py3.10.egg-info
[5.009s] running install_scripts
[5.010s] Installing homing_server script to /home/jetson/dobot-magician/install/dobot_homing/lib/dobot_homing
[5.010s] writing list of installed files to '/home/jetson/dobot-magician/build/dobot_homing/install.log'
[5.012s] Invoked command in '/home/jetson/dobot-magician/src/magician_ros2/dobot_homing' returned '0': AMENT_PREFIX_PATH=/home/jetson/dobot-magician/install/dobot_msgs:${AMENT_PREFIX_PATH} CMAKE_PREFIX_PATH=/home/jetson/dobot-magician/install/dobot_msgs:${CMAKE_PREFIX_PATH} LD_LIBRARY_PATH=/home/jetson/dobot-magician/install/dobot_msgs/lib:${LD_LIBRARY_PATH} PYTHONPATH=/home/jetson/dobot-magician/build/dobot_homing/prefix_override:/usr/lib/python3/dist-packages/colcon_core/task/python/colcon_distutils_commands:/home/jetson/dobot-magician/install/dobot_homing/lib/python3.10/site-packages:/home/jetson/dobot-magician/install/dobot_msgs/local/lib/python3.10/dist-packages:${PYTHONPATH} /usr/bin/python3 -W ignore:setup.py install is deprecated -W ignore:easy_install command is deprecated setup.py egg_info --egg-base ../../../build/dobot_homing build --build-base /home/jetson/dobot-magician/build/dobot_homing/build install --record /home/jetson/dobot-magician/build/dobot_homing/install.log --single-version-externally-managed install_data
