[0.285s] colcon DEBUG Command line arguments: ['/usr/bin/colcon', 'build', '--packages-select', 'dobot_web_interface']
[0.285s] colcon DEBUG Parsed command line arguments: Namespace(log_base=None, log_level=None, verb_name='build', build_base='build', install_base='install', merge_install=False, symlink_install=False, test_result_base=None, continue_on_error=False, executor='parallel', parallel_workers=6, event_handlers=None, ignore_user_meta=False, metas=['./colcon.meta'], base_paths=['.'], packages_ignore=None, packages_ignore_regex=None, paths=None, packages_up_to=None, packages_up_to_regex=None, packages_above=None, packages_above_and_dependencies=None, packages_above_depth=None, packages_select_by_dep=None, packages_skip_by_dep=None, packages_skip_up_to=None, packages_select_build_failed=False, packages_skip_build_finished=False, packages_select_test_failures=False, packages_skip_test_passed=False, packages_select=['dobot_web_interface'], packages_skip=None, packages_select_regex=None, packages_skip_regex=None, packages_start=None, packages_end=None, allow_overriding=[], cmake_args=None, cmake_target=None, cmake_target_skip_unavailable=False, cmake_clean_cache=False, cmake_clean_first=False, cmake_force_configure=False, ament_cmake_args=None, catkin_cmake_args=None, catkin_skip_building_tests=False, mixin_files=None, mixin=None, verb_parser=<colcon_mixin.mixin.mixin_argument.MixinArgumentDecorator object at 0xffffa04e79a0>, verb_extension=<colcon_core.verb.build.BuildVerb object at 0xffffa04e7580>, main=<bound method BuildVerb.main of <colcon_core.verb.build.BuildVerb object at 0xffffa04e7580>>, mixin_verb=('build',))
[0.803s] colcon.colcon_core.package_discovery Level 1 discover_packages(colcon_meta) check parameters
[0.804s] colcon.colcon_core.package_discovery Level 1 discover_packages(recursive) check parameters
[0.804s] colcon.colcon_core.package_discovery Level 1 discover_packages(ignore) check parameters
[0.804s] colcon.colcon_core.package_discovery Level 1 discover_packages(path) check parameters
[0.804s] colcon.colcon_core.package_discovery Level 1 discover_packages(colcon_meta) discover
[0.804s] colcon.colcon_core.package_discovery Level 1 discover_packages(recursive) discover
[0.804s] colcon.colcon_core.package_discovery INFO Crawling recursively for packages in '/home/jetson/dobot-magician'
[0.805s] colcon.colcon_core.package_identification Level 1 _identify(.) by extensions ['ignore', 'ignore_ament_install']
[0.805s] colcon.colcon_core.package_identification Level 1 _identify(.) by extension 'ignore'
[0.805s] colcon.colcon_core.package_identification Level 1 _identify(.) by extension 'ignore_ament_install'
[0.805s] colcon.colcon_core.package_identification Level 1 _identify(.) by extensions ['colcon_pkg']
[0.805s] colcon.colcon_core.package_identification Level 1 _identify(.) by extension 'colcon_pkg'
[0.805s] colcon.colcon_core.package_identification Level 1 _identify(.) by extensions ['colcon_meta']
[0.805s] colcon.colcon_core.package_identification Level 1 _identify(.) by extension 'colcon_meta'
[0.805s] colcon.colcon_core.package_identification Level 1 _identify(.) by extensions ['ros']
[0.805s] colcon.colcon_core.package_identification Level 1 _identify(.) by extension 'ros'
[0.829s] colcon.colcon_core.package_identification Level 1 _identify(.) by extensions ['cmake', 'python']
[0.830s] colcon.colcon_core.package_identification Level 1 _identify(.) by extension 'cmake'
[0.830s] colcon.colcon_core.package_identification Level 1 _identify(.) by extension 'python'
[0.830s] colcon.colcon_core.package_identification Level 1 _identify(.) by extensions ['python_setup_py']
[0.830s] colcon.colcon_core.package_identification Level 1 _identify(.) by extension 'python_setup_py'
[0.830s] colcon.colcon_core.package_identification Level 1 _identify(build) by extensions ['ignore', 'ignore_ament_install']
[0.831s] colcon.colcon_core.package_identification Level 1 _identify(build) by extension 'ignore'
[0.831s] colcon.colcon_core.package_identification Level 1 _identify(build) ignored
[0.831s] colcon.colcon_core.package_identification Level 1 _identify(config) by extensions ['ignore', 'ignore_ament_install']
[0.831s] colcon.colcon_core.package_identification Level 1 _identify(config) by extension 'ignore'
[0.831s] colcon.colcon_core.package_identification Level 1 _identify(config) by extension 'ignore_ament_install'
[0.831s] colcon.colcon_core.package_identification Level 1 _identify(config) by extensions ['colcon_pkg']
[0.832s] colcon.colcon_core.package_identification Level 1 _identify(config) by extension 'colcon_pkg'
[0.832s] colcon.colcon_core.package_identification Level 1 _identify(config) by extensions ['colcon_meta']
[0.832s] colcon.colcon_core.package_identification Level 1 _identify(config) by extension 'colcon_meta'
[0.832s] colcon.colcon_core.package_identification Level 1 _identify(config) by extensions ['ros']
[0.832s] colcon.colcon_core.package_identification Level 1 _identify(config) by extension 'ros'
[0.832s] colcon.colcon_core.package_identification Level 1 _identify(config) by extensions ['cmake', 'python']
[0.832s] colcon.colcon_core.package_identification Level 1 _identify(config) by extension 'cmake'
[0.832s] colcon.colcon_core.package_identification Level 1 _identify(config) by extension 'python'
[0.832s] colcon.colcon_core.package_identification Level 1 _identify(config) by extensions ['python_setup_py']
[0.832s] colcon.colcon_core.package_identification Level 1 _identify(config) by extension 'python_setup_py'
[0.833s] colcon.colcon_core.package_identification Level 1 _identify(install) by extensions ['ignore', 'ignore_ament_install']
[0.833s] colcon.colcon_core.package_identification Level 1 _identify(install) by extension 'ignore'
[0.833s] colcon.colcon_core.package_identification Level 1 _identify(install) ignored
[0.833s] colcon.colcon_core.package_identification Level 1 _identify(log) by extensions ['ignore', 'ignore_ament_install']
[0.833s] colcon.colcon_core.package_identification Level 1 _identify(log) by extension 'ignore'
[0.833s] colcon.colcon_core.package_identification Level 1 _identify(log) ignored
[0.834s] colcon.colcon_core.package_identification Level 1 _identify(scripts) by extensions ['ignore', 'ignore_ament_install']
[0.834s] colcon.colcon_core.package_identification Level 1 _identify(scripts) by extension 'ignore'
[0.834s] colcon.colcon_core.package_identification Level 1 _identify(scripts) by extension 'ignore_ament_install'
[0.834s] colcon.colcon_core.package_identification Level 1 _identify(scripts) by extensions ['colcon_pkg']
[0.834s] colcon.colcon_core.package_identification Level 1 _identify(scripts) by extension 'colcon_pkg'
[0.834s] colcon.colcon_core.package_identification Level 1 _identify(scripts) by extensions ['colcon_meta']
[0.834s] colcon.colcon_core.package_identification Level 1 _identify(scripts) by extension 'colcon_meta'
[0.834s] colcon.colcon_core.package_identification Level 1 _identify(scripts) by extensions ['ros']
[0.834s] colcon.colcon_core.package_identification Level 1 _identify(scripts) by extension 'ros'
[0.835s] colcon.colcon_core.package_identification Level 1 _identify(scripts) by extensions ['cmake', 'python']
[0.835s] colcon.colcon_core.package_identification Level 1 _identify(scripts) by extension 'cmake'
[0.835s] colcon.colcon_core.package_identification Level 1 _identify(scripts) by extension 'python'
[0.835s] colcon.colcon_core.package_identification Level 1 _identify(scripts) by extensions ['python_setup_py']
[0.835s] colcon.colcon_core.package_identification Level 1 _identify(scripts) by extension 'python_setup_py'
[0.835s] colcon.colcon_core.package_identification Level 1 _identify(src) by extensions ['ignore', 'ignore_ament_install']
[0.835s] colcon.colcon_core.package_identification Level 1 _identify(src) by extension 'ignore'
[0.835s] colcon.colcon_core.package_identification Level 1 _identify(src) by extension 'ignore_ament_install'
[0.835s] colcon.colcon_core.package_identification Level 1 _identify(src) by extensions ['colcon_pkg']
[0.835s] colcon.colcon_core.package_identification Level 1 _identify(src) by extension 'colcon_pkg'
[0.836s] colcon.colcon_core.package_identification Level 1 _identify(src) by extensions ['colcon_meta']
[0.836s] colcon.colcon_core.package_identification Level 1 _identify(src) by extension 'colcon_meta'
[0.836s] colcon.colcon_core.package_identification Level 1 _identify(src) by extensions ['ros']
[0.836s] colcon.colcon_core.package_identification Level 1 _identify(src) by extension 'ros'
[0.836s] colcon.colcon_core.package_identification Level 1 _identify(src) by extensions ['cmake', 'python']
[0.836s] colcon.colcon_core.package_identification Level 1 _identify(src) by extension 'cmake'
[0.836s] colcon.colcon_core.package_identification Level 1 _identify(src) by extension 'python'
[0.836s] colcon.colcon_core.package_identification Level 1 _identify(src) by extensions ['python_setup_py']
[0.836s] colcon.colcon_core.package_identification Level 1 _identify(src) by extension 'python_setup_py'
[0.836s] colcon.colcon_core.package_identification Level 1 _identify(src/magician_ros2) by extensions ['ignore', 'ignore_ament_install']
[0.837s] colcon.colcon_core.package_identification Level 1 _identify(src/magician_ros2) by extension 'ignore'
[0.837s] colcon.colcon_core.package_identification Level 1 _identify(src/magician_ros2) by extension 'ignore_ament_install'
[0.837s] colcon.colcon_core.package_identification Level 1 _identify(src/magician_ros2) by extensions ['colcon_pkg']
[0.837s] colcon.colcon_core.package_identification Level 1 _identify(src/magician_ros2) by extension 'colcon_pkg'
[0.837s] colcon.colcon_core.package_identification Level 1 _identify(src/magician_ros2) by extensions ['colcon_meta']
[0.837s] colcon.colcon_core.package_identification Level 1 _identify(src/magician_ros2) by extension 'colcon_meta'
[0.837s] colcon.colcon_core.package_identification Level 1 _identify(src/magician_ros2) by extensions ['ros']
[0.837s] colcon.colcon_core.package_identification Level 1 _identify(src/magician_ros2) by extension 'ros'
[0.837s] colcon.colcon_core.package_identification Level 1 _identify(src/magician_ros2) by extensions ['cmake', 'python']
[0.837s] colcon.colcon_core.package_identification Level 1 _identify(src/magician_ros2) by extension 'cmake'
[0.838s] colcon.colcon_core.package_identification Level 1 _identify(src/magician_ros2) by extension 'python'
[0.838s] colcon.colcon_core.package_identification Level 1 _identify(src/magician_ros2) by extensions ['python_setup_py']
[0.838s] colcon.colcon_core.package_identification Level 1 _identify(src/magician_ros2) by extension 'python_setup_py'
[0.838s] colcon.colcon_core.package_identification Level 1 _identify(src/magician_ros2/dobot_bringup) by extensions ['ignore', 'ignore_ament_install']
[0.838s] colcon.colcon_core.package_identification Level 1 _identify(src/magician_ros2/dobot_bringup) by extension 'ignore'
[0.838s] colcon.colcon_core.package_identification Level 1 _identify(src/magician_ros2/dobot_bringup) by extension 'ignore_ament_install'
[0.838s] colcon.colcon_core.package_identification Level 1 _identify(src/magician_ros2/dobot_bringup) by extensions ['colcon_pkg']
[0.838s] colcon.colcon_core.package_identification Level 1 _identify(src/magician_ros2/dobot_bringup) by extension 'colcon_pkg'
[0.838s] colcon.colcon_core.package_identification Level 1 _identify(src/magician_ros2/dobot_bringup) by extensions ['colcon_meta']
[0.839s] colcon.colcon_core.package_identification Level 1 _identify(src/magician_ros2/dobot_bringup) by extension 'colcon_meta'
[0.839s] colcon.colcon_core.package_identification Level 1 _identify(src/magician_ros2/dobot_bringup) by extensions ['ros']
[0.839s] colcon.colcon_core.package_identification Level 1 _identify(src/magician_ros2/dobot_bringup) by extension 'ros'
[0.844s] colcon.colcon_core.package_identification DEBUG Package 'src/magician_ros2/dobot_bringup' with type 'ros.ament_python' and name 'dobot_bringup'
[0.845s] colcon.colcon_core.package_identification Level 1 _identify(src/magician_ros2/dobot_control_panel) by extensions ['ignore', 'ignore_ament_install']
[0.845s] colcon.colcon_core.package_identification Level 1 _identify(src/magician_ros2/dobot_control_panel) by extension 'ignore'
[0.845s] colcon.colcon_core.package_identification Level 1 _identify(src/magician_ros2/dobot_control_panel) by extension 'ignore_ament_install'
[0.845s] colcon.colcon_core.package_identification Level 1 _identify(src/magician_ros2/dobot_control_panel) by extensions ['colcon_pkg']
[0.845s] colcon.colcon_core.package_identification Level 1 _identify(src/magician_ros2/dobot_control_panel) by extension 'colcon_pkg'
[0.846s] colcon.colcon_core.package_identification Level 1 _identify(src/magician_ros2/dobot_control_panel) by extensions ['colcon_meta']
[0.846s] colcon.colcon_core.package_identification Level 1 _identify(src/magician_ros2/dobot_control_panel) by extension 'colcon_meta'
[0.846s] colcon.colcon_core.package_identification Level 1 _identify(src/magician_ros2/dobot_control_panel) by extensions ['ros']
[0.846s] colcon.colcon_core.package_identification Level 1 _identify(src/magician_ros2/dobot_control_panel) by extension 'ros'
[0.847s] colcon.colcon_core.package_identification DEBUG Package 'src/magician_ros2/dobot_control_panel' with type 'ros.ament_python' and name 'dobot_control_panel'
[0.848s] colcon.colcon_core.package_identification Level 1 _identify(src/magician_ros2/dobot_demos) by extensions ['ignore', 'ignore_ament_install']
[0.848s] colcon.colcon_core.package_identification Level 1 _identify(src/magician_ros2/dobot_demos) by extension 'ignore'
[0.848s] colcon.colcon_core.package_identification Level 1 _identify(src/magician_ros2/dobot_demos) by extension 'ignore_ament_install'
[0.848s] colcon.colcon_core.package_identification Level 1 _identify(src/magician_ros2/dobot_demos) by extensions ['colcon_pkg']
[0.848s] colcon.colcon_core.package_identification Level 1 _identify(src/magician_ros2/dobot_demos) by extension 'colcon_pkg'
[0.848s] colcon.colcon_core.package_identification Level 1 _identify(src/magician_ros2/dobot_demos) by extensions ['colcon_meta']
[0.848s] colcon.colcon_core.package_identification Level 1 _identify(src/magician_ros2/dobot_demos) by extension 'colcon_meta'
[0.848s] colcon.colcon_core.package_identification Level 1 _identify(src/magician_ros2/dobot_demos) by extensions ['ros']
[0.848s] colcon.colcon_core.package_identification Level 1 _identify(src/magician_ros2/dobot_demos) by extension 'ros'
[0.850s] colcon.colcon_core.package_identification DEBUG Package 'src/magician_ros2/dobot_demos' with type 'ros.ament_python' and name 'dobot_demos'
[0.851s] colcon.colcon_core.package_identification Level 1 _identify(src/magician_ros2/dobot_description) by extensions ['ignore', 'ignore_ament_install']
[0.851s] colcon.colcon_core.package_identification Level 1 _identify(src/magician_ros2/dobot_description) by extension 'ignore'
[0.851s] colcon.colcon_core.package_identification Level 1 _identify(src/magician_ros2/dobot_description) by extension 'ignore_ament_install'
[0.851s] colcon.colcon_core.package_identification Level 1 _identify(src/magician_ros2/dobot_description) by extensions ['colcon_pkg']
[0.851s] colcon.colcon_core.package_identification Level 1 _identify(src/magician_ros2/dobot_description) by extension 'colcon_pkg'
[0.851s] colcon.colcon_core.package_identification Level 1 _identify(src/magician_ros2/dobot_description) by extensions ['colcon_meta']
[0.851s] colcon.colcon_core.package_identification Level 1 _identify(src/magician_ros2/dobot_description) by extension 'colcon_meta'
[0.851s] colcon.colcon_core.package_identification Level 1 _identify(src/magician_ros2/dobot_description) by extensions ['ros']
[0.852s] colcon.colcon_core.package_identification Level 1 _identify(src/magician_ros2/dobot_description) by extension 'ros'
[0.853s] colcon.colcon_core.package_identification DEBUG Package 'src/magician_ros2/dobot_description' with type 'ros.ament_cmake' and name 'dobot_description'
[0.853s] colcon.colcon_core.package_identification Level 1 _identify(src/magician_ros2/dobot_diagnostics) by extensions ['ignore', 'ignore_ament_install']
[0.853s] colcon.colcon_core.package_identification Level 1 _identify(src/magician_ros2/dobot_diagnostics) by extension 'ignore'
[0.853s] colcon.colcon_core.package_identification Level 1 _identify(src/magician_ros2/dobot_diagnostics) by extension 'ignore_ament_install'
[0.853s] colcon.colcon_core.package_identification Level 1 _identify(src/magician_ros2/dobot_diagnostics) by extensions ['colcon_pkg']
[0.854s] colcon.colcon_core.package_identification Level 1 _identify(src/magician_ros2/dobot_diagnostics) by extension 'colcon_pkg'
[0.854s] colcon.colcon_core.package_identification Level 1 _identify(src/magician_ros2/dobot_diagnostics) by extensions ['colcon_meta']
[0.854s] colcon.colcon_core.package_identification Level 1 _identify(src/magician_ros2/dobot_diagnostics) by extension 'colcon_meta'
[0.854s] colcon.colcon_core.package_identification Level 1 _identify(src/magician_ros2/dobot_diagnostics) by extensions ['ros']
[0.854s] colcon.colcon_core.package_identification Level 1 _identify(src/magician_ros2/dobot_diagnostics) by extension 'ros'
[0.855s] colcon.colcon_core.package_identification DEBUG Package 'src/magician_ros2/dobot_diagnostics' with type 'ros.ament_python' and name 'dobot_diagnostics'
[0.856s] colcon.colcon_core.package_identification Level 1 _identify(src/magician_ros2/dobot_driver) by extensions ['ignore', 'ignore_ament_install']
[0.856s] colcon.colcon_core.package_identification Level 1 _identify(src/magician_ros2/dobot_driver) by extension 'ignore'
[0.856s] colcon.colcon_core.package_identification Level 1 _identify(src/magician_ros2/dobot_driver) by extension 'ignore_ament_install'
[0.856s] colcon.colcon_core.package_identification Level 1 _identify(src/magician_ros2/dobot_driver) by extensions ['colcon_pkg']
[0.856s] colcon.colcon_core.package_identification Level 1 _identify(src/magician_ros2/dobot_driver) by extension 'colcon_pkg'
[0.856s] colcon.colcon_core.package_identification Level 1 _identify(src/magician_ros2/dobot_driver) by extensions ['colcon_meta']
[0.856s] colcon.colcon_core.package_identification Level 1 _identify(src/magician_ros2/dobot_driver) by extension 'colcon_meta'
[0.856s] colcon.colcon_core.package_identification Level 1 _identify(src/magician_ros2/dobot_driver) by extensions ['ros']
[0.856s] colcon.colcon_core.package_identification Level 1 _identify(src/magician_ros2/dobot_driver) by extension 'ros'
[0.857s] colcon.colcon_core.package_identification DEBUG Package 'src/magician_ros2/dobot_driver' with type 'ros.ament_cmake' and name 'dobot_driver'
[0.858s] colcon.colcon_core.package_identification Level 1 _identify(src/magician_ros2/dobot_end_effector) by extensions ['ignore', 'ignore_ament_install']
[0.858s] colcon.colcon_core.package_identification Level 1 _identify(src/magician_ros2/dobot_end_effector) by extension 'ignore'
[0.858s] colcon.colcon_core.package_identification Level 1 _identify(src/magician_ros2/dobot_end_effector) by extension 'ignore_ament_install'
[0.858s] colcon.colcon_core.package_identification Level 1 _identify(src/magician_ros2/dobot_end_effector) by extensions ['colcon_pkg']
[0.858s] colcon.colcon_core.package_identification Level 1 _identify(src/magician_ros2/dobot_end_effector) by extension 'colcon_pkg'
[0.858s] colcon.colcon_core.package_identification Level 1 _identify(src/magician_ros2/dobot_end_effector) by extensions ['colcon_meta']
[0.858s] colcon.colcon_core.package_identification Level 1 _identify(src/magician_ros2/dobot_end_effector) by extension 'colcon_meta'
[0.858s] colcon.colcon_core.package_identification Level 1 _identify(src/magician_ros2/dobot_end_effector) by extensions ['ros']
[0.859s] colcon.colcon_core.package_identification Level 1 _identify(src/magician_ros2/dobot_end_effector) by extension 'ros'
[0.860s] colcon.colcon_core.package_identification DEBUG Package 'src/magician_ros2/dobot_end_effector' with type 'ros.ament_python' and name 'dobot_end_effector'
[0.860s] colcon.colcon_core.package_identification Level 1 _identify(src/magician_ros2/dobot_homing) by extensions ['ignore', 'ignore_ament_install']
[0.860s] colcon.colcon_core.package_identification Level 1 _identify(src/magician_ros2/dobot_homing) by extension 'ignore'
[0.860s] colcon.colcon_core.package_identification Level 1 _identify(src/magician_ros2/dobot_homing) by extension 'ignore_ament_install'
[0.861s] colcon.colcon_core.package_identification Level 1 _identify(src/magician_ros2/dobot_homing) by extensions ['colcon_pkg']
[0.861s] colcon.colcon_core.package_identification Level 1 _identify(src/magician_ros2/dobot_homing) by extension 'colcon_pkg'
[0.861s] colcon.colcon_core.package_identification Level 1 _identify(src/magician_ros2/dobot_homing) by extensions ['colcon_meta']
[0.861s] colcon.colcon_core.package_identification Level 1 _identify(src/magician_ros2/dobot_homing) by extension 'colcon_meta'
[0.861s] colcon.colcon_core.package_identification Level 1 _identify(src/magician_ros2/dobot_homing) by extensions ['ros']
[0.861s] colcon.colcon_core.package_identification Level 1 _identify(src/magician_ros2/dobot_homing) by extension 'ros'
[0.862s] colcon.colcon_core.package_identification DEBUG Package 'src/magician_ros2/dobot_homing' with type 'ros.ament_python' and name 'dobot_homing'
[0.862s] colcon.colcon_core.package_identification Level 1 _identify(src/magician_ros2/dobot_kinematics) by extensions ['ignore', 'ignore_ament_install']
[0.863s] colcon.colcon_core.package_identification Level 1 _identify(src/magician_ros2/dobot_kinematics) by extension 'ignore'
[0.863s] colcon.colcon_core.package_identification Level 1 _identify(src/magician_ros2/dobot_kinematics) by extension 'ignore_ament_install'
[0.863s] colcon.colcon_core.package_identification Level 1 _identify(src/magician_ros2/dobot_kinematics) by extensions ['colcon_pkg']
[0.863s] colcon.colcon_core.package_identification Level 1 _identify(src/magician_ros2/dobot_kinematics) by extension 'colcon_pkg'
[0.863s] colcon.colcon_core.package_identification Level 1 _identify(src/magician_ros2/dobot_kinematics) by extensions ['colcon_meta']
[0.863s] colcon.colcon_core.package_identification Level 1 _identify(src/magician_ros2/dobot_kinematics) by extension 'colcon_meta'
[0.863s] colcon.colcon_core.package_identification Level 1 _identify(src/magician_ros2/dobot_kinematics) by extensions ['ros']
[0.863s] colcon.colcon_core.package_identification Level 1 _identify(src/magician_ros2/dobot_kinematics) by extension 'ros'
[0.867s] colcon.colcon_core.package_identification DEBUG Package 'src/magician_ros2/dobot_kinematics' with type 'ros.ament_python' and name 'dobot_kinematics'
[0.867s] colcon.colcon_core.package_identification Level 1 _identify(src/magician_ros2/dobot_motion) by extensions ['ignore', 'ignore_ament_install']
[0.867s] colcon.colcon_core.package_identification Level 1 _identify(src/magician_ros2/dobot_motion) by extension 'ignore'
[0.868s] colcon.colcon_core.package_identification Level 1 _identify(src/magician_ros2/dobot_motion) by extension 'ignore_ament_install'
[0.868s] colcon.colcon_core.package_identification Level 1 _identify(src/magician_ros2/dobot_motion) by extensions ['colcon_pkg']
[0.868s] colcon.colcon_core.package_identification Level 1 _identify(src/magician_ros2/dobot_motion) by extension 'colcon_pkg'
[0.868s] colcon.colcon_core.package_identification Level 1 _identify(src/magician_ros2/dobot_motion) by extensions ['colcon_meta']
[0.868s] colcon.colcon_core.package_identification Level 1 _identify(src/magician_ros2/dobot_motion) by extension 'colcon_meta'
[0.868s] colcon.colcon_core.package_identification Level 1 _identify(src/magician_ros2/dobot_motion) by extensions ['ros']
[0.868s] colcon.colcon_core.package_identification Level 1 _identify(src/magician_ros2/dobot_motion) by extension 'ros'
[0.870s] colcon.colcon_core.package_identification DEBUG Package 'src/magician_ros2/dobot_motion' with type 'ros.ament_python' and name 'dobot_motion'
[0.870s] colcon.colcon_core.package_identification Level 1 _identify(src/magician_ros2/dobot_msgs) by extensions ['ignore', 'ignore_ament_install']
[0.870s] colcon.colcon_core.package_identification Level 1 _identify(src/magician_ros2/dobot_msgs) by extension 'ignore'
[0.870s] colcon.colcon_core.package_identification Level 1 _identify(src/magician_ros2/dobot_msgs) by extension 'ignore_ament_install'
[0.870s] colcon.colcon_core.package_identification Level 1 _identify(src/magician_ros2/dobot_msgs) by extensions ['colcon_pkg']
[0.870s] colcon.colcon_core.package_identification Level 1 _identify(src/magician_ros2/dobot_msgs) by extension 'colcon_pkg'
[0.870s] colcon.colcon_core.package_identification Level 1 _identify(src/magician_ros2/dobot_msgs) by extensions ['colcon_meta']
[0.871s] colcon.colcon_core.package_identification Level 1 _identify(src/magician_ros2/dobot_msgs) by extension 'colcon_meta'
[0.871s] colcon.colcon_core.package_identification Level 1 _identify(src/magician_ros2/dobot_msgs) by extensions ['ros']
[0.871s] colcon.colcon_core.package_identification Level 1 _identify(src/magician_ros2/dobot_msgs) by extension 'ros'
[0.872s] colcon.colcon_core.package_identification DEBUG Package 'src/magician_ros2/dobot_msgs' with type 'ros.ament_cmake' and name 'dobot_msgs'
[0.872s] colcon.colcon_core.package_identification Level 1 _identify(src/magician_ros2/dobot_state_updater) by extensions ['ignore', 'ignore_ament_install']
[0.872s] colcon.colcon_core.package_identification Level 1 _identify(src/magician_ros2/dobot_state_updater) by extension 'ignore'
[0.873s] colcon.colcon_core.package_identification Level 1 _identify(src/magician_ros2/dobot_state_updater) by extension 'ignore_ament_install'
[0.873s] colcon.colcon_core.package_identification Level 1 _identify(src/magician_ros2/dobot_state_updater) by extensions ['colcon_pkg']
[0.873s] colcon.colcon_core.package_identification Level 1 _identify(src/magician_ros2/dobot_state_updater) by extension 'colcon_pkg'
[0.873s] colcon.colcon_core.package_identification Level 1 _identify(src/magician_ros2/dobot_state_updater) by extensions ['colcon_meta']
[0.873s] colcon.colcon_core.package_identification Level 1 _identify(src/magician_ros2/dobot_state_updater) by extension 'colcon_meta'
[0.873s] colcon.colcon_core.package_identification Level 1 _identify(src/magician_ros2/dobot_state_updater) by extensions ['ros']
[0.873s] colcon.colcon_core.package_identification Level 1 _identify(src/magician_ros2/dobot_state_updater) by extension 'ros'
[0.874s] colcon.colcon_core.package_identification DEBUG Package 'src/magician_ros2/dobot_state_updater' with type 'ros.ament_python' and name 'dobot_state_updater'
[0.875s] colcon.colcon_core.package_identification Level 1 _identify(src/magician_ros2/dobot_visualization_tools) by extensions ['ignore', 'ignore_ament_install']
[0.875s] colcon.colcon_core.package_identification Level 1 _identify(src/magician_ros2/dobot_visualization_tools) by extension 'ignore'
[0.875s] colcon.colcon_core.package_identification Level 1 _identify(src/magician_ros2/dobot_visualization_tools) by extension 'ignore_ament_install'
[0.875s] colcon.colcon_core.package_identification Level 1 _identify(src/magician_ros2/dobot_visualization_tools) by extensions ['colcon_pkg']
[0.875s] colcon.colcon_core.package_identification Level 1 _identify(src/magician_ros2/dobot_visualization_tools) by extension 'colcon_pkg'
[0.875s] colcon.colcon_core.package_identification Level 1 _identify(src/magician_ros2/dobot_visualization_tools) by extensions ['colcon_meta']
[0.875s] colcon.colcon_core.package_identification Level 1 _identify(src/magician_ros2/dobot_visualization_tools) by extension 'colcon_meta'
[0.875s] colcon.colcon_core.package_identification Level 1 _identify(src/magician_ros2/dobot_visualization_tools) by extensions ['ros']
[0.875s] colcon.colcon_core.package_identification Level 1 _identify(src/magician_ros2/dobot_visualization_tools) by extension 'ros'
[0.877s] colcon.colcon_core.package_identification DEBUG Package 'src/magician_ros2/dobot_visualization_tools' with type 'ros.ament_python' and name 'dobot_visualization_tools'
[0.877s] colcon.colcon_core.package_identification Level 1 _identify(src/magician_ros2/dobot_web_interface) by extensions ['ignore', 'ignore_ament_install']
[0.877s] colcon.colcon_core.package_identification Level 1 _identify(src/magician_ros2/dobot_web_interface) by extension 'ignore'
[0.877s] colcon.colcon_core.package_identification Level 1 _identify(src/magician_ros2/dobot_web_interface) by extension 'ignore_ament_install'
[0.878s] colcon.colcon_core.package_identification Level 1 _identify(src/magician_ros2/dobot_web_interface) by extensions ['colcon_pkg']
[0.878s] colcon.colcon_core.package_identification Level 1 _identify(src/magician_ros2/dobot_web_interface) by extension 'colcon_pkg'
[0.878s] colcon.colcon_core.package_identification Level 1 _identify(src/magician_ros2/dobot_web_interface) by extensions ['colcon_meta']
[0.878s] colcon.colcon_core.package_identification Level 1 _identify(src/magician_ros2/dobot_web_interface) by extension 'colcon_meta'
[0.878s] colcon.colcon_core.package_identification Level 1 _identify(src/magician_ros2/dobot_web_interface) by extensions ['ros']
[0.878s] colcon.colcon_core.package_identification Level 1 _identify(src/magician_ros2/dobot_web_interface) by extension 'ros'
[0.880s] colcon.colcon_core.package_identification DEBUG Package 'src/magician_ros2/dobot_web_interface' with type 'ros.ament_python' and name 'dobot_web_interface'
[0.880s] colcon.colcon_core.package_identification Level 1 _identify(systemd) by extensions ['ignore', 'ignore_ament_install']
[0.880s] colcon.colcon_core.package_identification Level 1 _identify(systemd) by extension 'ignore'
[0.880s] colcon.colcon_core.package_identification Level 1 _identify(systemd) by extension 'ignore_ament_install'
[0.880s] colcon.colcon_core.package_identification Level 1 _identify(systemd) by extensions ['colcon_pkg']
[0.880s] colcon.colcon_core.package_identification Level 1 _identify(systemd) by extension 'colcon_pkg'
[0.881s] colcon.colcon_core.package_identification Level 1 _identify(systemd) by extensions ['colcon_meta']
[0.881s] colcon.colcon_core.package_identification Level 1 _identify(systemd) by extension 'colcon_meta'
[0.881s] colcon.colcon_core.package_identification Level 1 _identify(systemd) by extensions ['ros']
[0.881s] colcon.colcon_core.package_identification Level 1 _identify(systemd) by extension 'ros'
[0.881s] colcon.colcon_core.package_identification Level 1 _identify(systemd) by extensions ['cmake', 'python']
[0.881s] colcon.colcon_core.package_identification Level 1 _identify(systemd) by extension 'cmake'
[0.881s] colcon.colcon_core.package_identification Level 1 _identify(systemd) by extension 'python'
[0.881s] colcon.colcon_core.package_identification Level 1 _identify(systemd) by extensions ['python_setup_py']
[0.881s] colcon.colcon_core.package_identification Level 1 _identify(systemd) by extension 'python_setup_py'
[0.881s] colcon.colcon_core.package_discovery Level 1 discover_packages(recursive) using defaults
[0.882s] colcon.colcon_core.package_discovery Level 1 discover_packages(ignore) discover
[0.882s] colcon.colcon_core.package_discovery Level 1 discover_packages(ignore) using defaults
[0.882s] colcon.colcon_core.package_discovery Level 1 discover_packages(path) discover
[0.882s] colcon.colcon_core.package_discovery Level 1 discover_packages(path) using defaults
[0.921s] colcon.colcon_core.package_selection INFO Skipping not selected package 'dobot_bringup' in 'src/magician_ros2/dobot_bringup'
[0.921s] colcon.colcon_core.package_selection INFO Skipping not selected package 'dobot_control_panel' in 'src/magician_ros2/dobot_control_panel'
[0.922s] colcon.colcon_core.package_selection INFO Skipping not selected package 'dobot_description' in 'src/magician_ros2/dobot_description'
[0.922s] colcon.colcon_core.package_selection INFO Skipping not selected package 'dobot_driver' in 'src/magician_ros2/dobot_driver'
[0.922s] colcon.colcon_core.package_selection INFO Skipping not selected package 'dobot_msgs' in 'src/magician_ros2/dobot_msgs'
[0.922s] colcon.colcon_core.package_selection INFO Skipping not selected package 'dobot_visualization_tools' in 'src/magician_ros2/dobot_visualization_tools'
[0.922s] colcon.colcon_core.package_selection INFO Skipping not selected package 'dobot_demos' in 'src/magician_ros2/dobot_demos'
[0.922s] colcon.colcon_core.package_selection INFO Skipping not selected package 'dobot_diagnostics' in 'src/magician_ros2/dobot_diagnostics'
[0.922s] colcon.colcon_core.package_selection INFO Skipping not selected package 'dobot_end_effector' in 'src/magician_ros2/dobot_end_effector'
[0.922s] colcon.colcon_core.package_selection INFO Skipping not selected package 'dobot_homing' in 'src/magician_ros2/dobot_homing'
[0.922s] colcon.colcon_core.package_selection INFO Skipping not selected package 'dobot_kinematics' in 'src/magician_ros2/dobot_kinematics'
[0.922s] colcon.colcon_core.package_selection INFO Skipping not selected package 'dobot_motion' in 'src/magician_ros2/dobot_motion'
[0.922s] colcon.colcon_core.package_selection INFO Skipping not selected package 'dobot_state_updater' in 'src/magician_ros2/dobot_state_updater'
[0.923s] colcon.colcon_core.package_discovery Level 1 discover_packages(prefix_path) check parameters
[0.923s] colcon.colcon_core.package_discovery Level 1 discover_packages(prefix_path) discover
[0.928s] colcon.colcon_installed_package_information.package_discovery DEBUG Found 3 installed packages in /home/jetson/micro_ros_ws/install
[0.929s] colcon.colcon_installed_package_information.package_discovery DEBUG Found 7 installed packages in /home/jetson/AGV-2026/install
[0.932s] colcon.colcon_installed_package_information.package_discovery DEBUG Found 282 installed packages in /opt/ros/humble
[0.934s] colcon.colcon_core.package_discovery Level 1 discover_packages(prefix_path) using defaults
[1.018s] colcon.colcon_core.verb Level 5 set package 'dobot_web_interface' build argument 'cmake_args' from command line to 'None'
[1.018s] colcon.colcon_core.verb Level 5 set package 'dobot_web_interface' build argument 'cmake_target' from command line to 'None'
[1.018s] colcon.colcon_core.verb Level 5 set package 'dobot_web_interface' build argument 'cmake_target_skip_unavailable' from command line to 'False'
[1.018s] colcon.colcon_core.verb Level 5 set package 'dobot_web_interface' build argument 'cmake_clean_cache' from command line to 'False'
[1.018s] colcon.colcon_core.verb Level 5 set package 'dobot_web_interface' build argument 'cmake_clean_first' from command line to 'False'
[1.018s] colcon.colcon_core.verb Level 5 set package 'dobot_web_interface' build argument 'cmake_force_configure' from command line to 'False'
[1.018s] colcon.colcon_core.verb Level 5 set package 'dobot_web_interface' build argument 'ament_cmake_args' from command line to 'None'
[1.018s] colcon.colcon_core.verb Level 5 set package 'dobot_web_interface' build argument 'catkin_cmake_args' from command line to 'None'
[1.019s] colcon.colcon_core.verb Level 5 set package 'dobot_web_interface' build argument 'catkin_skip_building_tests' from command line to 'False'
[1.019s] colcon.colcon_core.verb DEBUG Building package 'dobot_web_interface' with the following arguments: {'ament_cmake_args': None, 'build_base': '/home/jetson/dobot-magician/build/dobot_web_interface', 'catkin_cmake_args': None, 'catkin_skip_building_tests': False, 'cmake_args': None, 'cmake_clean_cache': False, 'cmake_clean_first': False, 'cmake_force_configure': False, 'cmake_target': None, 'cmake_target_skip_unavailable': False, 'install_base': '/home/jetson/dobot-magician/install/dobot_web_interface', 'merge_install': False, 'path': '/home/jetson/dobot-magician/src/magician_ros2/dobot_web_interface', 'symlink_install': False, 'test_result_base': None}
[1.019s] colcon.colcon_core.executor INFO Executing jobs using 'parallel' executor
[1.021s] colcon.colcon_parallel_executor.executor.parallel DEBUG run_until_complete
[1.022s] colcon.colcon_ros.task.ament_python.build INFO Building ROS package in '/home/jetson/dobot-magician/src/magician_ros2/dobot_web_interface' with build type 'ament_python'
[1.022s] colcon.colcon_core.shell Level 1 create_environment_hook('dobot_web_interface', 'ament_prefix_path')
[1.027s] colcon.colcon_core.plugin_system INFO Skipping extension 'colcon_core.shell.bat': Not used on non-Windows systems
[1.028s] colcon.colcon_core.shell INFO Creating environment hook '/home/jetson/dobot-magician/install/dobot_web_interface/share/dobot_web_interface/hook/ament_prefix_path.ps1'
[1.030s] colcon.colcon_core.shell INFO Creating environment descriptor '/home/jetson/dobot-magician/install/dobot_web_interface/share/dobot_web_interface/hook/ament_prefix_path.dsv'
[1.031s] colcon.colcon_core.shell INFO Creating environment hook '/home/jetson/dobot-magician/install/dobot_web_interface/share/dobot_web_interface/hook/ament_prefix_path.sh'
[1.033s] colcon.colcon_core.shell INFO Skip shell extension 'powershell' for command environment: Not usable outside of PowerShell
[1.033s] colcon.colcon_core.shell DEBUG Skip shell extension 'dsv' for command environment
[32.028s] colcon.colcon_core.task.python.build INFO Building Python package in '/home/jetson/dobot-magician/src/magician_ros2/dobot_web_interface'
[32.029s] colcon.colcon_core.shell INFO Skip shell extension 'powershell' for command environment: Not usable outside of PowerShell
[32.029s] colcon.colcon_core.shell DEBUG Skip shell extension 'dsv' for command environment
[33.080s] colcon.colcon_core.event_handler.log_command DEBUG Invoking command in '/home/jetson/dobot-magician/src/magician_ros2/dobot_web_interface': AMENT_PREFIX_PATH=/home/jetson/dobot-magician/install/dobot_msgs:${AMENT_PREFIX_PATH} CMAKE_PREFIX_PATH=/home/jetson/dobot-magician/install/dobot_msgs:${CMAKE_PREFIX_PATH} LD_LIBRARY_PATH=/home/jetson/dobot-magician/install/dobot_msgs/lib:${LD_LIBRARY_PATH} PYTHONPATH=/home/jetson/dobot-magician/build/dobot_web_interface/prefix_override:/usr/lib/python3/dist-packages/colcon_core/task/python/colcon_distutils_commands:/home/jetson/dobot-magician/install/dobot_web_interface/lib/python3.10/site-packages:/home/jetson/dobot-magician/install/dobot_msgs/local/lib/python3.10/dist-packages:${PYTHONPATH} /usr/bin/python3 -W ignore:setup.py install is deprecated -W ignore:easy_install command is deprecated setup.py egg_info --egg-base ../../../build/dobot_web_interface build --build-base /home/jetson/dobot-magician/build/dobot_web_interface/build install --record /home/jetson/dobot-magician/build/dobot_web_interface/install.log --single-version-externally-managed install_data
[61.082s] colcon.colcon_core.event_handler.log_command DEBUG Invoked command in '/home/jetson/dobot-magician/src/magician_ros2/dobot_web_interface' returned '0': AMENT_PREFIX_PATH=/home/jetson/dobot-magician/install/dobot_msgs:${AMENT_PREFIX_PATH} CMAKE_PREFIX_PATH=/home/jetson/dobot-magician/install/dobot_msgs:${CMAKE_PREFIX_PATH} LD_LIBRARY_PATH=/home/jetson/dobot-magician/install/dobot_msgs/lib:${LD_LIBRARY_PATH} PYTHONPATH=/home/jetson/dobot-magician/build/dobot_web_interface/prefix_override:/usr/lib/python3/dist-packages/colcon_core/task/python/colcon_distutils_commands:/home/jetson/dobot-magician/install/dobot_web_interface/lib/python3.10/site-packages:/home/jetson/dobot-magician/install/dobot_msgs/local/lib/python3.10/dist-packages:${PYTHONPATH} /usr/bin/python3 -W ignore:setup.py install is deprecated -W ignore:easy_install command is deprecated setup.py egg_info --egg-base ../../../build/dobot_web_interface build --build-base /home/jetson/dobot-magician/build/dobot_web_interface/build install --record /home/jetson/dobot-magician/build/dobot_web_interface/install.log --single-version-externally-managed install_data
[61.087s] colcon.colcon_core.environment Level 1 checking '/home/jetson/dobot-magician/install/dobot_web_interface' for CMake module files
[61.088s] colcon.colcon_core.environment Level 1 checking '/home/jetson/dobot-magician/install/dobot_web_interface' for CMake config files
[61.089s] colcon.colcon_core.environment Level 1 checking '/home/jetson/dobot-magician/install/dobot_web_interface/lib'
[61.090s] colcon.colcon_core.environment Level 1 checking '/home/jetson/dobot-magician/install/dobot_web_interface/bin'
[61.090s] colcon.colcon_core.environment Level 1 checking '/home/jetson/dobot-magician/install/dobot_web_interface/lib/pkgconfig/dobot_web_interface.pc'
[61.090s] colcon.colcon_core.environment Level 1 checking '/home/jetson/dobot-magician/install/dobot_web_interface/lib/python3.10/site-packages'
[61.091s] colcon.colcon_core.shell Level 1 create_environment_hook('dobot_web_interface', 'pythonpath')
[61.091s] colcon.colcon_core.shell INFO Creating environment hook '/home/jetson/dobot-magician/install/dobot_web_interface/share/dobot_web_interface/hook/pythonpath.ps1'
[61.098s] colcon.colcon_core.shell INFO Creating environment descriptor '/home/jetson/dobot-magician/install/dobot_web_interface/share/dobot_web_interface/hook/pythonpath.dsv'
[61.100s] colcon.colcon_core.shell INFO Creating environment hook '/home/jetson/dobot-magician/install/dobot_web_interface/share/dobot_web_interface/hook/pythonpath.sh'
[61.102s] colcon.colcon_core.environment Level 1 checking '/home/jetson/dobot-magician/install/dobot_web_interface/bin'
[61.103s] colcon.colcon_core.environment Level 1 create_environment_scripts_only(dobot_web_interface)
[61.104s] colcon.colcon_core.shell INFO Creating package script '/home/jetson/dobot-magician/install/dobot_web_interface/share/dobot_web_interface/package.ps1'
[61.107s] colcon.colcon_core.shell INFO Creating package descriptor '/home/jetson/dobot-magician/install/dobot_web_interface/share/dobot_web_interface/package.dsv'
[61.108s] colcon.colcon_core.shell INFO Creating package script '/home/jetson/dobot-magician/install/dobot_web_interface/share/dobot_web_interface/package.sh'
[61.113s] colcon.colcon_core.shell INFO Creating package script '/home/jetson/dobot-magician/install/dobot_web_interface/share/dobot_web_interface/package.bash'
[61.119s] colcon.colcon_core.shell INFO Creating package script '/home/jetson/dobot-magician/install/dobot_web_interface/share/dobot_web_interface/package.zsh'
[61.122s] colcon.colcon_core.environment Level 1 create_file_with_runtime_dependencies(/home/jetson/dobot-magician/install/dobot_web_interface/share/colcon-core/packages/dobot_web_interface)
[61.124s] colcon.colcon_parallel_executor.executor.parallel DEBUG closing loop
[61.124s] colcon.colcon_parallel_executor.executor.parallel DEBUG loop closed
[61.124s] colcon.colcon_parallel_executor.executor.parallel DEBUG run_until_complete finished with '0'
[61.124s] colcon.colcon_core.event_reactor DEBUG joining thread
[61.125s] colcon.colcon_core.event_reactor DEBUG joined thread
[61.125s] colcon.colcon_core.shell INFO Creating prefix script '/home/jetson/dobot-magician/install/local_setup.ps1'
[61.128s] colcon.colcon_core.shell INFO Creating prefix util module '/home/jetson/dobot-magician/install/_local_setup_util_ps1.py'
[61.131s] colcon.colcon_core.shell INFO Creating prefix chain script '/home/jetson/dobot-magician/install/setup.ps1'
[61.136s] colcon.colcon_core.shell INFO Creating prefix script '/home/jetson/dobot-magician/install/local_setup.sh'
[61.137s] colcon.colcon_core.shell INFO Creating prefix util module '/home/jetson/dobot-magician/install/_local_setup_util_sh.py'
[61.138s] colcon.colcon_core.shell INFO Creating prefix chain script '/home/jetson/dobot-magician/install/setup.sh'
[61.141s] colcon.colcon_core.shell INFO Creating prefix script '/home/jetson/dobot-magician/install/local_setup.bash'
[61.143s] colcon.colcon_core.shell INFO Creating prefix chain script '/home/jetson/dobot-magician/install/setup.bash'
[61.146s] colcon.colcon_core.shell INFO Creating prefix script '/home/jetson/dobot-magician/install/local_setup.zsh'
[61.152s] colcon.colcon_core.shell INFO Creating prefix chain script '/home/jetson/dobot-magician/install/setup.zsh'
