-- The C compiler identification is GNU 11.4.0
-- The CXX compiler identification is GNU 11.4.0
-- Detecting C compiler ABI info
-- Detecting C compiler ABI info - done
-- Check for working C compiler: /usr/bin/cc - skipped
-- Detecting C compile features
-- Detecting C compile features - done
-- Detecting CXX compiler ABI info
-- Detecting CXX compiler ABI info - done
-- Check for working CXX compiler: /usr/bin/c++ - skipped
-- Detecting CXX compile features
-- Detecting CXX compile features - done
-- Found ament_cmake: 1.3.14 (/opt/ros/humble/share/ament_cmake/cmake)
-- Found Python3: /usr/bin/python3 (found version "3.10.12") found components: Interpreter 
-- Found ament_lint_auto: 0.12.15 (/opt/ros/humble/share/ament_lint_auto/cmake)
-- Added test 'copyright' to check source files copyright and LICENSE
-- Added test 'flake8' to check Python code syntax and style conventions
-- Added test 'lint_cmake' to check CMake code style
-- Added test 'pep257' to check Python code against some of the docstring style conventions in PEP 257
-- Added test 'xmllint' to check XML markup files
-- Configuring done
-- Generating done
-- Build files have been written to: /home/jetson/dobot-magician/build/dobot_driver
Built target ament_cmake_python_copy_dobot_driver
running egg_info
writing dobot_driver.egg-info/PKG-INFO
writing dependency_links to dobot_driver.egg-info/dependency_links.txt
writing top-level names to dobot_driver.egg-info/top_level.txt
reading manifest file 'dobot_driver.egg-info/SOURCES.txt'
writing manifest file 'dobot_driver.egg-info/SOURCES.txt'
Built target ament_cmake_python_build_dobot_driver_egg
-- Install configuration: ""
-- Up-to-date: /home/jetson/dobot-magician/install/dobot_driver/share/dobot_driver/environment/pythonpath.sh
-- Installing: /home/jetson/dobot-magician/install/dobot_driver/share/dobot_driver/environment/pythonpath.dsv
-- Up-to-date: /home/jetson/dobot-magician/install/dobot_driver/local/lib/python3.10/dist-packages/dobot_driver-1.0.0-py3.10.egg-info
-- Installing: /home/jetson/dobot-magician/install/dobot_driver/local/lib/python3.10/dist-packages/dobot_driver-1.0.0-py3.10.egg-info/SOURCES.txt
-- Installing: /home/jetson/dobot-magician/install/dobot_driver/local/lib/python3.10/dist-packages/dobot_driver-1.0.0-py3.10.egg-info/PKG-INFO
-- Installing: /home/jetson/dobot-magician/install/dobot_driver/local/lib/python3.10/dist-packages/dobot_driver-1.0.0-py3.10.egg-info/dependency_links.txt
-- Installing: /home/jetson/dobot-magician/install/dobot_driver/local/lib/python3.10/dist-packages/dobot_driver-1.0.0-py3.10.egg-info/top_level.txt
-- Up-to-date: /home/jetson/dobot-magician/install/dobot_driver/local/lib/python3.10/dist-packages/dobot_driver
-- Up-to-date: /home/jetson/dobot-magician/install/dobot_driver/local/lib/python3.10/dist-packages/dobot_driver/interface.py
-- Up-to-date: /home/jetson/dobot-magician/install/dobot_driver/local/lib/python3.10/dist-packages/dobot_driver/dobot_handle.py
-- Up-to-date: /home/jetson/dobot-magician/install/dobot_driver/local/lib/python3.10/dist-packages/dobot_driver/parsers.py
-- Up-to-date: /home/jetson/dobot-magician/install/dobot_driver/local/lib/python3.10/dist-packages/dobot_driver/message.py
-- Up-to-date: /home/jetson/dobot-magician/install/dobot_driver/local/lib/python3.10/dist-packages/dobot_driver/__init__.py
Listing '/home/jetson/dobot-magician/install/dobot_driver/local/lib/python3.10/dist-packages/dobot_driver'...
-- Up-to-date: /home/jetson/dobot-magician/install/dobot_driver/share/ament_index/resource_index/package_run_dependencies/dobot_driver
-- Up-to-date: /home/jetson/dobot-magician/install/dobot_driver/share/ament_index/resource_index/parent_prefix_path/dobot_driver
-- Up-to-date: /home/jetson/dobot-magician/install/dobot_driver/share/dobot_driver/environment/ament_prefix_path.sh
-- Installing: /home/jetson/dobot-magician/install/dobot_driver/share/dobot_driver/environment/ament_prefix_path.dsv
-- Up-to-date: /home/jetson/dobot-magician/install/dobot_driver/share/dobot_driver/environment/path.sh
-- Installing: /home/jetson/dobot-magician/install/dobot_driver/share/dobot_driver/environment/path.dsv
-- Up-to-date: /home/jetson/dobot-magician/install/dobot_driver/share/dobot_driver/local_setup.bash
-- Up-to-date: /home/jetson/dobot-magician/install/dobot_driver/share/dobot_driver/local_setup.sh
-- Up-to-date: /home/jetson/dobot-magician/install/dobot_driver/share/dobot_driver/local_setup.zsh
-- Installing: /home/jetson/dobot-magician/install/dobot_driver/share/dobot_driver/local_setup.dsv
-- Installing: /home/jetson/dobot-magician/install/dobot_driver/share/dobot_driver/package.dsv
-- Up-to-date: /home/jetson/dobot-magician/install/dobot_driver/share/ament_index/resource_index/packages/dobot_driver
-- Up-to-date: /home/jetson/dobot-magician/install/dobot_driver/share/dobot_driver/cmake/dobot_driverConfig.cmake
-- Up-to-date: /home/jetson/dobot-magician/install/dobot_driver/share/dobot_driver/cmake/dobot_driverConfig-version.cmake
-- Up-to-date: /home/jetson/dobot-magician/install/dobot_driver/share/dobot_driver/package.xml
