[30.034s] Invoking command in '/home/jetson/dobot-magician/build/dobot_driver': CMAKE_PREFIX_PATH=${CMAKE_PREFIX_PATH}:/home/jetson/AGV-2026/install/yolo_object_detect:/home/jetson/AGV-2026/install/ddsm115_controller:/home/jetson/AGV-2026/install/wit_ros2_imu:/home/jetson/AGV-2026/install/motor_control_tools:/opt/ros/humble /usr/bin/cmake /home/jetson/dobot-magician/src/magician_ros2/dobot_driver -DCMAKE_INSTALL_PREFIX=/home/jetson/dobot-magician/install/dobot_driver
[33.235s] -- The C compiler identification is GNU 11.4.0
[36.179s] -- The CXX compiler identification is GNU 11.4.0
[36.214s] -- Detecting C compiler ABI info
[36.437s] -- Detecting C compiler ABI info - done
[36.454s] -- Check for working C compiler: /usr/bin/cc - skipped
[36.457s] -- Detecting C compile features
[36.459s] -- Detecting C compile features - done
[36.465s] -- Detecting CXX compiler ABI info
[36.702s] -- Detecting CXX compiler ABI info - done
[36.715s] -- Check for working CXX compiler: /usr/bin/c++ - skipped
[36.715s] -- Detecting CXX compile features
[36.716s] -- Detecting CXX compile features - done
[36.731s] -- Found ament_cmake: 1.3.14 (/opt/ros/humble/share/ament_cmake/cmake)
[37.150s] -- Found Python3: /usr/bin/python3 (found version "3.10.12") found components: Interpreter 
[37.614s] -- Found ament_lint_auto: 0.12.15 (/opt/ros/humble/share/ament_lint_auto/cmake)
[37.852s] -- Added test 'copyright' to check source files copyright and LICENSE
[37.855s] -- Added test 'flake8' to check Python code syntax and style conventions
[37.856s] -- Added test 'lint_cmake' to check CMake code style
[37.857s] -- Added test 'pep257' to check Python code against some of the docstring style conventions in PEP 257
[37.859s] -- Added test 'xmllint' to check XML markup files
[37.862s] -- Configuring done
[37.872s] -- Generating done
[37.877s] -- Build files have been written to: /home/jetson/dobot-magician/build/dobot_driver
[37.887s] Invoked command in '/home/jetson/dobot-magician/build/dobot_driver' returned '0': CMAKE_PREFIX_PATH=${CMAKE_PREFIX_PATH}:/home/jetson/AGV-2026/install/yolo_object_detect:/home/jetson/AGV-2026/install/ddsm115_controller:/home/jetson/AGV-2026/install/wit_ros2_imu:/home/jetson/AGV-2026/install/motor_control_tools:/opt/ros/humble /usr/bin/cmake /home/jetson/dobot-magician/src/magician_ros2/dobot_driver -DCMAKE_INSTALL_PREFIX=/home/jetson/dobot-magician/install/dobot_driver
[37.891s] Invoking command in '/home/jetson/dobot-magician/build/dobot_driver': CMAKE_PREFIX_PATH=${CMAKE_PREFIX_PATH}:/home/jetson/AGV-2026/install/yolo_object_detect:/home/jetson/AGV-2026/install/ddsm115_controller:/home/jetson/AGV-2026/install/wit_ros2_imu:/home/jetson/AGV-2026/install/motor_control_tools:/opt/ros/humble /usr/bin/cmake --build /home/jetson/dobot-magician/build/dobot_driver -- -j6 -l6
[38.062s] Built target ament_cmake_python_copy_dobot_driver
[38.901s] running egg_info
[38.903s] writing dobot_driver.egg-info/PKG-INFO
[38.903s] writing dependency_links to dobot_driver.egg-info/dependency_links.txt
[38.904s] writing top-level names to dobot_driver.egg-info/top_level.txt
[38.910s] reading manifest file 'dobot_driver.egg-info/SOURCES.txt'
[38.912s] writing manifest file 'dobot_driver.egg-info/SOURCES.txt'
[38.995s] Built target ament_cmake_python_build_dobot_driver_egg
[39.037s] Invoked command in '/home/jetson/dobot-magician/build/dobot_driver' returned '0': CMAKE_PREFIX_PATH=${CMAKE_PREFIX_PATH}:/home/jetson/AGV-2026/install/yolo_object_detect:/home/jetson/AGV-2026/install/ddsm115_controller:/home/jetson/AGV-2026/install/wit_ros2_imu:/home/jetson/AGV-2026/install/motor_control_tools:/opt/ros/humble /usr/bin/cmake --build /home/jetson/dobot-magician/build/dobot_driver -- -j6 -l6
[39.059s] Invoking command in '/home/jetson/dobot-magician/build/dobot_driver': CMAKE_PREFIX_PATH=${CMAKE_PREFIX_PATH}:/home/jetson/AGV-2026/install/yolo_object_detect:/home/jetson/AGV-2026/install/ddsm115_controller:/home/jetson/AGV-2026/install/wit_ros2_imu:/home/jetson/AGV-2026/install/motor_control_tools:/opt/ros/humble /usr/bin/cmake --install /home/jetson/dobot-magician/build/dobot_driver
[39.088s] -- Install configuration: ""
[39.089s] -- Up-to-date: /home/jetson/dobot-magician/install/dobot_driver/share/dobot_driver/environment/pythonpath.sh
[39.089s] -- Installing: /home/jetson/dobot-magician/install/dobot_driver/share/dobot_driver/environment/pythonpath.dsv
[39.089s] -- Up-to-date: /home/jetson/dobot-magician/install/dobot_driver/local/lib/python3.10/dist-packages/dobot_driver-1.0.0-py3.10.egg-info
[39.089s] -- Installing: /home/jetson/dobot-magician/install/dobot_driver/local/lib/python3.10/dist-packages/dobot_driver-1.0.0-py3.10.egg-info/SOURCES.txt
[39.089s] -- Installing: /home/jetson/dobot-magician/install/dobot_driver/local/lib/python3.10/dist-packages/dobot_driver-1.0.0-py3.10.egg-info/PKG-INFO
[39.089s] -- Installing: /home/jetson/dobot-magician/install/dobot_driver/local/lib/python3.10/dist-packages/dobot_driver-1.0.0-py3.10.egg-info/dependency_links.txt
[39.090s] -- Installing: /home/jetson/dobot-magician/install/dobot_driver/local/lib/python3.10/dist-packages/dobot_driver-1.0.0-py3.10.egg-info/top_level.txt
[39.091s] -- Up-to-date: /home/jetson/dobot-magician/install/dobot_driver/local/lib/python3.10/dist-packages/dobot_driver
[39.091s] -- Up-to-date: /home/jetson/dobot-magician/install/dobot_driver/local/lib/python3.10/dist-packages/dobot_driver/interface.py
[39.091s] -- Up-to-date: /home/jetson/dobot-magician/install/dobot_driver/local/lib/python3.10/dist-packages/dobot_driver/dobot_handle.py
[39.092s] -- Up-to-date: /home/jetson/dobot-magician/install/dobot_driver/local/lib/python3.10/dist-packages/dobot_driver/parsers.py
[39.092s] -- Up-to-date: /home/jetson/dobot-magician/install/dobot_driver/local/lib/python3.10/dist-packages/dobot_driver/message.py
[39.092s] -- Up-to-date: /home/jetson/dobot-magician/install/dobot_driver/local/lib/python3.10/dist-packages/dobot_driver/__init__.py
[39.188s] Listing '/home/jetson/dobot-magician/install/dobot_driver/local/lib/python3.10/dist-packages/dobot_driver'...
[39.194s] -- Up-to-date: /home/jetson/dobot-magician/install/dobot_driver/share/ament_index/resource_index/package_run_dependencies/dobot_driver
[39.194s] -- Up-to-date: /home/jetson/dobot-magician/install/dobot_driver/share/ament_index/resource_index/parent_prefix_path/dobot_driver
[39.194s] -- Up-to-date: /home/jetson/dobot-magician/install/dobot_driver/share/dobot_driver/environment/ament_prefix_path.sh
[39.194s] -- Installing: /home/jetson/dobot-magician/install/dobot_driver/share/dobot_driver/environment/ament_prefix_path.dsv
[39.194s] -- Up-to-date: /home/jetson/dobot-magician/install/dobot_driver/share/dobot_driver/environment/path.sh
[39.194s] -- Installing: /home/jetson/dobot-magician/install/dobot_driver/share/dobot_driver/environment/path.dsv
[39.195s] -- Up-to-date: /home/jetson/dobot-magician/install/dobot_driver/share/dobot_driver/local_setup.bash
[39.195s] -- Up-to-date: /home/jetson/dobot-magician/install/dobot_driver/share/dobot_driver/local_setup.sh
[39.195s] -- Up-to-date: /home/jetson/dobot-magician/install/dobot_driver/share/dobot_driver/local_setup.zsh
[39.195s] -- Installing: /home/jetson/dobot-magician/install/dobot_driver/share/dobot_driver/local_setup.dsv
[39.195s] -- Installing: /home/jetson/dobot-magician/install/dobot_driver/share/dobot_driver/package.dsv
[39.195s] -- Up-to-date: /home/jetson/dobot-magician/install/dobot_driver/share/ament_index/resource_index/packages/dobot_driver
[39.195s] -- Up-to-date: /home/jetson/dobot-magician/install/dobot_driver/share/dobot_driver/cmake/dobot_driverConfig.cmake
[39.195s] -- Up-to-date: /home/jetson/dobot-magician/install/dobot_driver/share/dobot_driver/cmake/dobot_driverConfig-version.cmake
[39.196s] -- Up-to-date: /home/jetson/dobot-magician/install/dobot_driver/share/dobot_driver/package.xml
[60.056s] Invoked command in '/home/jetson/dobot-magician/build/dobot_driver' returned '0': CMAKE_PREFIX_PATH=${CMAKE_PREFIX_PATH}:/home/jetson/AGV-2026/install/yolo_object_detect:/home/jetson/AGV-2026/install/ddsm115_controller:/home/jetson/AGV-2026/install/wit_ros2_imu:/home/jetson/AGV-2026/install/motor_control_tools:/opt/ros/humble /usr/bin/cmake --install /home/jetson/dobot-magician/build/dobot_driver
