[0.133s] Invoking command in '/home/jetson/dobot-magician/build/dobot_msgs': CMAKE_PREFIX_PATH=${CMAKE_PREFIX_PATH}:/home/jetson/AGV-2026/install/yolo_object_detect:/home/jetson/AGV-2026/install/ddsm115_controller:/home/jetson/AGV-2026/install/wit_ros2_imu:/home/jetson/AGV-2026/install/motor_control_tools:/opt/ros/humble /usr/bin/cmake /home/jetson/dobot-magician/src/magician_ros2/dobot_msgs -DCMAKE_INSTALL_PREFIX=/home/jetson/dobot-magician/install/dobot_msgs
[3.236s] -- The C compiler identification is GNU 11.4.0
[3.236s] -- The CXX compiler identification is GNU 11.4.0
[3.299s] -- Detecting C compiler ABI info
[3.707s] -- Detecting C compiler ABI info - done
[3.727s] -- Check for working C compiler: /usr/bin/cc - skipped
[3.728s] -- Detecting C compile features
[3.738s] -- Detecting C compile features - done
[3.754s] -- Detecting CXX compiler ABI info
[4.250s] -- Detecting CXX compiler ABI info - done
[4.275s] -- Check for working CXX compiler: /usr/bin/c++ - skipped
[4.276s] -- Detecting CXX compile features
[4.276s] -- Detecting CXX compile features - done
[4.287s] -- Found ament_cmake: 1.3.14 (/opt/ros/humble/share/ament_cmake/cmake)
[4.992s] -- Found Python3: /usr/bin/python3 (found version "3.10.12") found components: Interpreter 
[5.820s] -- Found rosidl_default_generators: 1.2.1 (/opt/ros/humble/share/rosidl_default_generators/cmake)
[5.892s] -- Using all available rosidl_typesupport_c: rosidl_typesupport_fastrtps_c;rosidl_typesupport_introspection_c
[5.951s] -- Found rosidl_adapter: 3.1.8 (/opt/ros/humble/share/rosidl_adapter/cmake)
[6.384s] -- Using all available rosidl_typesupport_cpp: rosidl_typesupport_fastrtps_cpp;rosidl_typesupport_introspection_cpp
[6.764s] -- Found std_msgs: 4.9.1 (/opt/ros/humble/share/std_msgs/cmake)
[7.103s] -- Found geometry_msgs: 4.9.1 (/opt/ros/humble/share/geometry_msgs/cmake)
[8.861s] -- Found ament_cmake_ros: 0.10.0 (/opt/ros/humble/share/ament_cmake_ros/cmake)
[9.539s] -- Using all available rosidl_typesupport_c: rosidl_typesupport_fastrtps_c;rosidl_typesupport_introspection_c
[16.721s] -- Using all available rosidl_typesupport_cpp: rosidl_typesupport_fastrtps_cpp;rosidl_typesupport_introspection_cpp
[17.737s] -- Found PythonInterp: /usr/bin/python3 (found suitable version "3.10.12", minimum required is "3.6") 
[19.317s] -- Found python_cmake_module: 0.10.0 (/opt/ros/humble/share/python_cmake_module/cmake)
[25.224s] -- Found PythonLibs: /usr/lib/aarch64-linux-gnu/libpython3.10.so (found suitable version "3.10.12", minimum required is "3.5") 
[25.225s] -- Using PYTHON_EXECUTABLE: /usr/bin/python3
[25.225s] -- Using PYTHON_INCLUDE_DIRS: /usr/include/python3.10
[25.225s] -- Using PYTHON_LIBRARIES: /usr/lib/aarch64-linux-gnu/libpython3.10.so
[25.288s] -- Found PythonExtra: .so  
[25.689s] -- Found ament_lint_auto: 0.12.15 (/opt/ros/humble/share/ament_lint_auto/cmake)
[25.763s] -- Added test 'copyright' to check source files copyright and LICENSE
[25.768s] -- Added test 'lint_cmake' to check CMake code style
[25.771s] -- Added test 'xmllint' to check XML markup files
[25.778s] -- Configuring done
[25.914s] -- Generating done
[25.944s] -- Build files have been written to: /home/jetson/dobot-magician/build/dobot_msgs
[38.268s] Invoked command in '/home/jetson/dobot-magician/build/dobot_msgs' returned '0': CMAKE_PREFIX_PATH=${CMAKE_PREFIX_PATH}:/home/jetson/AGV-2026/install/yolo_object_detect:/home/jetson/AGV-2026/install/ddsm115_controller:/home/jetson/AGV-2026/install/wit_ros2_imu:/home/jetson/AGV-2026/install/motor_control_tools:/opt/ros/humble /usr/bin/cmake /home/jetson/dobot-magician/src/magician_ros2/dobot_msgs -DCMAKE_INSTALL_PREFIX=/home/jetson/dobot-magician/install/dobot_msgs
[38.269s] Invoking command in '/home/jetson/dobot-magician/build/dobot_msgs': CMAKE_PREFIX_PATH=${CMAKE_PREFIX_PATH}:/home/jetson/AGV-2026/install/yolo_object_detect:/home/jetson/AGV-2026/install/ddsm115_controller:/home/jetson/AGV-2026/install/wit_ros2_imu:/home/jetson/AGV-2026/install/motor_control_tools:/opt/ros/humble /usr/bin/cmake --build /home/jetson/dobot-magician/build/dobot_msgs -- -j6 -l6
[38.384s] [  1%] Generating Rust code for ROS interfaces
[42.383s] [  1%] Built target dobot_msgs__rs
[42.483s] [  1%] Built target ament_cmake_python_copy_dobot_msgs
[42.559s] [  2%] Generating C++ code for ROS interfaces
[46.403s] [  2%] Built target dobot_msgs__cpp
[47.121s] running egg_info
[47.122s] creating dobot_msgs.egg-info
[47.122s] writing dobot_msgs.egg-info/PKG-INFO
[47.123s] writing dependency_links to dobot_msgs.egg-info/dependency_links.txt
[47.123s] writing top-level names to dobot_msgs.egg-info/top_level.txt
[47.124s] writing manifest file 'dobot_msgs.egg-info/SOURCES.txt'
[47.128s] reading manifest file 'dobot_msgs.egg-info/SOURCES.txt'
[47.129s] writing manifest file 'dobot_msgs.egg-info/SOURCES.txt'
[47.201s] [  2%] Built target ament_cmake_python_build_dobot_msgs_egg
[47.221s] [  3%] Generating C++ type support dispatch for ROS interfaces
[48.839s] [  4%] Building CXX object CMakeFiles/dobot_msgs__rosidl_typesupport_cpp.dir/rosidl_typesupport_cpp/dobot_msgs/action/point_to_point__type_support.cpp.o
[49.962s] [  5%] Building CXX object CMakeFiles/dobot_msgs__rosidl_typesupport_cpp.dir/rosidl_typesupport_cpp/dobot_msgs/msg/dobot_alarm_codes__type_support.cpp.o
[50.691s] [  6%] Building CXX object CMakeFiles/dobot_msgs__rosidl_typesupport_cpp.dir/rosidl_typesupport_cpp/dobot_msgs/msg/gripper_status__type_support.cpp.o
[51.375s] [  7%] Building CXX object CMakeFiles/dobot_msgs__rosidl_typesupport_cpp.dir/rosidl_typesupport_cpp/dobot_msgs/srv/evaluate_ptp_trajectory__type_support.cpp.o
[52.104s] [  9%] Building CXX object CMakeFiles/dobot_msgs__rosidl_typesupport_cpp.dir/rosidl_typesupport_cpp/dobot_msgs/srv/execute_homing_procedure__type_support.cpp.o
[52.835s] [ 10%] Building CXX object CMakeFiles/dobot_msgs__rosidl_typesupport_cpp.dir/rosidl_typesupport_cpp/dobot_msgs/srv/gripper_control__type_support.cpp.o
[53.559s] [ 11%] Building CXX object CMakeFiles/dobot_msgs__rosidl_typesupport_cpp.dir/rosidl_typesupport_cpp/dobot_msgs/srv/suction_cup_control__type_support.cpp.o
[54.286s] [ 12%] Building CXX object CMakeFiles/dobot_msgs__rosidl_typesupport_cpp.dir/rosidl_typesupport_cpp/dobot_msgs/action/sliding_rail__type_support.cpp.o
[55.507s] [ 13%] Linking CXX shared library libdobot_msgs__rosidl_typesupport_cpp.so
[55.672s] [ 13%] Built target dobot_msgs__rosidl_typesupport_cpp
[55.703s] [ 14%] Generating C++ introspection for ROS interfaces
[58.003s] [ 15%] Building CXX object CMakeFiles/dobot_msgs__rosidl_typesupport_introspection_cpp.dir/rosidl_typesupport_introspection_cpp/dobot_msgs/action/detail/point_to_point__type_support.cpp.o
[59.327s] [ 17%] Building CXX object CMakeFiles/dobot_msgs__rosidl_typesupport_introspection_cpp.dir/rosidl_typesupport_introspection_cpp/dobot_msgs/msg/detail/gripper_status__type_support.cpp.o
[60.166s] [ 18%] Building CXX object CMakeFiles/dobot_msgs__rosidl_typesupport_introspection_cpp.dir/rosidl_typesupport_introspection_cpp/dobot_msgs/srv/detail/evaluate_ptp_trajectory__type_support.cpp.o
[61.126s] [ 19%] Building CXX object CMakeFiles/dobot_msgs__rosidl_typesupport_introspection_cpp.dir/rosidl_typesupport_introspection_cpp/dobot_msgs/srv/detail/execute_homing_procedure__type_support.cpp.o
[61.979s] [ 20%] Building CXX object CMakeFiles/dobot_msgs__rosidl_typesupport_introspection_cpp.dir/rosidl_typesupport_introspection_cpp/dobot_msgs/srv/detail/gripper_control__type_support.cpp.o
[63.015s] [ 21%] Building CXX object CMakeFiles/dobot_msgs__rosidl_typesupport_introspection_cpp.dir/rosidl_typesupport_introspection_cpp/dobot_msgs/srv/detail/suction_cup_control__type_support.cpp.o
[63.916s] [ 22%] Building CXX object CMakeFiles/dobot_msgs__rosidl_typesupport_introspection_cpp.dir/rosidl_typesupport_introspection_cpp/dobot_msgs/msg/detail/dobot_alarm_codes__type_support.cpp.o
[65.039s] [ 23%] Building CXX object CMakeFiles/dobot_msgs__rosidl_typesupport_introspection_cpp.dir/rosidl_typesupport_introspection_cpp/dobot_msgs/action/detail/sliding_rail__type_support.cpp.o
[66.480s] [ 25%] Linking CXX shared library libdobot_msgs__rosidl_typesupport_introspection_cpp.so
[66.707s] [ 25%] Built target dobot_msgs__rosidl_typesupport_introspection_cpp
[66.743s] [ 26%] Generating C++ type support for eProsima Fast-RTPS
[69.719s] [ 27%] Building CXX object CMakeFiles/dobot_msgs__rosidl_typesupport_fastrtps_cpp.dir/rosidl_typesupport_fastrtps_cpp/dobot_msgs/action/detail/dds_fastrtps/point_to_point__type_support.cpp.o
[71.207s] [ 28%] Building CXX object CMakeFiles/dobot_msgs__rosidl_typesupport_fastrtps_cpp.dir/rosidl_typesupport_fastrtps_cpp/dobot_msgs/srv/detail/dds_fastrtps/evaluate_ptp_trajectory__type_support.cpp.o
[72.259s] [ 29%] Building CXX object CMakeFiles/dobot_msgs__rosidl_typesupport_fastrtps_cpp.dir/rosidl_typesupport_fastrtps_cpp/dobot_msgs/srv/detail/dds_fastrtps/execute_homing_procedure__type_support.cpp.o
[73.341s] [ 30%] Building CXX object CMakeFiles/dobot_msgs__rosidl_typesupport_fastrtps_cpp.dir/rosidl_typesupport_fastrtps_cpp/dobot_msgs/srv/detail/dds_fastrtps/gripper_control__type_support.cpp.o
[74.274s] [ 31%] Building CXX object CMakeFiles/dobot_msgs__rosidl_typesupport_fastrtps_cpp.dir/rosidl_typesupport_fastrtps_cpp/dobot_msgs/srv/detail/dds_fastrtps/suction_cup_control__type_support.cpp.o
[75.297s] [ 32%] Building CXX object CMakeFiles/dobot_msgs__rosidl_typesupport_fastrtps_cpp.dir/rosidl_typesupport_fastrtps_cpp/dobot_msgs/msg/detail/dds_fastrtps/gripper_status__type_support.cpp.o
[76.167s] [ 34%] Building CXX object CMakeFiles/dobot_msgs__rosidl_typesupport_fastrtps_cpp.dir/rosidl_typesupport_fastrtps_cpp/dobot_msgs/msg/detail/dds_fastrtps/dobot_alarm_codes__type_support.cpp.o
[77.323s] [ 35%] Building CXX object CMakeFiles/dobot_msgs__rosidl_typesupport_fastrtps_cpp.dir/rosidl_typesupport_fastrtps_cpp/dobot_msgs/action/detail/dds_fastrtps/sliding_rail__type_support.cpp.o
[78.584s] [ 36%] Linking CXX shared library libdobot_msgs__rosidl_typesupport_fastrtps_cpp.so
[78.786s] [ 36%] Built target dobot_msgs__rosidl_typesupport_fastrtps_cpp
[78.815s] [ 37%] Generating C code for ROS interfaces
[82.043s] [ 38%] Building C object CMakeFiles/dobot_msgs__rosidl_generator_c.dir/rosidl_generator_c/dobot_msgs/action/detail/point_to_point__functions.c.o
[82.371s] [ 39%] Building C object CMakeFiles/dobot_msgs__rosidl_generator_c.dir/rosidl_generator_c/dobot_msgs/srv/detail/execute_homing_procedure__functions.c.o
[82.547s] [ 40%] Building C object CMakeFiles/dobot_msgs__rosidl_generator_c.dir/rosidl_generator_c/dobot_msgs/srv/detail/gripper_control__functions.c.o
[82.727s] [ 42%] Building C object CMakeFiles/dobot_msgs__rosidl_generator_c.dir/rosidl_generator_c/dobot_msgs/srv/detail/suction_cup_control__functions.c.o
[82.884s] [ 43%] Building C object CMakeFiles/dobot_msgs__rosidl_generator_c.dir/rosidl_generator_c/dobot_msgs/srv/detail/evaluate_ptp_trajectory__functions.c.o
[83.019s] [ 44%] Building C object CMakeFiles/dobot_msgs__rosidl_generator_c.dir/rosidl_generator_c/dobot_msgs/msg/detail/gripper_status__functions.c.o
[83.155s] [ 45%] Building C object CMakeFiles/dobot_msgs__rosidl_generator_c.dir/rosidl_generator_c/dobot_msgs/msg/detail/dobot_alarm_codes__functions.c.o
[83.275s] [ 46%] Building C object CMakeFiles/dobot_msgs__rosidl_generator_c.dir/rosidl_generator_c/dobot_msgs/action/detail/sliding_rail__functions.c.o
[83.642s] [ 47%] Linking C shared library libdobot_msgs__rosidl_generator_c.so
[83.740s] [ 47%] Built target dobot_msgs__rosidl_generator_c
[83.771s] [ 48%] Generating C type support for eProsima Fast-RTPS
[87.111s] [ 50%] Building CXX object CMakeFiles/dobot_msgs__rosidl_typesupport_fastrtps_c.dir/rosidl_typesupport_fastrtps_c/dobot_msgs/action/detail/point_to_point__type_support_c.cpp.o
[88.003s] [ 51%] Building CXX object CMakeFiles/dobot_msgs__rosidl_typesupport_fastrtps_c.dir/rosidl_typesupport_fastrtps_c/dobot_msgs/msg/detail/gripper_status__type_support_c.cpp.o
[88.724s] [ 52%] Building CXX object CMakeFiles/dobot_msgs__rosidl_typesupport_fastrtps_c.dir/rosidl_typesupport_fastrtps_c/dobot_msgs/srv/detail/evaluate_ptp_trajectory__type_support_c.cpp.o
[89.470s] [ 53%] Building CXX object CMakeFiles/dobot_msgs__rosidl_typesupport_fastrtps_c.dir/rosidl_typesupport_fastrtps_c/dobot_msgs/srv/detail/execute_homing_procedure__type_support_c.cpp.o
[90.219s] [ 54%] Building CXX object CMakeFiles/dobot_msgs__rosidl_typesupport_fastrtps_c.dir/rosidl_typesupport_fastrtps_c/dobot_msgs/srv/detail/gripper_control__type_support_c.cpp.o
[90.999s] [ 55%] Building CXX object CMakeFiles/dobot_msgs__rosidl_typesupport_fastrtps_c.dir/rosidl_typesupport_fastrtps_c/dobot_msgs/srv/detail/suction_cup_control__type_support_c.cpp.o
[91.754s] [ 56%] Building CXX object CMakeFiles/dobot_msgs__rosidl_typesupport_fastrtps_c.dir/rosidl_typesupport_fastrtps_c/dobot_msgs/msg/detail/dobot_alarm_codes__type_support_c.cpp.o
[92.569s] [ 57%] Building CXX object CMakeFiles/dobot_msgs__rosidl_typesupport_fastrtps_c.dir/rosidl_typesupport_fastrtps_c/dobot_msgs/action/detail/sliding_rail__type_support_c.cpp.o
[93.398s] [ 59%] Linking CXX shared library libdobot_msgs__rosidl_typesupport_fastrtps_c.so
[93.649s] [ 59%] Built target dobot_msgs__rosidl_typesupport_fastrtps_c
[93.669s] [ 60%] Generating C type support dispatch for ROS interfaces
[95.260s] [ 61%] Building CXX object CMakeFiles/dobot_msgs__rosidl_typesupport_c.dir/rosidl_typesupport_c/dobot_msgs/action/point_to_point__type_support.cpp.o
[95.399s] [ 62%] Building CXX object CMakeFiles/dobot_msgs__rosidl_typesupport_c.dir/rosidl_typesupport_c/dobot_msgs/srv/evaluate_ptp_trajectory__type_support.cpp.o
[95.488s] [ 63%] Building CXX object CMakeFiles/dobot_msgs__rosidl_typesupport_c.dir/rosidl_typesupport_c/dobot_msgs/srv/execute_homing_procedure__type_support.cpp.o
[95.596s] [ 64%] Building CXX object CMakeFiles/dobot_msgs__rosidl_typesupport_c.dir/rosidl_typesupport_c/dobot_msgs/srv/gripper_control__type_support.cpp.o
[95.712s] [ 65%] Building CXX object CMakeFiles/dobot_msgs__rosidl_typesupport_c.dir/rosidl_typesupport_c/dobot_msgs/srv/suction_cup_control__type_support.cpp.o
[95.819s] [ 67%] Building CXX object CMakeFiles/dobot_msgs__rosidl_typesupport_c.dir/rosidl_typesupport_c/dobot_msgs/msg/gripper_status__type_support.cpp.o
[95.904s] [ 68%] Building CXX object CMakeFiles/dobot_msgs__rosidl_typesupport_c.dir/rosidl_typesupport_c/dobot_msgs/msg/dobot_alarm_codes__type_support.cpp.o
[95.967s] [ 69%] Building CXX object CMakeFiles/dobot_msgs__rosidl_typesupport_c.dir/rosidl_typesupport_c/dobot_msgs/action/sliding_rail__type_support.cpp.o
[96.110s] [ 70%] Linking CXX shared library libdobot_msgs__rosidl_typesupport_c.so
[96.281s] [ 70%] Built target dobot_msgs__rosidl_typesupport_c
[96.322s] [ 71%] Generating C introspection for ROS interfaces
[99.002s] [ 72%] Building C object CMakeFiles/dobot_msgs__rosidl_typesupport_introspection_c.dir/rosidl_typesupport_introspection_c/dobot_msgs/action/detail/point_to_point__type_support.c.o
[99.167s] [ 73%] Building C object CMakeFiles/dobot_msgs__rosidl_typesupport_introspection_c.dir/rosidl_typesupport_introspection_c/dobot_msgs/srv/detail/execute_homing_procedure__type_support.c.o
[99.274s] [ 75%] Building C object CMakeFiles/dobot_msgs__rosidl_typesupport_introspection_c.dir/rosidl_typesupport_introspection_c/dobot_msgs/srv/detail/gripper_control__type_support.c.o
[99.383s] [ 76%] Building C object CMakeFiles/dobot_msgs__rosidl_typesupport_introspection_c.dir/rosidl_typesupport_introspection_c/dobot_msgs/srv/detail/suction_cup_control__type_support.c.o
[99.466s] [ 77%] Building C object CMakeFiles/dobot_msgs__rosidl_typesupport_introspection_c.dir/rosidl_typesupport_introspection_c/dobot_msgs/srv/detail/evaluate_ptp_trajectory__type_support.c.o
[99.546s] [ 78%] Building C object CMakeFiles/dobot_msgs__rosidl_typesupport_introspection_c.dir/rosidl_typesupport_introspection_c/dobot_msgs/msg/detail/gripper_status__type_support.c.o
[99.654s] [ 79%] Building C object CMakeFiles/dobot_msgs__rosidl_typesupport_introspection_c.dir/rosidl_typesupport_introspection_c/dobot_msgs/msg/detail/dobot_alarm_codes__type_support.c.o
[99.766s] [ 80%] Building C object CMakeFiles/dobot_msgs__rosidl_typesupport_introspection_c.dir/rosidl_typesupport_introspection_c/dobot_msgs/action/detail/sliding_rail__type_support.c.o
[99.909s] [ 81%] Linking C shared library libdobot_msgs__rosidl_typesupport_introspection_c.so
[100.050s] [ 81%] Built target dobot_msgs__rosidl_typesupport_introspection_c
[100.134s] [ 81%] Built target dobot_msgs
[100.201s] [ 82%] Generating Python code for ROS interfaces
[105.263s] [ 82%] Built target dobot_msgs__py
[105.302s] [ 84%] Building C object CMakeFiles/dobot_msgs__rosidl_generator_py.dir/rosidl_generator_py/dobot_msgs/action/_point_to_point_s.c.o
[105.659s] [ 85%] Building C object CMakeFiles/dobot_msgs__rosidl_generator_py.dir/rosidl_generator_py/dobot_msgs/srv/_execute_homing_procedure_s.c.o
[105.937s] [ 86%] Building C object CMakeFiles/dobot_msgs__rosidl_generator_py.dir/rosidl_generator_py/dobot_msgs/srv/_gripper_control_s.c.o
[106.227s] [ 87%] Building C object CMakeFiles/dobot_msgs__rosidl_generator_py.dir/rosidl_generator_py/dobot_msgs/srv/_suction_cup_control_s.c.o
[106.475s] [ 88%] Building C object CMakeFiles/dobot_msgs__rosidl_generator_py.dir/rosidl_generator_py/dobot_msgs/srv/_evaluate_ptp_trajectory_s.c.o
[106.720s] [ 89%] Building C object CMakeFiles/dobot_msgs__rosidl_generator_py.dir/rosidl_generator_py/dobot_msgs/msg/_gripper_status_s.c.o
[106.990s] [ 90%] Building C object CMakeFiles/dobot_msgs__rosidl_generator_py.dir/rosidl_generator_py/dobot_msgs/msg/_dobot_alarm_codes_s.c.o
[107.280s] [ 92%] Building C object CMakeFiles/dobot_msgs__rosidl_generator_py.dir/rosidl_generator_py/dobot_msgs/action/_sliding_rail_s.c.o
[107.646s] [ 93%] Linking C shared library rosidl_generator_py/dobot_msgs/libdobot_msgs__rosidl_generator_py.so
[107.821s] [ 93%] Built target dobot_msgs__rosidl_generator_py
[107.894s] [ 94%] Building C object CMakeFiles/dobot_msgs__rosidl_typesupport_fastrtps_c__pyext.dir/rosidl_generator_py/dobot_msgs/_dobot_msgs_s.ep.rosidl_typesupport_fastrtps_c.c.o
[108.360s] [ 95%] Linking C shared library rosidl_generator_py/dobot_msgs/dobot_msgs_s__rosidl_typesupport_fastrtps_c.cpython-310-aarch64-linux-gnu.so
[108.479s] [ 95%] Built target dobot_msgs__rosidl_typesupport_fastrtps_c__pyext
[108.552s] [ 96%] Building C object CMakeFiles/dobot_msgs__rosidl_typesupport_c__pyext.dir/rosidl_generator_py/dobot_msgs/_dobot_msgs_s.ep.rosidl_typesupport_c.c.o
[108.921s] [ 97%] Linking C shared library rosidl_generator_py/dobot_msgs/dobot_msgs_s__rosidl_typesupport_c.cpython-310-aarch64-linux-gnu.so
[109.027s] [ 97%] Built target dobot_msgs__rosidl_typesupport_c__pyext
[109.101s] [ 98%] Building C object CMakeFiles/dobot_msgs__rosidl_typesupport_introspection_c__pyext.dir/rosidl_generator_py/dobot_msgs/_dobot_msgs_s.ep.rosidl_typesupport_introspection_c.c.o
[109.527s] [100%] Linking C shared library rosidl_generator_py/dobot_msgs/dobot_msgs_s__rosidl_typesupport_introspection_c.cpython-310-aarch64-linux-gnu.so
[109.651s] [100%] Built target dobot_msgs__rosidl_typesupport_introspection_c__pyext
[128.288s] Invoked command in '/home/jetson/dobot-magician/build/dobot_msgs' returned '0': CMAKE_PREFIX_PATH=${CMAKE_PREFIX_PATH}:/home/jetson/AGV-2026/install/yolo_object_detect:/home/jetson/AGV-2026/install/ddsm115_controller:/home/jetson/AGV-2026/install/wit_ros2_imu:/home/jetson/AGV-2026/install/motor_control_tools:/opt/ros/humble /usr/bin/cmake --build /home/jetson/dobot-magician/build/dobot_msgs -- -j6 -l6
[128.292s] Invoking command in '/home/jetson/dobot-magician/build/dobot_msgs': CMAKE_PREFIX_PATH=${CMAKE_PREFIX_PATH}:/home/jetson/AGV-2026/install/yolo_object_detect:/home/jetson/AGV-2026/install/ddsm115_controller:/home/jetson/AGV-2026/install/wit_ros2_imu:/home/jetson/AGV-2026/install/motor_control_tools:/opt/ros/humble /usr/bin/cmake --install /home/jetson/dobot-magician/build/dobot_msgs
[128.311s] -- Install configuration: ""
[128.312s] -- Installing: /home/jetson/dobot-magician/install/dobot_msgs/share/ament_index/resource_index/rosidl_interfaces/dobot_msgs
[128.312s] -- Installing: /home/jetson/dobot-magician/install/dobot_msgs/include/dobot_msgs/dobot_msgs
[128.312s] -- Installing: /home/jetson/dobot-magician/install/dobot_msgs/include/dobot_msgs/dobot_msgs/msg
[128.312s] -- Installing: /home/jetson/dobot-magician/install/dobot_msgs/include/dobot_msgs/dobot_msgs/msg/rosidl_generator_c__visibility_control.h
[128.313s] -- Installing: /home/jetson/dobot-magician/install/dobot_msgs/include/dobot_msgs/dobot_msgs/msg/gripper_status.h
[128.313s] -- Installing: /home/jetson/dobot-magician/install/dobot_msgs/include/dobot_msgs/dobot_msgs/msg/detail
[128.313s] -- Installing: /home/jetson/dobot-magician/install/dobot_msgs/include/dobot_msgs/dobot_msgs/msg/detail/dobot_alarm_codes__struct.h
[128.313s] -- Installing: /home/jetson/dobot-magician/install/dobot_msgs/include/dobot_msgs/dobot_msgs/msg/detail/gripper_status__struct.h
[128.314s] -- Installing: /home/jetson/dobot-magician/install/dobot_msgs/include/dobot_msgs/dobot_msgs/msg/detail/gripper_status__functions.c
[128.314s] -- Installing: /home/jetson/dobot-magician/install/dobot_msgs/include/dobot_msgs/dobot_msgs/msg/detail/gripper_status__type_support.h
[128.314s] -- Installing: /home/jetson/dobot-magician/install/dobot_msgs/include/dobot_msgs/dobot_msgs/msg/detail/dobot_alarm_codes__functions.c
[128.314s] -- Installing: /home/jetson/dobot-magician/install/dobot_msgs/include/dobot_msgs/dobot_msgs/msg/detail/dobot_alarm_codes__type_support.h
[128.314s] -- Installing: /home/jetson/dobot-magician/install/dobot_msgs/include/dobot_msgs/dobot_msgs/msg/detail/gripper_status__functions.h
[128.314s] -- Installing: /home/jetson/dobot-magician/install/dobot_msgs/include/dobot_msgs/dobot_msgs/msg/detail/dobot_alarm_codes__functions.h
[128.315s] -- Installing: /home/jetson/dobot-magician/install/dobot_msgs/include/dobot_msgs/dobot_msgs/msg/dobot_alarm_codes.h
[128.315s] -- Installing: /home/jetson/dobot-magician/install/dobot_msgs/include/dobot_msgs/dobot_msgs/srv
[128.315s] -- Installing: /home/jetson/dobot-magician/install/dobot_msgs/include/dobot_msgs/dobot_msgs/srv/execute_homing_procedure.h
[128.316s] -- Installing: /home/jetson/dobot-magician/install/dobot_msgs/include/dobot_msgs/dobot_msgs/srv/detail
[128.316s] -- Installing: /home/jetson/dobot-magician/install/dobot_msgs/include/dobot_msgs/dobot_msgs/srv/detail/execute_homing_procedure__struct.h
[128.316s] -- Installing: /home/jetson/dobot-magician/install/dobot_msgs/include/dobot_msgs/dobot_msgs/srv/detail/evaluate_ptp_trajectory__type_support.h
[128.317s] -- Installing: /home/jetson/dobot-magician/install/dobot_msgs/include/dobot_msgs/dobot_msgs/srv/detail/gripper_control__type_support.h
[128.317s] -- Installing: /home/jetson/dobot-magician/install/dobot_msgs/include/dobot_msgs/dobot_msgs/srv/detail/execute_homing_procedure__functions.h
[128.317s] -- Installing: /home/jetson/dobot-magician/install/dobot_msgs/include/dobot_msgs/dobot_msgs/srv/detail/evaluate_ptp_trajectory__struct.h
[128.317s] -- Installing: /home/jetson/dobot-magician/install/dobot_msgs/include/dobot_msgs/dobot_msgs/srv/detail/gripper_control__functions.c
[128.317s] -- Installing: /home/jetson/dobot-magician/install/dobot_msgs/include/dobot_msgs/dobot_msgs/srv/detail/execute_homing_procedure__type_support.h
[128.317s] -- Installing: /home/jetson/dobot-magician/install/dobot_msgs/include/dobot_msgs/dobot_msgs/srv/detail/evaluate_ptp_trajectory__functions.h
[128.318s] -- Installing: /home/jetson/dobot-magician/install/dobot_msgs/include/dobot_msgs/dobot_msgs/srv/detail/gripper_control__struct.h
[128.318s] -- Installing: /home/jetson/dobot-magician/install/dobot_msgs/include/dobot_msgs/dobot_msgs/srv/detail/suction_cup_control__functions.h
[128.318s] -- Installing: /home/jetson/dobot-magician/install/dobot_msgs/include/dobot_msgs/dobot_msgs/srv/detail/execute_homing_procedure__functions.c
[128.318s] -- Installing: /home/jetson/dobot-magician/install/dobot_msgs/include/dobot_msgs/dobot_msgs/srv/detail/suction_cup_control__struct.h
[128.319s] -- Installing: /home/jetson/dobot-magician/install/dobot_msgs/include/dobot_msgs/dobot_msgs/srv/detail/gripper_control__functions.h
[128.319s] -- Installing: /home/jetson/dobot-magician/install/dobot_msgs/include/dobot_msgs/dobot_msgs/srv/detail/evaluate_ptp_trajectory__functions.c
[128.320s] -- Installing: /home/jetson/dobot-magician/install/dobot_msgs/include/dobot_msgs/dobot_msgs/srv/detail/suction_cup_control__functions.c
[128.320s] -- Installing: /home/jetson/dobot-magician/install/dobot_msgs/include/dobot_msgs/dobot_msgs/srv/detail/suction_cup_control__type_support.h
[128.320s] -- Installing: /home/jetson/dobot-magician/install/dobot_msgs/include/dobot_msgs/dobot_msgs/srv/suction_cup_control.h
[128.320s] -- Installing: /home/jetson/dobot-magician/install/dobot_msgs/include/dobot_msgs/dobot_msgs/srv/evaluate_ptp_trajectory.h
[128.320s] -- Installing: /home/jetson/dobot-magician/install/dobot_msgs/include/dobot_msgs/dobot_msgs/srv/gripper_control.h
[128.321s] -- Installing: /home/jetson/dobot-magician/install/dobot_msgs/include/dobot_msgs/dobot_msgs/action
[128.321s] -- Installing: /home/jetson/dobot-magician/install/dobot_msgs/include/dobot_msgs/dobot_msgs/action/detail
[128.321s] -- Installing: /home/jetson/dobot-magician/install/dobot_msgs/include/dobot_msgs/dobot_msgs/action/detail/sliding_rail__functions.c
[128.321s] -- Installing: /home/jetson/dobot-magician/install/dobot_msgs/include/dobot_msgs/dobot_msgs/action/detail/sliding_rail__type_support.h
[128.322s] -- Installing: /home/jetson/dobot-magician/install/dobot_msgs/include/dobot_msgs/dobot_msgs/action/detail/point_to_point__functions.c
[128.322s] -- Installing: /home/jetson/dobot-magician/install/dobot_msgs/include/dobot_msgs/dobot_msgs/action/detail/point_to_point__functions.h
[128.322s] -- Installing: /home/jetson/dobot-magician/install/dobot_msgs/include/dobot_msgs/dobot_msgs/action/detail/sliding_rail__struct.h
[128.322s] -- Installing: /home/jetson/dobot-magician/install/dobot_msgs/include/dobot_msgs/dobot_msgs/action/detail/point_to_point__struct.h
[128.322s] -- Installing: /home/jetson/dobot-magician/install/dobot_msgs/include/dobot_msgs/dobot_msgs/action/detail/sliding_rail__functions.h
[128.323s] -- Installing: /home/jetson/dobot-magician/install/dobot_msgs/include/dobot_msgs/dobot_msgs/action/detail/point_to_point__type_support.h
[128.323s] -- Installing: /home/jetson/dobot-magician/install/dobot_msgs/include/dobot_msgs/dobot_msgs/action/point_to_point.h
[128.323s] -- Installing: /home/jetson/dobot-magician/install/dobot_msgs/include/dobot_msgs/dobot_msgs/action/sliding_rail.h
[128.323s] -- Installing: /home/jetson/dobot-magician/install/dobot_msgs/share/dobot_msgs/environment/library_path.sh
[128.323s] -- Installing: /home/jetson/dobot-magician/install/dobot_msgs/share/dobot_msgs/environment/library_path.dsv
[128.324s] -- Installing: /home/jetson/dobot-magician/install/dobot_msgs/lib/libdobot_msgs__rosidl_generator_c.so
[128.325s] -- Set runtime path of "/home/jetson/dobot-magician/install/dobot_msgs/lib/libdobot_msgs__rosidl_generator_c.so" to ""
[128.325s] -- Up-to-date: /home/jetson/dobot-magician/install/dobot_msgs/include/dobot_msgs/dobot_msgs
[128.326s] -- Up-to-date: /home/jetson/dobot-magician/install/dobot_msgs/include/dobot_msgs/dobot_msgs/msg
[128.326s] -- Installing: /home/jetson/dobot-magician/install/dobot_msgs/include/dobot_msgs/dobot_msgs/msg/rosidl_typesupport_fastrtps_c__visibility_control.h
[128.326s] -- Up-to-date: /home/jetson/dobot-magician/install/dobot_msgs/include/dobot_msgs/dobot_msgs/msg/detail
[128.327s] -- Installing: /home/jetson/dobot-magician/install/dobot_msgs/include/dobot_msgs/dobot_msgs/msg/detail/dobot_alarm_codes__rosidl_typesupport_fastrtps_c.h
[128.327s] -- Installing: /home/jetson/dobot-magician/install/dobot_msgs/include/dobot_msgs/dobot_msgs/msg/detail/gripper_status__rosidl_typesupport_fastrtps_c.h
[128.327s] -- Up-to-date: /home/jetson/dobot-magician/install/dobot_msgs/include/dobot_msgs/dobot_msgs/srv
[128.327s] -- Up-to-date: /home/jetson/dobot-magician/install/dobot_msgs/include/dobot_msgs/dobot_msgs/srv/detail
[128.328s] -- Installing: /home/jetson/dobot-magician/install/dobot_msgs/include/dobot_msgs/dobot_msgs/srv/detail/evaluate_ptp_trajectory__rosidl_typesupport_fastrtps_c.h
[128.328s] -- Installing: /home/jetson/dobot-magician/install/dobot_msgs/include/dobot_msgs/dobot_msgs/srv/detail/gripper_control__rosidl_typesupport_fastrtps_c.h
[128.328s] -- Installing: /home/jetson/dobot-magician/install/dobot_msgs/include/dobot_msgs/dobot_msgs/srv/detail/execute_homing_procedure__rosidl_typesupport_fastrtps_c.h
[128.328s] -- Installing: /home/jetson/dobot-magician/install/dobot_msgs/include/dobot_msgs/dobot_msgs/srv/detail/suction_cup_control__rosidl_typesupport_fastrtps_c.h
[128.328s] -- Up-to-date: /home/jetson/dobot-magician/install/dobot_msgs/include/dobot_msgs/dobot_msgs/action
[128.328s] -- Up-to-date: /home/jetson/dobot-magician/install/dobot_msgs/include/dobot_msgs/dobot_msgs/action/detail
[128.329s] -- Installing: /home/jetson/dobot-magician/install/dobot_msgs/include/dobot_msgs/dobot_msgs/action/detail/point_to_point__rosidl_typesupport_fastrtps_c.h
[128.329s] -- Installing: /home/jetson/dobot-magician/install/dobot_msgs/include/dobot_msgs/dobot_msgs/action/detail/sliding_rail__rosidl_typesupport_fastrtps_c.h
[128.329s] -- Installing: /home/jetson/dobot-magician/install/dobot_msgs/lib/libdobot_msgs__rosidl_typesupport_fastrtps_c.so
[128.330s] -- Set runtime path of "/home/jetson/dobot-magician/install/dobot_msgs/lib/libdobot_msgs__rosidl_typesupport_fastrtps_c.so" to ""
[128.330s] -- Up-to-date: /home/jetson/dobot-magician/install/dobot_msgs/include/dobot_msgs/dobot_msgs
[128.330s] -- Up-to-date: /home/jetson/dobot-magician/install/dobot_msgs/include/dobot_msgs/dobot_msgs/msg
[128.330s] -- Installing: /home/jetson/dobot-magician/install/dobot_msgs/include/dobot_msgs/dobot_msgs/msg/rosidl_typesupport_introspection_c__visibility_control.h
[128.331s] -- Up-to-date: /home/jetson/dobot-magician/install/dobot_msgs/include/dobot_msgs/dobot_msgs/msg/detail
[128.331s] -- Installing: /home/jetson/dobot-magician/install/dobot_msgs/include/dobot_msgs/dobot_msgs/msg/detail/dobot_alarm_codes__type_support.c
[128.331s] -- Installing: /home/jetson/dobot-magician/install/dobot_msgs/include/dobot_msgs/dobot_msgs/msg/detail/gripper_status__type_support.c
[128.331s] -- Installing: /home/jetson/dobot-magician/install/dobot_msgs/include/dobot_msgs/dobot_msgs/msg/detail/gripper_status__rosidl_typesupport_introspection_c.h
[128.331s] -- Installing: /home/jetson/dobot-magician/install/dobot_msgs/include/dobot_msgs/dobot_msgs/msg/detail/dobot_alarm_codes__rosidl_typesupport_introspection_c.h
[128.331s] -- Up-to-date: /home/jetson/dobot-magician/install/dobot_msgs/include/dobot_msgs/dobot_msgs/srv
[128.331s] -- Up-to-date: /home/jetson/dobot-magician/install/dobot_msgs/include/dobot_msgs/dobot_msgs/srv/detail
[128.332s] -- Installing: /home/jetson/dobot-magician/install/dobot_msgs/include/dobot_msgs/dobot_msgs/srv/detail/evaluate_ptp_trajectory__rosidl_typesupport_introspection_c.h
[128.332s] -- Installing: /home/jetson/dobot-magician/install/dobot_msgs/include/dobot_msgs/dobot_msgs/srv/detail/suction_cup_control__type_support.c
[128.332s] -- Installing: /home/jetson/dobot-magician/install/dobot_msgs/include/dobot_msgs/dobot_msgs/srv/detail/suction_cup_control__rosidl_typesupport_introspection_c.h
[128.338s] -- Installing: /home/jetson/dobot-magician/install/dobot_msgs/include/dobot_msgs/dobot_msgs/srv/detail/execute_homing_procedure__rosidl_typesupport_introspection_c.h
[128.338s] -- Installing: /home/jetson/dobot-magician/install/dobot_msgs/include/dobot_msgs/dobot_msgs/srv/detail/gripper_control__rosidl_typesupport_introspection_c.h
[128.339s] -- Installing: /home/jetson/dobot-magician/install/dobot_msgs/include/dobot_msgs/dobot_msgs/srv/detail/execute_homing_procedure__type_support.c
[128.339s] -- Installing: /home/jetson/dobot-magician/install/dobot_msgs/include/dobot_msgs/dobot_msgs/srv/detail/gripper_control__type_support.c
[128.339s] -- Installing: /home/jetson/dobot-magician/install/dobot_msgs/include/dobot_msgs/dobot_msgs/srv/detail/evaluate_ptp_trajectory__type_support.c
[128.339s] -- Up-to-date: /home/jetson/dobot-magician/install/dobot_msgs/include/dobot_msgs/dobot_msgs/action
[128.339s] -- Up-to-date: /home/jetson/dobot-magician/install/dobot_msgs/include/dobot_msgs/dobot_msgs/action/detail
[128.340s] -- Installing: /home/jetson/dobot-magician/install/dobot_msgs/include/dobot_msgs/dobot_msgs/action/detail/sliding_rail__type_support.c
[128.340s] -- Installing: /home/jetson/dobot-magician/install/dobot_msgs/include/dobot_msgs/dobot_msgs/action/detail/point_to_point__rosidl_typesupport_introspection_c.h
[128.340s] -- Installing: /home/jetson/dobot-magician/install/dobot_msgs/include/dobot_msgs/dobot_msgs/action/detail/sliding_rail__rosidl_typesupport_introspection_c.h
[128.340s] -- Installing: /home/jetson/dobot-magician/install/dobot_msgs/include/dobot_msgs/dobot_msgs/action/detail/point_to_point__type_support.c
[128.340s] -- Installing: /home/jetson/dobot-magician/install/dobot_msgs/lib/libdobot_msgs__rosidl_typesupport_introspection_c.so
[128.344s] -- Set runtime path of "/home/jetson/dobot-magician/install/dobot_msgs/lib/libdobot_msgs__rosidl_typesupport_introspection_c.so" to ""
[128.344s] -- Installing: /home/jetson/dobot-magician/install/dobot_msgs/lib/libdobot_msgs__rosidl_typesupport_c.so
[128.344s] -- Set runtime path of "/home/jetson/dobot-magician/install/dobot_msgs/lib/libdobot_msgs__rosidl_typesupport_c.so" to ""
[128.345s] -- Up-to-date: /home/jetson/dobot-magician/install/dobot_msgs/include/dobot_msgs/dobot_msgs
[128.345s] -- Up-to-date: /home/jetson/dobot-magician/install/dobot_msgs/include/dobot_msgs/dobot_msgs/msg
[128.345s] -- Installing: /home/jetson/dobot-magician/install/dobot_msgs/include/dobot_msgs/dobot_msgs/msg/rosidl_generator_cpp__visibility_control.hpp
[128.346s] -- Installing: /home/jetson/dobot-magician/install/dobot_msgs/include/dobot_msgs/dobot_msgs/msg/gripper_status.hpp
[128.346s] -- Up-to-date: /home/jetson/dobot-magician/install/dobot_msgs/include/dobot_msgs/dobot_msgs/msg/detail
[128.346s] -- Installing: /home/jetson/dobot-magician/install/dobot_msgs/include/dobot_msgs/dobot_msgs/msg/detail/dobot_alarm_codes__builder.hpp
[128.346s] -- Installing: /home/jetson/dobot-magician/install/dobot_msgs/include/dobot_msgs/dobot_msgs/msg/detail/gripper_status__builder.hpp
[128.347s] -- Installing: /home/jetson/dobot-magician/install/dobot_msgs/include/dobot_msgs/dobot_msgs/msg/detail/dobot_alarm_codes__traits.hpp
[128.347s] -- Installing: /home/jetson/dobot-magician/install/dobot_msgs/include/dobot_msgs/dobot_msgs/msg/detail/dobot_alarm_codes__struct.hpp
[128.347s] -- Installing: /home/jetson/dobot-magician/install/dobot_msgs/include/dobot_msgs/dobot_msgs/msg/detail/gripper_status__type_support.hpp
[128.347s] -- Installing: /home/jetson/dobot-magician/install/dobot_msgs/include/dobot_msgs/dobot_msgs/msg/detail/dobot_alarm_codes__type_support.hpp
[128.348s] -- Installing: /home/jetson/dobot-magician/install/dobot_msgs/include/dobot_msgs/dobot_msgs/msg/detail/gripper_status__traits.hpp
[128.348s] -- Installing: /home/jetson/dobot-magician/install/dobot_msgs/include/dobot_msgs/dobot_msgs/msg/detail/gripper_status__struct.hpp
[128.348s] -- Installing: /home/jetson/dobot-magician/install/dobot_msgs/include/dobot_msgs/dobot_msgs/msg/dobot_alarm_codes.hpp
[128.348s] -- Up-to-date: /home/jetson/dobot-magician/install/dobot_msgs/include/dobot_msgs/dobot_msgs/srv
[128.348s] -- Installing: /home/jetson/dobot-magician/install/dobot_msgs/include/dobot_msgs/dobot_msgs/srv/execute_homing_procedure.hpp
[128.348s] -- Installing: /home/jetson/dobot-magician/install/dobot_msgs/include/dobot_msgs/dobot_msgs/srv/suction_cup_control.hpp
[128.348s] -- Installing: /home/jetson/dobot-magician/install/dobot_msgs/include/dobot_msgs/dobot_msgs/srv/gripper_control.hpp
[128.356s] -- Installing: /home/jetson/dobot-magician/install/dobot_msgs/include/dobot_msgs/dobot_msgs/srv/evaluate_ptp_trajectory.hpp
[128.356s] -- Up-to-date: /home/jetson/dobot-magician/install/dobot_msgs/include/dobot_msgs/dobot_msgs/srv/detail
[128.357s] -- Installing: /home/jetson/dobot-magician/install/dobot_msgs/include/dobot_msgs/dobot_msgs/srv/detail/execute_homing_procedure__type_support.hpp
[128.357s] -- Installing: /home/jetson/dobot-magician/install/dobot_msgs/include/dobot_msgs/dobot_msgs/srv/detail/suction_cup_control__type_support.hpp
[128.357s] -- Installing: /home/jetson/dobot-magician/install/dobot_msgs/include/dobot_msgs/dobot_msgs/srv/detail/suction_cup_control__struct.hpp
[128.358s] -- Installing: /home/jetson/dobot-magician/install/dobot_msgs/include/dobot_msgs/dobot_msgs/srv/detail/gripper_control__struct.hpp
[128.358s] -- Installing: /home/jetson/dobot-magician/install/dobot_msgs/include/dobot_msgs/dobot_msgs/srv/detail/evaluate_ptp_trajectory__struct.hpp
[128.358s] -- Installing: /home/jetson/dobot-magician/install/dobot_msgs/include/dobot_msgs/dobot_msgs/srv/detail/execute_homing_procedure__traits.hpp
[128.358s] -- Installing: /home/jetson/dobot-magician/install/dobot_msgs/include/dobot_msgs/dobot_msgs/srv/detail/execute_homing_procedure__builder.hpp
[128.359s] -- Installing: /home/jetson/dobot-magician/install/dobot_msgs/include/dobot_msgs/dobot_msgs/srv/detail/gripper_control__builder.hpp
[128.359s] -- Installing: /home/jetson/dobot-magician/install/dobot_msgs/include/dobot_msgs/dobot_msgs/srv/detail/evaluate_ptp_trajectory__traits.hpp
[128.359s] -- Installing: /home/jetson/dobot-magician/install/dobot_msgs/include/dobot_msgs/dobot_msgs/srv/detail/gripper_control__traits.hpp
[128.359s] -- Installing: /home/jetson/dobot-magician/install/dobot_msgs/include/dobot_msgs/dobot_msgs/srv/detail/suction_cup_control__builder.hpp
[128.359s] -- Installing: /home/jetson/dobot-magician/install/dobot_msgs/include/dobot_msgs/dobot_msgs/srv/detail/execute_homing_procedure__struct.hpp
[128.359s] -- Installing: /home/jetson/dobot-magician/install/dobot_msgs/include/dobot_msgs/dobot_msgs/srv/detail/suction_cup_control__traits.hpp
[128.359s] -- Installing: /home/jetson/dobot-magician/install/dobot_msgs/include/dobot_msgs/dobot_msgs/srv/detail/evaluate_ptp_trajectory__type_support.hpp
[128.360s] -- Installing: /home/jetson/dobot-magician/install/dobot_msgs/include/dobot_msgs/dobot_msgs/srv/detail/evaluate_ptp_trajectory__builder.hpp
[128.360s] -- Installing: /home/jetson/dobot-magician/install/dobot_msgs/include/dobot_msgs/dobot_msgs/srv/detail/gripper_control__type_support.hpp
[128.360s] -- Up-to-date: /home/jetson/dobot-magician/install/dobot_msgs/include/dobot_msgs/dobot_msgs/action
[128.361s] -- Installing: /home/jetson/dobot-magician/install/dobot_msgs/include/dobot_msgs/dobot_msgs/action/sliding_rail.hpp
[128.361s] -- Installing: /home/jetson/dobot-magician/install/dobot_msgs/include/dobot_msgs/dobot_msgs/action/point_to_point.hpp
[128.361s] -- Up-to-date: /home/jetson/dobot-magician/install/dobot_msgs/include/dobot_msgs/dobot_msgs/action/detail
[128.362s] -- Installing: /home/jetson/dobot-magician/install/dobot_msgs/include/dobot_msgs/dobot_msgs/action/detail/point_to_point__traits.hpp
[128.362s] -- Installing: /home/jetson/dobot-magician/install/dobot_msgs/include/dobot_msgs/dobot_msgs/action/detail/sliding_rail__builder.hpp
[128.362s] -- Installing: /home/jetson/dobot-magician/install/dobot_msgs/include/dobot_msgs/dobot_msgs/action/detail/point_to_point__struct.hpp
[128.362s] -- Installing: /home/jetson/dobot-magician/install/dobot_msgs/include/dobot_msgs/dobot_msgs/action/detail/sliding_rail__struct.hpp
[128.363s] -- Installing: /home/jetson/dobot-magician/install/dobot_msgs/include/dobot_msgs/dobot_msgs/action/detail/point_to_point__type_support.hpp
[128.363s] -- Installing: /home/jetson/dobot-magician/install/dobot_msgs/include/dobot_msgs/dobot_msgs/action/detail/point_to_point__builder.hpp
[128.363s] -- Installing: /home/jetson/dobot-magician/install/dobot_msgs/include/dobot_msgs/dobot_msgs/action/detail/sliding_rail__type_support.hpp
[128.364s] -- Installing: /home/jetson/dobot-magician/install/dobot_msgs/include/dobot_msgs/dobot_msgs/action/detail/sliding_rail__traits.hpp
[128.364s] -- Up-to-date: /home/jetson/dobot-magician/install/dobot_msgs/include/dobot_msgs/dobot_msgs
[128.364s] -- Up-to-date: /home/jetson/dobot-magician/install/dobot_msgs/include/dobot_msgs/dobot_msgs/msg
[128.364s] -- Up-to-date: /home/jetson/dobot-magician/install/dobot_msgs/include/dobot_msgs/dobot_msgs/msg/detail
[128.364s] -- Installing: /home/jetson/dobot-magician/install/dobot_msgs/include/dobot_msgs/dobot_msgs/msg/detail/gripper_status__rosidl_typesupport_fastrtps_cpp.hpp
[128.364s] -- Installing: /home/jetson/dobot-magician/install/dobot_msgs/include/dobot_msgs/dobot_msgs/msg/detail/dobot_alarm_codes__rosidl_typesupport_fastrtps_cpp.hpp
[128.364s] -- Installing: /home/jetson/dobot-magician/install/dobot_msgs/include/dobot_msgs/dobot_msgs/msg/detail/dds_fastrtps
[128.364s] -- Installing: /home/jetson/dobot-magician/install/dobot_msgs/include/dobot_msgs/dobot_msgs/msg/rosidl_typesupport_fastrtps_cpp__visibility_control.h
[128.365s] -- Up-to-date: /home/jetson/dobot-magician/install/dobot_msgs/include/dobot_msgs/dobot_msgs/srv
[128.365s] -- Up-to-date: /home/jetson/dobot-magician/install/dobot_msgs/include/dobot_msgs/dobot_msgs/srv/detail
[128.365s] -- Installing: /home/jetson/dobot-magician/install/dobot_msgs/include/dobot_msgs/dobot_msgs/srv/detail/suction_cup_control__rosidl_typesupport_fastrtps_cpp.hpp
[128.365s] -- Installing: /home/jetson/dobot-magician/install/dobot_msgs/include/dobot_msgs/dobot_msgs/srv/detail/evaluate_ptp_trajectory__rosidl_typesupport_fastrtps_cpp.hpp
[128.365s] -- Installing: /home/jetson/dobot-magician/install/dobot_msgs/include/dobot_msgs/dobot_msgs/srv/detail/execute_homing_procedure__rosidl_typesupport_fastrtps_cpp.hpp
[128.365s] -- Installing: /home/jetson/dobot-magician/install/dobot_msgs/include/dobot_msgs/dobot_msgs/srv/detail/gripper_control__rosidl_typesupport_fastrtps_cpp.hpp
[128.365s] -- Installing: /home/jetson/dobot-magician/install/dobot_msgs/include/dobot_msgs/dobot_msgs/srv/detail/dds_fastrtps
[128.365s] -- Up-to-date: /home/jetson/dobot-magician/install/dobot_msgs/include/dobot_msgs/dobot_msgs/action
[128.365s] -- Up-to-date: /home/jetson/dobot-magician/install/dobot_msgs/include/dobot_msgs/dobot_msgs/action/detail
[128.366s] -- Installing: /home/jetson/dobot-magician/install/dobot_msgs/include/dobot_msgs/dobot_msgs/action/detail/sliding_rail__rosidl_typesupport_fastrtps_cpp.hpp
[128.366s] -- Installing: /home/jetson/dobot-magician/install/dobot_msgs/include/dobot_msgs/dobot_msgs/action/detail/point_to_point__rosidl_typesupport_fastrtps_cpp.hpp
[128.366s] -- Installing: /home/jetson/dobot-magician/install/dobot_msgs/include/dobot_msgs/dobot_msgs/action/detail/dds_fastrtps
[128.366s] -- Installing: /home/jetson/dobot-magician/install/dobot_msgs/lib/libdobot_msgs__rosidl_typesupport_fastrtps_cpp.so
[128.366s] -- Set runtime path of "/home/jetson/dobot-magician/install/dobot_msgs/lib/libdobot_msgs__rosidl_typesupport_fastrtps_cpp.so" to ""
[128.366s] -- Up-to-date: /home/jetson/dobot-magician/install/dobot_msgs/include/dobot_msgs/dobot_msgs
[128.366s] -- Up-to-date: /home/jetson/dobot-magician/install/dobot_msgs/include/dobot_msgs/dobot_msgs/msg
[128.366s] -- Up-to-date: /home/jetson/dobot-magician/install/dobot_msgs/include/dobot_msgs/dobot_msgs/msg/detail
[128.366s] -- Installing: /home/jetson/dobot-magician/install/dobot_msgs/include/dobot_msgs/dobot_msgs/msg/detail/dobot_alarm_codes__rosidl_typesupport_introspection_cpp.hpp
[128.367s] -- Installing: /home/jetson/dobot-magician/install/dobot_msgs/include/dobot_msgs/dobot_msgs/msg/detail/gripper_status__rosidl_typesupport_introspection_cpp.hpp
[128.367s] -- Installing: /home/jetson/dobot-magician/install/dobot_msgs/include/dobot_msgs/dobot_msgs/msg/detail/dobot_alarm_codes__type_support.cpp
[128.371s] -- Installing: /home/jetson/dobot-magician/install/dobot_msgs/include/dobot_msgs/dobot_msgs/msg/detail/gripper_status__type_support.cpp
[128.372s] -- Up-to-date: /home/jetson/dobot-magician/install/dobot_msgs/include/dobot_msgs/dobot_msgs/srv
[128.372s] -- Up-to-date: /home/jetson/dobot-magician/install/dobot_msgs/include/dobot_msgs/dobot_msgs/srv/detail
[128.372s] -- Installing: /home/jetson/dobot-magician/install/dobot_msgs/include/dobot_msgs/dobot_msgs/srv/detail/evaluate_ptp_trajectory__type_support.cpp
[128.372s] -- Installing: /home/jetson/dobot-magician/install/dobot_msgs/include/dobot_msgs/dobot_msgs/srv/detail/evaluate_ptp_trajectory__rosidl_typesupport_introspection_cpp.hpp
[128.372s] -- Installing: /home/jetson/dobot-magician/install/dobot_msgs/include/dobot_msgs/dobot_msgs/srv/detail/execute_homing_procedure__rosidl_typesupport_introspection_cpp.hpp
[128.372s] -- Installing: /home/jetson/dobot-magician/install/dobot_msgs/include/dobot_msgs/dobot_msgs/srv/detail/gripper_control__rosidl_typesupport_introspection_cpp.hpp
[128.372s] -- Installing: /home/jetson/dobot-magician/install/dobot_msgs/include/dobot_msgs/dobot_msgs/srv/detail/gripper_control__type_support.cpp
[128.373s] -- Installing: /home/jetson/dobot-magician/install/dobot_msgs/include/dobot_msgs/dobot_msgs/srv/detail/suction_cup_control__type_support.cpp
[128.373s] -- Installing: /home/jetson/dobot-magician/install/dobot_msgs/include/dobot_msgs/dobot_msgs/srv/detail/execute_homing_procedure__type_support.cpp
[128.373s] -- Installing: /home/jetson/dobot-magician/install/dobot_msgs/include/dobot_msgs/dobot_msgs/srv/detail/suction_cup_control__rosidl_typesupport_introspection_cpp.hpp
[128.373s] -- Up-to-date: /home/jetson/dobot-magician/install/dobot_msgs/include/dobot_msgs/dobot_msgs/action
[128.373s] -- Up-to-date: /home/jetson/dobot-magician/install/dobot_msgs/include/dobot_msgs/dobot_msgs/action/detail
[128.373s] -- Installing: /home/jetson/dobot-magician/install/dobot_msgs/include/dobot_msgs/dobot_msgs/action/detail/point_to_point__rosidl_typesupport_introspection_cpp.hpp
[128.375s] -- Installing: /home/jetson/dobot-magician/install/dobot_msgs/include/dobot_msgs/dobot_msgs/action/detail/sliding_rail__type_support.cpp
[128.375s] -- Installing: /home/jetson/dobot-magician/install/dobot_msgs/include/dobot_msgs/dobot_msgs/action/detail/sliding_rail__rosidl_typesupport_introspection_cpp.hpp
[128.376s] -- Installing: /home/jetson/dobot-magician/install/dobot_msgs/include/dobot_msgs/dobot_msgs/action/detail/point_to_point__type_support.cpp
[128.376s] -- Installing: /home/jetson/dobot-magician/install/dobot_msgs/lib/libdobot_msgs__rosidl_typesupport_introspection_cpp.so
[128.376s] -- Set runtime path of "/home/jetson/dobot-magician/install/dobot_msgs/lib/libdobot_msgs__rosidl_typesupport_introspection_cpp.so" to ""
[128.376s] -- Installing: /home/jetson/dobot-magician/install/dobot_msgs/lib/libdobot_msgs__rosidl_typesupport_cpp.so
[128.376s] -- Set runtime path of "/home/jetson/dobot-magician/install/dobot_msgs/lib/libdobot_msgs__rosidl_typesupport_cpp.so" to ""
[128.376s] -- Installing: /home/jetson/dobot-magician/install/dobot_msgs/share/dobot_msgs/environment/pythonpath.sh
[128.376s] -- Installing: /home/jetson/dobot-magician/install/dobot_msgs/share/dobot_msgs/environment/pythonpath.dsv
[128.376s] -- Installing: /home/jetson/dobot-magician/install/dobot_msgs/local/lib/python3.10/dist-packages/dobot_msgs-1.0.0-py3.10.egg-info
[128.383s] -- Installing: /home/jetson/dobot-magician/install/dobot_msgs/local/lib/python3.10/dist-packages/dobot_msgs-1.0.0-py3.10.egg-info/SOURCES.txt
[128.383s] -- Installing: /home/jetson/dobot-magician/install/dobot_msgs/local/lib/python3.10/dist-packages/dobot_msgs-1.0.0-py3.10.egg-info/PKG-INFO
[128.383s] -- Installing: /home/jetson/dobot-magician/install/dobot_msgs/local/lib/python3.10/dist-packages/dobot_msgs-1.0.0-py3.10.egg-info/dependency_links.txt
[128.384s] -- Installing: /home/jetson/dobot-magician/install/dobot_msgs/local/lib/python3.10/dist-packages/dobot_msgs-1.0.0-py3.10.egg-info/top_level.txt
[128.384s] -- Installing: /home/jetson/dobot-magician/install/dobot_msgs/local/lib/python3.10/dist-packages/dobot_msgs
[128.384s] -- Installing: /home/jetson/dobot-magician/install/dobot_msgs/local/lib/python3.10/dist-packages/dobot_msgs/_dobot_msgs_s.ep.rosidl_typesupport_c.c
[128.384s] -- Installing: /home/jetson/dobot-magician/install/dobot_msgs/local/lib/python3.10/dist-packages/dobot_msgs/libdobot_msgs__rosidl_generator_py.so
[128.384s] -- Installing: /home/jetson/dobot-magician/install/dobot_msgs/local/lib/python3.10/dist-packages/dobot_msgs/_dobot_msgs_s.ep.rosidl_typesupport_fastrtps_c.c
[128.384s] -- Installing: /home/jetson/dobot-magician/install/dobot_msgs/local/lib/python3.10/dist-packages/dobot_msgs/dobot_msgs_s__rosidl_typesupport_c.cpython-310-aarch64-linux-gnu.so
[128.384s] -- Installing: /home/jetson/dobot-magician/install/dobot_msgs/local/lib/python3.10/dist-packages/dobot_msgs/msg
[128.384s] -- Installing: /home/jetson/dobot-magician/install/dobot_msgs/local/lib/python3.10/dist-packages/dobot_msgs/msg/_dobot_alarm_codes_s.c
[128.384s] -- Installing: /home/jetson/dobot-magician/install/dobot_msgs/local/lib/python3.10/dist-packages/dobot_msgs/msg/_gripper_status.py
[128.390s] -- Installing: /home/jetson/dobot-magician/install/dobot_msgs/local/lib/python3.10/dist-packages/dobot_msgs/msg/_gripper_status_s.c
[128.390s] -- Installing: /home/jetson/dobot-magician/install/dobot_msgs/local/lib/python3.10/dist-packages/dobot_msgs/msg/_dobot_alarm_codes.py
[128.391s] -- Installing: /home/jetson/dobot-magician/install/dobot_msgs/local/lib/python3.10/dist-packages/dobot_msgs/msg/__init__.py
[128.391s] -- Installing: /home/jetson/dobot-magician/install/dobot_msgs/local/lib/python3.10/dist-packages/dobot_msgs/srv
[128.391s] -- Installing: /home/jetson/dobot-magician/install/dobot_msgs/local/lib/python3.10/dist-packages/dobot_msgs/srv/_evaluate_ptp_trajectory_s.c
[128.391s] -- Installing: /home/jetson/dobot-magician/install/dobot_msgs/local/lib/python3.10/dist-packages/dobot_msgs/srv/_suction_cup_control.py
[128.391s] -- Installing: /home/jetson/dobot-magician/install/dobot_msgs/local/lib/python3.10/dist-packages/dobot_msgs/srv/_suction_cup_control_s.c
[128.391s] -- Installing: /home/jetson/dobot-magician/install/dobot_msgs/local/lib/python3.10/dist-packages/dobot_msgs/srv/_evaluate_ptp_trajectory.py
[128.392s] -- Installing: /home/jetson/dobot-magician/install/dobot_msgs/local/lib/python3.10/dist-packages/dobot_msgs/srv/_gripper_control_s.c
[128.392s] -- Installing: /home/jetson/dobot-magician/install/dobot_msgs/local/lib/python3.10/dist-packages/dobot_msgs/srv/_gripper_control.py
[128.392s] -- Installing: /home/jetson/dobot-magician/install/dobot_msgs/local/lib/python3.10/dist-packages/dobot_msgs/srv/_execute_homing_procedure.py
[128.392s] -- Installing: /home/jetson/dobot-magician/install/dobot_msgs/local/lib/python3.10/dist-packages/dobot_msgs/srv/_execute_homing_procedure_s.c
[128.393s] -- Installing: /home/jetson/dobot-magician/install/dobot_msgs/local/lib/python3.10/dist-packages/dobot_msgs/srv/__init__.py
[128.393s] -- Installing: /home/jetson/dobot-magician/install/dobot_msgs/local/lib/python3.10/dist-packages/dobot_msgs/_dobot_msgs_s.ep.rosidl_typesupport_introspection_c.c
[128.393s] -- Installing: /home/jetson/dobot-magician/install/dobot_msgs/local/lib/python3.10/dist-packages/dobot_msgs/dobot_msgs_s__rosidl_typesupport_fastrtps_c.cpython-310-aarch64-linux-gnu.so
[128.393s] -- Installing: /home/jetson/dobot-magician/install/dobot_msgs/local/lib/python3.10/dist-packages/dobot_msgs/action
[128.393s] -- Installing: /home/jetson/dobot-magician/install/dobot_msgs/local/lib/python3.10/dist-packages/dobot_msgs/action/_sliding_rail.py
[128.393s] -- Installing: /home/jetson/dobot-magician/install/dobot_msgs/local/lib/python3.10/dist-packages/dobot_msgs/action/_point_to_point_s.c
[128.394s] -- Installing: /home/jetson/dobot-magician/install/dobot_msgs/local/lib/python3.10/dist-packages/dobot_msgs/action/_sliding_rail_s.c
[128.394s] -- Installing: /home/jetson/dobot-magician/install/dobot_msgs/local/lib/python3.10/dist-packages/dobot_msgs/action/_point_to_point.py
[128.394s] -- Installing: /home/jetson/dobot-magician/install/dobot_msgs/local/lib/python3.10/dist-packages/dobot_msgs/action/__init__.py
[128.394s] -- Installing: /home/jetson/dobot-magician/install/dobot_msgs/local/lib/python3.10/dist-packages/dobot_msgs/__init__.py
[128.394s] -- Installing: /home/jetson/dobot-magician/install/dobot_msgs/local/lib/python3.10/dist-packages/dobot_msgs/dobot_msgs_s__rosidl_typesupport_introspection_c.cpython-310-aarch64-linux-gnu.so
[128.576s] Listing '/home/jetson/dobot-magician/install/dobot_msgs/local/lib/python3.10/dist-packages/dobot_msgs'...
[128.576s] Compiling '/home/jetson/dobot-magician/install/dobot_msgs/local/lib/python3.10/dist-packages/dobot_msgs/__init__.py'...
[128.576s] Listing '/home/jetson/dobot-magician/install/dobot_msgs/local/lib/python3.10/dist-packages/dobot_msgs/action'...
[128.576s] Compiling '/home/jetson/dobot-magician/install/dobot_msgs/local/lib/python3.10/dist-packages/dobot_msgs/action/__init__.py'...
[128.576s] Compiling '/home/jetson/dobot-magician/install/dobot_msgs/local/lib/python3.10/dist-packages/dobot_msgs/action/_point_to_point.py'...
[128.577s] Compiling '/home/jetson/dobot-magician/install/dobot_msgs/local/lib/python3.10/dist-packages/dobot_msgs/action/_sliding_rail.py'...
[128.577s] Listing '/home/jetson/dobot-magician/install/dobot_msgs/local/lib/python3.10/dist-packages/dobot_msgs/msg'...
[128.577s] Compiling '/home/jetson/dobot-magician/install/dobot_msgs/local/lib/python3.10/dist-packages/dobot_msgs/msg/__init__.py'...
[128.577s] Compiling '/home/jetson/dobot-magician/install/dobot_msgs/local/lib/python3.10/dist-packages/dobot_msgs/msg/_dobot_alarm_codes.py'...
[128.577s] Compiling '/home/jetson/dobot-magician/install/dobot_msgs/local/lib/python3.10/dist-packages/dobot_msgs/msg/_gripper_status.py'...
[128.577s] Listing '/home/jetson/dobot-magician/install/dobot_msgs/local/lib/python3.10/dist-packages/dobot_msgs/srv'...
[128.577s] Compiling '/home/jetson/dobot-magician/install/dobot_msgs/local/lib/python3.10/dist-packages/dobot_msgs/srv/__init__.py'...
[128.577s] Compiling '/home/jetson/dobot-magician/install/dobot_msgs/local/lib/python3.10/dist-packages/dobot_msgs/srv/_evaluate_ptp_trajectory.py'...
[128.577s] Compiling '/home/jetson/dobot-magician/install/dobot_msgs/local/lib/python3.10/dist-packages/dobot_msgs/srv/_execute_homing_procedure.py'...
[128.577s] Compiling '/home/jetson/dobot-magician/install/dobot_msgs/local/lib/python3.10/dist-packages/dobot_msgs/srv/_gripper_control.py'...
[128.578s] Compiling '/home/jetson/dobot-magician/install/dobot_msgs/local/lib/python3.10/dist-packages/dobot_msgs/srv/_suction_cup_control.py'...
[128.595s] -- Installing: /home/jetson/dobot-magician/install/dobot_msgs/local/lib/python3.10/dist-packages/dobot_msgs/dobot_msgs_s__rosidl_typesupport_fastrtps_c.cpython-310-aarch64-linux-gnu.so
[128.596s] -- Set runtime path of "/home/jetson/dobot-magician/install/dobot_msgs/local/lib/python3.10/dist-packages/dobot_msgs/dobot_msgs_s__rosidl_typesupport_fastrtps_c.cpython-310-aarch64-linux-gnu.so" to ""
[128.596s] -- Installing: /home/jetson/dobot-magician/install/dobot_msgs/local/lib/python3.10/dist-packages/dobot_msgs/dobot_msgs_s__rosidl_typesupport_introspection_c.cpython-310-aarch64-linux-gnu.so
[128.597s] -- Set runtime path of "/home/jetson/dobot-magician/install/dobot_msgs/local/lib/python3.10/dist-packages/dobot_msgs/dobot_msgs_s__rosidl_typesupport_introspection_c.cpython-310-aarch64-linux-gnu.so" to ""
[128.597s] -- Installing: /home/jetson/dobot-magician/install/dobot_msgs/local/lib/python3.10/dist-packages/dobot_msgs/dobot_msgs_s__rosidl_typesupport_c.cpython-310-aarch64-linux-gnu.so
[128.598s] -- Set runtime path of "/home/jetson/dobot-magician/install/dobot_msgs/local/lib/python3.10/dist-packages/dobot_msgs/dobot_msgs_s__rosidl_typesupport_c.cpython-310-aarch64-linux-gnu.so" to ""
[128.598s] -- Installing: /home/jetson/dobot-magician/install/dobot_msgs/lib/libdobot_msgs__rosidl_generator_py.so
[128.599s] -- Set runtime path of "/home/jetson/dobot-magician/install/dobot_msgs/lib/libdobot_msgs__rosidl_generator_py.so" to ""
[128.599s] -- Installing: /home/jetson/dobot-magician/install/dobot_msgs/share/ament_index/resource_index/rust_packages/dobot_msgs
[128.600s] -- Installing: /home/jetson/dobot-magician/install/dobot_msgs/share/dobot_msgs/rust
[128.600s] -- Installing: /home/jetson/dobot-magician/install/dobot_msgs/share/dobot_msgs/rust/Cargo.toml
[128.600s] -- Installing: /home/jetson/dobot-magician/install/dobot_msgs/share/dobot_msgs/rust/build.rs
[128.601s] -- Installing: /home/jetson/dobot-magician/install/dobot_msgs/share/dobot_msgs/rust/src
[128.601s] -- Installing: /home/jetson/dobot-magician/install/dobot_msgs/share/dobot_msgs/rust/src/msg
[128.602s] -- Installing: /home/jetson/dobot-magician/install/dobot_msgs/share/dobot_msgs/rust/src/msg/rmw.rs
[128.602s] -- Installing: /home/jetson/dobot-magician/install/dobot_msgs/share/dobot_msgs/rust/src/srv
[128.602s] -- Installing: /home/jetson/dobot-magician/install/dobot_msgs/share/dobot_msgs/rust/src/srv/rmw.rs
[128.603s] -- Installing: /home/jetson/dobot-magician/install/dobot_msgs/share/dobot_msgs/rust/src/action
[128.603s] -- Installing: /home/jetson/dobot-magician/install/dobot_msgs/share/dobot_msgs/rust/src/action/rmw.rs
[128.604s] -- Installing: /home/jetson/dobot-magician/install/dobot_msgs/share/dobot_msgs/rust/src/action.rs
[128.604s] -- Installing: /home/jetson/dobot-magician/install/dobot_msgs/share/dobot_msgs/rust/src/srv.rs
[128.605s] -- Installing: /home/jetson/dobot-magician/install/dobot_msgs/share/dobot_msgs/rust/src/lib.rs
[128.612s] -- Installing: /home/jetson/dobot-magician/install/dobot_msgs/share/dobot_msgs/rust/src/msg.rs
[128.613s] -- Installing: /home/jetson/dobot-magician/install/dobot_msgs/share/dobot_msgs/action/PointToPoint.idl
[128.613s] -- Installing: /home/jetson/dobot-magician/install/dobot_msgs/share/dobot_msgs/action/SlidingRail.idl
[128.614s] -- Installing: /home/jetson/dobot-magician/install/dobot_msgs/share/dobot_msgs/msg/DobotAlarmCodes.idl
[128.614s] -- Installing: /home/jetson/dobot-magician/install/dobot_msgs/share/dobot_msgs/msg/GripperStatus.idl
[128.615s] -- Installing: /home/jetson/dobot-magician/install/dobot_msgs/share/dobot_msgs/srv/EvaluatePTPTrajectory.idl
[128.615s] -- Installing: /home/jetson/dobot-magician/install/dobot_msgs/share/dobot_msgs/srv/ExecuteHomingProcedure.idl
[128.616s] -- Installing: /home/jetson/dobot-magician/install/dobot_msgs/share/dobot_msgs/srv/GripperControl.idl
[128.616s] -- Installing: /home/jetson/dobot-magician/install/dobot_msgs/share/dobot_msgs/srv/SuctionCupControl.idl
[128.617s] -- Installing: /home/jetson/dobot-magician/install/dobot_msgs/share/dobot_msgs/action/PointToPoint.action
[128.617s] -- Installing: /home/jetson/dobot-magician/install/dobot_msgs/share/dobot_msgs/action/SlidingRail.action
[128.618s] -- Installing: /home/jetson/dobot-magician/install/dobot_msgs/share/dobot_msgs/msg/DobotAlarmCodes.msg
[128.618s] -- Installing: /home/jetson/dobot-magician/install/dobot_msgs/share/dobot_msgs/msg/GripperStatus.msg
[128.619s] -- Installing: /home/jetson/dobot-magician/install/dobot_msgs/share/dobot_msgs/srv/EvaluatePTPTrajectory.srv
[128.619s] -- Installing: /home/jetson/dobot-magician/install/dobot_msgs/share/dobot_msgs/srv/EvaluatePTPTrajectory_Request.msg
[128.619s] -- Installing: /home/jetson/dobot-magician/install/dobot_msgs/share/dobot_msgs/srv/EvaluatePTPTrajectory_Response.msg
[128.620s] -- Installing: /home/jetson/dobot-magician/install/dobot_msgs/share/dobot_msgs/srv/ExecuteHomingProcedure.srv
[128.620s] -- Installing: /home/jetson/dobot-magician/install/dobot_msgs/share/dobot_msgs/srv/ExecuteHomingProcedure_Request.msg
[128.621s] -- Installing: /home/jetson/dobot-magician/install/dobot_msgs/share/dobot_msgs/srv/ExecuteHomingProcedure_Response.msg
[128.621s] -- Installing: /home/jetson/dobot-magician/install/dobot_msgs/share/dobot_msgs/srv/GripperControl.srv
[128.622s] -- Installing: /home/jetson/dobot-magician/install/dobot_msgs/share/dobot_msgs/srv/GripperControl_Request.msg
[128.622s] -- Installing: /home/jetson/dobot-magician/install/dobot_msgs/share/dobot_msgs/srv/GripperControl_Response.msg
[128.623s] -- Installing: /home/jetson/dobot-magician/install/dobot_msgs/share/dobot_msgs/srv/SuctionCupControl.srv
[128.623s] -- Installing: /home/jetson/dobot-magician/install/dobot_msgs/share/dobot_msgs/srv/SuctionCupControl_Request.msg
[128.624s] -- Installing: /home/jetson/dobot-magician/install/dobot_msgs/share/dobot_msgs/srv/SuctionCupControl_Response.msg
[128.624s] -- Installing: /home/jetson/dobot-magician/install/dobot_msgs/share/ament_index/resource_index/package_run_dependencies/dobot_msgs
[128.625s] -- Installing: /home/jetson/dobot-magician/install/dobot_msgs/share/ament_index/resource_index/parent_prefix_path/dobot_msgs
[128.625s] -- Installing: /home/jetson/dobot-magician/install/dobot_msgs/share/dobot_msgs/environment/ament_prefix_path.sh
[128.626s] -- Installing: /home/jetson/dobot-magician/install/dobot_msgs/share/dobot_msgs/environment/ament_prefix_path.dsv
[128.626s] -- Installing: /home/jetson/dobot-magician/install/dobot_msgs/share/dobot_msgs/environment/path.sh
[128.627s] -- Installing: /home/jetson/dobot-magician/install/dobot_msgs/share/dobot_msgs/environment/path.dsv
[128.627s] -- Installing: /home/jetson/dobot-magician/install/dobot_msgs/share/dobot_msgs/local_setup.bash
[128.628s] -- Installing: /home/jetson/dobot-magician/install/dobot_msgs/share/dobot_msgs/local_setup.sh
[128.628s] -- Installing: /home/jetson/dobot-magician/install/dobot_msgs/share/dobot_msgs/local_setup.zsh
[128.628s] -- Installing: /home/jetson/dobot-magician/install/dobot_msgs/share/dobot_msgs/local_setup.dsv
[128.628s] -- Installing: /home/jetson/dobot-magician/install/dobot_msgs/share/dobot_msgs/package.dsv
[128.629s] -- Installing: /home/jetson/dobot-magician/install/dobot_msgs/share/ament_index/resource_index/packages/dobot_msgs
[128.629s] -- Installing: /home/jetson/dobot-magician/install/dobot_msgs/share/dobot_msgs/cmake/export_dobot_msgs__rosidl_generator_cExport.cmake
[128.629s] -- Installing: /home/jetson/dobot-magician/install/dobot_msgs/share/dobot_msgs/cmake/export_dobot_msgs__rosidl_generator_cExport-noconfig.cmake
[128.630s] -- Installing: /home/jetson/dobot-magician/install/dobot_msgs/share/dobot_msgs/cmake/export_dobot_msgs__rosidl_typesupport_fastrtps_cExport.cmake
[128.630s] -- Installing: /home/jetson/dobot-magician/install/dobot_msgs/share/dobot_msgs/cmake/export_dobot_msgs__rosidl_typesupport_fastrtps_cExport-noconfig.cmake
[128.630s] -- Installing: /home/jetson/dobot-magician/install/dobot_msgs/share/dobot_msgs/cmake/dobot_msgs__rosidl_typesupport_introspection_cExport.cmake
[128.631s] -- Installing: /home/jetson/dobot-magician/install/dobot_msgs/share/dobot_msgs/cmake/dobot_msgs__rosidl_typesupport_introspection_cExport-noconfig.cmake
[128.631s] -- Installing: /home/jetson/dobot-magician/install/dobot_msgs/share/dobot_msgs/cmake/dobot_msgs__rosidl_typesupport_cExport.cmake
[128.631s] -- Installing: /home/jetson/dobot-magician/install/dobot_msgs/share/dobot_msgs/cmake/dobot_msgs__rosidl_typesupport_cExport-noconfig.cmake
[128.632s] -- Installing: /home/jetson/dobot-magician/install/dobot_msgs/share/dobot_msgs/cmake/export_dobot_msgs__rosidl_generator_cppExport.cmake
[128.632s] -- Installing: /home/jetson/dobot-magician/install/dobot_msgs/share/dobot_msgs/cmake/export_dobot_msgs__rosidl_typesupport_fastrtps_cppExport.cmake
[128.632s] -- Installing: /home/jetson/dobot-magician/install/dobot_msgs/share/dobot_msgs/cmake/export_dobot_msgs__rosidl_typesupport_fastrtps_cppExport-noconfig.cmake
[128.633s] -- Installing: /home/jetson/dobot-magician/install/dobot_msgs/share/dobot_msgs/cmake/dobot_msgs__rosidl_typesupport_introspection_cppExport.cmake
[128.633s] -- Installing: /home/jetson/dobot-magician/install/dobot_msgs/share/dobot_msgs/cmake/dobot_msgs__rosidl_typesupport_introspection_cppExport-noconfig.cmake
[128.633s] -- Installing: /home/jetson/dobot-magician/install/dobot_msgs/share/dobot_msgs/cmake/dobot_msgs__rosidl_typesupport_cppExport.cmake
[128.633s] -- Installing: /home/jetson/dobot-magician/install/dobot_msgs/share/dobot_msgs/cmake/dobot_msgs__rosidl_typesupport_cppExport-noconfig.cmake
[128.634s] -- Installing: /home/jetson/dobot-magician/install/dobot_msgs/share/dobot_msgs/cmake/export_dobot_msgs__rosidl_generator_pyExport.cmake
[128.634s] -- Installing: /home/jetson/dobot-magician/install/dobot_msgs/share/dobot_msgs/cmake/export_dobot_msgs__rosidl_generator_pyExport-noconfig.cmake
[128.634s] -- Installing: /home/jetson/dobot-magician/install/dobot_msgs/share/dobot_msgs/cmake/rosidl_cmake-extras.cmake
[128.635s] -- Installing: /home/jetson/dobot-magician/install/dobot_msgs/share/dobot_msgs/cmake/ament_cmake_export_dependencies-extras.cmake
[128.635s] -- Installing: /home/jetson/dobot-magician/install/dobot_msgs/share/dobot_msgs/cmake/ament_cmake_export_include_directories-extras.cmake
[128.636s] -- Installing: /home/jetson/dobot-magician/install/dobot_msgs/share/dobot_msgs/cmake/ament_cmake_export_libraries-extras.cmake
[128.636s] -- Installing: /home/jetson/dobot-magician/install/dobot_msgs/share/dobot_msgs/cmake/ament_cmake_export_targets-extras.cmake
[128.636s] -- Installing: /home/jetson/dobot-magician/install/dobot_msgs/share/dobot_msgs/cmake/rosidl_cmake_export_typesupport_targets-extras.cmake
[128.636s] -- Installing: /home/jetson/dobot-magician/install/dobot_msgs/share/dobot_msgs/cmake/rosidl_cmake_export_typesupport_libraries-extras.cmake
[128.637s] -- Installing: /home/jetson/dobot-magician/install/dobot_msgs/share/dobot_msgs/cmake/dobot_msgsConfig.cmake
[128.637s] -- Installing: /home/jetson/dobot-magician/install/dobot_msgs/share/dobot_msgs/cmake/dobot_msgsConfig-version.cmake
[128.637s] -- Installing: /home/jetson/dobot-magician/install/dobot_msgs/share/dobot_msgs/package.xml
[128.652s] Invoked command in '/home/jetson/dobot-magician/build/dobot_msgs' returned '0': CMAKE_PREFIX_PATH=${CMAKE_PREFIX_PATH}:/home/jetson/AGV-2026/install/yolo_object_detect:/home/jetson/AGV-2026/install/ddsm115_controller:/home/jetson/AGV-2026/install/wit_ros2_imu:/home/jetson/AGV-2026/install/motor_control_tools:/opt/ros/humble /usr/bin/cmake --install /home/jetson/dobot-magician/build/dobot_msgs
