/home/jetson/dobot-magician/install/dobot_web_interface/lib/python3.10/site-packages/dobot_web_interface/web_interface.py
/home/jetson/dobot-magician/install/dobot_web_interface/lib/python3.10/site-packages/dobot_web_interface/__init__.py
/home/jetson/dobot-magician/install/dobot_web_interface/lib/python3.10/site-packages/dobot_web_interface/static/index.html
/home/jetson/dobot-magician/install/dobot_web_interface/lib/python3.10/site-packages/dobot_web_interface/static/styles.css
/home/jetson/dobot-magician/install/dobot_web_interface/lib/python3.10/site-packages/dobot_web_interface/static/app.js
/home/jetson/dobot-magician/install/dobot_web_interface/lib/python3.10/site-packages/dobot_web_interface/__pycache__/web_interface.cpython-310.pyc
/home/jetson/dobot-magician/install/dobot_web_interface/lib/python3.10/site-packages/dobot_web_interface/__pycache__/__init__.cpython-310.pyc
/home/jetson/dobot-magician/install/dobot_web_interface/share/ament_index/resource_index/packages/dobot_web_interface
/home/jetson/dobot-magician/install/dobot_web_interface/share/dobot_web_interface/package.xml
/home/jetson/dobot-magician/install/dobot_web_interface/share/dobot_web_interface/README.md
/home/jetson/dobot-magician/install/dobot_web_interface/share/dobot_web_interface/launch/dobot_web_interface.launch.py
/home/jetson/dobot-magician/install/dobot_web_interface/share/dobot_web_interface/launch/dobot_auto.launch.py
/home/jetson/dobot-magician/install/dobot_web_interface/lib/python3.10/site-packages/dobot_web_interface-1.0.0-py3.10.egg-info/entry_points.txt
/home/jetson/dobot-magician/install/dobot_web_interface/lib/python3.10/site-packages/dobot_web_interface-1.0.0-py3.10.egg-info/requires.txt
/home/jetson/dobot-magician/install/dobot_web_interface/lib/python3.10/site-packages/dobot_web_interface-1.0.0-py3.10.egg-info/SOURCES.txt
/home/jetson/dobot-magician/install/dobot_web_interface/lib/python3.10/site-packages/dobot_web_interface-1.0.0-py3.10.egg-info/zip-safe
/home/jetson/dobot-magician/install/dobot_web_interface/lib/python3.10/site-packages/dobot_web_interface-1.0.0-py3.10.egg-info/PKG-INFO
/home/jetson/dobot-magician/install/dobot_web_interface/lib/python3.10/site-packages/dobot_web_interface-1.0.0-py3.10.egg-info/dependency_links.txt
/home/jetson/dobot-magician/install/dobot_web_interface/lib/python3.10/site-packages/dobot_web_interface-1.0.0-py3.10.egg-info/top_level.txt
/home/jetson/dobot-magician/install/dobot_web_interface/lib/dobot_web_interface/web_interface
