running egg_info
creating ../../../build/dobot_web_interface/dobot_web_interface.egg-info
writing ../../../build/dobot_web_interface/dobot_web_interface.egg-info/PKG-INFO
writing dependency_links to ../../../build/dobot_web_interface/dobot_web_interface.egg-info/dependency_links.txt
writing entry points to ../../../build/dobot_web_interface/dobot_web_interface.egg-info/entry_points.txt
writing requirements to ../../../build/dobot_web_interface/dobot_web_interface.egg-info/requires.txt
writing top-level names to ../../../build/dobot_web_interface/dobot_web_interface.egg-info/top_level.txt
writing manifest file '../../../build/dobot_web_interface/dobot_web_interface.egg-info/SOURCES.txt'
reading manifest file '../../../build/dobot_web_interface/dobot_web_interface.egg-info/SOURCES.txt'
writing manifest file '../../../build/dobot_web_interface/dobot_web_interface.egg-info/SOURCES.txt'
running build
running build_py
creating /home/jetson/dobot-magician/build/dobot_web_interface/build
creating /home/jetson/dobot-magician/build/dobot_web_interface/build/lib
creating /home/jetson/dobot-magician/build/dobot_web_interface/build/lib/dobot_web_interface
copying dobot_web_interface/web_interface.py -> /home/jetson/dobot-magician/build/dobot_web_interface/build/lib/dobot_web_interface
copying dobot_web_interface/__init__.py -> /home/jetson/dobot-magician/build/dobot_web_interface/build/lib/dobot_web_interface
creating /home/jetson/dobot-magician/build/dobot_web_interface/build/lib/dobot_web_interface/static
copying dobot_web_interface/static/index.html -> /home/jetson/dobot-magician/build/dobot_web_interface/build/lib/dobot_web_interface/static
copying dobot_web_interface/static/styles.css -> /home/jetson/dobot-magician/build/dobot_web_interface/build/lib/dobot_web_interface/static
copying dobot_web_interface/static/app.js -> /home/jetson/dobot-magician/build/dobot_web_interface/build/lib/dobot_web_interface/static
running install
running install_lib
creating /home/jetson/dobot-magician/install/dobot_web_interface/lib/python3.10/site-packages/dobot_web_interface
creating /home/jetson/dobot-magician/install/dobot_web_interface/lib/python3.10/site-packages/dobot_web_interface/static
copying /home/jetson/dobot-magician/build/dobot_web_interface/build/lib/dobot_web_interface/static/index.html -> /home/jetson/dobot-magician/install/dobot_web_interface/lib/python3.10/site-packages/dobot_web_interface/static
copying /home/jetson/dobot-magician/build/dobot_web_interface/build/lib/dobot_web_interface/static/styles.css -> /home/jetson/dobot-magician/install/dobot_web_interface/lib/python3.10/site-packages/dobot_web_interface/static
copying /home/jetson/dobot-magician/build/dobot_web_interface/build/lib/dobot_web_interface/static/app.js -> /home/jetson/dobot-magician/install/dobot_web_interface/lib/python3.10/site-packages/dobot_web_interface/static
copying /home/jetson/dobot-magician/build/dobot_web_interface/build/lib/dobot_web_interface/web_interface.py -> /home/jetson/dobot-magician/install/dobot_web_interface/lib/python3.10/site-packages/dobot_web_interface
copying /home/jetson/dobot-magician/build/dobot_web_interface/build/lib/dobot_web_interface/__init__.py -> /home/jetson/dobot-magician/install/dobot_web_interface/lib/python3.10/site-packages/dobot_web_interface
byte-compiling /home/jetson/dobot-magician/install/dobot_web_interface/lib/python3.10/site-packages/dobot_web_interface/web_interface.py to web_interface.cpython-310.pyc
byte-compiling /home/jetson/dobot-magician/install/dobot_web_interface/lib/python3.10/site-packages/dobot_web_interface/__init__.py to __init__.cpython-310.pyc
running install_data
creating /home/jetson/dobot-magician/install/dobot_web_interface/share/ament_index
creating /home/jetson/dobot-magician/install/dobot_web_interface/share/ament_index/resource_index
creating /home/jetson/dobot-magician/install/dobot_web_interface/share/ament_index/resource_index/packages
copying resource/dobot_web_interface -> /home/jetson/dobot-magician/install/dobot_web_interface/share/ament_index/resource_index/packages
copying package.xml -> /home/jetson/dobot-magician/install/dobot_web_interface/share/dobot_web_interface
creating /home/jetson/dobot-magician/install/dobot_web_interface/share/dobot_web_interface/launch
copying launch/dobot_web_interface.launch.py -> /home/jetson/dobot-magician/install/dobot_web_interface/share/dobot_web_interface/launch
running install_egg_info
Copying ../../../build/dobot_web_interface/dobot_web_interface.egg-info to /home/jetson/dobot-magician/install/dobot_web_interface/lib/python3.10/site-packages/dobot_web_interface-1.0.0-py3.10.egg-info
running install_scripts
Installing web_interface script to /home/jetson/dobot-magician/install/dobot_web_interface/lib/dobot_web_interface
writing list of installed files to '/home/jetson/dobot-magician/build/dobot_web_interface/install.log'
