[61.015s] Invoking command in '/home/jetson/dobot-magician/src/magician_ros2/dobot_web_interface': AMENT_PREFIX_PATH=/home/jetson/dobot-magician/install/dobot_msgs:${AMENT_PREFIX_PATH} CMAKE_PREFIX_PATH=/home/jetson/dobot-magician/install/dobot_msgs:${CMAKE_PREFIX_PATH} LD_LIBRARY_PATH=/home/jetson/dobot-magician/install/dobot_msgs/lib:${LD_LIBRARY_PATH} PYTHONPATH=/home/jetson/dobot-magician/build/dobot_web_interface/prefix_override:/usr/lib/python3/dist-packages/colcon_core/task/python/colcon_distutils_commands:/home/jetson/dobot-magician/install/dobot_web_interface/lib/python3.10/site-packages:/home/jetson/dobot-magician/install/dobot_msgs/local/lib/python3.10/dist-packages:${PYTHONPATH} /usr/bin/python3 -W ignore:setup.py install is deprecated -W ignore:easy_install command is deprecated setup.py egg_info --egg-base ../../../build/dobot_web_interface build --build-base /home/jetson/dobot-magician/build/dobot_web_interface/build install --record /home/jetson/dobot-magician/build/dobot_web_interface/install.log --single-version-externally-managed install_data
[61.666s] running egg_info
[61.667s] creating ../../../build/dobot_web_interface/dobot_web_interface.egg-info
[61.667s] writing ../../../build/dobot_web_interface/dobot_web_interface.egg-info/PKG-INFO
[61.668s] writing dependency_links to ../../../build/dobot_web_interface/dobot_web_interface.egg-info/dependency_links.txt
[61.668s] writing entry points to ../../../build/dobot_web_interface/dobot_web_interface.egg-info/entry_points.txt
[61.669s] writing requirements to ../../../build/dobot_web_interface/dobot_web_interface.egg-info/requires.txt
[61.669s] writing top-level names to ../../../build/dobot_web_interface/dobot_web_interface.egg-info/top_level.txt
[61.669s] writing manifest file '../../../build/dobot_web_interface/dobot_web_interface.egg-info/SOURCES.txt'
[61.673s] reading manifest file '../../../build/dobot_web_interface/dobot_web_interface.egg-info/SOURCES.txt'
[61.674s] writing manifest file '../../../build/dobot_web_interface/dobot_web_interface.egg-info/SOURCES.txt'
[61.675s] running build
[61.675s] running build_py
[61.675s] creating /home/jetson/dobot-magician/build/dobot_web_interface/build
[61.675s] creating /home/jetson/dobot-magician/build/dobot_web_interface/build/lib
[61.675s] creating /home/jetson/dobot-magician/build/dobot_web_interface/build/lib/dobot_web_interface
[61.676s] copying dobot_web_interface/web_interface.py -> /home/jetson/dobot-magician/build/dobot_web_interface/build/lib/dobot_web_interface
[61.676s] copying dobot_web_interface/__init__.py -> /home/jetson/dobot-magician/build/dobot_web_interface/build/lib/dobot_web_interface
[61.676s] creating /home/jetson/dobot-magician/build/dobot_web_interface/build/lib/dobot_web_interface/static
[61.676s] copying dobot_web_interface/static/index.html -> /home/jetson/dobot-magician/build/dobot_web_interface/build/lib/dobot_web_interface/static
[61.677s] copying dobot_web_interface/static/styles.css -> /home/jetson/dobot-magician/build/dobot_web_interface/build/lib/dobot_web_interface/static
[61.677s] copying dobot_web_interface/static/app.js -> /home/jetson/dobot-magician/build/dobot_web_interface/build/lib/dobot_web_interface/static
[61.680s] running install
[61.680s] running install_lib
[61.681s] creating /home/jetson/dobot-magician/install/dobot_web_interface/lib/python3.10/site-packages/dobot_web_interface
[61.681s] creating /home/jetson/dobot-magician/install/dobot_web_interface/lib/python3.10/site-packages/dobot_web_interface/static
[61.681s] copying /home/jetson/dobot-magician/build/dobot_web_interface/build/lib/dobot_web_interface/static/index.html -> /home/jetson/dobot-magician/install/dobot_web_interface/lib/python3.10/site-packages/dobot_web_interface/static
[61.681s] copying /home/jetson/dobot-magician/build/dobot_web_interface/build/lib/dobot_web_interface/static/styles.css -> /home/jetson/dobot-magician/install/dobot_web_interface/lib/python3.10/site-packages/dobot_web_interface/static
[61.681s] copying /home/jetson/dobot-magician/build/dobot_web_interface/build/lib/dobot_web_interface/static/app.js -> /home/jetson/dobot-magician/install/dobot_web_interface/lib/python3.10/site-packages/dobot_web_interface/static
[61.681s] copying /home/jetson/dobot-magician/build/dobot_web_interface/build/lib/dobot_web_interface/web_interface.py -> /home/jetson/dobot-magician/install/dobot_web_interface/lib/python3.10/site-packages/dobot_web_interface
[61.682s] copying /home/jetson/dobot-magician/build/dobot_web_interface/build/lib/dobot_web_interface/__init__.py -> /home/jetson/dobot-magician/install/dobot_web_interface/lib/python3.10/site-packages/dobot_web_interface
[61.682s] byte-compiling /home/jetson/dobot-magician/install/dobot_web_interface/lib/python3.10/site-packages/dobot_web_interface/web_interface.py to web_interface.cpython-310.pyc
[61.689s] byte-compiling /home/jetson/dobot-magician/install/dobot_web_interface/lib/python3.10/site-packages/dobot_web_interface/__init__.py to __init__.cpython-310.pyc
[61.689s] running install_data
[61.689s] creating /home/jetson/dobot-magician/install/dobot_web_interface/share/ament_index
[61.689s] creating /home/jetson/dobot-magician/install/dobot_web_interface/share/ament_index/resource_index
[61.690s] creating /home/jetson/dobot-magician/install/dobot_web_interface/share/ament_index/resource_index/packages
[61.690s] copying resource/dobot_web_interface -> /home/jetson/dobot-magician/install/dobot_web_interface/share/ament_index/resource_index/packages
[61.690s] copying package.xml -> /home/jetson/dobot-magician/install/dobot_web_interface/share/dobot_web_interface
[61.690s] creating /home/jetson/dobot-magician/install/dobot_web_interface/share/dobot_web_interface/launch
[61.690s] copying launch/dobot_web_interface.launch.py -> /home/jetson/dobot-magician/install/dobot_web_interface/share/dobot_web_interface/launch
[61.691s] running install_egg_info
[61.696s] Copying ../../../build/dobot_web_interface/dobot_web_interface.egg-info to /home/jetson/dobot-magician/install/dobot_web_interface/lib/python3.10/site-packages/dobot_web_interface-1.0.0-py3.10.egg-info
[61.702s] running install_scripts
[61.739s] Installing web_interface script to /home/jetson/dobot-magician/install/dobot_web_interface/lib/dobot_web_interface
[61.740s] writing list of installed files to '/home/jetson/dobot-magician/build/dobot_web_interface/install.log'
[61.828s] Invoked command in '/home/jetson/dobot-magician/src/magician_ros2/dobot_web_interface' returned '0': AMENT_PREFIX_PATH=/home/jetson/dobot-magician/install/dobot_msgs:${AMENT_PREFIX_PATH} CMAKE_PREFIX_PATH=/home/jetson/dobot-magician/install/dobot_msgs:${CMAKE_PREFIX_PATH} LD_LIBRARY_PATH=/home/jetson/dobot-magician/install/dobot_msgs/lib:${LD_LIBRARY_PATH} PYTHONPATH=/home/jetson/dobot-magician/build/dobot_web_interface/prefix_override:/usr/lib/python3/dist-packages/colcon_core/task/python/colcon_distutils_commands:/home/jetson/dobot-magician/install/dobot_web_interface/lib/python3.10/site-packages:/home/jetson/dobot-magician/install/dobot_msgs/local/lib/python3.10/dist-packages:${PYTHONPATH} /usr/bin/python3 -W ignore:setup.py install is deprecated -W ignore:easy_install command is deprecated setup.py egg_info --egg-base ../../../build/dobot_web_interface build --build-base /home/jetson/dobot-magician/build/dobot_web_interface/build install --record /home/jetson/dobot-magician/build/dobot_web_interface/install.log --single-version-externally-managed install_data
