[2.762s] Invoking command in '/home/jetson/dobot-magician/src/magician_ros2/dobot_state_updater': AMENT_PREFIX_PATH=/home/jetson/dobot-magician/install/dobot_msgs:${AMENT_PREFIX_PATH} CMAKE_PREFIX_PATH=/home/jetson/dobot-magician/install/dobot_msgs:${CMAKE_PREFIX_PATH} LD_LIBRARY_PATH=/home/jetson/dobot-magician/install/dobot_msgs/lib:${LD_LIBRARY_PATH} PYTHONPATH=/home/jetson/dobot-magician/build/dobot_state_updater/prefix_override:/usr/lib/python3/dist-packages/colcon_core/task/python/colcon_distutils_commands:/home/jetson/dobot-magician/install/dobot_state_updater/lib/python3.10/site-packages:/home/jetson/dobot-magician/install/dobot_msgs/local/lib/python3.10/dist-packages:${PYTHONPATH} /usr/bin/python3 -W ignore:setup.py install is deprecated -W ignore:easy_install command is deprecated setup.py egg_info --egg-base ../../../build/dobot_state_updater build --build-base /home/jetson/dobot-magician/build/dobot_state_updater/build install --record /home/jetson/dobot-magician/build/dobot_state_updater/install.log --single-version-externally-managed install_data
[3.567s] running egg_info
[3.587s] writing ../../../build/dobot_state_updater/dobot_state_updater.egg-info/PKG-INFO
[3.588s] writing dependency_links to ../../../build/dobot_state_updater/dobot_state_updater.egg-info/dependency_links.txt
[3.588s] writing entry points to ../../../build/dobot_state_updater/dobot_state_updater.egg-info/entry_points.txt
[3.588s] writing requirements to ../../../build/dobot_state_updater/dobot_state_updater.egg-info/requires.txt
[3.588s] writing top-level names to ../../../build/dobot_state_updater/dobot_state_updater.egg-info/top_level.txt
[3.588s] reading manifest file '../../../build/dobot_state_updater/dobot_state_updater.egg-info/SOURCES.txt'
[3.589s] writing manifest file '../../../build/dobot_state_updater/dobot_state_updater.egg-info/SOURCES.txt'
[3.589s] running build
[3.590s] running build_py
[3.590s] running install
[3.591s] running install_lib
[3.594s] running install_data
[3.595s] running install_egg_info
[3.599s] removing '/home/jetson/dobot-magician/install/dobot_state_updater/lib/python3.10/site-packages/dobot_state_updater-1.0.0-py3.10.egg-info' (and everything under it)
[3.600s] Copying ../../../build/dobot_state_updater/dobot_state_updater.egg-info to /home/jetson/dobot-magician/install/dobot_state_updater/lib/python3.10/site-packages/dobot_state_updater-1.0.0-py3.10.egg-info
[3.603s] running install_scripts
[3.646s] Installing state_publisher script to /home/jetson/dobot-magician/install/dobot_state_updater/lib/dobot_state_updater
[3.647s] writing list of installed files to '/home/jetson/dobot-magician/build/dobot_state_updater/install.log'
[3.729s] Invoked command in '/home/jetson/dobot-magician/src/magician_ros2/dobot_state_updater' returned '0': AMENT_PREFIX_PATH=/home/jetson/dobot-magician/install/dobot_msgs:${AMENT_PREFIX_PATH} CMAKE_PREFIX_PATH=/home/jetson/dobot-magician/install/dobot_msgs:${CMAKE_PREFIX_PATH} LD_LIBRARY_PATH=/home/jetson/dobot-magician/install/dobot_msgs/lib:${LD_LIBRARY_PATH} PYTHONPATH=/home/jetson/dobot-magician/build/dobot_state_updater/prefix_override:/usr/lib/python3/dist-packages/colcon_core/task/python/colcon_distutils_commands:/home/jetson/dobot-magician/install/dobot_state_updater/lib/python3.10/site-packages:/home/jetson/dobot-magician/install/dobot_msgs/local/lib/python3.10/dist-packages:${PYTHONPATH} /usr/bin/python3 -W ignore:setup.py install is deprecated -W ignore:easy_install command is deprecated setup.py egg_info --egg-base ../../../build/dobot_state_updater build --build-base /home/jetson/dobot-magician/build/dobot_state_updater/build install --record /home/jetson/dobot-magician/build/dobot_state_updater/install.log --single-version-externally-managed install_data
