[0.127s] Invoking command in '/home/jetson/dobot-magician/build/dobot_msgs': CMAKE_PREFIX_PATH=${CMAKE_PREFIX_PATH}:/home/jetson/AGV-2026/install/yolo_object_detect:/home/jetson/AGV-2026/install/ddsm115_controller:/home/jetson/AGV-2026/install/wit_ros2_imu:/home/jetson/AGV-2026/install/motor_control_tools:/opt/ros/humble /usr/bin/cmake --build /home/jetson/dobot-magician/build/dobot_msgs -- -j6 -l6
[2.956s] [  1%] Built target dobot_msgs__rs
[2.956s] [  1%] Built target ament_cmake_python_copy_dobot_msgs
[2.957s] [  2%] Built target dobot_msgs__cpp
[2.957s] running egg_info
[2.957s] writing dobot_msgs.egg-info/PKG-INFO
[2.957s] writing dependency_links to dobot_msgs.egg-info/dependency_links.txt
[2.957s] writing top-level names to dobot_msgs.egg-info/top_level.txt
[2.957s] reading manifest file 'dobot_msgs.egg-info/SOURCES.txt'
[2.957s] writing manifest file 'dobot_msgs.egg-info/SOURCES.txt'
[2.957s] [  2%] Built target ament_cmake_python_build_dobot_msgs_egg
[2.957s] [ 13%] Built target dobot_msgs__rosidl_typesupport_cpp
[2.958s] [ 25%] Built target dobot_msgs__rosidl_typesupport_introspection_cpp
[2.958s] [ 36%] Built target dobot_msgs__rosidl_typesupport_fastrtps_cpp
[2.958s] [ 47%] Built target dobot_msgs__rosidl_generator_c
[2.958s] [ 59%] Built target dobot_msgs__rosidl_typesupport_fastrtps_c
[2.958s] [ 70%] Built target dobot_msgs__rosidl_typesupport_c
[2.958s] [ 81%] Built target dobot_msgs__rosidl_typesupport_introspection_c
[2.958s] [ 81%] Built target dobot_msgs
[2.958s] [ 82%] Built target dobot_msgs__py
[2.958s] [ 93%] Built target dobot_msgs__rosidl_generator_py
[2.959s] [ 95%] Built target dobot_msgs__rosidl_typesupport_fastrtps_c__pyext
[2.959s] [ 97%] Built target dobot_msgs__rosidl_typesupport_c__pyext
[2.959s] [100%] Built target dobot_msgs__rosidl_typesupport_introspection_c__pyext
[2.959s] Invoked command in '/home/jetson/dobot-magician/build/dobot_msgs' returned '0': CMAKE_PREFIX_PATH=${CMAKE_PREFIX_PATH}:/home/jetson/AGV-2026/install/yolo_object_detect:/home/jetson/AGV-2026/install/ddsm115_controller:/home/jetson/AGV-2026/install/wit_ros2_imu:/home/jetson/AGV-2026/install/motor_control_tools:/opt/ros/humble /usr/bin/cmake --build /home/jetson/dobot-magician/build/dobot_msgs -- -j6 -l6
[2.976s] Invoking command in '/home/jetson/dobot-magician/build/dobot_msgs': CMAKE_PREFIX_PATH=${CMAKE_PREFIX_PATH}:/home/jetson/AGV-2026/install/yolo_object_detect:/home/jetson/AGV-2026/install/ddsm115_controller:/home/jetson/AGV-2026/install/wit_ros2_imu:/home/jetson/AGV-2026/install/motor_control_tools:/opt/ros/humble /usr/bin/cmake --install /home/jetson/dobot-magician/build/dobot_msgs
[3.079s] -- Install configuration: ""
[3.079s] -- Up-to-date: /home/jetson/dobot-magician/install/dobot_msgs/share/ament_index/resource_index/rosidl_interfaces/dobot_msgs
[3.079s] -- Up-to-date: /home/jetson/dobot-magician/install/dobot_msgs/include/dobot_msgs/dobot_msgs
[3.079s] -- Up-to-date: /home/jetson/dobot-magician/install/dobot_msgs/include/dobot_msgs/dobot_msgs/msg
[3.080s] -- Up-to-date: /home/jetson/dobot-magician/install/dobot_msgs/include/dobot_msgs/dobot_msgs/msg/rosidl_generator_c__visibility_control.h
[3.080s] -- Up-to-date: /home/jetson/dobot-magician/install/dobot_msgs/include/dobot_msgs/dobot_msgs/msg/gripper_status.h
[3.080s] -- Up-to-date: /home/jetson/dobot-magician/install/dobot_msgs/include/dobot_msgs/dobot_msgs/msg/detail
[3.080s] -- Up-to-date: /home/jetson/dobot-magician/install/dobot_msgs/include/dobot_msgs/dobot_msgs/msg/detail/dobot_alarm_codes__struct.h
[3.080s] -- Up-to-date: /home/jetson/dobot-magician/install/dobot_msgs/include/dobot_msgs/dobot_msgs/msg/detail/gripper_status__struct.h
[3.080s] -- Up-to-date: /home/jetson/dobot-magician/install/dobot_msgs/include/dobot_msgs/dobot_msgs/msg/detail/gripper_status__functions.c
[3.080s] -- Up-to-date: /home/jetson/dobot-magician/install/dobot_msgs/include/dobot_msgs/dobot_msgs/msg/detail/gripper_status__type_support.h
[3.080s] -- Up-to-date: /home/jetson/dobot-magician/install/dobot_msgs/include/dobot_msgs/dobot_msgs/msg/detail/dobot_alarm_codes__functions.c
[3.081s] -- Up-to-date: /home/jetson/dobot-magician/install/dobot_msgs/include/dobot_msgs/dobot_msgs/msg/detail/dobot_alarm_codes__type_support.h
[3.081s] -- Up-to-date: /home/jetson/dobot-magician/install/dobot_msgs/include/dobot_msgs/dobot_msgs/msg/detail/gripper_status__functions.h
[3.081s] -- Up-to-date: /home/jetson/dobot-magician/install/dobot_msgs/include/dobot_msgs/dobot_msgs/msg/detail/dobot_alarm_codes__functions.h
[3.081s] -- Up-to-date: /home/jetson/dobot-magician/install/dobot_msgs/include/dobot_msgs/dobot_msgs/msg/dobot_alarm_codes.h
[3.081s] -- Up-to-date: /home/jetson/dobot-magician/install/dobot_msgs/include/dobot_msgs/dobot_msgs/srv
[3.081s] -- Up-to-date: /home/jetson/dobot-magician/install/dobot_msgs/include/dobot_msgs/dobot_msgs/srv/execute_homing_procedure.h
[3.081s] -- Up-to-date: /home/jetson/dobot-magician/install/dobot_msgs/include/dobot_msgs/dobot_msgs/srv/detail
[3.081s] -- Up-to-date: /home/jetson/dobot-magician/install/dobot_msgs/include/dobot_msgs/dobot_msgs/srv/detail/execute_homing_procedure__struct.h
[3.081s] -- Up-to-date: /home/jetson/dobot-magician/install/dobot_msgs/include/dobot_msgs/dobot_msgs/srv/detail/evaluate_ptp_trajectory__type_support.h
[3.082s] -- Up-to-date: /home/jetson/dobot-magician/install/dobot_msgs/include/dobot_msgs/dobot_msgs/srv/detail/gripper_control__type_support.h
[3.082s] -- Up-to-date: /home/jetson/dobot-magician/install/dobot_msgs/include/dobot_msgs/dobot_msgs/srv/detail/execute_homing_procedure__functions.h
[3.082s] -- Up-to-date: /home/jetson/dobot-magician/install/dobot_msgs/include/dobot_msgs/dobot_msgs/srv/detail/evaluate_ptp_trajectory__struct.h
[3.082s] -- Up-to-date: /home/jetson/dobot-magician/install/dobot_msgs/include/dobot_msgs/dobot_msgs/srv/detail/gripper_control__functions.c
[3.082s] -- Up-to-date: /home/jetson/dobot-magician/install/dobot_msgs/include/dobot_msgs/dobot_msgs/srv/detail/execute_homing_procedure__type_support.h
[3.082s] -- Up-to-date: /home/jetson/dobot-magician/install/dobot_msgs/include/dobot_msgs/dobot_msgs/srv/detail/evaluate_ptp_trajectory__functions.h
[3.082s] -- Up-to-date: /home/jetson/dobot-magician/install/dobot_msgs/include/dobot_msgs/dobot_msgs/srv/detail/gripper_control__struct.h
[3.082s] -- Up-to-date: /home/jetson/dobot-magician/install/dobot_msgs/include/dobot_msgs/dobot_msgs/srv/detail/suction_cup_control__functions.h
[3.082s] -- Up-to-date: /home/jetson/dobot-magician/install/dobot_msgs/include/dobot_msgs/dobot_msgs/srv/detail/execute_homing_procedure__functions.c
[3.083s] -- Up-to-date: /home/jetson/dobot-magician/install/dobot_msgs/include/dobot_msgs/dobot_msgs/srv/detail/suction_cup_control__struct.h
[3.083s] -- Up-to-date: /home/jetson/dobot-magician/install/dobot_msgs/include/dobot_msgs/dobot_msgs/srv/detail/gripper_control__functions.h
[3.083s] -- Up-to-date: /home/jetson/dobot-magician/install/dobot_msgs/include/dobot_msgs/dobot_msgs/srv/detail/evaluate_ptp_trajectory__functions.c
[3.083s] -- Up-to-date: /home/jetson/dobot-magician/install/dobot_msgs/include/dobot_msgs/dobot_msgs/srv/detail/suction_cup_control__functions.c
[3.083s] -- Up-to-date: /home/jetson/dobot-magician/install/dobot_msgs/include/dobot_msgs/dobot_msgs/srv/detail/suction_cup_control__type_support.h
[3.083s] -- Up-to-date: /home/jetson/dobot-magician/install/dobot_msgs/include/dobot_msgs/dobot_msgs/srv/suction_cup_control.h
[3.083s] -- Up-to-date: /home/jetson/dobot-magician/install/dobot_msgs/include/dobot_msgs/dobot_msgs/srv/evaluate_ptp_trajectory.h
[3.083s] -- Up-to-date: /home/jetson/dobot-magician/install/dobot_msgs/include/dobot_msgs/dobot_msgs/srv/gripper_control.h
[3.083s] -- Up-to-date: /home/jetson/dobot-magician/install/dobot_msgs/include/dobot_msgs/dobot_msgs/action
[3.084s] -- Up-to-date: /home/jetson/dobot-magician/install/dobot_msgs/include/dobot_msgs/dobot_msgs/action/detail
[3.084s] -- Up-to-date: /home/jetson/dobot-magician/install/dobot_msgs/include/dobot_msgs/dobot_msgs/action/detail/sliding_rail__functions.c
[3.084s] -- Up-to-date: /home/jetson/dobot-magician/install/dobot_msgs/include/dobot_msgs/dobot_msgs/action/detail/sliding_rail__type_support.h
[3.084s] -- Up-to-date: /home/jetson/dobot-magician/install/dobot_msgs/include/dobot_msgs/dobot_msgs/action/detail/point_to_point__functions.c
[3.084s] -- Up-to-date: /home/jetson/dobot-magician/install/dobot_msgs/include/dobot_msgs/dobot_msgs/action/detail/point_to_point__functions.h
[3.084s] -- Up-to-date: /home/jetson/dobot-magician/install/dobot_msgs/include/dobot_msgs/dobot_msgs/action/detail/sliding_rail__struct.h
[3.084s] -- Up-to-date: /home/jetson/dobot-magician/install/dobot_msgs/include/dobot_msgs/dobot_msgs/action/detail/point_to_point__struct.h
[3.084s] -- Up-to-date: /home/jetson/dobot-magician/install/dobot_msgs/include/dobot_msgs/dobot_msgs/action/detail/sliding_rail__functions.h
[3.084s] -- Up-to-date: /home/jetson/dobot-magician/install/dobot_msgs/include/dobot_msgs/dobot_msgs/action/detail/point_to_point__type_support.h
[3.085s] -- Up-to-date: /home/jetson/dobot-magician/install/dobot_msgs/include/dobot_msgs/dobot_msgs/action/point_to_point.h
[3.085s] -- Up-to-date: /home/jetson/dobot-magician/install/dobot_msgs/include/dobot_msgs/dobot_msgs/action/sliding_rail.h
[3.085s] -- Up-to-date: /home/jetson/dobot-magician/install/dobot_msgs/share/dobot_msgs/environment/library_path.sh
[3.085s] -- Up-to-date: /home/jetson/dobot-magician/install/dobot_msgs/share/dobot_msgs/environment/library_path.dsv
[3.085s] -- Up-to-date: /home/jetson/dobot-magician/install/dobot_msgs/lib/libdobot_msgs__rosidl_generator_c.so
[3.085s] -- Up-to-date: /home/jetson/dobot-magician/install/dobot_msgs/include/dobot_msgs/dobot_msgs
[3.085s] -- Up-to-date: /home/jetson/dobot-magician/install/dobot_msgs/include/dobot_msgs/dobot_msgs/msg
[3.085s] -- Up-to-date: /home/jetson/dobot-magician/install/dobot_msgs/include/dobot_msgs/dobot_msgs/msg/rosidl_typesupport_fastrtps_c__visibility_control.h
[3.085s] -- Up-to-date: /home/jetson/dobot-magician/install/dobot_msgs/include/dobot_msgs/dobot_msgs/msg/detail
[3.086s] -- Up-to-date: /home/jetson/dobot-magician/install/dobot_msgs/include/dobot_msgs/dobot_msgs/msg/detail/dobot_alarm_codes__rosidl_typesupport_fastrtps_c.h
[3.086s] -- Up-to-date: /home/jetson/dobot-magician/install/dobot_msgs/include/dobot_msgs/dobot_msgs/msg/detail/gripper_status__rosidl_typesupport_fastrtps_c.h
[3.086s] -- Up-to-date: /home/jetson/dobot-magician/install/dobot_msgs/include/dobot_msgs/dobot_msgs/srv
[3.086s] -- Up-to-date: /home/jetson/dobot-magician/install/dobot_msgs/include/dobot_msgs/dobot_msgs/srv/detail
[3.086s] -- Up-to-date: /home/jetson/dobot-magician/install/dobot_msgs/include/dobot_msgs/dobot_msgs/srv/detail/evaluate_ptp_trajectory__rosidl_typesupport_fastrtps_c.h
[3.086s] -- Up-to-date: /home/jetson/dobot-magician/install/dobot_msgs/include/dobot_msgs/dobot_msgs/srv/detail/gripper_control__rosidl_typesupport_fastrtps_c.h
[3.086s] -- Up-to-date: /home/jetson/dobot-magician/install/dobot_msgs/include/dobot_msgs/dobot_msgs/srv/detail/execute_homing_procedure__rosidl_typesupport_fastrtps_c.h
[3.086s] -- Up-to-date: /home/jetson/dobot-magician/install/dobot_msgs/include/dobot_msgs/dobot_msgs/srv/detail/suction_cup_control__rosidl_typesupport_fastrtps_c.h
[3.086s] -- Up-to-date: /home/jetson/dobot-magician/install/dobot_msgs/include/dobot_msgs/dobot_msgs/action
[3.087s] -- Up-to-date: /home/jetson/dobot-magician/install/dobot_msgs/include/dobot_msgs/dobot_msgs/action/detail
[3.087s] -- Up-to-date: /home/jetson/dobot-magician/install/dobot_msgs/include/dobot_msgs/dobot_msgs/action/detail/point_to_point__rosidl_typesupport_fastrtps_c.h
[3.087s] -- Up-to-date: /home/jetson/dobot-magician/install/dobot_msgs/include/dobot_msgs/dobot_msgs/action/detail/sliding_rail__rosidl_typesupport_fastrtps_c.h
[3.087s] -- Up-to-date: /home/jetson/dobot-magician/install/dobot_msgs/lib/libdobot_msgs__rosidl_typesupport_fastrtps_c.so
[3.087s] -- Up-to-date: /home/jetson/dobot-magician/install/dobot_msgs/include/dobot_msgs/dobot_msgs
[3.087s] -- Up-to-date: /home/jetson/dobot-magician/install/dobot_msgs/include/dobot_msgs/dobot_msgs/msg
[3.087s] -- Up-to-date: /home/jetson/dobot-magician/install/dobot_msgs/include/dobot_msgs/dobot_msgs/msg/rosidl_typesupport_introspection_c__visibility_control.h
[3.087s] -- Up-to-date: /home/jetson/dobot-magician/install/dobot_msgs/include/dobot_msgs/dobot_msgs/msg/detail
[3.087s] -- Up-to-date: /home/jetson/dobot-magician/install/dobot_msgs/include/dobot_msgs/dobot_msgs/msg/detail/dobot_alarm_codes__type_support.c
[3.088s] -- Up-to-date: /home/jetson/dobot-magician/install/dobot_msgs/include/dobot_msgs/dobot_msgs/msg/detail/gripper_status__type_support.c
[3.088s] -- Up-to-date: /home/jetson/dobot-magician/install/dobot_msgs/include/dobot_msgs/dobot_msgs/msg/detail/gripper_status__rosidl_typesupport_introspection_c.h
[3.088s] -- Up-to-date: /home/jetson/dobot-magician/install/dobot_msgs/include/dobot_msgs/dobot_msgs/msg/detail/dobot_alarm_codes__rosidl_typesupport_introspection_c.h
[3.088s] -- Up-to-date: /home/jetson/dobot-magician/install/dobot_msgs/include/dobot_msgs/dobot_msgs/srv
[3.088s] -- Up-to-date: /home/jetson/dobot-magician/install/dobot_msgs/include/dobot_msgs/dobot_msgs/srv/detail
[3.088s] -- Up-to-date: /home/jetson/dobot-magician/install/dobot_msgs/include/dobot_msgs/dobot_msgs/srv/detail/evaluate_ptp_trajectory__rosidl_typesupport_introspection_c.h
[3.088s] -- Up-to-date: /home/jetson/dobot-magician/install/dobot_msgs/include/dobot_msgs/dobot_msgs/srv/detail/suction_cup_control__type_support.c
[3.088s] -- Up-to-date: /home/jetson/dobot-magician/install/dobot_msgs/include/dobot_msgs/dobot_msgs/srv/detail/suction_cup_control__rosidl_typesupport_introspection_c.h
[3.088s] -- Up-to-date: /home/jetson/dobot-magician/install/dobot_msgs/include/dobot_msgs/dobot_msgs/srv/detail/execute_homing_procedure__rosidl_typesupport_introspection_c.h
[3.088s] -- Up-to-date: /home/jetson/dobot-magician/install/dobot_msgs/include/dobot_msgs/dobot_msgs/srv/detail/gripper_control__rosidl_typesupport_introspection_c.h
[3.089s] -- Up-to-date: /home/jetson/dobot-magician/install/dobot_msgs/include/dobot_msgs/dobot_msgs/srv/detail/execute_homing_procedure__type_support.c
[3.089s] -- Up-to-date: /home/jetson/dobot-magician/install/dobot_msgs/include/dobot_msgs/dobot_msgs/srv/detail/gripper_control__type_support.c
[3.089s] -- Up-to-date: /home/jetson/dobot-magician/install/dobot_msgs/include/dobot_msgs/dobot_msgs/srv/detail/evaluate_ptp_trajectory__type_support.c
[3.089s] -- Up-to-date: /home/jetson/dobot-magician/install/dobot_msgs/include/dobot_msgs/dobot_msgs/action
[3.089s] -- Up-to-date: /home/jetson/dobot-magician/install/dobot_msgs/include/dobot_msgs/dobot_msgs/action/detail
[3.089s] -- Up-to-date: /home/jetson/dobot-magician/install/dobot_msgs/include/dobot_msgs/dobot_msgs/action/detail/sliding_rail__type_support.c
[3.089s] -- Up-to-date: /home/jetson/dobot-magician/install/dobot_msgs/include/dobot_msgs/dobot_msgs/action/detail/point_to_point__rosidl_typesupport_introspection_c.h
[3.099s] -- Up-to-date: /home/jetson/dobot-magician/install/dobot_msgs/include/dobot_msgs/dobot_msgs/action/detail/sliding_rail__rosidl_typesupport_introspection_c.h
[3.100s] -- Up-to-date: /home/jetson/dobot-magician/install/dobot_msgs/include/dobot_msgs/dobot_msgs/action/detail/point_to_point__type_support.c
[3.100s] -- Up-to-date: /home/jetson/dobot-magician/install/dobot_msgs/lib/libdobot_msgs__rosidl_typesupport_introspection_c.so
[3.100s] -- Up-to-date: /home/jetson/dobot-magician/install/dobot_msgs/lib/libdobot_msgs__rosidl_typesupport_c.so
[3.100s] -- Up-to-date: /home/jetson/dobot-magician/install/dobot_msgs/include/dobot_msgs/dobot_msgs
[3.100s] -- Up-to-date: /home/jetson/dobot-magician/install/dobot_msgs/include/dobot_msgs/dobot_msgs/msg
[3.100s] -- Up-to-date: /home/jetson/dobot-magician/install/dobot_msgs/include/dobot_msgs/dobot_msgs/msg/rosidl_generator_cpp__visibility_control.hpp
[3.100s] -- Up-to-date: /home/jetson/dobot-magician/install/dobot_msgs/include/dobot_msgs/dobot_msgs/msg/gripper_status.hpp
[3.100s] -- Up-to-date: /home/jetson/dobot-magician/install/dobot_msgs/include/dobot_msgs/dobot_msgs/msg/detail
[3.100s] -- Up-to-date: /home/jetson/dobot-magician/install/dobot_msgs/include/dobot_msgs/dobot_msgs/msg/detail/dobot_alarm_codes__builder.hpp
[3.101s] -- Up-to-date: /home/jetson/dobot-magician/install/dobot_msgs/include/dobot_msgs/dobot_msgs/msg/detail/gripper_status__builder.hpp
[3.101s] -- Up-to-date: /home/jetson/dobot-magician/install/dobot_msgs/include/dobot_msgs/dobot_msgs/msg/detail/dobot_alarm_codes__traits.hpp
[3.101s] -- Up-to-date: /home/jetson/dobot-magician/install/dobot_msgs/include/dobot_msgs/dobot_msgs/msg/detail/dobot_alarm_codes__struct.hpp
[3.101s] -- Up-to-date: /home/jetson/dobot-magician/install/dobot_msgs/include/dobot_msgs/dobot_msgs/msg/detail/gripper_status__type_support.hpp
[3.101s] -- Up-to-date: /home/jetson/dobot-magician/install/dobot_msgs/include/dobot_msgs/dobot_msgs/msg/detail/dobot_alarm_codes__type_support.hpp
[3.101s] -- Up-to-date: /home/jetson/dobot-magician/install/dobot_msgs/include/dobot_msgs/dobot_msgs/msg/detail/gripper_status__traits.hpp
[3.101s] -- Up-to-date: /home/jetson/dobot-magician/install/dobot_msgs/include/dobot_msgs/dobot_msgs/msg/detail/gripper_status__struct.hpp
[3.127s] -- Up-to-date: /home/jetson/dobot-magician/install/dobot_msgs/include/dobot_msgs/dobot_msgs/msg/dobot_alarm_codes.hpp
[3.127s] -- Up-to-date: /home/jetson/dobot-magician/install/dobot_msgs/include/dobot_msgs/dobot_msgs/srv
[3.127s] -- Up-to-date: /home/jetson/dobot-magician/install/dobot_msgs/include/dobot_msgs/dobot_msgs/srv/execute_homing_procedure.hpp
[3.128s] -- Up-to-date: /home/jetson/dobot-magician/install/dobot_msgs/include/dobot_msgs/dobot_msgs/srv/suction_cup_control.hpp
[3.128s] -- Up-to-date: /home/jetson/dobot-magician/install/dobot_msgs/include/dobot_msgs/dobot_msgs/srv/gripper_control.hpp
[3.128s] -- Up-to-date: /home/jetson/dobot-magician/install/dobot_msgs/include/dobot_msgs/dobot_msgs/srv/evaluate_ptp_trajectory.hpp
[3.128s] -- Up-to-date: /home/jetson/dobot-magician/install/dobot_msgs/include/dobot_msgs/dobot_msgs/srv/detail
[3.128s] -- Up-to-date: /home/jetson/dobot-magician/install/dobot_msgs/include/dobot_msgs/dobot_msgs/srv/detail/execute_homing_procedure__type_support.hpp
[3.128s] -- Up-to-date: /home/jetson/dobot-magician/install/dobot_msgs/include/dobot_msgs/dobot_msgs/srv/detail/suction_cup_control__type_support.hpp
[3.128s] -- Up-to-date: /home/jetson/dobot-magician/install/dobot_msgs/include/dobot_msgs/dobot_msgs/srv/detail/suction_cup_control__struct.hpp
[3.128s] -- Up-to-date: /home/jetson/dobot-magician/install/dobot_msgs/include/dobot_msgs/dobot_msgs/srv/detail/gripper_control__struct.hpp
[3.129s] -- Up-to-date: /home/jetson/dobot-magician/install/dobot_msgs/include/dobot_msgs/dobot_msgs/srv/detail/evaluate_ptp_trajectory__struct.hpp
[3.129s] -- Up-to-date: /home/jetson/dobot-magician/install/dobot_msgs/include/dobot_msgs/dobot_msgs/srv/detail/execute_homing_procedure__traits.hpp
[3.129s] -- Up-to-date: /home/jetson/dobot-magician/install/dobot_msgs/include/dobot_msgs/dobot_msgs/srv/detail/execute_homing_procedure__builder.hpp
[3.129s] -- Up-to-date: /home/jetson/dobot-magician/install/dobot_msgs/include/dobot_msgs/dobot_msgs/srv/detail/gripper_control__builder.hpp
[3.129s] -- Up-to-date: /home/jetson/dobot-magician/install/dobot_msgs/include/dobot_msgs/dobot_msgs/srv/detail/evaluate_ptp_trajectory__traits.hpp
[3.129s] -- Up-to-date: /home/jetson/dobot-magician/install/dobot_msgs/include/dobot_msgs/dobot_msgs/srv/detail/gripper_control__traits.hpp
[3.129s] -- Up-to-date: /home/jetson/dobot-magician/install/dobot_msgs/include/dobot_msgs/dobot_msgs/srv/detail/suction_cup_control__builder.hpp
[3.129s] -- Up-to-date: /home/jetson/dobot-magician/install/dobot_msgs/include/dobot_msgs/dobot_msgs/srv/detail/execute_homing_procedure__struct.hpp
[3.130s] -- Up-to-date: /home/jetson/dobot-magician/install/dobot_msgs/include/dobot_msgs/dobot_msgs/srv/detail/suction_cup_control__traits.hpp
[3.130s] -- Up-to-date: /home/jetson/dobot-magician/install/dobot_msgs/include/dobot_msgs/dobot_msgs/srv/detail/evaluate_ptp_trajectory__type_support.hpp
[3.130s] -- Up-to-date: /home/jetson/dobot-magician/install/dobot_msgs/include/dobot_msgs/dobot_msgs/srv/detail/evaluate_ptp_trajectory__builder.hpp
[3.130s] -- Up-to-date: /home/jetson/dobot-magician/install/dobot_msgs/include/dobot_msgs/dobot_msgs/srv/detail/gripper_control__type_support.hpp
[3.130s] -- Up-to-date: /home/jetson/dobot-magician/install/dobot_msgs/include/dobot_msgs/dobot_msgs/action
[3.130s] -- Up-to-date: /home/jetson/dobot-magician/install/dobot_msgs/include/dobot_msgs/dobot_msgs/action/sliding_rail.hpp
[3.130s] -- Up-to-date: /home/jetson/dobot-magician/install/dobot_msgs/include/dobot_msgs/dobot_msgs/action/point_to_point.hpp
[3.138s] -- Up-to-date: /home/jetson/dobot-magician/install/dobot_msgs/include/dobot_msgs/dobot_msgs/action/detail
[3.138s] -- Up-to-date: /home/jetson/dobot-magician/install/dobot_msgs/include/dobot_msgs/dobot_msgs/action/detail/point_to_point__traits.hpp
[3.138s] -- Up-to-date: /home/jetson/dobot-magician/install/dobot_msgs/include/dobot_msgs/dobot_msgs/action/detail/sliding_rail__builder.hpp
[3.138s] -- Up-to-date: /home/jetson/dobot-magician/install/dobot_msgs/include/dobot_msgs/dobot_msgs/action/detail/point_to_point__struct.hpp
[3.138s] -- Up-to-date: /home/jetson/dobot-magician/install/dobot_msgs/include/dobot_msgs/dobot_msgs/action/detail/sliding_rail__struct.hpp
[3.138s] -- Up-to-date: /home/jetson/dobot-magician/install/dobot_msgs/include/dobot_msgs/dobot_msgs/action/detail/point_to_point__type_support.hpp
[3.138s] -- Up-to-date: /home/jetson/dobot-magician/install/dobot_msgs/include/dobot_msgs/dobot_msgs/action/detail/point_to_point__builder.hpp
[3.139s] -- Up-to-date: /home/jetson/dobot-magician/install/dobot_msgs/include/dobot_msgs/dobot_msgs/action/detail/sliding_rail__type_support.hpp
[3.139s] -- Up-to-date: /home/jetson/dobot-magician/install/dobot_msgs/include/dobot_msgs/dobot_msgs/action/detail/sliding_rail__traits.hpp
[3.139s] -- Up-to-date: /home/jetson/dobot-magician/install/dobot_msgs/include/dobot_msgs/dobot_msgs
[3.139s] -- Up-to-date: /home/jetson/dobot-magician/install/dobot_msgs/include/dobot_msgs/dobot_msgs/msg
[3.139s] -- Up-to-date: /home/jetson/dobot-magician/install/dobot_msgs/include/dobot_msgs/dobot_msgs/msg/detail
[3.139s] -- Up-to-date: /home/jetson/dobot-magician/install/dobot_msgs/include/dobot_msgs/dobot_msgs/msg/detail/gripper_status__rosidl_typesupport_fastrtps_cpp.hpp
[3.139s] -- Up-to-date: /home/jetson/dobot-magician/install/dobot_msgs/include/dobot_msgs/dobot_msgs/msg/detail/dobot_alarm_codes__rosidl_typesupport_fastrtps_cpp.hpp
[3.139s] -- Up-to-date: /home/jetson/dobot-magician/install/dobot_msgs/include/dobot_msgs/dobot_msgs/msg/detail/dds_fastrtps
[3.139s] -- Up-to-date: /home/jetson/dobot-magician/install/dobot_msgs/include/dobot_msgs/dobot_msgs/msg/rosidl_typesupport_fastrtps_cpp__visibility_control.h
[3.140s] -- Up-to-date: /home/jetson/dobot-magician/install/dobot_msgs/include/dobot_msgs/dobot_msgs/srv
[3.140s] -- Up-to-date: /home/jetson/dobot-magician/install/dobot_msgs/include/dobot_msgs/dobot_msgs/srv/detail
[3.140s] -- Up-to-date: /home/jetson/dobot-magician/install/dobot_msgs/include/dobot_msgs/dobot_msgs/srv/detail/suction_cup_control__rosidl_typesupport_fastrtps_cpp.hpp
[3.140s] -- Up-to-date: /home/jetson/dobot-magician/install/dobot_msgs/include/dobot_msgs/dobot_msgs/srv/detail/evaluate_ptp_trajectory__rosidl_typesupport_fastrtps_cpp.hpp
[3.140s] -- Up-to-date: /home/jetson/dobot-magician/install/dobot_msgs/include/dobot_msgs/dobot_msgs/srv/detail/execute_homing_procedure__rosidl_typesupport_fastrtps_cpp.hpp
[3.140s] -- Up-to-date: /home/jetson/dobot-magician/install/dobot_msgs/include/dobot_msgs/dobot_msgs/srv/detail/gripper_control__rosidl_typesupport_fastrtps_cpp.hpp
[3.140s] -- Up-to-date: /home/jetson/dobot-magician/install/dobot_msgs/include/dobot_msgs/dobot_msgs/srv/detail/dds_fastrtps
[3.140s] -- Up-to-date: /home/jetson/dobot-magician/install/dobot_msgs/include/dobot_msgs/dobot_msgs/action
[3.140s] -- Up-to-date: /home/jetson/dobot-magician/install/dobot_msgs/include/dobot_msgs/dobot_msgs/action/detail
[3.141s] -- Up-to-date: /home/jetson/dobot-magician/install/dobot_msgs/include/dobot_msgs/dobot_msgs/action/detail/sliding_rail__rosidl_typesupport_fastrtps_cpp.hpp
[3.141s] -- Up-to-date: /home/jetson/dobot-magician/install/dobot_msgs/include/dobot_msgs/dobot_msgs/action/detail/point_to_point__rosidl_typesupport_fastrtps_cpp.hpp
[3.141s] -- Up-to-date: /home/jetson/dobot-magician/install/dobot_msgs/include/dobot_msgs/dobot_msgs/action/detail/dds_fastrtps
[3.141s] -- Up-to-date: /home/jetson/dobot-magician/install/dobot_msgs/lib/libdobot_msgs__rosidl_typesupport_fastrtps_cpp.so
[3.141s] -- Up-to-date: /home/jetson/dobot-magician/install/dobot_msgs/include/dobot_msgs/dobot_msgs
[3.141s] -- Up-to-date: /home/jetson/dobot-magician/install/dobot_msgs/include/dobot_msgs/dobot_msgs/msg
[3.141s] -- Up-to-date: /home/jetson/dobot-magician/install/dobot_msgs/include/dobot_msgs/dobot_msgs/msg/detail
[3.152s] -- Up-to-date: /home/jetson/dobot-magician/install/dobot_msgs/include/dobot_msgs/dobot_msgs/msg/detail/dobot_alarm_codes__rosidl_typesupport_introspection_cpp.hpp
[3.152s] -- Up-to-date: /home/jetson/dobot-magician/install/dobot_msgs/include/dobot_msgs/dobot_msgs/msg/detail/gripper_status__rosidl_typesupport_introspection_cpp.hpp
[3.152s] -- Up-to-date: /home/jetson/dobot-magician/install/dobot_msgs/include/dobot_msgs/dobot_msgs/msg/detail/dobot_alarm_codes__type_support.cpp
[3.153s] -- Up-to-date: /home/jetson/dobot-magician/install/dobot_msgs/include/dobot_msgs/dobot_msgs/msg/detail/gripper_status__type_support.cpp
[3.153s] -- Up-to-date: /home/jetson/dobot-magician/install/dobot_msgs/include/dobot_msgs/dobot_msgs/srv
[3.153s] -- Up-to-date: /home/jetson/dobot-magician/install/dobot_msgs/include/dobot_msgs/dobot_msgs/srv/detail
[3.153s] -- Up-to-date: /home/jetson/dobot-magician/install/dobot_msgs/include/dobot_msgs/dobot_msgs/srv/detail/evaluate_ptp_trajectory__type_support.cpp
[3.153s] -- Up-to-date: /home/jetson/dobot-magician/install/dobot_msgs/include/dobot_msgs/dobot_msgs/srv/detail/evaluate_ptp_trajectory__rosidl_typesupport_introspection_cpp.hpp
[3.153s] -- Up-to-date: /home/jetson/dobot-magician/install/dobot_msgs/include/dobot_msgs/dobot_msgs/srv/detail/execute_homing_procedure__rosidl_typesupport_introspection_cpp.hpp
[3.153s] -- Up-to-date: /home/jetson/dobot-magician/install/dobot_msgs/include/dobot_msgs/dobot_msgs/srv/detail/gripper_control__rosidl_typesupport_introspection_cpp.hpp
[3.153s] -- Up-to-date: /home/jetson/dobot-magician/install/dobot_msgs/include/dobot_msgs/dobot_msgs/srv/detail/gripper_control__type_support.cpp
[3.153s] -- Up-to-date: /home/jetson/dobot-magician/install/dobot_msgs/include/dobot_msgs/dobot_msgs/srv/detail/suction_cup_control__type_support.cpp
[3.154s] -- Up-to-date: /home/jetson/dobot-magician/install/dobot_msgs/include/dobot_msgs/dobot_msgs/srv/detail/execute_homing_procedure__type_support.cpp
[3.154s] -- Up-to-date: /home/jetson/dobot-magician/install/dobot_msgs/include/dobot_msgs/dobot_msgs/srv/detail/suction_cup_control__rosidl_typesupport_introspection_cpp.hpp
[3.154s] -- Up-to-date: /home/jetson/dobot-magician/install/dobot_msgs/include/dobot_msgs/dobot_msgs/action
[3.166s] -- Up-to-date: /home/jetson/dobot-magician/install/dobot_msgs/include/dobot_msgs/dobot_msgs/action/detail
[3.166s] -- Up-to-date: /home/jetson/dobot-magician/install/dobot_msgs/include/dobot_msgs/dobot_msgs/action/detail/point_to_point__rosidl_typesupport_introspection_cpp.hpp
[3.166s] -- Up-to-date: /home/jetson/dobot-magician/install/dobot_msgs/include/dobot_msgs/dobot_msgs/action/detail/sliding_rail__type_support.cpp
[3.166s] -- Up-to-date: /home/jetson/dobot-magician/install/dobot_msgs/include/dobot_msgs/dobot_msgs/action/detail/sliding_rail__rosidl_typesupport_introspection_cpp.hpp
[3.166s] -- Up-to-date: /home/jetson/dobot-magician/install/dobot_msgs/include/dobot_msgs/dobot_msgs/action/detail/point_to_point__type_support.cpp
[3.166s] -- Up-to-date: /home/jetson/dobot-magician/install/dobot_msgs/lib/libdobot_msgs__rosidl_typesupport_introspection_cpp.so
[3.167s] -- Up-to-date: /home/jetson/dobot-magician/install/dobot_msgs/lib/libdobot_msgs__rosidl_typesupport_cpp.so
[3.167s] -- Up-to-date: /home/jetson/dobot-magician/install/dobot_msgs/share/dobot_msgs/environment/pythonpath.sh
[3.167s] -- Up-to-date: /home/jetson/dobot-magician/install/dobot_msgs/share/dobot_msgs/environment/pythonpath.dsv
[3.167s] -- Up-to-date: /home/jetson/dobot-magician/install/dobot_msgs/local/lib/python3.10/dist-packages/dobot_msgs-1.0.0-py3.10.egg-info
[3.167s] -- Installing: /home/jetson/dobot-magician/install/dobot_msgs/local/lib/python3.10/dist-packages/dobot_msgs-1.0.0-py3.10.egg-info/SOURCES.txt
[3.167s] -- Installing: /home/jetson/dobot-magician/install/dobot_msgs/local/lib/python3.10/dist-packages/dobot_msgs-1.0.0-py3.10.egg-info/PKG-INFO
[3.167s] -- Installing: /home/jetson/dobot-magician/install/dobot_msgs/local/lib/python3.10/dist-packages/dobot_msgs-1.0.0-py3.10.egg-info/dependency_links.txt
[3.167s] -- Installing: /home/jetson/dobot-magician/install/dobot_msgs/local/lib/python3.10/dist-packages/dobot_msgs-1.0.0-py3.10.egg-info/top_level.txt
[3.167s] -- Up-to-date: /home/jetson/dobot-magician/install/dobot_msgs/local/lib/python3.10/dist-packages/dobot_msgs
[3.168s] -- Up-to-date: /home/jetson/dobot-magician/install/dobot_msgs/local/lib/python3.10/dist-packages/dobot_msgs/_dobot_msgs_s.ep.rosidl_typesupport_c.c
[3.168s] -- Up-to-date: /home/jetson/dobot-magician/install/dobot_msgs/local/lib/python3.10/dist-packages/dobot_msgs/libdobot_msgs__rosidl_generator_py.so
[3.168s] -- Up-to-date: /home/jetson/dobot-magician/install/dobot_msgs/local/lib/python3.10/dist-packages/dobot_msgs/_dobot_msgs_s.ep.rosidl_typesupport_fastrtps_c.c
[3.168s] -- Up-to-date: /home/jetson/dobot-magician/install/dobot_msgs/local/lib/python3.10/dist-packages/dobot_msgs/dobot_msgs_s__rosidl_typesupport_c.cpython-310-aarch64-linux-gnu.so
[3.168s] -- Up-to-date: /home/jetson/dobot-magician/install/dobot_msgs/local/lib/python3.10/dist-packages/dobot_msgs/msg
[3.168s] -- Up-to-date: /home/jetson/dobot-magician/install/dobot_msgs/local/lib/python3.10/dist-packages/dobot_msgs/msg/_dobot_alarm_codes_s.c
[3.168s] -- Up-to-date: /home/jetson/dobot-magician/install/dobot_msgs/local/lib/python3.10/dist-packages/dobot_msgs/msg/_gripper_status.py
[3.168s] -- Up-to-date: /home/jetson/dobot-magician/install/dobot_msgs/local/lib/python3.10/dist-packages/dobot_msgs/msg/_gripper_status_s.c
[3.168s] -- Up-to-date: /home/jetson/dobot-magician/install/dobot_msgs/local/lib/python3.10/dist-packages/dobot_msgs/msg/_dobot_alarm_codes.py
[3.168s] -- Up-to-date: /home/jetson/dobot-magician/install/dobot_msgs/local/lib/python3.10/dist-packages/dobot_msgs/msg/__init__.py
[3.169s] -- Up-to-date: /home/jetson/dobot-magician/install/dobot_msgs/local/lib/python3.10/dist-packages/dobot_msgs/srv
[3.169s] -- Up-to-date: /home/jetson/dobot-magician/install/dobot_msgs/local/lib/python3.10/dist-packages/dobot_msgs/srv/_evaluate_ptp_trajectory_s.c
[3.169s] -- Up-to-date: /home/jetson/dobot-magician/install/dobot_msgs/local/lib/python3.10/dist-packages/dobot_msgs/srv/_suction_cup_control.py
[3.169s] -- Up-to-date: /home/jetson/dobot-magician/install/dobot_msgs/local/lib/python3.10/dist-packages/dobot_msgs/srv/_suction_cup_control_s.c
[3.169s] -- Up-to-date: /home/jetson/dobot-magician/install/dobot_msgs/local/lib/python3.10/dist-packages/dobot_msgs/srv/_evaluate_ptp_trajectory.py
[3.169s] -- Up-to-date: /home/jetson/dobot-magician/install/dobot_msgs/local/lib/python3.10/dist-packages/dobot_msgs/srv/_gripper_control_s.c
[3.169s] -- Up-to-date: /home/jetson/dobot-magician/install/dobot_msgs/local/lib/python3.10/dist-packages/dobot_msgs/srv/_gripper_control.py
[3.169s] -- Up-to-date: /home/jetson/dobot-magician/install/dobot_msgs/local/lib/python3.10/dist-packages/dobot_msgs/srv/_execute_homing_procedure.py
[3.170s] -- Up-to-date: /home/jetson/dobot-magician/install/dobot_msgs/local/lib/python3.10/dist-packages/dobot_msgs/srv/_execute_homing_procedure_s.c
[3.170s] -- Up-to-date: /home/jetson/dobot-magician/install/dobot_msgs/local/lib/python3.10/dist-packages/dobot_msgs/srv/__init__.py
[3.170s] -- Up-to-date: /home/jetson/dobot-magician/install/dobot_msgs/local/lib/python3.10/dist-packages/dobot_msgs/_dobot_msgs_s.ep.rosidl_typesupport_introspection_c.c
[3.170s] -- Up-to-date: /home/jetson/dobot-magician/install/dobot_msgs/local/lib/python3.10/dist-packages/dobot_msgs/dobot_msgs_s__rosidl_typesupport_fastrtps_c.cpython-310-aarch64-linux-gnu.so
[3.170s] -- Up-to-date: /home/jetson/dobot-magician/install/dobot_msgs/local/lib/python3.10/dist-packages/dobot_msgs/action
[3.170s] -- Up-to-date: /home/jetson/dobot-magician/install/dobot_msgs/local/lib/python3.10/dist-packages/dobot_msgs/action/_sliding_rail.py
[3.170s] -- Up-to-date: /home/jetson/dobot-magician/install/dobot_msgs/local/lib/python3.10/dist-packages/dobot_msgs/action/_point_to_point_s.c
[3.170s] -- Up-to-date: /home/jetson/dobot-magician/install/dobot_msgs/local/lib/python3.10/dist-packages/dobot_msgs/action/_sliding_rail_s.c
[3.170s] -- Up-to-date: /home/jetson/dobot-magician/install/dobot_msgs/local/lib/python3.10/dist-packages/dobot_msgs/action/_point_to_point.py
[3.171s] -- Up-to-date: /home/jetson/dobot-magician/install/dobot_msgs/local/lib/python3.10/dist-packages/dobot_msgs/action/__init__.py
[3.171s] -- Up-to-date: /home/jetson/dobot-magician/install/dobot_msgs/local/lib/python3.10/dist-packages/dobot_msgs/__init__.py
[3.171s] -- Up-to-date: /home/jetson/dobot-magician/install/dobot_msgs/local/lib/python3.10/dist-packages/dobot_msgs/dobot_msgs_s__rosidl_typesupport_introspection_c.cpython-310-aarch64-linux-gnu.so
[3.260s] Listing '/home/jetson/dobot-magician/install/dobot_msgs/local/lib/python3.10/dist-packages/dobot_msgs'...
[3.260s] Listing '/home/jetson/dobot-magician/install/dobot_msgs/local/lib/python3.10/dist-packages/dobot_msgs/action'...
[3.260s] Listing '/home/jetson/dobot-magician/install/dobot_msgs/local/lib/python3.10/dist-packages/dobot_msgs/msg'...
[3.260s] Listing '/home/jetson/dobot-magician/install/dobot_msgs/local/lib/python3.10/dist-packages/dobot_msgs/srv'...
[3.260s] -- Up-to-date: /home/jetson/dobot-magician/install/dobot_msgs/local/lib/python3.10/dist-packages/dobot_msgs/dobot_msgs_s__rosidl_typesupport_fastrtps_c.cpython-310-aarch64-linux-gnu.so
[3.260s] -- Up-to-date: /home/jetson/dobot-magician/install/dobot_msgs/local/lib/python3.10/dist-packages/dobot_msgs/dobot_msgs_s__rosidl_typesupport_introspection_c.cpython-310-aarch64-linux-gnu.so
[3.260s] -- Up-to-date: /home/jetson/dobot-magician/install/dobot_msgs/local/lib/python3.10/dist-packages/dobot_msgs/dobot_msgs_s__rosidl_typesupport_c.cpython-310-aarch64-linux-gnu.so
[3.261s] -- Up-to-date: /home/jetson/dobot-magician/install/dobot_msgs/lib/libdobot_msgs__rosidl_generator_py.so
[3.261s] -- Up-to-date: /home/jetson/dobot-magician/install/dobot_msgs/share/ament_index/resource_index/rust_packages/dobot_msgs
[3.261s] -- Up-to-date: /home/jetson/dobot-magician/install/dobot_msgs/share/dobot_msgs/rust
[3.261s] -- Up-to-date: /home/jetson/dobot-magician/install/dobot_msgs/share/dobot_msgs/rust/Cargo.toml
[3.261s] -- Up-to-date: /home/jetson/dobot-magician/install/dobot_msgs/share/dobot_msgs/rust/build.rs
[3.261s] -- Up-to-date: /home/jetson/dobot-magician/install/dobot_msgs/share/dobot_msgs/rust/src
[3.261s] -- Up-to-date: /home/jetson/dobot-magician/install/dobot_msgs/share/dobot_msgs/rust/src/msg
[3.261s] -- Up-to-date: /home/jetson/dobot-magician/install/dobot_msgs/share/dobot_msgs/rust/src/msg/rmw.rs
[3.262s] -- Up-to-date: /home/jetson/dobot-magician/install/dobot_msgs/share/dobot_msgs/rust/src/srv
[3.262s] -- Up-to-date: /home/jetson/dobot-magician/install/dobot_msgs/share/dobot_msgs/rust/src/srv/rmw.rs
[3.262s] -- Up-to-date: /home/jetson/dobot-magician/install/dobot_msgs/share/dobot_msgs/rust/src/action
[3.262s] -- Up-to-date: /home/jetson/dobot-magician/install/dobot_msgs/share/dobot_msgs/rust/src/action/rmw.rs
[3.262s] -- Up-to-date: /home/jetson/dobot-magician/install/dobot_msgs/share/dobot_msgs/rust/src/action.rs
[3.262s] -- Up-to-date: /home/jetson/dobot-magician/install/dobot_msgs/share/dobot_msgs/rust/src/srv.rs
[3.262s] -- Up-to-date: /home/jetson/dobot-magician/install/dobot_msgs/share/dobot_msgs/rust/src/lib.rs
[3.262s] -- Up-to-date: /home/jetson/dobot-magician/install/dobot_msgs/share/dobot_msgs/rust/src/msg.rs
[3.262s] -- Up-to-date: /home/jetson/dobot-magician/install/dobot_msgs/share/dobot_msgs/action/PointToPoint.idl
[3.263s] -- Up-to-date: /home/jetson/dobot-magician/install/dobot_msgs/share/dobot_msgs/action/SlidingRail.idl
[3.263s] -- Up-to-date: /home/jetson/dobot-magician/install/dobot_msgs/share/dobot_msgs/msg/DobotAlarmCodes.idl
[3.263s] -- Up-to-date: /home/jetson/dobot-magician/install/dobot_msgs/share/dobot_msgs/msg/GripperStatus.idl
[3.263s] -- Up-to-date: /home/jetson/dobot-magician/install/dobot_msgs/share/dobot_msgs/srv/EvaluatePTPTrajectory.idl
[3.263s] -- Up-to-date: /home/jetson/dobot-magician/install/dobot_msgs/share/dobot_msgs/srv/ExecuteHomingProcedure.idl
[3.263s] -- Up-to-date: /home/jetson/dobot-magician/install/dobot_msgs/share/dobot_msgs/srv/GripperControl.idl
[3.263s] -- Up-to-date: /home/jetson/dobot-magician/install/dobot_msgs/share/dobot_msgs/srv/SuctionCupControl.idl
[3.263s] -- Up-to-date: /home/jetson/dobot-magician/install/dobot_msgs/share/dobot_msgs/action/PointToPoint.action
[3.263s] -- Up-to-date: /home/jetson/dobot-magician/install/dobot_msgs/share/dobot_msgs/action/SlidingRail.action
[3.264s] -- Up-to-date: /home/jetson/dobot-magician/install/dobot_msgs/share/dobot_msgs/msg/DobotAlarmCodes.msg
[3.264s] -- Up-to-date: /home/jetson/dobot-magician/install/dobot_msgs/share/dobot_msgs/msg/GripperStatus.msg
[3.264s] -- Up-to-date: /home/jetson/dobot-magician/install/dobot_msgs/share/dobot_msgs/srv/EvaluatePTPTrajectory.srv
[3.264s] -- Up-to-date: /home/jetson/dobot-magician/install/dobot_msgs/share/dobot_msgs/srv/EvaluatePTPTrajectory_Request.msg
[3.264s] -- Up-to-date: /home/jetson/dobot-magician/install/dobot_msgs/share/dobot_msgs/srv/EvaluatePTPTrajectory_Response.msg
[3.264s] -- Up-to-date: /home/jetson/dobot-magician/install/dobot_msgs/share/dobot_msgs/srv/ExecuteHomingProcedure.srv
[3.264s] -- Up-to-date: /home/jetson/dobot-magician/install/dobot_msgs/share/dobot_msgs/srv/ExecuteHomingProcedure_Request.msg
[3.264s] -- Up-to-date: /home/jetson/dobot-magician/install/dobot_msgs/share/dobot_msgs/srv/ExecuteHomingProcedure_Response.msg
[3.264s] -- Up-to-date: /home/jetson/dobot-magician/install/dobot_msgs/share/dobot_msgs/srv/GripperControl.srv
[3.264s] -- Up-to-date: /home/jetson/dobot-magician/install/dobot_msgs/share/dobot_msgs/srv/GripperControl_Request.msg
[3.265s] -- Up-to-date: /home/jetson/dobot-magician/install/dobot_msgs/share/dobot_msgs/srv/GripperControl_Response.msg
[3.265s] -- Up-to-date: /home/jetson/dobot-magician/install/dobot_msgs/share/dobot_msgs/srv/SuctionCupControl.srv
[3.265s] -- Up-to-date: /home/jetson/dobot-magician/install/dobot_msgs/share/dobot_msgs/srv/SuctionCupControl_Request.msg
[3.265s] -- Up-to-date: /home/jetson/dobot-magician/install/dobot_msgs/share/dobot_msgs/srv/SuctionCupControl_Response.msg
[3.265s] -- Up-to-date: /home/jetson/dobot-magician/install/dobot_msgs/share/ament_index/resource_index/package_run_dependencies/dobot_msgs
[3.265s] -- Up-to-date: /home/jetson/dobot-magician/install/dobot_msgs/share/ament_index/resource_index/parent_prefix_path/dobot_msgs
[3.265s] -- Up-to-date: /home/jetson/dobot-magician/install/dobot_msgs/share/dobot_msgs/environment/ament_prefix_path.sh
[3.265s] -- Up-to-date: /home/jetson/dobot-magician/install/dobot_msgs/share/dobot_msgs/environment/ament_prefix_path.dsv
[3.282s] -- Up-to-date: /home/jetson/dobot-magician/install/dobot_msgs/share/dobot_msgs/environment/path.sh
[3.282s] -- Up-to-date: /home/jetson/dobot-magician/install/dobot_msgs/share/dobot_msgs/environment/path.dsv
[3.282s] -- Up-to-date: /home/jetson/dobot-magician/install/dobot_msgs/share/dobot_msgs/local_setup.bash
[3.282s] -- Up-to-date: /home/jetson/dobot-magician/install/dobot_msgs/share/dobot_msgs/local_setup.sh
[3.282s] -- Up-to-date: /home/jetson/dobot-magician/install/dobot_msgs/share/dobot_msgs/local_setup.zsh
[3.282s] -- Up-to-date: /home/jetson/dobot-magician/install/dobot_msgs/share/dobot_msgs/local_setup.dsv
[3.283s] -- Installing: /home/jetson/dobot-magician/install/dobot_msgs/share/dobot_msgs/package.dsv
[3.283s] -- Up-to-date: /home/jetson/dobot-magician/install/dobot_msgs/share/ament_index/resource_index/packages/dobot_msgs
[3.283s] -- Up-to-date: /home/jetson/dobot-magician/install/dobot_msgs/share/dobot_msgs/cmake/export_dobot_msgs__rosidl_generator_cExport.cmake
[3.283s] -- Up-to-date: /home/jetson/dobot-magician/install/dobot_msgs/share/dobot_msgs/cmake/export_dobot_msgs__rosidl_generator_cExport-noconfig.cmake
[3.283s] -- Up-to-date: /home/jetson/dobot-magician/install/dobot_msgs/share/dobot_msgs/cmake/export_dobot_msgs__rosidl_typesupport_fastrtps_cExport.cmake
[3.283s] -- Up-to-date: /home/jetson/dobot-magician/install/dobot_msgs/share/dobot_msgs/cmake/export_dobot_msgs__rosidl_typesupport_fastrtps_cExport-noconfig.cmake
[3.283s] -- Up-to-date: /home/jetson/dobot-magician/install/dobot_msgs/share/dobot_msgs/cmake/dobot_msgs__rosidl_typesupport_introspection_cExport.cmake
[3.283s] -- Up-to-date: /home/jetson/dobot-magician/install/dobot_msgs/share/dobot_msgs/cmake/dobot_msgs__rosidl_typesupport_introspection_cExport-noconfig.cmake
[3.283s] -- Up-to-date: /home/jetson/dobot-magician/install/dobot_msgs/share/dobot_msgs/cmake/dobot_msgs__rosidl_typesupport_cExport.cmake
[3.284s] -- Up-to-date: /home/jetson/dobot-magician/install/dobot_msgs/share/dobot_msgs/cmake/dobot_msgs__rosidl_typesupport_cExport-noconfig.cmake
[3.284s] -- Up-to-date: /home/jetson/dobot-magician/install/dobot_msgs/share/dobot_msgs/cmake/export_dobot_msgs__rosidl_generator_cppExport.cmake
[3.284s] -- Up-to-date: /home/jetson/dobot-magician/install/dobot_msgs/share/dobot_msgs/cmake/export_dobot_msgs__rosidl_typesupport_fastrtps_cppExport.cmake
[3.284s] -- Up-to-date: /home/jetson/dobot-magician/install/dobot_msgs/share/dobot_msgs/cmake/export_dobot_msgs__rosidl_typesupport_fastrtps_cppExport-noconfig.cmake
[3.284s] -- Up-to-date: /home/jetson/dobot-magician/install/dobot_msgs/share/dobot_msgs/cmake/dobot_msgs__rosidl_typesupport_introspection_cppExport.cmake
[3.284s] -- Up-to-date: /home/jetson/dobot-magician/install/dobot_msgs/share/dobot_msgs/cmake/dobot_msgs__rosidl_typesupport_introspection_cppExport-noconfig.cmake
[3.284s] -- Up-to-date: /home/jetson/dobot-magician/install/dobot_msgs/share/dobot_msgs/cmake/dobot_msgs__rosidl_typesupport_cppExport.cmake
[3.284s] -- Up-to-date: /home/jetson/dobot-magician/install/dobot_msgs/share/dobot_msgs/cmake/dobot_msgs__rosidl_typesupport_cppExport-noconfig.cmake
[3.284s] -- Up-to-date: /home/jetson/dobot-magician/install/dobot_msgs/share/dobot_msgs/cmake/export_dobot_msgs__rosidl_generator_pyExport.cmake
[3.284s] -- Up-to-date: /home/jetson/dobot-magician/install/dobot_msgs/share/dobot_msgs/cmake/export_dobot_msgs__rosidl_generator_pyExport-noconfig.cmake
[3.285s] -- Up-to-date: /home/jetson/dobot-magician/install/dobot_msgs/share/dobot_msgs/cmake/rosidl_cmake-extras.cmake
[3.285s] -- Up-to-date: /home/jetson/dobot-magician/install/dobot_msgs/share/dobot_msgs/cmake/ament_cmake_export_dependencies-extras.cmake
[3.285s] -- Up-to-date: /home/jetson/dobot-magician/install/dobot_msgs/share/dobot_msgs/cmake/ament_cmake_export_include_directories-extras.cmake
[3.285s] -- Up-to-date: /home/jetson/dobot-magician/install/dobot_msgs/share/dobot_msgs/cmake/ament_cmake_export_libraries-extras.cmake
[3.285s] -- Up-to-date: /home/jetson/dobot-magician/install/dobot_msgs/share/dobot_msgs/cmake/ament_cmake_export_targets-extras.cmake
[3.285s] -- Up-to-date: /home/jetson/dobot-magician/install/dobot_msgs/share/dobot_msgs/cmake/rosidl_cmake_export_typesupport_targets-extras.cmake
[3.285s] -- Up-to-date: /home/jetson/dobot-magician/install/dobot_msgs/share/dobot_msgs/cmake/rosidl_cmake_export_typesupport_libraries-extras.cmake
[3.285s] -- Up-to-date: /home/jetson/dobot-magician/install/dobot_msgs/share/dobot_msgs/cmake/dobot_msgsConfig.cmake
[3.285s] -- Up-to-date: /home/jetson/dobot-magician/install/dobot_msgs/share/dobot_msgs/cmake/dobot_msgsConfig-version.cmake
[3.286s] -- Up-to-date: /home/jetson/dobot-magician/install/dobot_msgs/share/dobot_msgs/package.xml
[3.286s] Invoked command in '/home/jetson/dobot-magician/build/dobot_msgs' returned '0': CMAKE_PREFIX_PATH=${CMAKE_PREFIX_PATH}:/home/jetson/AGV-2026/install/yolo_object_detect:/home/jetson/AGV-2026/install/ddsm115_controller:/home/jetson/AGV-2026/install/wit_ros2_imu:/home/jetson/AGV-2026/install/motor_control_tools:/opt/ros/humble /usr/bin/cmake --install /home/jetson/dobot-magician/build/dobot_msgs
