[4.903s] Invoking command in '/home/jetson/dobot-magician/src/magician_ros2/dobot_end_effector': AMENT_PREFIX_PATH=/home/jetson/dobot-magician/install/dobot_msgs:${AMENT_PREFIX_PATH} CMAKE_PREFIX_PATH=/home/jetson/dobot-magician/install/dobot_msgs:${CMAKE_PREFIX_PATH} LD_LIBRARY_PATH=/home/jetson/dobot-magician/install/dobot_msgs/lib:${LD_LIBRARY_PATH} PYTHONPATH=/home/jetson/dobot-magician/build/dobot_end_effector/prefix_override:/usr/lib/python3/dist-packages/colcon_core/task/python/colcon_distutils_commands:/home/jetson/dobot-magician/install/dobot_end_effector/lib/python3.10/site-packages:/home/jetson/dobot-magician/install/dobot_msgs/local/lib/python3.10/dist-packages:${PYTHONPATH} /usr/bin/python3 -W ignore:setup.py install is deprecated -W ignore:easy_install command is deprecated setup.py egg_info --egg-base ../../../build/dobot_end_effector build --build-base /home/jetson/dobot-magician/build/dobot_end_effector/build install --record /home/jetson/dobot-magician/build/dobot_end_effector/install.log --single-version-externally-managed install_data
[7.321s] running egg_info
[7.321s] writing ../../../build/dobot_end_effector/dobot_end_effector.egg-info/PKG-INFO
[7.321s] writing dependency_links to ../../../build/dobot_end_effector/dobot_end_effector.egg-info/dependency_links.txt
[7.321s] writing entry points to ../../../build/dobot_end_effector/dobot_end_effector.egg-info/entry_points.txt
[7.322s] writing requirements to ../../../build/dobot_end_effector/dobot_end_effector.egg-info/requires.txt
[7.322s] writing top-level names to ../../../build/dobot_end_effector/dobot_end_effector.egg-info/top_level.txt
[7.322s] reading manifest file '../../../build/dobot_end_effector/dobot_end_effector.egg-info/SOURCES.txt'
[7.322s] writing manifest file '../../../build/dobot_end_effector/dobot_end_effector.egg-info/SOURCES.txt'
[7.322s] running build
[7.322s] running build_py
[7.322s] running install
[7.322s] running install_lib
[7.322s] running install_data
[7.323s] running install_egg_info
[7.323s] removing '/home/jetson/dobot-magician/install/dobot_end_effector/lib/python3.10/site-packages/dobot_end_effector-1.0.0-py3.10.egg-info' (and everything under it)
[7.323s] Copying ../../../build/dobot_end_effector/dobot_end_effector.egg-info to /home/jetson/dobot-magician/install/dobot_end_effector/lib/python3.10/site-packages/dobot_end_effector-1.0.0-py3.10.egg-info
[7.323s] running install_scripts
[7.323s] Installing gripper_server script to /home/jetson/dobot-magician/install/dobot_end_effector/lib/dobot_end_effector
[7.323s] Installing suction_cup_server script to /home/jetson/dobot-magician/install/dobot_end_effector/lib/dobot_end_effector
[7.323s] writing list of installed files to '/home/jetson/dobot-magician/build/dobot_end_effector/install.log'
[7.326s] Invoked command in '/home/jetson/dobot-magician/src/magician_ros2/dobot_end_effector' returned '0': AMENT_PREFIX_PATH=/home/jetson/dobot-magician/install/dobot_msgs:${AMENT_PREFIX_PATH} CMAKE_PREFIX_PATH=/home/jetson/dobot-magician/install/dobot_msgs:${CMAKE_PREFIX_PATH} LD_LIBRARY_PATH=/home/jetson/dobot-magician/install/dobot_msgs/lib:${LD_LIBRARY_PATH} PYTHONPATH=/home/jetson/dobot-magician/build/dobot_end_effector/prefix_override:/usr/lib/python3/dist-packages/colcon_core/task/python/colcon_distutils_commands:/home/jetson/dobot-magician/install/dobot_end_effector/lib/python3.10/site-packages:/home/jetson/dobot-magician/install/dobot_msgs/local/lib/python3.10/dist-packages:${PYTHONPATH} /usr/bin/python3 -W ignore:setup.py install is deprecated -W ignore:easy_install command is deprecated setup.py egg_info --egg-base ../../../build/dobot_end_effector build --build-base /home/jetson/dobot-magician/build/dobot_end_effector/build install --record /home/jetson/dobot-magician/build/dobot_end_effector/install.log --single-version-externally-managed install_data
