[7.401s] Invoking command in '/home/jetson/dobot-magician/src/magician_ros2/dobot_diagnostics': AMENT_PREFIX_PATH=/home/jetson/dobot-magician/install/dobot_msgs:${AMENT_PREFIX_PATH} CMAKE_PREFIX_PATH=/home/jetson/dobot-magician/install/dobot_msgs:${CMAKE_PREFIX_PATH} LD_LIBRARY_PATH=/home/jetson/dobot-magician/install/dobot_msgs/lib:${LD_LIBRARY_PATH} PYTHONPATH=/home/jetson/dobot-magician/build/dobot_diagnostics/prefix_override:/usr/lib/python3/dist-packages/colcon_core/task/python/colcon_distutils_commands:/home/jetson/dobot-magician/install/dobot_diagnostics/lib/python3.10/site-packages:/home/jetson/dobot-magician/install/dobot_msgs/local/lib/python3.10/dist-packages:${PYTHONPATH} /usr/bin/python3 -W ignore:setup.py install is deprecated -W ignore:easy_install command is deprecated setup.py egg_info --egg-base ../../../build/dobot_diagnostics build --build-base /home/jetson/dobot-magician/build/dobot_diagnostics/build install --record /home/jetson/dobot-magician/build/dobot_diagnostics/install.log --single-version-externally-managed install_data
[8.816s] running egg_info
[8.818s] creating ../../../build/dobot_diagnostics/dobot_diagnostics.egg-info
[8.819s] writing ../../../build/dobot_diagnostics/dobot_diagnostics.egg-info/PKG-INFO
[8.820s] writing dependency_links to ../../../build/dobot_diagnostics/dobot_diagnostics.egg-info/dependency_links.txt
[8.821s] writing entry points to ../../../build/dobot_diagnostics/dobot_diagnostics.egg-info/entry_points.txt
[8.821s] writing requirements to ../../../build/dobot_diagnostics/dobot_diagnostics.egg-info/requires.txt
[8.822s] writing top-level names to ../../../build/dobot_diagnostics/dobot_diagnostics.egg-info/top_level.txt
[8.823s] writing manifest file '../../../build/dobot_diagnostics/dobot_diagnostics.egg-info/SOURCES.txt'
[8.844s] reading manifest file '../../../build/dobot_diagnostics/dobot_diagnostics.egg-info/SOURCES.txt'
[8.845s] writing manifest file '../../../build/dobot_diagnostics/dobot_diagnostics.egg-info/SOURCES.txt'
[8.846s] running build
[8.846s] running build_py
[8.846s] creating /home/jetson/dobot-magician/build/dobot_diagnostics/build
[8.847s] creating /home/jetson/dobot-magician/build/dobot_diagnostics/build/lib
[8.847s] creating /home/jetson/dobot-magician/build/dobot_diagnostics/build/lib/dobot_diagnostics
[8.847s] copying dobot_diagnostics/diagnostics_utils.py -> /home/jetson/dobot-magician/build/dobot_diagnostics/build/lib/dobot_diagnostics
[8.856s] copying dobot_diagnostics/alarms_parser.py -> /home/jetson/dobot-magician/build/dobot_diagnostics/build/lib/dobot_diagnostics
[8.856s] copying dobot_diagnostics/__init__.py -> /home/jetson/dobot-magician/build/dobot_diagnostics/build/lib/dobot_diagnostics
[8.857s] running install
[8.857s] running install_lib
[8.857s] creating /home/jetson/dobot-magician/install/dobot_diagnostics/lib/python3.10/site-packages/dobot_diagnostics
[8.857s] copying /home/jetson/dobot-magician/build/dobot_diagnostics/build/lib/dobot_diagnostics/diagnostics_utils.py -> /home/jetson/dobot-magician/install/dobot_diagnostics/lib/python3.10/site-packages/dobot_diagnostics
[8.857s] copying /home/jetson/dobot-magician/build/dobot_diagnostics/build/lib/dobot_diagnostics/alarms_parser.py -> /home/jetson/dobot-magician/install/dobot_diagnostics/lib/python3.10/site-packages/dobot_diagnostics
[8.857s] copying /home/jetson/dobot-magician/build/dobot_diagnostics/build/lib/dobot_diagnostics/__init__.py -> /home/jetson/dobot-magician/install/dobot_diagnostics/lib/python3.10/site-packages/dobot_diagnostics
[8.857s] byte-compiling /home/jetson/dobot-magician/install/dobot_diagnostics/lib/python3.10/site-packages/dobot_diagnostics/diagnostics_utils.py to diagnostics_utils.cpython-310.pyc
[8.860s] byte-compiling /home/jetson/dobot-magician/install/dobot_diagnostics/lib/python3.10/site-packages/dobot_diagnostics/alarms_parser.py to alarms_parser.cpython-310.pyc
[8.861s] byte-compiling /home/jetson/dobot-magician/install/dobot_diagnostics/lib/python3.10/site-packages/dobot_diagnostics/__init__.py to __init__.cpython-310.pyc
[8.861s] running install_data
[8.876s] creating /home/jetson/dobot-magician/install/dobot_diagnostics/share/ament_index
[8.877s] creating /home/jetson/dobot-magician/install/dobot_diagnostics/share/ament_index/resource_index
[8.877s] creating /home/jetson/dobot-magician/install/dobot_diagnostics/share/ament_index/resource_index/packages
[8.877s] copying resource/dobot_diagnostics -> /home/jetson/dobot-magician/install/dobot_diagnostics/share/ament_index/resource_index/packages
[8.877s] copying package.xml -> /home/jetson/dobot-magician/install/dobot_diagnostics/share/dobot_diagnostics
[8.877s] creating /home/jetson/dobot-magician/install/dobot_diagnostics/share/dobot_diagnostics/launch
[8.877s] copying launch/alarms_analyzer.launch.py -> /home/jetson/dobot-magician/install/dobot_diagnostics/share/dobot_diagnostics/launch
[8.877s] creating /home/jetson/dobot-magician/install/dobot_diagnostics/share/dobot_diagnostics/config
[8.877s] copying config/analyzer_params.yaml -> /home/jetson/dobot-magician/install/dobot_diagnostics/share/dobot_diagnostics/config
[8.881s] running install_egg_info
[8.892s] Copying ../../../build/dobot_diagnostics/dobot_diagnostics.egg-info to /home/jetson/dobot-magician/install/dobot_diagnostics/lib/python3.10/site-packages/dobot_diagnostics-1.0.0-py3.10.egg-info
[8.893s] running install_scripts
[8.968s] Installing alarms_parser script to /home/jetson/dobot-magician/install/dobot_diagnostics/lib/dobot_diagnostics
[8.969s] writing list of installed files to '/home/jetson/dobot-magician/build/dobot_diagnostics/install.log'
[9.162s] Invoked command in '/home/jetson/dobot-magician/src/magician_ros2/dobot_diagnostics' returned '0': AMENT_PREFIX_PATH=/home/jetson/dobot-magician/install/dobot_msgs:${AMENT_PREFIX_PATH} CMAKE_PREFIX_PATH=/home/jetson/dobot-magician/install/dobot_msgs:${CMAKE_PREFIX_PATH} LD_LIBRARY_PATH=/home/jetson/dobot-magician/install/dobot_msgs/lib:${LD_LIBRARY_PATH} PYTHONPATH=/home/jetson/dobot-magician/build/dobot_diagnostics/prefix_override:/usr/lib/python3/dist-packages/colcon_core/task/python/colcon_distutils_commands:/home/jetson/dobot-magician/install/dobot_diagnostics/lib/python3.10/site-packages:/home/jetson/dobot-magician/install/dobot_msgs/local/lib/python3.10/dist-packages:${PYTHONPATH} /usr/bin/python3 -W ignore:setup.py install is deprecated -W ignore:easy_install command is deprecated setup.py egg_info --egg-base ../../../build/dobot_diagnostics build --build-base /home/jetson/dobot-magician/build/dobot_diagnostics/build install --record /home/jetson/dobot-magician/build/dobot_diagnostics/install.log --single-version-externally-managed install_data
