[4.325s] Invoking command in '/home/jetson/dobot-magician/src/magician_ros2/dobot_diagnostics': AMENT_PREFIX_PATH=/home/jetson/dobot-magician/install/dobot_msgs:${AMENT_PREFIX_PATH} CMAKE_PREFIX_PATH=/home/jetson/dobot-magician/install/dobot_msgs:${CMAKE_PREFIX_PATH} LD_LIBRARY_PATH=/home/jetson/dobot-magician/install/dobot_msgs/lib:${LD_LIBRARY_PATH} PYTHONPATH=/home/jetson/dobot-magician/build/dobot_diagnostics/prefix_override:/usr/lib/python3/dist-packages/colcon_core/task/python/colcon_distutils_commands:/home/jetson/dobot-magician/install/dobot_diagnostics/lib/python3.10/site-packages:/home/jetson/dobot-magician/install/dobot_msgs/local/lib/python3.10/dist-packages:${PYTHONPATH} /usr/bin/python3 -W ignore:setup.py install is deprecated -W ignore:easy_install command is deprecated setup.py egg_info --egg-base ../../../build/dobot_diagnostics build --build-base /home/jetson/dobot-magician/build/dobot_diagnostics/build install --record /home/jetson/dobot-magician/build/dobot_diagnostics/install.log --single-version-externally-managed install_data
[7.155s] running egg_info
[7.156s] writing ../../../build/dobot_diagnostics/dobot_diagnostics.egg-info/PKG-INFO
[7.156s] writing dependency_links to ../../../build/dobot_diagnostics/dobot_diagnostics.egg-info/dependency_links.txt
[7.156s] writing entry points to ../../../build/dobot_diagnostics/dobot_diagnostics.egg-info/entry_points.txt
[7.157s] writing requirements to ../../../build/dobot_diagnostics/dobot_diagnostics.egg-info/requires.txt
[7.157s] writing top-level names to ../../../build/dobot_diagnostics/dobot_diagnostics.egg-info/top_level.txt
[7.157s] reading manifest file '../../../build/dobot_diagnostics/dobot_diagnostics.egg-info/SOURCES.txt'
[7.157s] writing manifest file '../../../build/dobot_diagnostics/dobot_diagnostics.egg-info/SOURCES.txt'
[7.157s] running build
[7.157s] running build_py
[7.157s] running install
[7.157s] running install_lib
[7.157s] running install_data
[7.158s] running install_egg_info
[7.158s] removing '/home/jetson/dobot-magician/install/dobot_diagnostics/lib/python3.10/site-packages/dobot_diagnostics-1.0.0-py3.10.egg-info' (and everything under it)
[7.158s] Copying ../../../build/dobot_diagnostics/dobot_diagnostics.egg-info to /home/jetson/dobot-magician/install/dobot_diagnostics/lib/python3.10/site-packages/dobot_diagnostics-1.0.0-py3.10.egg-info
[7.158s] running install_scripts
[7.158s] Installing alarms_parser script to /home/jetson/dobot-magician/install/dobot_diagnostics/lib/dobot_diagnostics
[7.158s] writing list of installed files to '/home/jetson/dobot-magician/build/dobot_diagnostics/install.log'
[7.180s] Invoked command in '/home/jetson/dobot-magician/src/magician_ros2/dobot_diagnostics' returned '0': AMENT_PREFIX_PATH=/home/jetson/dobot-magician/install/dobot_msgs:${AMENT_PREFIX_PATH} CMAKE_PREFIX_PATH=/home/jetson/dobot-magician/install/dobot_msgs:${CMAKE_PREFIX_PATH} LD_LIBRARY_PATH=/home/jetson/dobot-magician/install/dobot_msgs/lib:${LD_LIBRARY_PATH} PYTHONPATH=/home/jetson/dobot-magician/build/dobot_diagnostics/prefix_override:/usr/lib/python3/dist-packages/colcon_core/task/python/colcon_distutils_commands:/home/jetson/dobot-magician/install/dobot_diagnostics/lib/python3.10/site-packages:/home/jetson/dobot-magician/install/dobot_msgs/local/lib/python3.10/dist-packages:${PYTHONPATH} /usr/bin/python3 -W ignore:setup.py install is deprecated -W ignore:easy_install command is deprecated setup.py egg_info --egg-base ../../../build/dobot_diagnostics build --build-base /home/jetson/dobot-magician/build/dobot_diagnostics/build install --record /home/jetson/dobot-magician/build/dobot_diagnostics/install.log --single-version-externally-managed install_data
