[7.249s] Invoking command in '/home/jetson/dobot-magician/src/magician_ros2/dobot_homing': AMENT_PREFIX_PATH=/home/jetson/dobot-magician/install/dobot_msgs:${AMENT_PREFIX_PATH} CMAKE_PREFIX_PATH=/home/jetson/dobot-magician/install/dobot_msgs:${CMAKE_PREFIX_PATH} LD_LIBRARY_PATH=/home/jetson/dobot-magician/install/dobot_msgs/lib:${LD_LIBRARY_PATH} PYTHONPATH=/home/jetson/dobot-magician/build/dobot_homing/prefix_override:/usr/lib/python3/dist-packages/colcon_core/task/python/colcon_distutils_commands:/home/jetson/dobot-magician/install/dobot_homing/lib/python3.10/site-packages:/home/jetson/dobot-magician/install/dobot_msgs/local/lib/python3.10/dist-packages:${PYTHONPATH} /usr/bin/python3 -W ignore:setup.py install is deprecated -W ignore:easy_install command is deprecated setup.py egg_info --egg-base ../../../build/dobot_homing build --build-base /home/jetson/dobot-magician/build/dobot_homing/build install --record /home/jetson/dobot-magician/build/dobot_homing/install.log --single-version-externally-managed install_data
[8.628s] running egg_info
[8.633s] creating ../../../build/dobot_homing/dobot_homing.egg-info
[8.633s] writing ../../../build/dobot_homing/dobot_homing.egg-info/PKG-INFO
[8.634s] writing dependency_links to ../../../build/dobot_homing/dobot_homing.egg-info/dependency_links.txt
[8.635s] writing entry points to ../../../build/dobot_homing/dobot_homing.egg-info/entry_points.txt
[8.635s] writing requirements to ../../../build/dobot_homing/dobot_homing.egg-info/requires.txt
[8.635s] writing top-level names to ../../../build/dobot_homing/dobot_homing.egg-info/top_level.txt
[8.636s] writing manifest file '../../../build/dobot_homing/dobot_homing.egg-info/SOURCES.txt'
[8.648s] reading manifest file '../../../build/dobot_homing/dobot_homing.egg-info/SOURCES.txt'
[8.650s] writing manifest file '../../../build/dobot_homing/dobot_homing.egg-info/SOURCES.txt'
[8.658s] running build
[8.658s] running build_py
[8.658s] creating /home/jetson/dobot-magician/build/dobot_homing/build
[8.658s] creating /home/jetson/dobot-magician/build/dobot_homing/build/lib
[8.659s] creating /home/jetson/dobot-magician/build/dobot_homing/build/lib/dobot_homing
[8.659s] copying dobot_homing/homing_server.py -> /home/jetson/dobot-magician/build/dobot_homing/build/lib/dobot_homing
[8.665s] copying dobot_homing/__init__.py -> /home/jetson/dobot-magician/build/dobot_homing/build/lib/dobot_homing
[8.666s] running install
[8.666s] running install_lib
[8.671s] creating /home/jetson/dobot-magician/install/dobot_homing/lib/python3.10/site-packages/dobot_homing
[8.671s] copying /home/jetson/dobot-magician/build/dobot_homing/build/lib/dobot_homing/homing_server.py -> /home/jetson/dobot-magician/install/dobot_homing/lib/python3.10/site-packages/dobot_homing
[8.671s] copying /home/jetson/dobot-magician/build/dobot_homing/build/lib/dobot_homing/__init__.py -> /home/jetson/dobot-magician/install/dobot_homing/lib/python3.10/site-packages/dobot_homing
[8.672s] byte-compiling /home/jetson/dobot-magician/install/dobot_homing/lib/python3.10/site-packages/dobot_homing/homing_server.py to homing_server.cpython-310.pyc
[8.673s] byte-compiling /home/jetson/dobot-magician/install/dobot_homing/lib/python3.10/site-packages/dobot_homing/__init__.py to __init__.cpython-310.pyc
[8.674s] running install_data
[8.674s] creating /home/jetson/dobot-magician/install/dobot_homing/share/ament_index
[8.674s] creating /home/jetson/dobot-magician/install/dobot_homing/share/ament_index/resource_index
[8.674s] creating /home/jetson/dobot-magician/install/dobot_homing/share/ament_index/resource_index/packages
[8.675s] copying resource/dobot_homing -> /home/jetson/dobot-magician/install/dobot_homing/share/ament_index/resource_index/packages
[8.675s] copying package.xml -> /home/jetson/dobot-magician/install/dobot_homing/share/dobot_homing
[8.675s] copying launch/dobot_homing.launch.py -> /home/jetson/dobot-magician/install/dobot_homing/share/dobot_homing
[8.681s] creating /home/jetson/dobot-magician/install/dobot_homing/share/dobot_homing/config
[8.681s] copying config/homing_params.yaml -> /home/jetson/dobot-magician/install/dobot_homing/share/dobot_homing/config
[8.685s] running install_egg_info
[8.693s] Copying ../../../build/dobot_homing/dobot_homing.egg-info to /home/jetson/dobot-magician/install/dobot_homing/lib/python3.10/site-packages/dobot_homing-1.0.0-py3.10.egg-info
[8.703s] running install_scripts
[8.830s] Installing homing_server script to /home/jetson/dobot-magician/install/dobot_homing/lib/dobot_homing
[8.830s] writing list of installed files to '/home/jetson/dobot-magician/build/dobot_homing/install.log'
[9.060s] Invoked command in '/home/jetson/dobot-magician/src/magician_ros2/dobot_homing' returned '0': AMENT_PREFIX_PATH=/home/jetson/dobot-magician/install/dobot_msgs:${AMENT_PREFIX_PATH} CMAKE_PREFIX_PATH=/home/jetson/dobot-magician/install/dobot_msgs:${CMAKE_PREFIX_PATH} LD_LIBRARY_PATH=/home/jetson/dobot-magician/install/dobot_msgs/lib:${LD_LIBRARY_PATH} PYTHONPATH=/home/jetson/dobot-magician/build/dobot_homing/prefix_override:/usr/lib/python3/dist-packages/colcon_core/task/python/colcon_distutils_commands:/home/jetson/dobot-magician/install/dobot_homing/lib/python3.10/site-packages:/home/jetson/dobot-magician/install/dobot_msgs/local/lib/python3.10/dist-packages:${PYTHONPATH} /usr/bin/python3 -W ignore:setup.py install is deprecated -W ignore:easy_install command is deprecated setup.py egg_info --egg-base ../../../build/dobot_homing build --build-base /home/jetson/dobot-magician/build/dobot_homing/build install --record /home/jetson/dobot-magician/build/dobot_homing/install.log --single-version-externally-managed install_data
