[4.149s] Invoking command in '/home/jetson/dobot-magician/src/magician_ros2/dobot_state_updater': AMENT_PREFIX_PATH=/home/jetson/dobot-magician/install/dobot_msgs:${AMENT_PREFIX_PATH} CMAKE_PREFIX_PATH=/home/jetson/dobot-magician/install/dobot_msgs:${CMAKE_PREFIX_PATH} LD_LIBRARY_PATH=/home/jetson/dobot-magician/install/dobot_msgs/lib:${LD_LIBRARY_PATH} PYTHONPATH=/home/jetson/dobot-magician/build/dobot_state_updater/prefix_override:/usr/lib/python3/dist-packages/colcon_core/task/python/colcon_distutils_commands:/home/jetson/dobot-magician/install/dobot_state_updater/lib/python3.10/site-packages:/home/jetson/dobot-magician/install/dobot_msgs/local/lib/python3.10/dist-packages:${PYTHONPATH} /usr/bin/python3 -W ignore:setup.py install is deprecated -W ignore:easy_install command is deprecated setup.py egg_info --egg-base ../../../build/dobot_state_updater build --build-base /home/jetson/dobot-magician/build/dobot_state_updater/build install --record /home/jetson/dobot-magician/build/dobot_state_updater/install.log --single-version-externally-managed install_data
[5.111s] running egg_info
[5.112s] writing ../../../build/dobot_state_updater/dobot_state_updater.egg-info/PKG-INFO
[5.118s] writing dependency_links to ../../../build/dobot_state_updater/dobot_state_updater.egg-info/dependency_links.txt
[5.118s] writing entry points to ../../../build/dobot_state_updater/dobot_state_updater.egg-info/entry_points.txt
[5.118s] writing requirements to ../../../build/dobot_state_updater/dobot_state_updater.egg-info/requires.txt
[5.119s] writing top-level names to ../../../build/dobot_state_updater/dobot_state_updater.egg-info/top_level.txt
[5.125s] reading manifest file '../../../build/dobot_state_updater/dobot_state_updater.egg-info/SOURCES.txt'
[5.133s] writing manifest file '../../../build/dobot_state_updater/dobot_state_updater.egg-info/SOURCES.txt'
[5.133s] running build
[5.133s] running build_py
[5.133s] running install
[5.134s] running install_lib
[5.137s] running install_data
[5.137s] running install_egg_info
[5.140s] removing '/home/jetson/dobot-magician/install/dobot_state_updater/lib/python3.10/site-packages/dobot_state_updater-1.0.0-py3.10.egg-info' (and everything under it)
[5.141s] Copying ../../../build/dobot_state_updater/dobot_state_updater.egg-info to /home/jetson/dobot-magician/install/dobot_state_updater/lib/python3.10/site-packages/dobot_state_updater-1.0.0-py3.10.egg-info
[5.143s] running install_scripts
[5.218s] Installing state_publisher script to /home/jetson/dobot-magician/install/dobot_state_updater/lib/dobot_state_updater
[5.220s] writing list of installed files to '/home/jetson/dobot-magician/build/dobot_state_updater/install.log'
[5.347s] Invoked command in '/home/jetson/dobot-magician/src/magician_ros2/dobot_state_updater' returned '0': AMENT_PREFIX_PATH=/home/jetson/dobot-magician/install/dobot_msgs:${AMENT_PREFIX_PATH} CMAKE_PREFIX_PATH=/home/jetson/dobot-magician/install/dobot_msgs:${CMAKE_PREFIX_PATH} LD_LIBRARY_PATH=/home/jetson/dobot-magician/install/dobot_msgs/lib:${LD_LIBRARY_PATH} PYTHONPATH=/home/jetson/dobot-magician/build/dobot_state_updater/prefix_override:/usr/lib/python3/dist-packages/colcon_core/task/python/colcon_distutils_commands:/home/jetson/dobot-magician/install/dobot_state_updater/lib/python3.10/site-packages:/home/jetson/dobot-magician/install/dobot_msgs/local/lib/python3.10/dist-packages:${PYTHONPATH} /usr/bin/python3 -W ignore:setup.py install is deprecated -W ignore:easy_install command is deprecated setup.py egg_info --egg-base ../../../build/dobot_state_updater build --build-base /home/jetson/dobot-magician/build/dobot_state_updater/build install --record /home/jetson/dobot-magician/build/dobot_state_updater/install.log --single-version-externally-managed install_data
