[60.061s] Invoking command in '/home/jetson/dobot-magician/src/magician_ros2/dobot_web_interface': AMENT_PREFIX_PATH=/home/jetson/dobot-magician/install/dobot_msgs:${AMENT_PREFIX_PATH} CMAKE_PREFIX_PATH=/home/jetson/dobot-magician/install/dobot_msgs:${CMAKE_PREFIX_PATH} LD_LIBRARY_PATH=/home/jetson/dobot-magician/install/dobot_msgs/lib:${LD_LIBRARY_PATH} PYTHONPATH=/home/jetson/dobot-magician/build/dobot_web_interface/prefix_override:/usr/lib/python3/dist-packages/colcon_core/task/python/colcon_distutils_commands:/home/jetson/dobot-magician/install/dobot_web_interface/lib/python3.10/site-packages:/home/jetson/dobot-magician/install/dobot_msgs/local/lib/python3.10/dist-packages:${PYTHONPATH} /usr/bin/python3 -W ignore:setup.py install is deprecated -W ignore:easy_install command is deprecated setup.py egg_info --egg-base ../../../build/dobot_web_interface build --build-base /home/jetson/dobot-magician/build/dobot_web_interface/build install --record /home/jetson/dobot-magician/build/dobot_web_interface/install.log --single-version-externally-managed install_data
[60.735s] running egg_info
[60.736s] writing ../../../build/dobot_web_interface/dobot_web_interface.egg-info/PKG-INFO
[60.737s] writing dependency_links to ../../../build/dobot_web_interface/dobot_web_interface.egg-info/dependency_links.txt
[60.737s] writing entry points to ../../../build/dobot_web_interface/dobot_web_interface.egg-info/entry_points.txt
[60.738s] writing requirements to ../../../build/dobot_web_interface/dobot_web_interface.egg-info/requires.txt
[60.738s] writing top-level names to ../../../build/dobot_web_interface/dobot_web_interface.egg-info/top_level.txt
[60.743s] reading manifest file '../../../build/dobot_web_interface/dobot_web_interface.egg-info/SOURCES.txt'
[60.744s] writing manifest file '../../../build/dobot_web_interface/dobot_web_interface.egg-info/SOURCES.txt'
[60.745s] running build
[60.745s] running build_py
[60.746s] running install
[60.746s] running install_lib
[60.749s] running install_data
[60.749s] copying launch/dobot_auto.launch.py -> /home/jetson/dobot-magician/install/dobot_web_interface/share/dobot_web_interface/launch
[60.750s] running install_egg_info
[60.755s] removing '/home/jetson/dobot-magician/install/dobot_web_interface/lib/python3.10/site-packages/dobot_web_interface-1.0.0-py3.10.egg-info' (and everything under it)
[60.756s] Copying ../../../build/dobot_web_interface/dobot_web_interface.egg-info to /home/jetson/dobot-magician/install/dobot_web_interface/lib/python3.10/site-packages/dobot_web_interface-1.0.0-py3.10.egg-info
[60.757s] running install_scripts
[60.799s] Installing web_interface script to /home/jetson/dobot-magician/install/dobot_web_interface/lib/dobot_web_interface
[60.799s] writing list of installed files to '/home/jetson/dobot-magician/build/dobot_web_interface/install.log'
[90.086s] Invoked command in '/home/jetson/dobot-magician/src/magician_ros2/dobot_web_interface' returned '0': AMENT_PREFIX_PATH=/home/jetson/dobot-magician/install/dobot_msgs:${AMENT_PREFIX_PATH} CMAKE_PREFIX_PATH=/home/jetson/dobot-magician/install/dobot_msgs:${CMAKE_PREFIX_PATH} LD_LIBRARY_PATH=/home/jetson/dobot-magician/install/dobot_msgs/lib:${LD_LIBRARY_PATH} PYTHONPATH=/home/jetson/dobot-magician/build/dobot_web_interface/prefix_override:/usr/lib/python3/dist-packages/colcon_core/task/python/colcon_distutils_commands:/home/jetson/dobot-magician/install/dobot_web_interface/lib/python3.10/site-packages:/home/jetson/dobot-magician/install/dobot_msgs/local/lib/python3.10/dist-packages:${PYTHONPATH} /usr/bin/python3 -W ignore:setup.py install is deprecated -W ignore:easy_install command is deprecated setup.py egg_info --egg-base ../../../build/dobot_web_interface build --build-base /home/jetson/dobot-magician/build/dobot_web_interface/build install --record /home/jetson/dobot-magician/build/dobot_web_interface/install.log --single-version-externally-managed install_data
