running egg_info
writing ../../../build/dobot_web_interface/dobot_web_interface.egg-info/PKG-INFO
writing dependency_links to ../../../build/dobot_web_interface/dobot_web_interface.egg-info/dependency_links.txt
writing entry points to ../../../build/dobot_web_interface/dobot_web_interface.egg-info/entry_points.txt
writing requirements to ../../../build/dobot_web_interface/dobot_web_interface.egg-info/requires.txt
writing top-level names to ../../../build/dobot_web_interface/dobot_web_interface.egg-info/top_level.txt
reading manifest file '../../../build/dobot_web_interface/dobot_web_interface.egg-info/SOURCES.txt'
writing manifest file '../../../build/dobot_web_interface/dobot_web_interface.egg-info/SOURCES.txt'
running build
running build_py
copying dobot_web_interface/static/index.html -> /home/jetson/dobot-magician/build/dobot_web_interface/build/lib/dobot_web_interface/static
copying dobot_web_interface/static/styles.css -> /home/jetson/dobot-magician/build/dobot_web_interface/build/lib/dobot_web_interface/static
running install
running install_lib
copying /home/jetson/dobot-magician/build/dobot_web_interface/build/lib/dobot_web_interface/static/index.html -> /home/jetson/dobot-magician/install/dobot_web_interface/lib/python3.10/site-packages/dobot_web_interface/static
copying /home/jetson/dobot-magician/build/dobot_web_interface/build/lib/dobot_web_interface/static/styles.css -> /home/jetson/dobot-magician/install/dobot_web_interface/lib/python3.10/site-packages/dobot_web_interface/static
running install_data
running install_egg_info
removing '/home/jetson/dobot-magician/install/dobot_web_interface/lib/python3.10/site-packages/dobot_web_interface-1.0.0-py3.10.egg-info' (and everything under it)
Copying ../../../build/dobot_web_interface/dobot_web_interface.egg-info to /home/jetson/dobot-magician/install/dobot_web_interface/lib/python3.10/site-packages/dobot_web_interface-1.0.0-py3.10.egg-info
running install_scripts
Installing web_interface script to /home/jetson/dobot-magician/install/dobot_web_interface/lib/dobot_web_interface
writing list of installed files to '/home/jetson/dobot-magician/build/dobot_web_interface/install.log'
