[2.081s] Invoking command in '/home/jetson/dobot-magician/build/dobot_driver': CMAKE_PREFIX_PATH=${CMAKE_PREFIX_PATH}:/home/jetson/AGV-2026/install/yolo_object_detect:/home/jetson/AGV-2026/install/ddsm115_controller:/home/jetson/AGV-2026/install/wit_ros2_imu:/home/jetson/AGV-2026/install/motor_control_tools:/opt/ros/humble /usr/bin/cmake --build /home/jetson/dobot-magician/build/dobot_driver -- -j6 -l6
[2.893s] Built target ament_cmake_python_copy_dobot_driver
[4.713s] running egg_info
[4.714s] writing dobot_driver.egg-info/PKG-INFO
[4.714s] writing dependency_links to dobot_driver.egg-info/dependency_links.txt
[4.714s] writing top-level names to dobot_driver.egg-info/top_level.txt
[4.714s] reading manifest file 'dobot_driver.egg-info/SOURCES.txt'
[4.714s] writing manifest file 'dobot_driver.egg-info/SOURCES.txt'
[4.714s] Built target ament_cmake_python_build_dobot_driver_egg
[4.716s] Invoked command in '/home/jetson/dobot-magician/build/dobot_driver' returned '0': CMAKE_PREFIX_PATH=${CMAKE_PREFIX_PATH}:/home/jetson/AGV-2026/install/yolo_object_detect:/home/jetson/AGV-2026/install/ddsm115_controller:/home/jetson/AGV-2026/install/wit_ros2_imu:/home/jetson/AGV-2026/install/motor_control_tools:/opt/ros/humble /usr/bin/cmake --build /home/jetson/dobot-magician/build/dobot_driver -- -j6 -l6
[4.718s] Invoking command in '/home/jetson/dobot-magician/build/dobot_driver': CMAKE_PREFIX_PATH=${CMAKE_PREFIX_PATH}:/home/jetson/AGV-2026/install/yolo_object_detect:/home/jetson/AGV-2026/install/ddsm115_controller:/home/jetson/AGV-2026/install/wit_ros2_imu:/home/jetson/AGV-2026/install/motor_control_tools:/opt/ros/humble /usr/bin/cmake --install /home/jetson/dobot-magician/build/dobot_driver
[5.510s] -- Install configuration: ""
[5.510s] -- Up-to-date: /home/jetson/dobot-magician/install/dobot_driver/share/dobot_driver/environment/pythonpath.sh
[5.510s] -- Up-to-date: /home/jetson/dobot-magician/install/dobot_driver/share/dobot_driver/environment/pythonpath.dsv
[5.510s] -- Up-to-date: /home/jetson/dobot-magician/install/dobot_driver/local/lib/python3.10/dist-packages/dobot_driver-1.0.0-py3.10.egg-info
[5.511s] -- Installing: /home/jetson/dobot-magician/install/dobot_driver/local/lib/python3.10/dist-packages/dobot_driver-1.0.0-py3.10.egg-info/SOURCES.txt
[5.511s] -- Installing: /home/jetson/dobot-magician/install/dobot_driver/local/lib/python3.10/dist-packages/dobot_driver-1.0.0-py3.10.egg-info/PKG-INFO
[5.511s] -- Installing: /home/jetson/dobot-magician/install/dobot_driver/local/lib/python3.10/dist-packages/dobot_driver-1.0.0-py3.10.egg-info/dependency_links.txt
[5.511s] -- Installing: /home/jetson/dobot-magician/install/dobot_driver/local/lib/python3.10/dist-packages/dobot_driver-1.0.0-py3.10.egg-info/top_level.txt
[5.511s] -- Up-to-date: /home/jetson/dobot-magician/install/dobot_driver/local/lib/python3.10/dist-packages/dobot_driver
[5.511s] -- Up-to-date: /home/jetson/dobot-magician/install/dobot_driver/local/lib/python3.10/dist-packages/dobot_driver/interface.py
[5.511s] -- Up-to-date: /home/jetson/dobot-magician/install/dobot_driver/local/lib/python3.10/dist-packages/dobot_driver/dobot_handle.py
[5.511s] -- Up-to-date: /home/jetson/dobot-magician/install/dobot_driver/local/lib/python3.10/dist-packages/dobot_driver/parsers.py
[5.516s] -- Up-to-date: /home/jetson/dobot-magician/install/dobot_driver/local/lib/python3.10/dist-packages/dobot_driver/message.py
[5.516s] -- Up-to-date: /home/jetson/dobot-magician/install/dobot_driver/local/lib/python3.10/dist-packages/dobot_driver/__init__.py
[5.516s] Listing '/home/jetson/dobot-magician/install/dobot_driver/local/lib/python3.10/dist-packages/dobot_driver'...
[5.516s] -- Up-to-date: /home/jetson/dobot-magician/install/dobot_driver/share/ament_index/resource_index/package_run_dependencies/dobot_driver
[5.517s] -- Up-to-date: /home/jetson/dobot-magician/install/dobot_driver/share/ament_index/resource_index/parent_prefix_path/dobot_driver
[5.517s] -- Up-to-date: /home/jetson/dobot-magician/install/dobot_driver/share/dobot_driver/environment/ament_prefix_path.sh
[5.517s] -- Up-to-date: /home/jetson/dobot-magician/install/dobot_driver/share/dobot_driver/environment/ament_prefix_path.dsv
[5.517s] -- Up-to-date: /home/jetson/dobot-magician/install/dobot_driver/share/dobot_driver/environment/path.sh
[5.517s] -- Up-to-date: /home/jetson/dobot-magician/install/dobot_driver/share/dobot_driver/environment/path.dsv
[5.517s] -- Up-to-date: /home/jetson/dobot-magician/install/dobot_driver/share/dobot_driver/local_setup.bash
[5.517s] -- Up-to-date: /home/jetson/dobot-magician/install/dobot_driver/share/dobot_driver/local_setup.sh
[5.518s] -- Up-to-date: /home/jetson/dobot-magician/install/dobot_driver/share/dobot_driver/local_setup.zsh
[5.518s] -- Up-to-date: /home/jetson/dobot-magician/install/dobot_driver/share/dobot_driver/local_setup.dsv
[5.518s] -- Installing: /home/jetson/dobot-magician/install/dobot_driver/share/dobot_driver/package.dsv
[5.518s] -- Up-to-date: /home/jetson/dobot-magician/install/dobot_driver/share/ament_index/resource_index/packages/dobot_driver
[5.518s] -- Up-to-date: /home/jetson/dobot-magician/install/dobot_driver/share/dobot_driver/cmake/dobot_driverConfig.cmake
[5.518s] -- Up-to-date: /home/jetson/dobot-magician/install/dobot_driver/share/dobot_driver/cmake/dobot_driverConfig-version.cmake
[5.518s] -- Up-to-date: /home/jetson/dobot-magician/install/dobot_driver/share/dobot_driver/package.xml
[5.533s] Invoked command in '/home/jetson/dobot-magician/build/dobot_driver' returned '0': CMAKE_PREFIX_PATH=${CMAKE_PREFIX_PATH}:/home/jetson/AGV-2026/install/yolo_object_detect:/home/jetson/AGV-2026/install/ddsm115_controller:/home/jetson/AGV-2026/install/wit_ros2_imu:/home/jetson/AGV-2026/install/motor_control_tools:/opt/ros/humble /usr/bin/cmake --install /home/jetson/dobot-magician/build/dobot_driver
