[5.498s] Invoking command in '/home/jetson/dobot-magician/src/magician_ros2/dobot_diagnostics': AMENT_PREFIX_PATH=/home/jetson/dobot-magician/install/dobot_msgs:${AMENT_PREFIX_PATH} CMAKE_PREFIX_PATH=/home/jetson/dobot-magician/install/dobot_msgs:${CMAKE_PREFIX_PATH} LD_LIBRARY_PATH=/home/jetson/dobot-magician/install/dobot_msgs/lib:${LD_LIBRARY_PATH} PYTHONPATH=/home/jetson/dobot-magician/build/dobot_diagnostics/prefix_override:/usr/lib/python3/dist-packages/colcon_core/task/python/colcon_distutils_commands:/home/jetson/dobot-magician/install/dobot_diagnostics/lib/python3.10/site-packages:/home/jetson/dobot-magician/install/dobot_msgs/local/lib/python3.10/dist-packages:${PYTHONPATH} /usr/bin/python3 -W ignore:setup.py install is deprecated -W ignore:easy_install command is deprecated setup.py egg_info --egg-base ../../../build/dobot_diagnostics build --build-base /home/jetson/dobot-magician/build/dobot_diagnostics/build install --record /home/jetson/dobot-magician/build/dobot_diagnostics/install.log --single-version-externally-managed install_data
[6.558s] running egg_info
[6.558s] writing ../../../build/dobot_diagnostics/dobot_diagnostics.egg-info/PKG-INFO
[6.558s] writing dependency_links to ../../../build/dobot_diagnostics/dobot_diagnostics.egg-info/dependency_links.txt
[6.558s] writing entry points to ../../../build/dobot_diagnostics/dobot_diagnostics.egg-info/entry_points.txt
[6.558s] writing requirements to ../../../build/dobot_diagnostics/dobot_diagnostics.egg-info/requires.txt
[6.558s] writing top-level names to ../../../build/dobot_diagnostics/dobot_diagnostics.egg-info/top_level.txt
[6.558s] reading manifest file '../../../build/dobot_diagnostics/dobot_diagnostics.egg-info/SOURCES.txt'
[6.559s] writing manifest file '../../../build/dobot_diagnostics/dobot_diagnostics.egg-info/SOURCES.txt'
[6.559s] running build
[6.559s] running build_py
[6.559s] running install
[6.559s] running install_lib
[6.559s] running install_data
[6.559s] running install_egg_info
[6.559s] removing '/home/jetson/dobot-magician/install/dobot_diagnostics/lib/python3.10/site-packages/dobot_diagnostics-1.0.0-py3.10.egg-info' (and everything under it)
[6.559s] Copying ../../../build/dobot_diagnostics/dobot_diagnostics.egg-info to /home/jetson/dobot-magician/install/dobot_diagnostics/lib/python3.10/site-packages/dobot_diagnostics-1.0.0-py3.10.egg-info
[6.560s] running install_scripts
[6.602s] Installing alarms_parser script to /home/jetson/dobot-magician/install/dobot_diagnostics/lib/dobot_diagnostics
[6.603s] writing list of installed files to '/home/jetson/dobot-magician/build/dobot_diagnostics/install.log'
[7.910s] Invoked command in '/home/jetson/dobot-magician/src/magician_ros2/dobot_diagnostics' returned '0': AMENT_PREFIX_PATH=/home/jetson/dobot-magician/install/dobot_msgs:${AMENT_PREFIX_PATH} CMAKE_PREFIX_PATH=/home/jetson/dobot-magician/install/dobot_msgs:${CMAKE_PREFIX_PATH} LD_LIBRARY_PATH=/home/jetson/dobot-magician/install/dobot_msgs/lib:${LD_LIBRARY_PATH} PYTHONPATH=/home/jetson/dobot-magician/build/dobot_diagnostics/prefix_override:/usr/lib/python3/dist-packages/colcon_core/task/python/colcon_distutils_commands:/home/jetson/dobot-magician/install/dobot_diagnostics/lib/python3.10/site-packages:/home/jetson/dobot-magician/install/dobot_msgs/local/lib/python3.10/dist-packages:${PYTHONPATH} /usr/bin/python3 -W ignore:setup.py install is deprecated -W ignore:easy_install command is deprecated setup.py egg_info --egg-base ../../../build/dobot_diagnostics build --build-base /home/jetson/dobot-magician/build/dobot_diagnostics/build install --record /home/jetson/dobot-magician/build/dobot_diagnostics/install.log --single-version-externally-managed install_data
