[7.233s] Invoking command in '/home/jetson/dobot-magician/src/magician_ros2/dobot_demos': AMENT_PREFIX_PATH=/home/jetson/dobot-magician/install/dobot_msgs:${AMENT_PREFIX_PATH} CMAKE_PREFIX_PATH=/home/jetson/dobot-magician/install/dobot_msgs:${CMAKE_PREFIX_PATH} LD_LIBRARY_PATH=/home/jetson/dobot-magician/install/dobot_msgs/lib:${LD_LIBRARY_PATH} PYTHONPATH=/home/jetson/dobot-magician/build/dobot_demos/prefix_override:/usr/lib/python3/dist-packages/colcon_core/task/python/colcon_distutils_commands:/home/jetson/dobot-magician/install/dobot_demos/lib/python3.10/site-packages:/home/jetson/dobot-magician/install/dobot_msgs/local/lib/python3.10/dist-packages:${PYTHONPATH} /usr/bin/python3 -W ignore:setup.py install is deprecated -W ignore:easy_install command is deprecated setup.py egg_info --egg-base ../../../build/dobot_demos build --build-base /home/jetson/dobot-magician/build/dobot_demos/build install --record /home/jetson/dobot-magician/build/dobot_demos/install.log --single-version-externally-managed install_data
[8.643s] running egg_info
[8.643s] creating ../../../build/dobot_demos/dobot_demos.egg-info
[8.643s] writing ../../../build/dobot_demos/dobot_demos.egg-info/PKG-INFO
[8.644s] writing dependency_links to ../../../build/dobot_demos/dobot_demos.egg-info/dependency_links.txt
[8.644s] writing entry points to ../../../build/dobot_demos/dobot_demos.egg-info/entry_points.txt
[8.644s] writing requirements to ../../../build/dobot_demos/dobot_demos.egg-info/requires.txt
[8.644s] writing top-level names to ../../../build/dobot_demos/dobot_demos.egg-info/top_level.txt
[8.644s] writing manifest file '../../../build/dobot_demos/dobot_demos.egg-info/SOURCES.txt'
[8.664s] reading manifest file '../../../build/dobot_demos/dobot_demos.egg-info/SOURCES.txt'
[8.665s] writing manifest file '../../../build/dobot_demos/dobot_demos.egg-info/SOURCES.txt'
[8.666s] running build
[8.666s] running build_py
[8.666s] creating /home/jetson/dobot-magician/build/dobot_demos/build
[8.666s] creating /home/jetson/dobot-magician/build/dobot_demos/build/lib
[8.667s] creating /home/jetson/dobot-magician/build/dobot_demos/build/lib/dobot_demos
[8.667s] copying dobot_demos/PTP_client.py -> /home/jetson/dobot-magician/build/dobot_demos/build/lib/dobot_demos
[8.671s] copying dobot_demos/pick_and_place.py -> /home/jetson/dobot-magician/build/dobot_demos/build/lib/dobot_demos
[8.675s] copying dobot_demos/homing_client.py -> /home/jetson/dobot-magician/build/dobot_demos/build/lib/dobot_demos
[8.679s] copying dobot_demos/gripper_client.py -> /home/jetson/dobot-magician/build/dobot_demos/build/lib/dobot_demos
[8.683s] copying dobot_demos/suction_cup_client.py -> /home/jetson/dobot-magician/build/dobot_demos/build/lib/dobot_demos
[8.687s] copying dobot_demos/__init__.py -> /home/jetson/dobot-magician/build/dobot_demos/build/lib/dobot_demos
[8.687s] running install
[8.688s] running install_lib
[8.690s] creating /home/jetson/dobot-magician/install/dobot_demos/lib/python3.10/site-packages/dobot_demos
[8.691s] copying /home/jetson/dobot-magician/build/dobot_demos/build/lib/dobot_demos/PTP_client.py -> /home/jetson/dobot-magician/install/dobot_demos/lib/python3.10/site-packages/dobot_demos
[8.691s] copying /home/jetson/dobot-magician/build/dobot_demos/build/lib/dobot_demos/pick_and_place.py -> /home/jetson/dobot-magician/install/dobot_demos/lib/python3.10/site-packages/dobot_demos
[8.691s] copying /home/jetson/dobot-magician/build/dobot_demos/build/lib/dobot_demos/homing_client.py -> /home/jetson/dobot-magician/install/dobot_demos/lib/python3.10/site-packages/dobot_demos
[8.692s] copying /home/jetson/dobot-magician/build/dobot_demos/build/lib/dobot_demos/gripper_client.py -> /home/jetson/dobot-magician/install/dobot_demos/lib/python3.10/site-packages/dobot_demos
[8.692s] copying /home/jetson/dobot-magician/build/dobot_demos/build/lib/dobot_demos/suction_cup_client.py -> /home/jetson/dobot-magician/install/dobot_demos/lib/python3.10/site-packages/dobot_demos
[8.692s] copying /home/jetson/dobot-magician/build/dobot_demos/build/lib/dobot_demos/__init__.py -> /home/jetson/dobot-magician/install/dobot_demos/lib/python3.10/site-packages/dobot_demos
[8.693s] byte-compiling /home/jetson/dobot-magician/install/dobot_demos/lib/python3.10/site-packages/dobot_demos/PTP_client.py to PTP_client.cpython-310.pyc
[8.699s] byte-compiling /home/jetson/dobot-magician/install/dobot_demos/lib/python3.10/site-packages/dobot_demos/pick_and_place.py to pick_and_place.cpython-310.pyc
[8.701s] byte-compiling /home/jetson/dobot-magician/install/dobot_demos/lib/python3.10/site-packages/dobot_demos/homing_client.py to homing_client.cpython-310.pyc
[8.702s] byte-compiling /home/jetson/dobot-magician/install/dobot_demos/lib/python3.10/site-packages/dobot_demos/gripper_client.py to gripper_client.cpython-310.pyc
[8.702s] byte-compiling /home/jetson/dobot-magician/install/dobot_demos/lib/python3.10/site-packages/dobot_demos/suction_cup_client.py to suction_cup_client.cpython-310.pyc
[8.708s] byte-compiling /home/jetson/dobot-magician/install/dobot_demos/lib/python3.10/site-packages/dobot_demos/__init__.py to __init__.cpython-310.pyc
[8.708s] running install_data
[8.708s] creating /home/jetson/dobot-magician/install/dobot_demos/share/ament_index
[8.708s] creating /home/jetson/dobot-magician/install/dobot_demos/share/ament_index/resource_index
[8.708s] creating /home/jetson/dobot-magician/install/dobot_demos/share/ament_index/resource_index/packages
[8.709s] copying resource/dobot_demos -> /home/jetson/dobot-magician/install/dobot_demos/share/ament_index/resource_index/packages
[8.709s] copying package.xml -> /home/jetson/dobot-magician/install/dobot_demos/share/dobot_demos
[8.709s] running install_egg_info
[8.714s] Copying ../../../build/dobot_demos/dobot_demos.egg-info to /home/jetson/dobot-magician/install/dobot_demos/lib/python3.10/site-packages/dobot_demos-1.0.0-py3.10.egg-info
[8.718s] running install_scripts
[8.814s] Installing test_gripper script to /home/jetson/dobot-magician/install/dobot_demos/lib/dobot_demos
[8.815s] Installing test_homing script to /home/jetson/dobot-magician/install/dobot_demos/lib/dobot_demos
[8.815s] Installing test_pick_and_place script to /home/jetson/dobot-magician/install/dobot_demos/lib/dobot_demos
[8.815s] Installing test_point_to_point script to /home/jetson/dobot-magician/install/dobot_demos/lib/dobot_demos
[8.815s] Installing test_suction_cup script to /home/jetson/dobot-magician/install/dobot_demos/lib/dobot_demos
[8.816s] writing list of installed files to '/home/jetson/dobot-magician/build/dobot_demos/install.log'
[9.051s] Invoked command in '/home/jetson/dobot-magician/src/magician_ros2/dobot_demos' returned '0': AMENT_PREFIX_PATH=/home/jetson/dobot-magician/install/dobot_msgs:${AMENT_PREFIX_PATH} CMAKE_PREFIX_PATH=/home/jetson/dobot-magician/install/dobot_msgs:${CMAKE_PREFIX_PATH} LD_LIBRARY_PATH=/home/jetson/dobot-magician/install/dobot_msgs/lib:${LD_LIBRARY_PATH} PYTHONPATH=/home/jetson/dobot-magician/build/dobot_demos/prefix_override:/usr/lib/python3/dist-packages/colcon_core/task/python/colcon_distutils_commands:/home/jetson/dobot-magician/install/dobot_demos/lib/python3.10/site-packages:/home/jetson/dobot-magician/install/dobot_msgs/local/lib/python3.10/dist-packages:${PYTHONPATH} /usr/bin/python3 -W ignore:setup.py install is deprecated -W ignore:easy_install command is deprecated setup.py egg_info --egg-base ../../../build/dobot_demos build --build-base /home/jetson/dobot-magician/build/dobot_demos/build install --record /home/jetson/dobot-magician/build/dobot_demos/install.log --single-version-externally-managed install_data
