[5.461s] Invoking command in '/home/jetson/dobot-magician/src/magician_ros2/dobot_homing': AMENT_PREFIX_PATH=/home/jetson/dobot-magician/install/dobot_msgs:${AMENT_PREFIX_PATH} CMAKE_PREFIX_PATH=/home/jetson/dobot-magician/install/dobot_msgs:${CMAKE_PREFIX_PATH} LD_LIBRARY_PATH=/home/jetson/dobot-magician/install/dobot_msgs/lib:${LD_LIBRARY_PATH} PYTHONPATH=/home/jetson/dobot-magician/build/dobot_homing/prefix_override:/usr/lib/python3/dist-packages/colcon_core/task/python/colcon_distutils_commands:/home/jetson/dobot-magician/install/dobot_homing/lib/python3.10/site-packages:/home/jetson/dobot-magician/install/dobot_msgs/local/lib/python3.10/dist-packages:${PYTHONPATH} /usr/bin/python3 -W ignore:setup.py install is deprecated -W ignore:easy_install command is deprecated setup.py egg_info --egg-base ../../../build/dobot_homing build --build-base /home/jetson/dobot-magician/build/dobot_homing/build install --record /home/jetson/dobot-magician/build/dobot_homing/install.log --single-version-externally-managed install_data
[6.519s] running egg_info
[6.550s] writing ../../../build/dobot_homing/dobot_homing.egg-info/PKG-INFO
[6.550s] writing dependency_links to ../../../build/dobot_homing/dobot_homing.egg-info/dependency_links.txt
[6.550s] writing entry points to ../../../build/dobot_homing/dobot_homing.egg-info/entry_points.txt
[6.550s] writing requirements to ../../../build/dobot_homing/dobot_homing.egg-info/requires.txt
[6.550s] writing top-level names to ../../../build/dobot_homing/dobot_homing.egg-info/top_level.txt
[6.550s] reading manifest file '../../../build/dobot_homing/dobot_homing.egg-info/SOURCES.txt'
[6.550s] writing manifest file '../../../build/dobot_homing/dobot_homing.egg-info/SOURCES.txt'
[6.551s] running build
[6.551s] running build_py
[6.551s] running install
[6.551s] running install_lib
[6.551s] running install_data
[6.551s] running install_egg_info
[6.551s] removing '/home/jetson/dobot-magician/install/dobot_homing/lib/python3.10/site-packages/dobot_homing-1.0.0-py3.10.egg-info' (and everything under it)
[6.551s] Copying ../../../build/dobot_homing/dobot_homing.egg-info to /home/jetson/dobot-magician/install/dobot_homing/lib/python3.10/site-packages/dobot_homing-1.0.0-py3.10.egg-info
[6.552s] running install_scripts
[6.631s] Installing homing_server script to /home/jetson/dobot-magician/install/dobot_homing/lib/dobot_homing
[6.633s] writing list of installed files to '/home/jetson/dobot-magician/build/dobot_homing/install.log'
[6.873s] Invoked command in '/home/jetson/dobot-magician/src/magician_ros2/dobot_homing' returned '0': AMENT_PREFIX_PATH=/home/jetson/dobot-magician/install/dobot_msgs:${AMENT_PREFIX_PATH} CMAKE_PREFIX_PATH=/home/jetson/dobot-magician/install/dobot_msgs:${CMAKE_PREFIX_PATH} LD_LIBRARY_PATH=/home/jetson/dobot-magician/install/dobot_msgs/lib:${LD_LIBRARY_PATH} PYTHONPATH=/home/jetson/dobot-magician/build/dobot_homing/prefix_override:/usr/lib/python3/dist-packages/colcon_core/task/python/colcon_distutils_commands:/home/jetson/dobot-magician/install/dobot_homing/lib/python3.10/site-packages:/home/jetson/dobot-magician/install/dobot_msgs/local/lib/python3.10/dist-packages:${PYTHONPATH} /usr/bin/python3 -W ignore:setup.py install is deprecated -W ignore:easy_install command is deprecated setup.py egg_info --egg-base ../../../build/dobot_homing build --build-base /home/jetson/dobot-magician/build/dobot_homing/build install --record /home/jetson/dobot-magician/build/dobot_homing/install.log --single-version-externally-managed install_data
