[5.439s] Invoking command in '/home/jetson/dobot-magician/src/magician_ros2/dobot_bringup': PYTHONPATH=/home/jetson/dobot-magician/build/dobot_bringup/prefix_override:/usr/lib/python3/dist-packages/colcon_core/task/python/colcon_distutils_commands:/home/jetson/dobot-magician/install/dobot_bringup/lib/python3.10/site-packages:${PYTHONPATH} /usr/bin/python3 -W ignore:setup.py install is deprecated -W ignore:easy_install command is deprecated setup.py egg_info --egg-base ../../../build/dobot_bringup build --build-base /home/jetson/dobot-magician/build/dobot_bringup/build install --record /home/jetson/dobot-magician/build/dobot_bringup/install.log --single-version-externally-managed install_data
[6.845s] running egg_info
[6.845s] creating ../../../build/dobot_bringup/dobot_bringup.egg-info
[6.845s] writing ../../../build/dobot_bringup/dobot_bringup.egg-info/PKG-INFO
[6.846s] writing dependency_links to ../../../build/dobot_bringup/dobot_bringup.egg-info/dependency_links.txt
[6.846s] writing entry points to ../../../build/dobot_bringup/dobot_bringup.egg-info/entry_points.txt
[6.846s] writing requirements to ../../../build/dobot_bringup/dobot_bringup.egg-info/requires.txt
[6.846s] writing top-level names to ../../../build/dobot_bringup/dobot_bringup.egg-info/top_level.txt
[6.847s] writing manifest file '../../../build/dobot_bringup/dobot_bringup.egg-info/SOURCES.txt'
[6.893s] reading manifest file '../../../build/dobot_bringup/dobot_bringup.egg-info/SOURCES.txt'
[6.899s] writing manifest file '../../../build/dobot_bringup/dobot_bringup.egg-info/SOURCES.txt'
[6.899s] running build
[6.899s] running build_py
[6.899s] creating /home/jetson/dobot-magician/build/dobot_bringup/build
[6.899s] creating /home/jetson/dobot-magician/build/dobot_bringup/build/lib
[6.900s] creating /home/jetson/dobot-magician/build/dobot_bringup/build/lib/dobot_bringup
[6.900s] copying dobot_bringup/set_tool_null.py -> /home/jetson/dobot-magician/build/dobot_bringup/build/lib/dobot_bringup
[6.912s] copying dobot_bringup/__init__.py -> /home/jetson/dobot-magician/build/dobot_bringup/build/lib/dobot_bringup
[6.912s] running install
[6.912s] running install_lib
[6.913s] creating /home/jetson/dobot-magician/install/dobot_bringup/lib/python3.10/site-packages/dobot_bringup
[6.913s] copying /home/jetson/dobot-magician/build/dobot_bringup/build/lib/dobot_bringup/set_tool_null.py -> /home/jetson/dobot-magician/install/dobot_bringup/lib/python3.10/site-packages/dobot_bringup
[6.913s] copying /home/jetson/dobot-magician/build/dobot_bringup/build/lib/dobot_bringup/__init__.py -> /home/jetson/dobot-magician/install/dobot_bringup/lib/python3.10/site-packages/dobot_bringup
[6.917s] byte-compiling /home/jetson/dobot-magician/install/dobot_bringup/lib/python3.10/site-packages/dobot_bringup/set_tool_null.py to set_tool_null.cpython-310.pyc
[6.917s] byte-compiling /home/jetson/dobot-magician/install/dobot_bringup/lib/python3.10/site-packages/dobot_bringup/__init__.py to __init__.cpython-310.pyc
[6.918s] running install_data
[6.918s] creating /home/jetson/dobot-magician/install/dobot_bringup/share/ament_index
[6.919s] creating /home/jetson/dobot-magician/install/dobot_bringup/share/ament_index/resource_index
[6.919s] creating /home/jetson/dobot-magician/install/dobot_bringup/share/ament_index/resource_index/packages
[6.920s] copying resource/dobot_bringup -> /home/jetson/dobot-magician/install/dobot_bringup/share/ament_index/resource_index/packages
[6.920s] copying package.xml -> /home/jetson/dobot-magician/install/dobot_bringup/share/dobot_bringup
[6.921s] copying launch/dobot_magician_control_system.launch.py -> /home/jetson/dobot-magician/install/dobot_bringup/share/dobot_bringup
[6.946s] running install_egg_info
[6.974s] Copying ../../../build/dobot_bringup/dobot_bringup.egg-info to /home/jetson/dobot-magician/install/dobot_bringup/lib/python3.10/site-packages/dobot_bringup-1.0.0-py3.10.egg-info
[6.975s] running install_scripts
[7.096s] Installing set_tool_null script to /home/jetson/dobot-magician/install/dobot_bringup/lib/dobot_bringup
[7.097s] writing list of installed files to '/home/jetson/dobot-magician/build/dobot_bringup/install.log'
[7.677s] Invoked command in '/home/jetson/dobot-magician/src/magician_ros2/dobot_bringup' returned '0': PYTHONPATH=/home/jetson/dobot-magician/build/dobot_bringup/prefix_override:/usr/lib/python3/dist-packages/colcon_core/task/python/colcon_distutils_commands:/home/jetson/dobot-magician/install/dobot_bringup/lib/python3.10/site-packages:${PYTHONPATH} /usr/bin/python3 -W ignore:setup.py install is deprecated -W ignore:easy_install command is deprecated setup.py egg_info --egg-base ../../../build/dobot_bringup build --build-base /home/jetson/dobot-magician/build/dobot_bringup/build install --record /home/jetson/dobot-magician/build/dobot_bringup/install.log --single-version-externally-managed install_data
