[5.532s] Invoking command in '/home/jetson/dobot-magician/src/magician_ros2/dobot_bringup': PYTHONPATH=/home/jetson/dobot-magician/build/dobot_bringup/prefix_override:/usr/lib/python3/dist-packages/colcon_core/task/python/colcon_distutils_commands:/home/jetson/dobot-magician/install/dobot_bringup/lib/python3.10/site-packages:${PYTHONPATH} /usr/bin/python3 -W ignore:setup.py install is deprecated -W ignore:easy_install command is deprecated setup.py egg_info --egg-base ../../../build/dobot_bringup build --build-base /home/jetson/dobot-magician/build/dobot_bringup/build install --record /home/jetson/dobot-magician/build/dobot_bringup/install.log --single-version-externally-managed install_data
[6.524s] running egg_info
[6.525s] writing ../../../build/dobot_bringup/dobot_bringup.egg-info/PKG-INFO
[7.501s] writing dependency_links to ../../../build/dobot_bringup/dobot_bringup.egg-info/dependency_links.txt
[7.501s] writing entry points to ../../../build/dobot_bringup/dobot_bringup.egg-info/entry_points.txt
[7.502s] writing requirements to ../../../build/dobot_bringup/dobot_bringup.egg-info/requires.txt
[7.502s] writing top-level names to ../../../build/dobot_bringup/dobot_bringup.egg-info/top_level.txt
[7.502s] reading manifest file '../../../build/dobot_bringup/dobot_bringup.egg-info/SOURCES.txt'
[7.502s] writing manifest file '../../../build/dobot_bringup/dobot_bringup.egg-info/SOURCES.txt'
[7.502s] running build
[7.503s] running build_py
[7.503s] running install
[7.503s] running install_lib
[7.503s] running install_data
[7.503s] running install_egg_info
[7.503s] removing '/home/jetson/dobot-magician/install/dobot_bringup/lib/python3.10/site-packages/dobot_bringup-1.0.0-py3.10.egg-info' (and everything under it)
[7.503s] Copying ../../../build/dobot_bringup/dobot_bringup.egg-info to /home/jetson/dobot-magician/install/dobot_bringup/lib/python3.10/site-packages/dobot_bringup-1.0.0-py3.10.egg-info
[7.503s] running install_scripts
[7.503s] Installing set_tool_null script to /home/jetson/dobot-magician/install/dobot_bringup/lib/dobot_bringup
[7.504s] writing list of installed files to '/home/jetson/dobot-magician/build/dobot_bringup/install.log'
[7.513s] Invoked command in '/home/jetson/dobot-magician/src/magician_ros2/dobot_bringup' returned '0': PYTHONPATH=/home/jetson/dobot-magician/build/dobot_bringup/prefix_override:/usr/lib/python3/dist-packages/colcon_core/task/python/colcon_distutils_commands:/home/jetson/dobot-magician/install/dobot_bringup/lib/python3.10/site-packages:${PYTHONPATH} /usr/bin/python3 -W ignore:setup.py install is deprecated -W ignore:easy_install command is deprecated setup.py egg_info --egg-base ../../../build/dobot_bringup build --build-base /home/jetson/dobot-magician/build/dobot_bringup/build install --record /home/jetson/dobot-magician/build/dobot_bringup/install.log --single-version-externally-managed install_data
