[7.397s] Invoking command in '/home/jetson/dobot-magician/src/magician_ros2/dobot_motion': AMENT_PREFIX_PATH=/home/jetson/dobot-magician/install/dobot_msgs:${AMENT_PREFIX_PATH} CMAKE_PREFIX_PATH=/home/jetson/dobot-magician/install/dobot_msgs:${CMAKE_PREFIX_PATH} LD_LIBRARY_PATH=/home/jetson/dobot-magician/install/dobot_msgs/lib:${LD_LIBRARY_PATH} PYTHONPATH=/home/jetson/dobot-magician/build/dobot_motion/prefix_override:/usr/lib/python3/dist-packages/colcon_core/task/python/colcon_distutils_commands:/home/jetson/dobot-magician/install/dobot_motion/lib/python3.10/site-packages:/home/jetson/dobot-magician/install/dobot_msgs/local/lib/python3.10/dist-packages:${PYTHONPATH} /usr/bin/python3 -W ignore:setup.py install is deprecated -W ignore:easy_install command is deprecated setup.py egg_info --egg-base ../../../build/dobot_motion build --build-base /home/jetson/dobot-magician/build/dobot_motion/build install --record /home/jetson/dobot-magician/build/dobot_motion/install.log --single-version-externally-managed install_data
[8.980s] running egg_info
[8.980s] creating ../../../build/dobot_motion/dobot_motion.egg-info
[8.980s] writing ../../../build/dobot_motion/dobot_motion.egg-info/PKG-INFO
[8.980s] writing dependency_links to ../../../build/dobot_motion/dobot_motion.egg-info/dependency_links.txt
[8.981s] writing entry points to ../../../build/dobot_motion/dobot_motion.egg-info/entry_points.txt
[8.981s] writing requirements to ../../../build/dobot_motion/dobot_motion.egg-info/requires.txt
[8.981s] writing top-level names to ../../../build/dobot_motion/dobot_motion.egg-info/top_level.txt
[8.981s] writing manifest file '../../../build/dobot_motion/dobot_motion.egg-info/SOURCES.txt'
[9.055s] reading manifest file '../../../build/dobot_motion/dobot_motion.egg-info/SOURCES.txt'
[9.055s] writing manifest file '../../../build/dobot_motion/dobot_motion.egg-info/SOURCES.txt'
[9.055s] running build
[9.055s] running build_py
[9.055s] creating /home/jetson/dobot-magician/build/dobot_motion/build
[9.055s] creating /home/jetson/dobot-magician/build/dobot_motion/build/lib
[9.055s] creating /home/jetson/dobot-magician/build/dobot_motion/build/lib/dobot_motion
[9.056s] copying dobot_motion/PTP_server.py -> /home/jetson/dobot-magician/build/dobot_motion/build/lib/dobot_motion
[9.056s] copying dobot_motion/sliding_rail_server.py -> /home/jetson/dobot-magician/build/dobot_motion/build/lib/dobot_motion
[9.056s] copying dobot_motion/PTP_params_class.py -> /home/jetson/dobot-magician/build/dobot_motion/build/lib/dobot_motion
[9.056s] copying dobot_motion/__init__.py -> /home/jetson/dobot-magician/build/dobot_motion/build/lib/dobot_motion
[9.056s] running install
[9.056s] running install_lib
[9.056s] creating /home/jetson/dobot-magician/install/dobot_motion/lib/python3.10/site-packages/dobot_motion
[9.057s] copying /home/jetson/dobot-magician/build/dobot_motion/build/lib/dobot_motion/PTP_server.py -> /home/jetson/dobot-magician/install/dobot_motion/lib/python3.10/site-packages/dobot_motion
[9.057s] copying /home/jetson/dobot-magician/build/dobot_motion/build/lib/dobot_motion/sliding_rail_server.py -> /home/jetson/dobot-magician/install/dobot_motion/lib/python3.10/site-packages/dobot_motion
[9.057s] copying /home/jetson/dobot-magician/build/dobot_motion/build/lib/dobot_motion/PTP_params_class.py -> /home/jetson/dobot-magician/install/dobot_motion/lib/python3.10/site-packages/dobot_motion
[9.057s] copying /home/jetson/dobot-magician/build/dobot_motion/build/lib/dobot_motion/__init__.py -> /home/jetson/dobot-magician/install/dobot_motion/lib/python3.10/site-packages/dobot_motion
[9.057s] byte-compiling /home/jetson/dobot-magician/install/dobot_motion/lib/python3.10/site-packages/dobot_motion/PTP_server.py to PTP_server.cpython-310.pyc
[9.057s] byte-compiling /home/jetson/dobot-magician/install/dobot_motion/lib/python3.10/site-packages/dobot_motion/sliding_rail_server.py to sliding_rail_server.cpython-310.pyc
[9.990s] byte-compiling /home/jetson/dobot-magician/install/dobot_motion/lib/python3.10/site-packages/dobot_motion/PTP_params_class.py to PTP_params_class.cpython-310.pyc
[9.990s] byte-compiling /home/jetson/dobot-magician/install/dobot_motion/lib/python3.10/site-packages/dobot_motion/__init__.py to __init__.cpython-310.pyc
[9.990s] running install_data
[9.990s] creating /home/jetson/dobot-magician/install/dobot_motion/share/ament_index
[9.991s] creating /home/jetson/dobot-magician/install/dobot_motion/share/ament_index/resource_index
[9.991s] creating /home/jetson/dobot-magician/install/dobot_motion/share/ament_index/resource_index/packages
[9.991s] copying resource/dobot_motion -> /home/jetson/dobot-magician/install/dobot_motion/share/ament_index/resource_index/packages
[9.991s] copying package.xml -> /home/jetson/dobot-magician/install/dobot_motion/share/dobot_motion
[9.991s] copying launch/dobot_rail.launch.py -> /home/jetson/dobot-magician/install/dobot_motion/share/dobot_motion
[9.991s] copying launch/dobot_PTP.launch.py -> /home/jetson/dobot-magician/install/dobot_motion/share/dobot_motion
[9.991s] creating /home/jetson/dobot-magician/install/dobot_motion/share/dobot_motion/config
[9.991s] copying config/PTP_motion_params.yaml -> /home/jetson/dobot-magician/install/dobot_motion/share/dobot_motion/config
[9.991s] copying config/sliding_rail_params.yaml -> /home/jetson/dobot-magician/install/dobot_motion/share/dobot_motion/config
[9.992s] running install_egg_info
[9.992s] Copying ../../../build/dobot_motion/dobot_motion.egg-info to /home/jetson/dobot-magician/install/dobot_motion/lib/python3.10/site-packages/dobot_motion-1.0.0-py3.10.egg-info
[9.992s] running install_scripts
[9.992s] Installing PTP_server script to /home/jetson/dobot-magician/install/dobot_motion/lib/dobot_motion
[9.992s] Installing sliding_rail_server script to /home/jetson/dobot-magician/install/dobot_motion/lib/dobot_motion
[9.992s] writing list of installed files to '/home/jetson/dobot-magician/build/dobot_motion/install.log'
[10.024s] Invoked command in '/home/jetson/dobot-magician/src/magician_ros2/dobot_motion' returned '0': AMENT_PREFIX_PATH=/home/jetson/dobot-magician/install/dobot_msgs:${AMENT_PREFIX_PATH} CMAKE_PREFIX_PATH=/home/jetson/dobot-magician/install/dobot_msgs:${CMAKE_PREFIX_PATH} LD_LIBRARY_PATH=/home/jetson/dobot-magician/install/dobot_msgs/lib:${LD_LIBRARY_PATH} PYTHONPATH=/home/jetson/dobot-magician/build/dobot_motion/prefix_override:/usr/lib/python3/dist-packages/colcon_core/task/python/colcon_distutils_commands:/home/jetson/dobot-magician/install/dobot_motion/lib/python3.10/site-packages:/home/jetson/dobot-magician/install/dobot_msgs/local/lib/python3.10/dist-packages:${PYTHONPATH} /usr/bin/python3 -W ignore:setup.py install is deprecated -W ignore:easy_install command is deprecated setup.py egg_info --egg-base ../../../build/dobot_motion build --build-base /home/jetson/dobot-magician/build/dobot_motion/build install --record /home/jetson/dobot-magician/build/dobot_motion/install.log --single-version-externally-managed install_data
