[0.279s] colcon DEBUG Command line arguments: ['/usr/bin/colcon', 'build', '--packages-up-to', 'dobot_web_interface']
[0.279s] colcon DEBUG Parsed command line arguments: Namespace(log_base=None, log_level=None, verb_name='build', build_base='build', install_base='install', merge_install=False, symlink_install=False, test_result_base=None, continue_on_error=False, executor='parallel', parallel_workers=6, event_handlers=None, ignore_user_meta=False, metas=['./colcon.meta'], base_paths=['.'], packages_ignore=None, packages_ignore_regex=None, paths=None, packages_up_to=['dobot_web_interface'], packages_up_to_regex=None, packages_above=None, packages_above_and_dependencies=None, packages_above_depth=None, packages_select_by_dep=None, packages_skip_by_dep=None, packages_skip_up_to=None, packages_select_build_failed=False, packages_skip_build_finished=False, packages_select_test_failures=False, packages_skip_test_passed=False, packages_select=None, packages_skip=None, packages_select_regex=None, packages_skip_regex=None, packages_start=None, packages_end=None, allow_overriding=[], cmake_args=None, cmake_target=None, cmake_target_skip_unavailable=False, cmake_clean_cache=False, cmake_clean_first=False, cmake_force_configure=False, ament_cmake_args=None, catkin_cmake_args=None, catkin_skip_building_tests=False, mixin_files=None, mixin=None, verb_parser=<colcon_mixin.mixin.mixin_argument.MixinArgumentDecorator object at 0xffffa14f79a0>, verb_extension=<colcon_core.verb.build.BuildVerb object at 0xffffa14f7580>, main=<bound method BuildVerb.main of <colcon_core.verb.build.BuildVerb object at 0xffffa14f7580>>, mixin_verb=('build',))
[0.852s] colcon.colcon_core.package_discovery Level 1 discover_packages(colcon_meta) check parameters
[0.852s] colcon.colcon_core.package_discovery Level 1 discover_packages(recursive) check parameters
[0.852s] colcon.colcon_core.package_discovery Level 1 discover_packages(ignore) check parameters
[0.852s] colcon.colcon_core.package_discovery Level 1 discover_packages(path) check parameters
[0.853s] colcon.colcon_core.package_discovery Level 1 discover_packages(colcon_meta) discover
[0.853s] colcon.colcon_core.package_discovery Level 1 discover_packages(recursive) discover
[0.853s] colcon.colcon_core.package_discovery INFO Crawling recursively for packages in '/home/jetson/dobot-magician'
[0.853s] colcon.colcon_core.package_identification Level 1 _identify(.) by extensions ['ignore', 'ignore_ament_install']
[0.853s] colcon.colcon_core.package_identification Level 1 _identify(.) by extension 'ignore'
[0.853s] colcon.colcon_core.package_identification Level 1 _identify(.) by extension 'ignore_ament_install'
[0.854s] colcon.colcon_core.package_identification Level 1 _identify(.) by extensions ['colcon_pkg']
[0.854s] colcon.colcon_core.package_identification Level 1 _identify(.) by extension 'colcon_pkg'
[0.854s] colcon.colcon_core.package_identification Level 1 _identify(.) by extensions ['colcon_meta']
[0.854s] colcon.colcon_core.package_identification Level 1 _identify(.) by extension 'colcon_meta'
[0.854s] colcon.colcon_core.package_identification Level 1 _identify(.) by extensions ['ros']
[0.854s] colcon.colcon_core.package_identification Level 1 _identify(.) by extension 'ros'
[0.877s] colcon.colcon_core.package_identification Level 1 _identify(.) by extensions ['cmake', 'python']
[0.877s] colcon.colcon_core.package_identification Level 1 _identify(.) by extension 'cmake'
[0.877s] colcon.colcon_core.package_identification Level 1 _identify(.) by extension 'python'
[0.877s] colcon.colcon_core.package_identification Level 1 _identify(.) by extensions ['python_setup_py']
[0.877s] colcon.colcon_core.package_identification Level 1 _identify(.) by extension 'python_setup_py'
[0.878s] colcon.colcon_core.package_identification Level 1 _identify(build) by extensions ['ignore', 'ignore_ament_install']
[0.878s] colcon.colcon_core.package_identification Level 1 _identify(build) by extension 'ignore'
[0.878s] colcon.colcon_core.package_identification Level 1 _identify(build) ignored
[0.878s] colcon.colcon_core.package_identification Level 1 _identify(install) by extensions ['ignore', 'ignore_ament_install']
[0.879s] colcon.colcon_core.package_identification Level 1 _identify(install) by extension 'ignore'
[0.879s] colcon.colcon_core.package_identification Level 1 _identify(install) ignored
[0.879s] colcon.colcon_core.package_identification Level 1 _identify(log) by extensions ['ignore', 'ignore_ament_install']
[0.879s] colcon.colcon_core.package_identification Level 1 _identify(log) by extension 'ignore'
[0.879s] colcon.colcon_core.package_identification Level 1 _identify(log) ignored
[0.879s] colcon.colcon_core.package_identification Level 1 _identify(src) by extensions ['ignore', 'ignore_ament_install']
[0.880s] colcon.colcon_core.package_identification Level 1 _identify(src) by extension 'ignore'
[0.880s] colcon.colcon_core.package_identification Level 1 _identify(src) by extension 'ignore_ament_install'
[0.880s] colcon.colcon_core.package_identification Level 1 _identify(src) by extensions ['colcon_pkg']
[0.880s] colcon.colcon_core.package_identification Level 1 _identify(src) by extension 'colcon_pkg'
[0.880s] colcon.colcon_core.package_identification Level 1 _identify(src) by extensions ['colcon_meta']
[0.880s] colcon.colcon_core.package_identification Level 1 _identify(src) by extension 'colcon_meta'
[0.880s] colcon.colcon_core.package_identification Level 1 _identify(src) by extensions ['ros']
[0.880s] colcon.colcon_core.package_identification Level 1 _identify(src) by extension 'ros'
[0.880s] colcon.colcon_core.package_identification Level 1 _identify(src) by extensions ['cmake', 'python']
[0.881s] colcon.colcon_core.package_identification Level 1 _identify(src) by extension 'cmake'
[0.881s] colcon.colcon_core.package_identification Level 1 _identify(src) by extension 'python'
[0.881s] colcon.colcon_core.package_identification Level 1 _identify(src) by extensions ['python_setup_py']
[0.881s] colcon.colcon_core.package_identification Level 1 _identify(src) by extension 'python_setup_py'
[0.881s] colcon.colcon_core.package_identification Level 1 _identify(src/magician_ros2) by extensions ['ignore', 'ignore_ament_install']
[0.881s] colcon.colcon_core.package_identification Level 1 _identify(src/magician_ros2) by extension 'ignore'
[0.881s] colcon.colcon_core.package_identification Level 1 _identify(src/magician_ros2) by extension 'ignore_ament_install'
[0.881s] colcon.colcon_core.package_identification Level 1 _identify(src/magician_ros2) by extensions ['colcon_pkg']
[0.881s] colcon.colcon_core.package_identification Level 1 _identify(src/magician_ros2) by extension 'colcon_pkg'
[0.882s] colcon.colcon_core.package_identification Level 1 _identify(src/magician_ros2) by extensions ['colcon_meta']
[0.882s] colcon.colcon_core.package_identification Level 1 _identify(src/magician_ros2) by extension 'colcon_meta'
[0.882s] colcon.colcon_core.package_identification Level 1 _identify(src/magician_ros2) by extensions ['ros']
[0.882s] colcon.colcon_core.package_identification Level 1 _identify(src/magician_ros2) by extension 'ros'
[0.882s] colcon.colcon_core.package_identification Level 1 _identify(src/magician_ros2) by extensions ['cmake', 'python']
[0.882s] colcon.colcon_core.package_identification Level 1 _identify(src/magician_ros2) by extension 'cmake'
[0.882s] colcon.colcon_core.package_identification Level 1 _identify(src/magician_ros2) by extension 'python'
[0.882s] colcon.colcon_core.package_identification Level 1 _identify(src/magician_ros2) by extensions ['python_setup_py']
[0.882s] colcon.colcon_core.package_identification Level 1 _identify(src/magician_ros2) by extension 'python_setup_py'
[0.883s] colcon.colcon_core.package_identification Level 1 _identify(src/magician_ros2/dobot_bringup) by extensions ['ignore', 'ignore_ament_install']
[0.883s] colcon.colcon_core.package_identification Level 1 _identify(src/magician_ros2/dobot_bringup) by extension 'ignore'
[0.883s] colcon.colcon_core.package_identification Level 1 _identify(src/magician_ros2/dobot_bringup) by extension 'ignore_ament_install'
[0.883s] colcon.colcon_core.package_identification Level 1 _identify(src/magician_ros2/dobot_bringup) by extensions ['colcon_pkg']
[0.883s] colcon.colcon_core.package_identification Level 1 _identify(src/magician_ros2/dobot_bringup) by extension 'colcon_pkg'
[0.883s] colcon.colcon_core.package_identification Level 1 _identify(src/magician_ros2/dobot_bringup) by extensions ['colcon_meta']
[0.883s] colcon.colcon_core.package_identification Level 1 _identify(src/magician_ros2/dobot_bringup) by extension 'colcon_meta'
[0.883s] colcon.colcon_core.package_identification Level 1 _identify(src/magician_ros2/dobot_bringup) by extensions ['ros']
[0.883s] colcon.colcon_core.package_identification Level 1 _identify(src/magician_ros2/dobot_bringup) by extension 'ros'
[0.893s] colcon.colcon_core.package_identification DEBUG Package 'src/magician_ros2/dobot_bringup' with type 'ros.ament_python' and name 'dobot_bringup'
[0.894s] colcon.colcon_core.package_identification Level 1 _identify(src/magician_ros2/dobot_control_panel) by extensions ['ignore', 'ignore_ament_install']
[0.894s] colcon.colcon_core.package_identification Level 1 _identify(src/magician_ros2/dobot_control_panel) by extension 'ignore'
[0.894s] colcon.colcon_core.package_identification Level 1 _identify(src/magician_ros2/dobot_control_panel) by extension 'ignore_ament_install'
[0.894s] colcon.colcon_core.package_identification Level 1 _identify(src/magician_ros2/dobot_control_panel) by extensions ['colcon_pkg']
[0.894s] colcon.colcon_core.package_identification Level 1 _identify(src/magician_ros2/dobot_control_panel) by extension 'colcon_pkg'
[0.894s] colcon.colcon_core.package_identification Level 1 _identify(src/magician_ros2/dobot_control_panel) by extensions ['colcon_meta']
[0.894s] colcon.colcon_core.package_identification Level 1 _identify(src/magician_ros2/dobot_control_panel) by extension 'colcon_meta'
[0.894s] colcon.colcon_core.package_identification Level 1 _identify(src/magician_ros2/dobot_control_panel) by extensions ['ros']
[0.895s] colcon.colcon_core.package_identification Level 1 _identify(src/magician_ros2/dobot_control_panel) by extension 'ros'
[0.896s] colcon.colcon_core.package_identification DEBUG Package 'src/magician_ros2/dobot_control_panel' with type 'ros.ament_python' and name 'dobot_control_panel'
[0.896s] colcon.colcon_core.package_identification Level 1 _identify(src/magician_ros2/dobot_demos) by extensions ['ignore', 'ignore_ament_install']
[0.896s] colcon.colcon_core.package_identification Level 1 _identify(src/magician_ros2/dobot_demos) by extension 'ignore'
[0.896s] colcon.colcon_core.package_identification Level 1 _identify(src/magician_ros2/dobot_demos) by extension 'ignore_ament_install'
[0.896s] colcon.colcon_core.package_identification Level 1 _identify(src/magician_ros2/dobot_demos) by extensions ['colcon_pkg']
[0.897s] colcon.colcon_core.package_identification Level 1 _identify(src/magician_ros2/dobot_demos) by extension 'colcon_pkg'
[0.897s] colcon.colcon_core.package_identification Level 1 _identify(src/magician_ros2/dobot_demos) by extensions ['colcon_meta']
[0.897s] colcon.colcon_core.package_identification Level 1 _identify(src/magician_ros2/dobot_demos) by extension 'colcon_meta'
[0.897s] colcon.colcon_core.package_identification Level 1 _identify(src/magician_ros2/dobot_demos) by extensions ['ros']
[0.897s] colcon.colcon_core.package_identification Level 1 _identify(src/magician_ros2/dobot_demos) by extension 'ros'
[0.898s] colcon.colcon_core.package_identification DEBUG Package 'src/magician_ros2/dobot_demos' with type 'ros.ament_python' and name 'dobot_demos'
[0.899s] colcon.colcon_core.package_identification Level 1 _identify(src/magician_ros2/dobot_description) by extensions ['ignore', 'ignore_ament_install']
[0.899s] colcon.colcon_core.package_identification Level 1 _identify(src/magician_ros2/dobot_description) by extension 'ignore'
[0.899s] colcon.colcon_core.package_identification Level 1 _identify(src/magician_ros2/dobot_description) by extension 'ignore_ament_install'
[0.899s] colcon.colcon_core.package_identification Level 1 _identify(src/magician_ros2/dobot_description) by extensions ['colcon_pkg']
[0.899s] colcon.colcon_core.package_identification Level 1 _identify(src/magician_ros2/dobot_description) by extension 'colcon_pkg'
[0.899s] colcon.colcon_core.package_identification Level 1 _identify(src/magician_ros2/dobot_description) by extensions ['colcon_meta']
[0.899s] colcon.colcon_core.package_identification Level 1 _identify(src/magician_ros2/dobot_description) by extension 'colcon_meta'
[0.900s] colcon.colcon_core.package_identification Level 1 _identify(src/magician_ros2/dobot_description) by extensions ['ros']
[0.900s] colcon.colcon_core.package_identification Level 1 _identify(src/magician_ros2/dobot_description) by extension 'ros'
[0.901s] colcon.colcon_core.package_identification DEBUG Package 'src/magician_ros2/dobot_description' with type 'ros.ament_cmake' and name 'dobot_description'
[0.901s] colcon.colcon_core.package_identification Level 1 _identify(src/magician_ros2/dobot_diagnostics) by extensions ['ignore', 'ignore_ament_install']
[0.901s] colcon.colcon_core.package_identification Level 1 _identify(src/magician_ros2/dobot_diagnostics) by extension 'ignore'
[0.901s] colcon.colcon_core.package_identification Level 1 _identify(src/magician_ros2/dobot_diagnostics) by extension 'ignore_ament_install'
[0.901s] colcon.colcon_core.package_identification Level 1 _identify(src/magician_ros2/dobot_diagnostics) by extensions ['colcon_pkg']
[0.901s] colcon.colcon_core.package_identification Level 1 _identify(src/magician_ros2/dobot_diagnostics) by extension 'colcon_pkg'
[0.901s] colcon.colcon_core.package_identification Level 1 _identify(src/magician_ros2/dobot_diagnostics) by extensions ['colcon_meta']
[0.902s] colcon.colcon_core.package_identification Level 1 _identify(src/magician_ros2/dobot_diagnostics) by extension 'colcon_meta'
[0.902s] colcon.colcon_core.package_identification Level 1 _identify(src/magician_ros2/dobot_diagnostics) by extensions ['ros']
[0.902s] colcon.colcon_core.package_identification Level 1 _identify(src/magician_ros2/dobot_diagnostics) by extension 'ros'
[0.903s] colcon.colcon_core.package_identification DEBUG Package 'src/magician_ros2/dobot_diagnostics' with type 'ros.ament_python' and name 'dobot_diagnostics'
[0.903s] colcon.colcon_core.package_identification Level 1 _identify(src/magician_ros2/dobot_driver) by extensions ['ignore', 'ignore_ament_install']
[0.903s] colcon.colcon_core.package_identification Level 1 _identify(src/magician_ros2/dobot_driver) by extension 'ignore'
[0.903s] colcon.colcon_core.package_identification Level 1 _identify(src/magician_ros2/dobot_driver) by extension 'ignore_ament_install'
[0.904s] colcon.colcon_core.package_identification Level 1 _identify(src/magician_ros2/dobot_driver) by extensions ['colcon_pkg']
[0.904s] colcon.colcon_core.package_identification Level 1 _identify(src/magician_ros2/dobot_driver) by extension 'colcon_pkg'
[0.904s] colcon.colcon_core.package_identification Level 1 _identify(src/magician_ros2/dobot_driver) by extensions ['colcon_meta']
[0.904s] colcon.colcon_core.package_identification Level 1 _identify(src/magician_ros2/dobot_driver) by extension 'colcon_meta'
[0.904s] colcon.colcon_core.package_identification Level 1 _identify(src/magician_ros2/dobot_driver) by extensions ['ros']
[0.904s] colcon.colcon_core.package_identification Level 1 _identify(src/magician_ros2/dobot_driver) by extension 'ros'
[0.909s] colcon.colcon_core.package_identification DEBUG Package 'src/magician_ros2/dobot_driver' with type 'ros.ament_cmake' and name 'dobot_driver'
[0.910s] colcon.colcon_core.package_identification Level 1 _identify(src/magician_ros2/dobot_end_effector) by extensions ['ignore', 'ignore_ament_install']
[0.910s] colcon.colcon_core.package_identification Level 1 _identify(src/magician_ros2/dobot_end_effector) by extension 'ignore'
[0.910s] colcon.colcon_core.package_identification Level 1 _identify(src/magician_ros2/dobot_end_effector) by extension 'ignore_ament_install'
[0.910s] colcon.colcon_core.package_identification Level 1 _identify(src/magician_ros2/dobot_end_effector) by extensions ['colcon_pkg']
[0.910s] colcon.colcon_core.package_identification Level 1 _identify(src/magician_ros2/dobot_end_effector) by extension 'colcon_pkg'
[0.910s] colcon.colcon_core.package_identification Level 1 _identify(src/magician_ros2/dobot_end_effector) by extensions ['colcon_meta']
[0.910s] colcon.colcon_core.package_identification Level 1 _identify(src/magician_ros2/dobot_end_effector) by extension 'colcon_meta'
[0.910s] colcon.colcon_core.package_identification Level 1 _identify(src/magician_ros2/dobot_end_effector) by extensions ['ros']
[0.910s] colcon.colcon_core.package_identification Level 1 _identify(src/magician_ros2/dobot_end_effector) by extension 'ros'
[0.912s] colcon.colcon_core.package_identification DEBUG Package 'src/magician_ros2/dobot_end_effector' with type 'ros.ament_python' and name 'dobot_end_effector'
[0.912s] colcon.colcon_core.package_identification Level 1 _identify(src/magician_ros2/dobot_homing) by extensions ['ignore', 'ignore_ament_install']
[0.912s] colcon.colcon_core.package_identification Level 1 _identify(src/magician_ros2/dobot_homing) by extension 'ignore'
[0.912s] colcon.colcon_core.package_identification Level 1 _identify(src/magician_ros2/dobot_homing) by extension 'ignore_ament_install'
[0.913s] colcon.colcon_core.package_identification Level 1 _identify(src/magician_ros2/dobot_homing) by extensions ['colcon_pkg']
[0.913s] colcon.colcon_core.package_identification Level 1 _identify(src/magician_ros2/dobot_homing) by extension 'colcon_pkg'
[0.913s] colcon.colcon_core.package_identification Level 1 _identify(src/magician_ros2/dobot_homing) by extensions ['colcon_meta']
[0.913s] colcon.colcon_core.package_identification Level 1 _identify(src/magician_ros2/dobot_homing) by extension 'colcon_meta'
[0.913s] colcon.colcon_core.package_identification Level 1 _identify(src/magician_ros2/dobot_homing) by extensions ['ros']
[0.913s] colcon.colcon_core.package_identification Level 1 _identify(src/magician_ros2/dobot_homing) by extension 'ros'
[0.914s] colcon.colcon_core.package_identification DEBUG Package 'src/magician_ros2/dobot_homing' with type 'ros.ament_python' and name 'dobot_homing'
[0.914s] colcon.colcon_core.package_identification Level 1 _identify(src/magician_ros2/dobot_kinematics) by extensions ['ignore', 'ignore_ament_install']
[0.915s] colcon.colcon_core.package_identification Level 1 _identify(src/magician_ros2/dobot_kinematics) by extension 'ignore'
[0.915s] colcon.colcon_core.package_identification Level 1 _identify(src/magician_ros2/dobot_kinematics) by extension 'ignore_ament_install'
[0.915s] colcon.colcon_core.package_identification Level 1 _identify(src/magician_ros2/dobot_kinematics) by extensions ['colcon_pkg']
[0.915s] colcon.colcon_core.package_identification Level 1 _identify(src/magician_ros2/dobot_kinematics) by extension 'colcon_pkg'
[0.915s] colcon.colcon_core.package_identification Level 1 _identify(src/magician_ros2/dobot_kinematics) by extensions ['colcon_meta']
[0.915s] colcon.colcon_core.package_identification Level 1 _identify(src/magician_ros2/dobot_kinematics) by extension 'colcon_meta'
[0.915s] colcon.colcon_core.package_identification Level 1 _identify(src/magician_ros2/dobot_kinematics) by extensions ['ros']
[0.915s] colcon.colcon_core.package_identification Level 1 _identify(src/magician_ros2/dobot_kinematics) by extension 'ros'
[0.919s] colcon.colcon_core.package_identification DEBUG Package 'src/magician_ros2/dobot_kinematics' with type 'ros.ament_python' and name 'dobot_kinematics'
[0.919s] colcon.colcon_core.package_identification Level 1 _identify(src/magician_ros2/dobot_motion) by extensions ['ignore', 'ignore_ament_install']
[0.919s] colcon.colcon_core.package_identification Level 1 _identify(src/magician_ros2/dobot_motion) by extension 'ignore'
[0.919s] colcon.colcon_core.package_identification Level 1 _identify(src/magician_ros2/dobot_motion) by extension 'ignore_ament_install'
[0.920s] colcon.colcon_core.package_identification Level 1 _identify(src/magician_ros2/dobot_motion) by extensions ['colcon_pkg']
[0.920s] colcon.colcon_core.package_identification Level 1 _identify(src/magician_ros2/dobot_motion) by extension 'colcon_pkg'
[0.920s] colcon.colcon_core.package_identification Level 1 _identify(src/magician_ros2/dobot_motion) by extensions ['colcon_meta']
[0.920s] colcon.colcon_core.package_identification Level 1 _identify(src/magician_ros2/dobot_motion) by extension 'colcon_meta'
[0.920s] colcon.colcon_core.package_identification Level 1 _identify(src/magician_ros2/dobot_motion) by extensions ['ros']
[0.920s] colcon.colcon_core.package_identification Level 1 _identify(src/magician_ros2/dobot_motion) by extension 'ros'
[0.921s] colcon.colcon_core.package_identification DEBUG Package 'src/magician_ros2/dobot_motion' with type 'ros.ament_python' and name 'dobot_motion'
[0.922s] colcon.colcon_core.package_identification Level 1 _identify(src/magician_ros2/dobot_msgs) by extensions ['ignore', 'ignore_ament_install']
[0.922s] colcon.colcon_core.package_identification Level 1 _identify(src/magician_ros2/dobot_msgs) by extension 'ignore'
[0.922s] colcon.colcon_core.package_identification Level 1 _identify(src/magician_ros2/dobot_msgs) by extension 'ignore_ament_install'
[0.922s] colcon.colcon_core.package_identification Level 1 _identify(src/magician_ros2/dobot_msgs) by extensions ['colcon_pkg']
[0.922s] colcon.colcon_core.package_identification Level 1 _identify(src/magician_ros2/dobot_msgs) by extension 'colcon_pkg'
[0.922s] colcon.colcon_core.package_identification Level 1 _identify(src/magician_ros2/dobot_msgs) by extensions ['colcon_meta']
[0.922s] colcon.colcon_core.package_identification Level 1 _identify(src/magician_ros2/dobot_msgs) by extension 'colcon_meta'
[0.923s] colcon.colcon_core.package_identification Level 1 _identify(src/magician_ros2/dobot_msgs) by extensions ['ros']
[0.923s] colcon.colcon_core.package_identification Level 1 _identify(src/magician_ros2/dobot_msgs) by extension 'ros'
[0.924s] colcon.colcon_core.package_identification DEBUG Package 'src/magician_ros2/dobot_msgs' with type 'ros.ament_cmake' and name 'dobot_msgs'
[0.924s] colcon.colcon_core.package_identification Level 1 _identify(src/magician_ros2/dobot_state_updater) by extensions ['ignore', 'ignore_ament_install']
[0.929s] colcon.colcon_core.package_identification Level 1 _identify(src/magician_ros2/dobot_state_updater) by extension 'ignore'
[0.929s] colcon.colcon_core.package_identification Level 1 _identify(src/magician_ros2/dobot_state_updater) by extension 'ignore_ament_install'
[0.929s] colcon.colcon_core.package_identification Level 1 _identify(src/magician_ros2/dobot_state_updater) by extensions ['colcon_pkg']
[0.929s] colcon.colcon_core.package_identification Level 1 _identify(src/magician_ros2/dobot_state_updater) by extension 'colcon_pkg'
[0.929s] colcon.colcon_core.package_identification Level 1 _identify(src/magician_ros2/dobot_state_updater) by extensions ['colcon_meta']
[0.929s] colcon.colcon_core.package_identification Level 1 _identify(src/magician_ros2/dobot_state_updater) by extension 'colcon_meta'
[0.929s] colcon.colcon_core.package_identification Level 1 _identify(src/magician_ros2/dobot_state_updater) by extensions ['ros']
[0.929s] colcon.colcon_core.package_identification Level 1 _identify(src/magician_ros2/dobot_state_updater) by extension 'ros'
[0.931s] colcon.colcon_core.package_identification DEBUG Package 'src/magician_ros2/dobot_state_updater' with type 'ros.ament_python' and name 'dobot_state_updater'
[0.931s] colcon.colcon_core.package_identification Level 1 _identify(src/magician_ros2/dobot_visualization_tools) by extensions ['ignore', 'ignore_ament_install']
[0.931s] colcon.colcon_core.package_identification Level 1 _identify(src/magician_ros2/dobot_visualization_tools) by extension 'ignore'
[0.931s] colcon.colcon_core.package_identification Level 1 _identify(src/magician_ros2/dobot_visualization_tools) by extension 'ignore_ament_install'
[0.932s] colcon.colcon_core.package_identification Level 1 _identify(src/magician_ros2/dobot_visualization_tools) by extensions ['colcon_pkg']
[0.932s] colcon.colcon_core.package_identification Level 1 _identify(src/magician_ros2/dobot_visualization_tools) by extension 'colcon_pkg'
[0.932s] colcon.colcon_core.package_identification Level 1 _identify(src/magician_ros2/dobot_visualization_tools) by extensions ['colcon_meta']
[0.932s] colcon.colcon_core.package_identification Level 1 _identify(src/magician_ros2/dobot_visualization_tools) by extension 'colcon_meta'
[0.932s] colcon.colcon_core.package_identification Level 1 _identify(src/magician_ros2/dobot_visualization_tools) by extensions ['ros']
[0.932s] colcon.colcon_core.package_identification Level 1 _identify(src/magician_ros2/dobot_visualization_tools) by extension 'ros'
[0.933s] colcon.colcon_core.package_identification DEBUG Package 'src/magician_ros2/dobot_visualization_tools' with type 'ros.ament_python' and name 'dobot_visualization_tools'
[0.934s] colcon.colcon_core.package_identification Level 1 _identify(src/magician_ros2/dobot_web_interface) by extensions ['ignore', 'ignore_ament_install']
[0.934s] colcon.colcon_core.package_identification Level 1 _identify(src/magician_ros2/dobot_web_interface) by extension 'ignore'
[0.934s] colcon.colcon_core.package_identification Level 1 _identify(src/magician_ros2/dobot_web_interface) by extension 'ignore_ament_install'
[0.934s] colcon.colcon_core.package_identification Level 1 _identify(src/magician_ros2/dobot_web_interface) by extensions ['colcon_pkg']
[0.934s] colcon.colcon_core.package_identification Level 1 _identify(src/magician_ros2/dobot_web_interface) by extension 'colcon_pkg'
[0.934s] colcon.colcon_core.package_identification Level 1 _identify(src/magician_ros2/dobot_web_interface) by extensions ['colcon_meta']
[0.934s] colcon.colcon_core.package_identification Level 1 _identify(src/magician_ros2/dobot_web_interface) by extension 'colcon_meta'
[0.934s] colcon.colcon_core.package_identification Level 1 _identify(src/magician_ros2/dobot_web_interface) by extensions ['ros']
[0.934s] colcon.colcon_core.package_identification Level 1 _identify(src/magician_ros2/dobot_web_interface) by extension 'ros'
[0.936s] colcon.colcon_core.package_identification DEBUG Package 'src/magician_ros2/dobot_web_interface' with type 'ros.ament_python' and name 'dobot_web_interface'
[0.936s] colcon.colcon_core.package_discovery Level 1 discover_packages(recursive) using defaults
[0.937s] colcon.colcon_core.package_discovery Level 1 discover_packages(ignore) discover
[0.937s] colcon.colcon_core.package_discovery Level 1 discover_packages(ignore) using defaults
[0.937s] colcon.colcon_core.package_discovery Level 1 discover_packages(path) discover
[0.937s] colcon.colcon_core.package_discovery Level 1 discover_packages(path) using defaults
[0.985s] colcon.colcon_core.package_selection INFO Skipping package 'dobot_state_updater' in 'src/magician_ros2/dobot_state_updater'
[0.985s] colcon.colcon_core.package_selection INFO Skipping package 'dobot_motion' in 'src/magician_ros2/dobot_motion'
[0.985s] colcon.colcon_core.package_selection INFO Skipping package 'dobot_kinematics' in 'src/magician_ros2/dobot_kinematics'
[0.985s] colcon.colcon_core.package_selection INFO Skipping package 'dobot_homing' in 'src/magician_ros2/dobot_homing'
[0.985s] colcon.colcon_core.package_selection INFO Skipping package 'dobot_end_effector' in 'src/magician_ros2/dobot_end_effector'
[0.985s] colcon.colcon_core.package_selection INFO Skipping package 'dobot_diagnostics' in 'src/magician_ros2/dobot_diagnostics'
[0.985s] colcon.colcon_core.package_selection INFO Skipping package 'dobot_demos' in 'src/magician_ros2/dobot_demos'
[0.985s] colcon.colcon_core.package_selection INFO Skipping package 'dobot_visualization_tools' in 'src/magician_ros2/dobot_visualization_tools'
[0.985s] colcon.colcon_core.package_selection INFO Skipping package 'dobot_driver' in 'src/magician_ros2/dobot_driver'
[0.985s] colcon.colcon_core.package_selection INFO Skipping package 'dobot_description' in 'src/magician_ros2/dobot_description'
[0.985s] colcon.colcon_core.package_selection INFO Skipping package 'dobot_control_panel' in 'src/magician_ros2/dobot_control_panel'
[0.985s] colcon.colcon_core.package_selection INFO Skipping package 'dobot_bringup' in 'src/magician_ros2/dobot_bringup'
[0.987s] colcon.colcon_core.package_discovery Level 1 discover_packages(prefix_path) check parameters
[0.987s] colcon.colcon_core.package_discovery Level 1 discover_packages(prefix_path) discover
[0.991s] colcon.colcon_installed_package_information.package_discovery DEBUG Found 3 installed packages in /home/jetson/micro_ros_ws/install
[0.993s] colcon.colcon_installed_package_information.package_discovery DEBUG Found 7 installed packages in /home/jetson/AGV-2026/install
[0.995s] colcon.colcon_installed_package_information.package_discovery DEBUG Found 282 installed packages in /opt/ros/humble
[0.998s] colcon.colcon_core.package_discovery Level 1 discover_packages(prefix_path) using defaults
[1.100s] colcon.colcon_core.verb Level 5 set package 'dobot_msgs' build argument 'cmake_args' from command line to 'None'
[1.100s] colcon.colcon_core.verb Level 5 set package 'dobot_msgs' build argument 'cmake_target' from command line to 'None'
[1.100s] colcon.colcon_core.verb Level 5 set package 'dobot_msgs' build argument 'cmake_target_skip_unavailable' from command line to 'False'
[1.100s] colcon.colcon_core.verb Level 5 set package 'dobot_msgs' build argument 'cmake_clean_cache' from command line to 'False'
[1.100s] colcon.colcon_core.verb Level 5 set package 'dobot_msgs' build argument 'cmake_clean_first' from command line to 'False'
[1.100s] colcon.colcon_core.verb Level 5 set package 'dobot_msgs' build argument 'cmake_force_configure' from command line to 'False'
[1.100s] colcon.colcon_core.verb Level 5 set package 'dobot_msgs' build argument 'ament_cmake_args' from command line to 'None'
[1.101s] colcon.colcon_core.verb Level 5 set package 'dobot_msgs' build argument 'catkin_cmake_args' from command line to 'None'
[1.101s] colcon.colcon_core.verb Level 5 set package 'dobot_msgs' build argument 'catkin_skip_building_tests' from command line to 'False'
[1.101s] colcon.colcon_core.verb DEBUG Building package 'dobot_msgs' with the following arguments: {'ament_cmake_args': None, 'build_base': '/home/jetson/dobot-magician/build/dobot_msgs', 'catkin_cmake_args': None, 'catkin_skip_building_tests': False, 'cmake_args': None, 'cmake_clean_cache': False, 'cmake_clean_first': False, 'cmake_force_configure': False, 'cmake_target': None, 'cmake_target_skip_unavailable': False, 'install_base': '/home/jetson/dobot-magician/install/dobot_msgs', 'merge_install': False, 'path': '/home/jetson/dobot-magician/src/magician_ros2/dobot_msgs', 'symlink_install': False, 'test_result_base': None}
[1.101s] colcon.colcon_core.verb Level 5 set package 'dobot_web_interface' build argument 'cmake_args' from command line to 'None'
[1.102s] colcon.colcon_core.verb Level 5 set package 'dobot_web_interface' build argument 'cmake_target' from command line to 'None'
[1.102s] colcon.colcon_core.verb Level 5 set package 'dobot_web_interface' build argument 'cmake_target_skip_unavailable' from command line to 'False'
[1.102s] colcon.colcon_core.verb Level 5 set package 'dobot_web_interface' build argument 'cmake_clean_cache' from command line to 'False'
[1.102s] colcon.colcon_core.verb Level 5 set package 'dobot_web_interface' build argument 'cmake_clean_first' from command line to 'False'
[1.102s] colcon.colcon_core.verb Level 5 set package 'dobot_web_interface' build argument 'cmake_force_configure' from command line to 'False'
[1.102s] colcon.colcon_core.verb Level 5 set package 'dobot_web_interface' build argument 'ament_cmake_args' from command line to 'None'
[1.102s] colcon.colcon_core.verb Level 5 set package 'dobot_web_interface' build argument 'catkin_cmake_args' from command line to 'None'
[1.102s] colcon.colcon_core.verb Level 5 set package 'dobot_web_interface' build argument 'catkin_skip_building_tests' from command line to 'False'
[1.102s] colcon.colcon_core.verb DEBUG Building package 'dobot_web_interface' with the following arguments: {'ament_cmake_args': None, 'build_base': '/home/jetson/dobot-magician/build/dobot_web_interface', 'catkin_cmake_args': None, 'catkin_skip_building_tests': False, 'cmake_args': None, 'cmake_clean_cache': False, 'cmake_clean_first': False, 'cmake_force_configure': False, 'cmake_target': None, 'cmake_target_skip_unavailable': False, 'install_base': '/home/jetson/dobot-magician/install/dobot_web_interface', 'merge_install': False, 'path': '/home/jetson/dobot-magician/src/magician_ros2/dobot_web_interface', 'symlink_install': False, 'test_result_base': None}
[1.102s] colcon.colcon_core.executor INFO Executing jobs using 'parallel' executor
[1.107s] colcon.colcon_parallel_executor.executor.parallel DEBUG run_until_complete
[1.107s] colcon.colcon_ros.task.ament_cmake.build INFO Building ROS package in '/home/jetson/dobot-magician/src/magician_ros2/dobot_msgs' with build type 'ament_cmake'
[1.108s] colcon.colcon_cmake.task.cmake.build INFO Building CMake package in '/home/jetson/dobot-magician/src/magician_ros2/dobot_msgs'
[1.113s] colcon.colcon_core.plugin_system INFO Skipping extension 'colcon_core.shell.bat': Not used on non-Windows systems
[1.114s] colcon.colcon_core.shell INFO Skip shell extension 'powershell' for command environment: Not usable outside of PowerShell
[1.114s] colcon.colcon_core.shell DEBUG Skip shell extension 'dsv' for command environment
[31.150s] colcon.colcon_core.event_handler.log_command DEBUG Invoking command in '/home/jetson/dobot-magician/build/dobot_msgs': CMAKE_PREFIX_PATH=${CMAKE_PREFIX_PATH}:/home/jetson/AGV-2026/install/yolo_object_detect:/home/jetson/AGV-2026/install/ddsm115_controller:/home/jetson/AGV-2026/install/wit_ros2_imu:/home/jetson/AGV-2026/install/motor_control_tools:/opt/ros/humble /usr/bin/cmake --build /home/jetson/dobot-magician/build/dobot_msgs -- -j6 -l6
[33.401s] colcon.colcon_core.event_handler.log_command DEBUG Invoked command in '/home/jetson/dobot-magician/build/dobot_msgs' returned '0': CMAKE_PREFIX_PATH=${CMAKE_PREFIX_PATH}:/home/jetson/AGV-2026/install/yolo_object_detect:/home/jetson/AGV-2026/install/ddsm115_controller:/home/jetson/AGV-2026/install/wit_ros2_imu:/home/jetson/AGV-2026/install/motor_control_tools:/opt/ros/humble /usr/bin/cmake --build /home/jetson/dobot-magician/build/dobot_msgs -- -j6 -l6
[33.429s] colcon.colcon_core.event_handler.log_command DEBUG Invoking command in '/home/jetson/dobot-magician/build/dobot_msgs': CMAKE_PREFIX_PATH=${CMAKE_PREFIX_PATH}:/home/jetson/AGV-2026/install/yolo_object_detect:/home/jetson/AGV-2026/install/ddsm115_controller:/home/jetson/AGV-2026/install/wit_ros2_imu:/home/jetson/AGV-2026/install/motor_control_tools:/opt/ros/humble /usr/bin/cmake --install /home/jetson/dobot-magician/build/dobot_msgs
[33.682s] colcon.colcon_core.environment Level 1 create_environment_scripts_only(dobot_msgs)
[33.686s] colcon.colcon_core.event_handler.log_command DEBUG Invoked command in '/home/jetson/dobot-magician/build/dobot_msgs' returned '0': CMAKE_PREFIX_PATH=${CMAKE_PREFIX_PATH}:/home/jetson/AGV-2026/install/yolo_object_detect:/home/jetson/AGV-2026/install/ddsm115_controller:/home/jetson/AGV-2026/install/wit_ros2_imu:/home/jetson/AGV-2026/install/motor_control_tools:/opt/ros/humble /usr/bin/cmake --install /home/jetson/dobot-magician/build/dobot_msgs
[33.689s] colcon.colcon_core.environment Level 1 checking '/home/jetson/dobot-magician/install/dobot_msgs' for CMake module files
[33.690s] colcon.colcon_core.environment Level 1 checking '/home/jetson/dobot-magician/install/dobot_msgs' for CMake config files
[33.692s] colcon.colcon_core.shell Level 1 create_environment_hook('dobot_msgs', 'cmake_prefix_path')
[33.693s] colcon.colcon_core.shell INFO Creating environment hook '/home/jetson/dobot-magician/install/dobot_msgs/share/dobot_msgs/hook/cmake_prefix_path.ps1'
[33.694s] colcon.colcon_core.shell INFO Creating environment descriptor '/home/jetson/dobot-magician/install/dobot_msgs/share/dobot_msgs/hook/cmake_prefix_path.dsv'
[33.695s] colcon.colcon_core.shell INFO Creating environment hook '/home/jetson/dobot-magician/install/dobot_msgs/share/dobot_msgs/hook/cmake_prefix_path.sh'
[33.698s] colcon.colcon_core.environment Level 1 checking '/home/jetson/dobot-magician/install/dobot_msgs/lib'
[33.698s] colcon.colcon_core.shell Level 1 create_environment_hook('dobot_msgs', 'ld_library_path_lib')
[33.699s] colcon.colcon_core.shell INFO Creating environment hook '/home/jetson/dobot-magician/install/dobot_msgs/share/dobot_msgs/hook/ld_library_path_lib.ps1'
[33.700s] colcon.colcon_core.shell INFO Creating environment descriptor '/home/jetson/dobot-magician/install/dobot_msgs/share/dobot_msgs/hook/ld_library_path_lib.dsv'
[33.700s] colcon.colcon_core.shell INFO Creating environment hook '/home/jetson/dobot-magician/install/dobot_msgs/share/dobot_msgs/hook/ld_library_path_lib.sh'
[33.701s] colcon.colcon_core.environment Level 1 checking '/home/jetson/dobot-magician/install/dobot_msgs/bin'
[33.701s] colcon.colcon_core.environment Level 1 checking '/home/jetson/dobot-magician/install/dobot_msgs/lib/pkgconfig/dobot_msgs.pc'
[33.702s] colcon.colcon_core.environment Level 1 checking '/home/jetson/dobot-magician/install/dobot_msgs/lib/python3.10/site-packages'
[33.703s] colcon.colcon_core.environment Level 1 checking '/home/jetson/dobot-magician/install/dobot_msgs/bin'
[33.703s] colcon.colcon_core.shell INFO Creating package script '/home/jetson/dobot-magician/install/dobot_msgs/share/dobot_msgs/package.ps1'
[33.706s] colcon.colcon_core.shell INFO Creating package descriptor '/home/jetson/dobot-magician/install/dobot_msgs/share/dobot_msgs/package.dsv'
[33.707s] colcon.colcon_core.shell INFO Creating package script '/home/jetson/dobot-magician/install/dobot_msgs/share/dobot_msgs/package.sh'
[33.709s] colcon.colcon_core.shell INFO Creating package script '/home/jetson/dobot-magician/install/dobot_msgs/share/dobot_msgs/package.bash'
[33.710s] colcon.colcon_core.shell INFO Creating package script '/home/jetson/dobot-magician/install/dobot_msgs/share/dobot_msgs/package.zsh'
[33.712s] colcon.colcon_core.environment Level 1 create_file_with_runtime_dependencies(/home/jetson/dobot-magician/install/dobot_msgs/share/colcon-core/packages/dobot_msgs)
[33.713s] colcon.colcon_core.environment Level 1 create_environment_scripts_only(dobot_msgs)
[33.714s] colcon.colcon_core.environment Level 1 checking '/home/jetson/dobot-magician/install/dobot_msgs' for CMake module files
[33.715s] colcon.colcon_core.environment Level 1 checking '/home/jetson/dobot-magician/install/dobot_msgs' for CMake config files
[33.717s] colcon.colcon_core.shell Level 1 create_environment_hook('dobot_msgs', 'cmake_prefix_path')
[33.717s] colcon.colcon_core.shell INFO Creating environment hook '/home/jetson/dobot-magician/install/dobot_msgs/share/dobot_msgs/hook/cmake_prefix_path.ps1'
[33.760s] colcon.colcon_core.shell INFO Creating environment descriptor '/home/jetson/dobot-magician/install/dobot_msgs/share/dobot_msgs/hook/cmake_prefix_path.dsv'
[33.761s] colcon.colcon_core.shell INFO Creating environment hook '/home/jetson/dobot-magician/install/dobot_msgs/share/dobot_msgs/hook/cmake_prefix_path.sh'
[33.762s] colcon.colcon_core.environment Level 1 checking '/home/jetson/dobot-magician/install/dobot_msgs/lib'
[33.763s] colcon.colcon_core.shell Level 1 create_environment_hook('dobot_msgs', 'ld_library_path_lib')
[33.763s] colcon.colcon_core.shell INFO Creating environment hook '/home/jetson/dobot-magician/install/dobot_msgs/share/dobot_msgs/hook/ld_library_path_lib.ps1'
[33.764s] colcon.colcon_core.shell INFO Creating environment descriptor '/home/jetson/dobot-magician/install/dobot_msgs/share/dobot_msgs/hook/ld_library_path_lib.dsv'
[33.765s] colcon.colcon_core.shell INFO Creating environment hook '/home/jetson/dobot-magician/install/dobot_msgs/share/dobot_msgs/hook/ld_library_path_lib.sh'
[33.766s] colcon.colcon_core.environment Level 1 checking '/home/jetson/dobot-magician/install/dobot_msgs/bin'
[33.766s] colcon.colcon_core.environment Level 1 checking '/home/jetson/dobot-magician/install/dobot_msgs/lib/pkgconfig/dobot_msgs.pc'
[33.766s] colcon.colcon_core.environment Level 1 checking '/home/jetson/dobot-magician/install/dobot_msgs/lib/python3.10/site-packages'
[33.767s] colcon.colcon_core.environment Level 1 checking '/home/jetson/dobot-magician/install/dobot_msgs/bin'
[33.768s] colcon.colcon_core.shell INFO Creating package script '/home/jetson/dobot-magician/install/dobot_msgs/share/dobot_msgs/package.ps1'
[33.771s] colcon.colcon_core.shell INFO Creating package descriptor '/home/jetson/dobot-magician/install/dobot_msgs/share/dobot_msgs/package.dsv'
[33.773s] colcon.colcon_core.shell INFO Creating package script '/home/jetson/dobot-magician/install/dobot_msgs/share/dobot_msgs/package.sh'
[33.774s] colcon.colcon_core.shell INFO Creating package script '/home/jetson/dobot-magician/install/dobot_msgs/share/dobot_msgs/package.bash'
[33.777s] colcon.colcon_core.shell INFO Creating package script '/home/jetson/dobot-magician/install/dobot_msgs/share/dobot_msgs/package.zsh'
[33.780s] colcon.colcon_core.environment Level 1 create_file_with_runtime_dependencies(/home/jetson/dobot-magician/install/dobot_msgs/share/colcon-core/packages/dobot_msgs)
[33.793s] colcon.colcon_ros.task.ament_python.build INFO Building ROS package in '/home/jetson/dobot-magician/src/magician_ros2/dobot_web_interface' with build type 'ament_python'
[33.794s] colcon.colcon_core.shell Level 1 create_environment_hook('dobot_web_interface', 'ament_prefix_path')
[33.794s] colcon.colcon_core.shell INFO Creating environment hook '/home/jetson/dobot-magician/install/dobot_web_interface/share/dobot_web_interface/hook/ament_prefix_path.ps1'
[33.801s] colcon.colcon_core.shell INFO Creating environment descriptor '/home/jetson/dobot-magician/install/dobot_web_interface/share/dobot_web_interface/hook/ament_prefix_path.dsv'
[33.802s] colcon.colcon_core.shell INFO Creating environment hook '/home/jetson/dobot-magician/install/dobot_web_interface/share/dobot_web_interface/hook/ament_prefix_path.sh'
[33.803s] colcon.colcon_core.shell INFO Skip shell extension 'powershell' for command environment: Not usable outside of PowerShell
[33.803s] colcon.colcon_core.shell DEBUG Skip shell extension 'dsv' for command environment
[64.656s] colcon.colcon_core.task.python.build INFO Building Python package in '/home/jetson/dobot-magician/src/magician_ros2/dobot_web_interface'
[64.657s] colcon.colcon_core.shell INFO Skip shell extension 'powershell' for command environment: Not usable outside of PowerShell
[64.657s] colcon.colcon_core.shell DEBUG Skip shell extension 'dsv' for command environment
[94.816s] colcon.colcon_core.event_handler.log_command DEBUG Invoking command in '/home/jetson/dobot-magician/src/magician_ros2/dobot_web_interface': AMENT_PREFIX_PATH=/home/jetson/dobot-magician/install/dobot_msgs:${AMENT_PREFIX_PATH} CMAKE_PREFIX_PATH=/home/jetson/dobot-magician/install/dobot_msgs:${CMAKE_PREFIX_PATH} LD_LIBRARY_PATH=/home/jetson/dobot-magician/install/dobot_msgs/lib:${LD_LIBRARY_PATH} PYTHONPATH=/home/jetson/dobot-magician/build/dobot_web_interface/prefix_override:/usr/lib/python3/dist-packages/colcon_core/task/python/colcon_distutils_commands:/home/jetson/dobot-magician/install/dobot_web_interface/lib/python3.10/site-packages:/home/jetson/dobot-magician/install/dobot_msgs/local/lib/python3.10/dist-packages:${PYTHONPATH} /usr/bin/python3 -W ignore:setup.py install is deprecated -W ignore:easy_install command is deprecated setup.py egg_info --egg-base ../../../build/dobot_web_interface build --build-base /home/jetson/dobot-magician/build/dobot_web_interface/build install --record /home/jetson/dobot-magician/build/dobot_web_interface/install.log --single-version-externally-managed install_data
[95.628s] colcon.colcon_core.environment Level 1 checking '/home/jetson/dobot-magician/install/dobot_web_interface' for CMake module files
[95.629s] colcon.colcon_core.event_handler.log_command DEBUG Invoked command in '/home/jetson/dobot-magician/src/magician_ros2/dobot_web_interface' returned '0': AMENT_PREFIX_PATH=/home/jetson/dobot-magician/install/dobot_msgs:${AMENT_PREFIX_PATH} CMAKE_PREFIX_PATH=/home/jetson/dobot-magician/install/dobot_msgs:${CMAKE_PREFIX_PATH} LD_LIBRARY_PATH=/home/jetson/dobot-magician/install/dobot_msgs/lib:${LD_LIBRARY_PATH} PYTHONPATH=/home/jetson/dobot-magician/build/dobot_web_interface/prefix_override:/usr/lib/python3/dist-packages/colcon_core/task/python/colcon_distutils_commands:/home/jetson/dobot-magician/install/dobot_web_interface/lib/python3.10/site-packages:/home/jetson/dobot-magician/install/dobot_msgs/local/lib/python3.10/dist-packages:${PYTHONPATH} /usr/bin/python3 -W ignore:setup.py install is deprecated -W ignore:easy_install command is deprecated setup.py egg_info --egg-base ../../../build/dobot_web_interface build --build-base /home/jetson/dobot-magician/build/dobot_web_interface/build install --record /home/jetson/dobot-magician/build/dobot_web_interface/install.log --single-version-externally-managed install_data
[95.630s] colcon.colcon_core.environment Level 1 checking '/home/jetson/dobot-magician/install/dobot_web_interface' for CMake config files
[95.631s] colcon.colcon_core.environment Level 1 checking '/home/jetson/dobot-magician/install/dobot_web_interface/lib'
[95.631s] colcon.colcon_core.environment Level 1 checking '/home/jetson/dobot-magician/install/dobot_web_interface/bin'
[95.631s] colcon.colcon_core.environment Level 1 checking '/home/jetson/dobot-magician/install/dobot_web_interface/lib/pkgconfig/dobot_web_interface.pc'
[95.632s] colcon.colcon_core.environment Level 1 checking '/home/jetson/dobot-magician/install/dobot_web_interface/lib/python3.10/site-packages'
[95.632s] colcon.colcon_core.shell Level 1 create_environment_hook('dobot_web_interface', 'pythonpath')
[95.633s] colcon.colcon_core.shell INFO Creating environment hook '/home/jetson/dobot-magician/install/dobot_web_interface/share/dobot_web_interface/hook/pythonpath.ps1'
[95.634s] colcon.colcon_core.shell INFO Creating environment descriptor '/home/jetson/dobot-magician/install/dobot_web_interface/share/dobot_web_interface/hook/pythonpath.dsv'
[95.635s] colcon.colcon_core.shell INFO Creating environment hook '/home/jetson/dobot-magician/install/dobot_web_interface/share/dobot_web_interface/hook/pythonpath.sh'
[95.636s] colcon.colcon_core.environment Level 1 checking '/home/jetson/dobot-magician/install/dobot_web_interface/bin'
[95.636s] colcon.colcon_core.environment Level 1 create_environment_scripts_only(dobot_web_interface)
[95.637s] colcon.colcon_core.shell INFO Creating package script '/home/jetson/dobot-magician/install/dobot_web_interface/share/dobot_web_interface/package.ps1'
[95.639s] colcon.colcon_core.shell INFO Creating package descriptor '/home/jetson/dobot-magician/install/dobot_web_interface/share/dobot_web_interface/package.dsv'
[95.640s] colcon.colcon_core.shell INFO Creating package script '/home/jetson/dobot-magician/install/dobot_web_interface/share/dobot_web_interface/package.sh'
[95.641s] colcon.colcon_core.shell INFO Creating package script '/home/jetson/dobot-magician/install/dobot_web_interface/share/dobot_web_interface/package.bash'
[95.642s] colcon.colcon_core.shell INFO Creating package script '/home/jetson/dobot-magician/install/dobot_web_interface/share/dobot_web_interface/package.zsh'
[95.643s] colcon.colcon_core.environment Level 1 create_file_with_runtime_dependencies(/home/jetson/dobot-magician/install/dobot_web_interface/share/colcon-core/packages/dobot_web_interface)
[95.644s] colcon.colcon_parallel_executor.executor.parallel DEBUG closing loop
[95.649s] colcon.colcon_parallel_executor.executor.parallel DEBUG loop closed
[95.649s] colcon.colcon_parallel_executor.executor.parallel DEBUG run_until_complete finished with '0'
[95.649s] colcon.colcon_core.event_reactor DEBUG joining thread
[95.650s] colcon.colcon_core.event_reactor DEBUG joined thread
[95.650s] colcon.colcon_core.shell INFO Creating prefix script '/home/jetson/dobot-magician/install/local_setup.ps1'
[95.653s] colcon.colcon_core.shell INFO Creating prefix util module '/home/jetson/dobot-magician/install/_local_setup_util_ps1.py'
[95.656s] colcon.colcon_core.shell INFO Creating prefix chain script '/home/jetson/dobot-magician/install/setup.ps1'
[95.664s] colcon.colcon_core.shell INFO Creating prefix script '/home/jetson/dobot-magician/install/local_setup.sh'
[95.666s] colcon.colcon_core.shell INFO Creating prefix util module '/home/jetson/dobot-magician/install/_local_setup_util_sh.py'
[95.667s] colcon.colcon_core.shell INFO Creating prefix chain script '/home/jetson/dobot-magician/install/setup.sh'
[95.670s] colcon.colcon_core.shell INFO Creating prefix script '/home/jetson/dobot-magician/install/local_setup.bash'
[95.671s] colcon.colcon_core.shell INFO Creating prefix chain script '/home/jetson/dobot-magician/install/setup.bash'
[95.674s] colcon.colcon_core.shell INFO Creating prefix script '/home/jetson/dobot-magician/install/local_setup.zsh'
[95.675s] colcon.colcon_core.shell INFO Creating prefix chain script '/home/jetson/dobot-magician/install/setup.zsh'
