[2.100s] Invoking command in '/home/jetson/dobot-magician/build/dobot_driver': CMAKE_PREFIX_PATH=${CMAKE_PREFIX_PATH}:/home/jetson/AGV-2026/install/yolo_object_detect:/home/jetson/AGV-2026/install/ddsm115_controller:/home/jetson/AGV-2026/install/wit_ros2_imu:/home/jetson/AGV-2026/install/motor_control_tools:/opt/ros/humble /usr/bin/cmake /home/jetson/dobot-magician/src/magician_ros2/dobot_driver -DCMAKE_INSTALL_PREFIX=/home/jetson/dobot-magician/install/dobot_driver
[3.121s] -- The C compiler identification is GNU 11.4.0
[3.121s] -- The CXX compiler identification is GNU 11.4.0
[3.169s] -- Detecting C compiler ABI info
[3.549s] -- Detecting C compiler ABI info - done
[3.578s] -- Check for working C compiler: /usr/bin/cc - skipped
[3.586s] -- Detecting C compile features
[3.611s] -- Detecting C compile features - done
[3.627s] -- Detecting CXX compiler ABI info
[4.086s] -- Detecting CXX compiler ABI info - done
[4.108s] -- Check for working CXX compiler: /usr/bin/c++ - skipped
[4.109s] -- Detecting CXX compile features
[4.110s] -- Detecting CXX compile features - done
[4.163s] -- Found ament_cmake: 1.3.14 (/opt/ros/humble/share/ament_cmake/cmake)
[4.970s] -- Found Python3: /usr/bin/python3 (found version "3.10.12") found components: Interpreter 
[6.042s] -- Found ament_lint_auto: 0.12.15 (/opt/ros/humble/share/ament_lint_auto/cmake)
[6.656s] -- Added test 'copyright' to check source files copyright and LICENSE
[6.692s] -- Added test 'flake8' to check Python code syntax and style conventions
[6.697s] -- Added test 'lint_cmake' to check CMake code style
[6.699s] -- Added test 'pep257' to check Python code against some of the docstring style conventions in PEP 257
[6.706s] -- Added test 'xmllint' to check XML markup files
[6.712s] -- Configuring done
[6.728s] -- Generating done
[6.732s] -- Build files have been written to: /home/jetson/dobot-magician/build/dobot_driver
[6.752s] Invoked command in '/home/jetson/dobot-magician/build/dobot_driver' returned '0': CMAKE_PREFIX_PATH=${CMAKE_PREFIX_PATH}:/home/jetson/AGV-2026/install/yolo_object_detect:/home/jetson/AGV-2026/install/ddsm115_controller:/home/jetson/AGV-2026/install/wit_ros2_imu:/home/jetson/AGV-2026/install/motor_control_tools:/opt/ros/humble /usr/bin/cmake /home/jetson/dobot-magician/src/magician_ros2/dobot_driver -DCMAKE_INSTALL_PREFIX=/home/jetson/dobot-magician/install/dobot_driver
[6.753s] Invoking command in '/home/jetson/dobot-magician/build/dobot_driver': CMAKE_PREFIX_PATH=${CMAKE_PREFIX_PATH}:/home/jetson/AGV-2026/install/yolo_object_detect:/home/jetson/AGV-2026/install/ddsm115_controller:/home/jetson/AGV-2026/install/wit_ros2_imu:/home/jetson/AGV-2026/install/motor_control_tools:/opt/ros/humble /usr/bin/cmake --build /home/jetson/dobot-magician/build/dobot_driver -- -j6 -l6
[6.930s] Built target ament_cmake_python_copy_dobot_driver
[7.762s] running egg_info
[7.762s] creating dobot_driver.egg-info
[7.762s] writing dobot_driver.egg-info/PKG-INFO
[7.805s] writing dependency_links to dobot_driver.egg-info/dependency_links.txt
[7.805s] writing top-level names to dobot_driver.egg-info/top_level.txt
[7.806s] writing manifest file 'dobot_driver.egg-info/SOURCES.txt'
[7.806s] reading manifest file 'dobot_driver.egg-info/SOURCES.txt'
[7.806s] writing manifest file 'dobot_driver.egg-info/SOURCES.txt'
[7.897s] Built target ament_cmake_python_build_dobot_driver_egg
[7.941s] Invoked command in '/home/jetson/dobot-magician/build/dobot_driver' returned '0': CMAKE_PREFIX_PATH=${CMAKE_PREFIX_PATH}:/home/jetson/AGV-2026/install/yolo_object_detect:/home/jetson/AGV-2026/install/ddsm115_controller:/home/jetson/AGV-2026/install/wit_ros2_imu:/home/jetson/AGV-2026/install/motor_control_tools:/opt/ros/humble /usr/bin/cmake --build /home/jetson/dobot-magician/build/dobot_driver -- -j6 -l6
[7.942s] Invoking command in '/home/jetson/dobot-magician/build/dobot_driver': CMAKE_PREFIX_PATH=${CMAKE_PREFIX_PATH}:/home/jetson/AGV-2026/install/yolo_object_detect:/home/jetson/AGV-2026/install/ddsm115_controller:/home/jetson/AGV-2026/install/wit_ros2_imu:/home/jetson/AGV-2026/install/motor_control_tools:/opt/ros/humble /usr/bin/cmake --install /home/jetson/dobot-magician/build/dobot_driver
[7.964s] -- Install configuration: ""
[7.964s] -- Installing: /home/jetson/dobot-magician/install/dobot_driver/share/dobot_driver/environment/pythonpath.sh
[7.965s] -- Installing: /home/jetson/dobot-magician/install/dobot_driver/share/dobot_driver/environment/pythonpath.dsv
[7.965s] -- Installing: /home/jetson/dobot-magician/install/dobot_driver/local/lib/python3.10/dist-packages/dobot_driver-1.0.0-py3.10.egg-info
[7.965s] -- Installing: /home/jetson/dobot-magician/install/dobot_driver/local/lib/python3.10/dist-packages/dobot_driver-1.0.0-py3.10.egg-info/SOURCES.txt
[7.965s] -- Installing: /home/jetson/dobot-magician/install/dobot_driver/local/lib/python3.10/dist-packages/dobot_driver-1.0.0-py3.10.egg-info/PKG-INFO
[7.965s] -- Installing: /home/jetson/dobot-magician/install/dobot_driver/local/lib/python3.10/dist-packages/dobot_driver-1.0.0-py3.10.egg-info/dependency_links.txt
[7.965s] -- Installing: /home/jetson/dobot-magician/install/dobot_driver/local/lib/python3.10/dist-packages/dobot_driver-1.0.0-py3.10.egg-info/top_level.txt
[7.965s] -- Installing: /home/jetson/dobot-magician/install/dobot_driver/local/lib/python3.10/dist-packages/dobot_driver
[7.965s] -- Installing: /home/jetson/dobot-magician/install/dobot_driver/local/lib/python3.10/dist-packages/dobot_driver/interface.py
[7.966s] -- Installing: /home/jetson/dobot-magician/install/dobot_driver/local/lib/python3.10/dist-packages/dobot_driver/dobot_handle.py
[7.966s] -- Installing: /home/jetson/dobot-magician/install/dobot_driver/local/lib/python3.10/dist-packages/dobot_driver/parsers.py
[7.966s] -- Installing: /home/jetson/dobot-magician/install/dobot_driver/local/lib/python3.10/dist-packages/dobot_driver/message.py
[7.966s] -- Installing: /home/jetson/dobot-magician/install/dobot_driver/local/lib/python3.10/dist-packages/dobot_driver/__init__.py
[8.078s] Listing '/home/jetson/dobot-magician/install/dobot_driver/local/lib/python3.10/dist-packages/dobot_driver'...
[8.078s] Compiling '/home/jetson/dobot-magician/install/dobot_driver/local/lib/python3.10/dist-packages/dobot_driver/__init__.py'...
[8.078s] Compiling '/home/jetson/dobot-magician/install/dobot_driver/local/lib/python3.10/dist-packages/dobot_driver/dobot_handle.py'...
[8.078s] Compiling '/home/jetson/dobot-magician/install/dobot_driver/local/lib/python3.10/dist-packages/dobot_driver/interface.py'...
[8.078s] Compiling '/home/jetson/dobot-magician/install/dobot_driver/local/lib/python3.10/dist-packages/dobot_driver/message.py'...
[8.078s] Compiling '/home/jetson/dobot-magician/install/dobot_driver/local/lib/python3.10/dist-packages/dobot_driver/parsers.py'...
[8.093s] -- Installing: /home/jetson/dobot-magician/install/dobot_driver/share/ament_index/resource_index/package_run_dependencies/dobot_driver
[8.093s] -- Installing: /home/jetson/dobot-magician/install/dobot_driver/share/ament_index/resource_index/parent_prefix_path/dobot_driver
[8.093s] -- Installing: /home/jetson/dobot-magician/install/dobot_driver/share/dobot_driver/environment/ament_prefix_path.sh
[8.094s] -- Installing: /home/jetson/dobot-magician/install/dobot_driver/share/dobot_driver/environment/ament_prefix_path.dsv
[8.094s] -- Installing: /home/jetson/dobot-magician/install/dobot_driver/share/dobot_driver/environment/path.sh
[8.094s] -- Installing: /home/jetson/dobot-magician/install/dobot_driver/share/dobot_driver/environment/path.dsv
[8.094s] -- Installing: /home/jetson/dobot-magician/install/dobot_driver/share/dobot_driver/local_setup.bash
[8.095s] -- Installing: /home/jetson/dobot-magician/install/dobot_driver/share/dobot_driver/local_setup.sh
[8.095s] -- Installing: /home/jetson/dobot-magician/install/dobot_driver/share/dobot_driver/local_setup.zsh
[8.095s] -- Installing: /home/jetson/dobot-magician/install/dobot_driver/share/dobot_driver/local_setup.dsv
[8.095s] -- Installing: /home/jetson/dobot-magician/install/dobot_driver/share/dobot_driver/package.dsv
[8.095s] -- Installing: /home/jetson/dobot-magician/install/dobot_driver/share/ament_index/resource_index/packages/dobot_driver
[8.096s] -- Installing: /home/jetson/dobot-magician/install/dobot_driver/share/dobot_driver/cmake/dobot_driverConfig.cmake
[8.096s] -- Installing: /home/jetson/dobot-magician/install/dobot_driver/share/dobot_driver/cmake/dobot_driverConfig-version.cmake
[8.096s] -- Installing: /home/jetson/dobot-magician/install/dobot_driver/share/dobot_driver/package.xml
[8.110s] Invoked command in '/home/jetson/dobot-magician/build/dobot_driver' returned '0': CMAKE_PREFIX_PATH=${CMAKE_PREFIX_PATH}:/home/jetson/AGV-2026/install/yolo_object_detect:/home/jetson/AGV-2026/install/ddsm115_controller:/home/jetson/AGV-2026/install/wit_ros2_imu:/home/jetson/AGV-2026/install/motor_control_tools:/opt/ros/humble /usr/bin/cmake --install /home/jetson/dobot-magician/build/dobot_driver
